TpTrace Verbose: 0 : 18368, 1, 2023/09/11, 13:23:27.437, 500853724629, vstest.console.dll, Version: 17.5.0-release-20221220-01 Current process architecture: X64
TpTrace Verbose: 0 : 18368, 1, 2023/09/11, 13:23:27.441, 500853761593, vstest.console.dll, Runtime location: C:\Program Files\dotnet\shared\Microsoft.NETCore.App\7.0.4
TpTrace Verbose: 0 : 18368, 1, 2023/09/11, 13:23:27.447, 500853827161, vstest.console.dll, ArtifactProcessingPostProcessModeProcessorExecutor.Initialize: ArtifactProcessingMode.Collect
TpTrace Verbose: 0 : 18368, 1, 2023/09/11, 13:23:27.448, 500853829797, vstest.console.dll, TestSessionCorrelationIdProcessorModeProcessorExecutor.Initialize: TestSessionCorrelationId '5844_3e47bf45-cea1-406f-9af5-229d47aa2a07'
TpTrace Information: 0 : 18368, 1, 2023/09/11, 13:23:27.460, 500853952983, vstest.console.dll, FilePatternParser: The given file C:\Users\phani\Desktop\ISEProject\Backend\Kanini.InvestmentSearchEngine.FinstarRating\FinstarRatingTests\bin\Debug\net6.0\fine-code-coverage\build-output\FinstarRatingTests.dll is a full path.
TpTrace Verbose: 0 : 18368, 1, 2023/09/11, 13:23:27.470, 500854056928, vstest.console.dll, TestPluginCache.DiscoverTestExtensions: finding test extensions in assemblies ends with: RuntimeProvider.dll TPluginInfo: Microsoft.VisualStudio.TestPlatform.Common.ExtensionFramework.Utilities.TestRuntimePluginInformation TExtension: Microsoft.VisualStudio.TestPlatform.ObjectModel.Host.ITestRuntimeProvider
TpTrace Verbose: 0 : 18368, 1, 2023/09/11, 13:23:27.471, 500854063356, vstest.console.dll, TestPluginCache.GetExtensionPaths: Filtered extension paths: 
TpTrace Verbose: 0 : 18368, 1, 2023/09/11, 13:23:27.471, 500854065248, vstest.console.dll, TestPluginCache.GetExtensionPaths: Added default extension paths: C:\Program Files\dotnet\sdk\7.0.202\Extensions\Microsoft.Diagnostics.NETCore.Client.dll
C:\Program Files\dotnet\sdk\7.0.202\Extensions\Microsoft.TestPlatform.Extensions.BlameDataCollector.dll
C:\Program Files\dotnet\sdk\7.0.202\Extensions\Microsoft.TestPlatform.Extensions.EventLogCollector.dll
C:\Program Files\dotnet\sdk\7.0.202\Extensions\Microsoft.TestPlatform.TestHostRuntimeProvider.dll
C:\Program Files\dotnet\sdk\7.0.202\Extensions\Microsoft.VisualStudio.TestPlatform.Extensions.Html.TestLogger.dll
C:\Program Files\dotnet\sdk\7.0.202\Extensions\Microsoft.VisualStudio.TestPlatform.Extensions.Trx.TestLogger.dll
TpTrace Verbose: 0 : 18368, 1, 2023/09/11, 13:23:27.471, 500854065985, vstest.console.dll, TestPluginCache.GetExtensionPaths: Added unfilterableExtensionPaths: 
TpTrace Information: 0 : 18368, 1, 2023/09/11, 13:23:27.472, 500854078931, vstest.console.dll, AssemblyResolver.ctor: Creating AssemblyResolver with searchDirectories C:\Program Files\dotnet\sdk\7.0.202\Extensions,C:\Program Files\dotnet\sdk\7.0.202
TpTrace Verbose: 0 : 18368, 1, 2023/09/11, 13:23:27.475, 500854103825, vstest.console.dll, TestPluginCache.DiscoverTestExtensions: Discovering the extensions using extension path.
TpTrace Verbose: 0 : 18368, 1, 2023/09/11, 13:23:27.475, 500854108171, vstest.console.dll, TestPluginCache.GetExtensionPaths: Filtered extension paths: 
TpTrace Verbose: 0 : 18368, 1, 2023/09/11, 13:23:27.476, 500854109988, vstest.console.dll, TestPluginCache.GetExtensionPaths: Added default extension paths: C:\Program Files\dotnet\sdk\7.0.202\Extensions\Microsoft.Diagnostics.NETCore.Client.dll
C:\Program Files\dotnet\sdk\7.0.202\Extensions\Microsoft.TestPlatform.Extensions.BlameDataCollector.dll
C:\Program Files\dotnet\sdk\7.0.202\Extensions\Microsoft.TestPlatform.Extensions.EventLogCollector.dll
C:\Program Files\dotnet\sdk\7.0.202\Extensions\Microsoft.TestPlatform.TestHostRuntimeProvider.dll
C:\Program Files\dotnet\sdk\7.0.202\Extensions\Microsoft.VisualStudio.TestPlatform.Extensions.Html.TestLogger.dll
C:\Program Files\dotnet\sdk\7.0.202\Extensions\Microsoft.VisualStudio.TestPlatform.Extensions.Trx.TestLogger.dll
TpTrace Verbose: 0 : 18368, 1, 2023/09/11, 13:23:27.476, 500854110769, vstest.console.dll, TestPluginCache.GetExtensionPaths: Added unfilterableExtensionPaths: 
TpTrace Verbose: 0 : 18368, 1, 2023/09/11, 13:23:27.476, 500854114102, vstest.console.dll, TestPluginCache.DiscoverTestExtensions: Discovering the extensions using allExtensionPaths: C:\Program Files\dotnet\sdk\7.0.202\Extensions\Microsoft.Diagnostics.NETCore.Client.dll
C:\Program Files\dotnet\sdk\7.0.202\Extensions\Microsoft.TestPlatform.Extensions.BlameDataCollector.dll
C:\Program Files\dotnet\sdk\7.0.202\Extensions\Microsoft.TestPlatform.Extensions.EventLogCollector.dll
C:\Program Files\dotnet\sdk\7.0.202\Extensions\Microsoft.TestPlatform.TestHostRuntimeProvider.dll
C:\Program Files\dotnet\sdk\7.0.202\Extensions\Microsoft.VisualStudio.TestPlatform.Extensions.Html.TestLogger.dll
C:\Program Files\dotnet\sdk\7.0.202\Extensions\Microsoft.VisualStudio.TestPlatform.Extensions.Trx.TestLogger.dll
TpTrace Information: 0 : 18368, 1, 2023/09/11, 13:23:27.476, 500854116395, vstest.console.dll, AssemblyResolver.AddSearchDirectories: Adding more searchDirectories C:\Program Files\dotnet\sdk\7.0.202\Extensions,C:\Program Files\dotnet\sdk\7.0.202
TpTrace Information: 0 : 18368, 1, 2023/09/11, 13:23:27.476, 500854117697, vstest.console.dll, AssemblyResolver.AddSearchDirectories: Adding more searchDirectories C:\Program Files\dotnet\sdk\7.0.202\Extensions,C:\Program Files\dotnet\sdk\7.0.202
TpTrace Information: 0 : 18368, 1, 2023/09/11, 13:23:27.476, 500854118363, vstest.console.dll, AssemblyResolver.AddSearchDirectories: Adding more searchDirectories C:\Program Files\dotnet\sdk\7.0.202\Extensions,C:\Program Files\dotnet\sdk\7.0.202
TpTrace Information: 0 : 18368, 1, 2023/09/11, 13:23:27.476, 500854118936, vstest.console.dll, AssemblyResolver.AddSearchDirectories: Adding more searchDirectories C:\Program Files\dotnet\sdk\7.0.202\Extensions,C:\Program Files\dotnet\sdk\7.0.202
TpTrace Information: 0 : 18368, 1, 2023/09/11, 13:23:27.476, 500854119515, vstest.console.dll, AssemblyResolver.AddSearchDirectories: Adding more searchDirectories C:\Program Files\dotnet\sdk\7.0.202\Extensions,C:\Program Files\dotnet\sdk\7.0.202
TpTrace Information: 0 : 18368, 1, 2023/09/11, 13:23:27.477, 500854120228, vstest.console.dll, AssemblyResolver.AddSearchDirectories: Adding more searchDirectories C:\Program Files\dotnet\sdk\7.0.202\Extensions,C:\Program Files\dotnet\sdk\7.0.202
TpTrace Information: 0 : 18368, 1, 2023/09/11, 13:23:27.477, 500854127670, vstest.console.dll, AssemblyResolver.OnResolve: Microsoft.Diagnostics.NETCore.Client: Resolving assembly.
TpTrace Information: 0 : 18368, 1, 2023/09/11, 13:23:27.477, 500854129392, vstest.console.dll, AssemblyResolver.OnResolve: Microsoft.Diagnostics.NETCore.Client: Searching in: 'C:\Program Files\dotnet\sdk\7.0.202\Extensions'.
TpTrace Information: 0 : 18368, 1, 2023/09/11, 13:23:27.490, 500854255140, vstest.console.dll, AssemblyResolver.OnResolve: Microsoft.Diagnostics.NETCore.Client: Loading assembly 'C:\Program Files\dotnet\sdk\7.0.202\Extensions\Microsoft.Diagnostics.NETCore.Client.dll'.
TpTrace Information: 0 : 18368, 1, 2023/09/11, 13:23:27.492, 500854274655, vstest.console.dll, AssemblyResolver.OnResolve: Resolved assembly: Microsoft.Diagnostics.NETCore.Client, from path: C:\Program Files\dotnet\sdk\7.0.202\Extensions\Microsoft.Diagnostics.NETCore.Client.dll
TpTrace Verbose: 0 : 18368, 1, 2023/09/11, 13:23:27.494, 500854296759, vstest.console.dll, MetadataReaderExtensionsHelper: Discovering extensions inside assembly 'Microsoft.Diagnostics.NETCore.Client, Version=0.2.6.42401, Culture=neutral, PublicKeyToken=31bf3856ad364e35' file path 'C:\Program Files\dotnet\sdk\7.0.202\Extensions\Microsoft.Diagnostics.NETCore.Client.dll'
TpTrace Information: 0 : 18368, 1, 2023/09/11, 13:23:27.502, 500854370642, vstest.console.dll, AssemblyResolver.OnResolve: Microsoft.Bcl.AsyncInterfaces: Resolving assembly.
TpTrace Information: 0 : 18368, 1, 2023/09/11, 13:23:27.502, 500854372006, vstest.console.dll, AssemblyResolver.OnResolve: Microsoft.Bcl.AsyncInterfaces: Searching in: 'C:\Program Files\dotnet\sdk\7.0.202\Extensions'.
TpTrace Information: 0 : 18368, 1, 2023/09/11, 13:23:27.502, 500854373431, vstest.console.dll, AssemblyResolver.OnResolve: Microsoft.Bcl.AsyncInterfaces: Assembly path does not exist: 'C:\Program Files\dotnet\sdk\7.0.202\Extensions\Microsoft.Bcl.AsyncInterfaces.dll', returning.
TpTrace Information: 0 : 18368, 1, 2023/09/11, 13:23:27.502, 500854375079, vstest.console.dll, AssemblyResolver.OnResolve: Microsoft.Bcl.AsyncInterfaces: Assembly path does not exist: 'C:\Program Files\dotnet\sdk\7.0.202\Extensions\Microsoft.Bcl.AsyncInterfaces.exe', returning.
TpTrace Information: 0 : 18368, 1, 2023/09/11, 13:23:27.502, 500854375562, vstest.console.dll, AssemblyResolver.OnResolve: Microsoft.Bcl.AsyncInterfaces: Searching in: 'C:\Program Files\dotnet\sdk\7.0.202'.
TpTrace Information: 0 : 18368, 1, 2023/09/11, 13:23:27.502, 500854376466, vstest.console.dll, AssemblyResolver.OnResolve: Microsoft.Bcl.AsyncInterfaces: Assembly path does not exist: 'C:\Program Files\dotnet\sdk\7.0.202\Microsoft.Bcl.AsyncInterfaces.dll', returning.
TpTrace Information: 0 : 18368, 1, 2023/09/11, 13:23:27.502, 500854377332, vstest.console.dll, AssemblyResolver.OnResolve: Microsoft.Bcl.AsyncInterfaces: Assembly path does not exist: 'C:\Program Files\dotnet\sdk\7.0.202\Microsoft.Bcl.AsyncInterfaces.exe', returning.
TpTrace Information: 0 : 18368, 1, 2023/09/11, 13:23:27.502, 500854377785, vstest.console.dll, AssemblyResolver.OnResolve: Microsoft.Bcl.AsyncInterfaces: Failed to load assembly.
TpTrace Verbose: 0 : 18368, 1, 2023/09/11, 13:23:27.502, 500854378253, vstest.console.dll, CurrentDomainAssemblyResolve: Resolving assembly 'Microsoft.Bcl.AsyncInterfaces'.
TpTrace Information: 0 : 18368, 1, 2023/09/11, 13:23:27.502, 500854379030, vstest.console.dll, AssemblyResolver.OnResolve: Microsoft.Bcl.AsyncInterfaces: Resolving assembly.
TpTrace Information: 0 : 18368, 1, 2023/09/11, 13:23:27.503, 500854379562, vstest.console.dll, AssemblyResolver.OnResolve: Microsoft.Bcl.AsyncInterfaces: Resolved from cache.
TpTrace Verbose: 0 : 18368, 1, 2023/09/11, 13:23:27.503, 500854379893, vstest.console.dll, CurrentDomainAssemblyResolve: Resolving assembly 'Microsoft.Bcl.AsyncInterfaces'.
TpTrace Verbose: 0 : 18368, 1, 2023/09/11, 13:23:27.503, 500854380317, vstest.console.dll, CurrentDomainAssemblyResolve: Failed to resolve assembly 'Microsoft.Bcl.AsyncInterfaces'.
TpTrace Verbose: 0 : 18368, 1, 2023/09/11, 13:23:27.504, 500854396842, vstest.console.dll, CurrentDomainAssemblyResolve: Failed to resolve assembly 'Microsoft.Bcl.AsyncInterfaces'.
TpTrace Warning: 0 : 18368, 1, 2023/09/11, 13:23:27.524, 500854593842, vstest.console.dll, TestPluginDiscoverer: Failed to get types from assembly 'Microsoft.Diagnostics.NETCore.Client, Version=0.2.6.42401, Culture=neutral, PublicKeyToken=31bf3856ad364e35'. Error: System.Reflection.ReflectionTypeLoadException: Unable to load one or more of the requested types.
Could not load file or assembly 'Microsoft.Bcl.AsyncInterfaces, Version=1.0.0.0, Culture=neutral, PublicKeyToken=cc7b13ffcd2ddd51'. The system cannot find the file specified.
   at System.Reflection.RuntimeModule.GetTypes(RuntimeModule module)
   at System.Reflection.Assembly.GetTypes()
   at Microsoft.VisualStudio.TestPlatform.Common.ExtensionFramework.TestPluginDiscoverer.GetTestExtensionsFromAssembly[TPluginInfo,TExtension](Assembly assembly, Dictionary`2 pluginInfos, String filePath)
System.IO.FileNotFoundException: Could not load file or assembly 'Microsoft.Bcl.AsyncInterfaces, Version=1.0.0.0, Culture=neutral, PublicKeyToken=cc7b13ffcd2ddd51'. The system cannot find the file specified.
File name: 'Microsoft.Bcl.AsyncInterfaces, Version=1.0.0.0, Culture=neutral, PublicKeyToken=cc7b13ffcd2ddd51'
 ---> System.IO.FileNotFoundException: Could not load file or assembly 'Microsoft.Bcl.AsyncInterfaces, Culture=neutral, PublicKeyToken=null'. The system cannot find the file specified.
File name: 'Microsoft.Bcl.AsyncInterfaces, Culture=neutral, PublicKeyToken=null'
   at System.Reflection.RuntimeAssembly.InternalLoad(AssemblyName assemblyName, StackCrawlMark& stackMark, AssemblyLoadContext assemblyLoadContext, RuntimeAssembly requestingAssembly, Boolean throwOnFileNotFound)
   at System.Reflection.Assembly.Load(AssemblyName assemblyRef)
   at Microsoft.VisualStudio.TestPlatform.Common.ExtensionFramework.TestPluginCache.CurrentDomainAssemblyResolve(Object sender, AssemblyResolveEventArgs args)
   at System.Runtime.Loader.AssemblyLoadContext.GetFirstResolvedAssemblyFromResolvingEvent(AssemblyName assemblyName)
   at System.Runtime.Loader.AssemblyLoadContext.ResolveUsingEvent(AssemblyName assemblyName)
   at System.Runtime.Loader.AssemblyLoadContext.ResolveUsingResolvingEvent(IntPtr gchManagedAssemblyLoadContext, AssemblyName assemblyName)
TpTrace Warning: 0 : 18368, 1, 2023/09/11, 13:23:27.525, 500854602450, vstest.console.dll, LoaderExceptions: System.IO.FileNotFoundException: Could not load file or assembly 'Microsoft.Bcl.AsyncInterfaces, Version=1.0.0.0, Culture=neutral, PublicKeyToken=cc7b13ffcd2ddd51'. The system cannot find the file specified.
File name: 'Microsoft.Bcl.AsyncInterfaces, Version=1.0.0.0, Culture=neutral, PublicKeyToken=cc7b13ffcd2ddd51'
 ---> System.IO.FileNotFoundException: Could not load file or assembly 'Microsoft.Bcl.AsyncInterfaces, Culture=neutral, PublicKeyToken=null'. The system cannot find the file specified.
File name: 'Microsoft.Bcl.AsyncInterfaces, Culture=neutral, PublicKeyToken=null'
   at System.Reflection.RuntimeAssembly.InternalLoad(AssemblyName assemblyName, StackCrawlMark& stackMark, AssemblyLoadContext assemblyLoadContext, RuntimeAssembly requestingAssembly, Boolean throwOnFileNotFound)
   at System.Reflection.Assembly.Load(AssemblyName assemblyRef)
   at Microsoft.VisualStudio.TestPlatform.Common.ExtensionFramework.TestPluginCache.CurrentDomainAssemblyResolve(Object sender, AssemblyResolveEventArgs args)
   at System.Runtime.Loader.AssemblyLoadContext.GetFirstResolvedAssemblyFromResolvingEvent(AssemblyName assemblyName)
   at System.Runtime.Loader.AssemblyLoadContext.ResolveUsingEvent(AssemblyName assemblyName)
   at System.Runtime.Loader.AssemblyLoadContext.ResolveUsingResolvingEvent(IntPtr gchManagedAssemblyLoadContext, AssemblyName assemblyName)
TpTrace Information: 0 : 18368, 1, 2023/09/11, 13:23:27.525, 500854606837, vstest.console.dll, AssemblyResolver.OnResolve: Microsoft.TestPlatform.Extensions.BlameDataCollector: Resolving assembly.
TpTrace Information: 0 : 18368, 1, 2023/09/11, 13:23:27.525, 500854607787, vstest.console.dll, AssemblyResolver.OnResolve: Microsoft.TestPlatform.Extensions.BlameDataCollector: Searching in: 'C:\Program Files\dotnet\sdk\7.0.202\Extensions'.
TpTrace Information: 0 : 18368, 1, 2023/09/11, 13:23:27.526, 500854614470, vstest.console.dll, AssemblyResolver.OnResolve: Microsoft.TestPlatform.Extensions.BlameDataCollector: Loading assembly 'C:\Program Files\dotnet\sdk\7.0.202\Extensions\Microsoft.TestPlatform.Extensions.BlameDataCollector.dll'.
TpTrace Information: 0 : 18368, 1, 2023/09/11, 13:23:27.527, 500854626354, vstest.console.dll, AssemblyResolver.OnResolve: Resolved assembly: Microsoft.TestPlatform.Extensions.BlameDataCollector, from path: C:\Program Files\dotnet\sdk\7.0.202\Extensions\Microsoft.TestPlatform.Extensions.BlameDataCollector.dll
TpTrace Verbose: 0 : 18368, 1, 2023/09/11, 13:23:27.527, 500854628654, vstest.console.dll, MetadataReaderExtensionsHelper: Discovering extensions inside assembly 'Microsoft.TestPlatform.Extensions.BlameDataCollector, Version=15.0.0.0, Culture=neutral, PublicKeyToken=b03f5f7f11d50a3a' file path 'C:\Program Files\dotnet\sdk\7.0.202\Extensions\Microsoft.TestPlatform.Extensions.BlameDataCollector.dll'
TpTrace Information: 0 : 18368, 1, 2023/09/11, 13:23:27.530, 500854652149, vstest.console.dll, AssemblyResolver.OnResolve: Microsoft.TestPlatform.Extensions.EventLogCollector: Resolving assembly.
TpTrace Information: 0 : 18368, 1, 2023/09/11, 13:23:27.530, 500854653699, vstest.console.dll, AssemblyResolver.OnResolve: Microsoft.TestPlatform.Extensions.EventLogCollector: Searching in: 'C:\Program Files\dotnet\sdk\7.0.202\Extensions'.
TpTrace Information: 0 : 18368, 1, 2023/09/11, 13:23:27.530, 500854658786, vstest.console.dll, AssemblyResolver.OnResolve: Microsoft.TestPlatform.Extensions.EventLogCollector: Loading assembly 'C:\Program Files\dotnet\sdk\7.0.202\Extensions\Microsoft.TestPlatform.Extensions.EventLogCollector.dll'.
TpTrace Information: 0 : 18368, 1, 2023/09/11, 13:23:27.531, 500854667951, vstest.console.dll, AssemblyResolver.OnResolve: Resolved assembly: Microsoft.TestPlatform.Extensions.EventLogCollector, from path: C:\Program Files\dotnet\sdk\7.0.202\Extensions\Microsoft.TestPlatform.Extensions.EventLogCollector.dll
TpTrace Verbose: 0 : 18368, 1, 2023/09/11, 13:23:27.531, 500854669475, vstest.console.dll, MetadataReaderExtensionsHelper: Discovering extensions inside assembly 'Microsoft.TestPlatform.Extensions.EventLogCollector, Version=15.0.0.0, Culture=neutral, PublicKeyToken=b03f5f7f11d50a3a' file path 'C:\Program Files\dotnet\sdk\7.0.202\Extensions\Microsoft.TestPlatform.Extensions.EventLogCollector.dll'
TpTrace Information: 0 : 18368, 1, 2023/09/11, 13:23:27.535, 500854708584, vstest.console.dll, AssemblyResolver.OnResolve: Microsoft.TestPlatform.TestHostRuntimeProvider: Resolving assembly.
TpTrace Information: 0 : 18368, 1, 2023/09/11, 13:23:27.536, 500854710256, vstest.console.dll, AssemblyResolver.OnResolve: Microsoft.TestPlatform.TestHostRuntimeProvider: Searching in: 'C:\Program Files\dotnet\sdk\7.0.202\Extensions'.
TpTrace Information: 0 : 18368, 1, 2023/09/11, 13:23:27.536, 500854715918, vstest.console.dll, AssemblyResolver.OnResolve: Microsoft.TestPlatform.TestHostRuntimeProvider: Loading assembly 'C:\Program Files\dotnet\sdk\7.0.202\Extensions\Microsoft.TestPlatform.TestHostRuntimeProvider.dll'.
TpTrace Information: 0 : 18368, 1, 2023/09/11, 13:23:27.538, 500854729806, vstest.console.dll, AssemblyResolver.OnResolve: Resolved assembly: Microsoft.TestPlatform.TestHostRuntimeProvider, from path: C:\Program Files\dotnet\sdk\7.0.202\Extensions\Microsoft.TestPlatform.TestHostRuntimeProvider.dll
TpTrace Verbose: 0 : 18368, 1, 2023/09/11, 13:23:27.538, 500854734700, vstest.console.dll, MetadataReaderExtensionsHelper: Discovering extensions inside assembly 'Microsoft.TestPlatform.TestHostRuntimeProvider, Version=15.0.0.0, Culture=neutral, PublicKeyToken=b03f5f7f11d50a3a' file path 'C:\Program Files\dotnet\sdk\7.0.202\Extensions\Microsoft.TestPlatform.TestHostRuntimeProvider.dll'
TpTrace Information: 0 : 18368, 1, 2023/09/11, 13:23:27.541, 500854763294, vstest.console.dll, GetTestExtensionFromType: Register extension with identifier data 'HostProvider://DefaultTestHost' and type 'Microsoft.VisualStudio.TestPlatform.CrossPlatEngine.Hosting.DefaultTestHostManager, Microsoft.TestPlatform.TestHostRuntimeProvider, Version=15.0.0.0, Culture=neutral, PublicKeyToken=b03f5f7f11d50a3a' inside file 'C:\Program Files\dotnet\sdk\7.0.202\Extensions\Microsoft.TestPlatform.TestHostRuntimeProvider.dll'
TpTrace Information: 0 : 18368, 1, 2023/09/11, 13:23:27.541, 500854768439, vstest.console.dll, GetTestExtensionFromType: Register extension with identifier data 'HostProvider://DotnetTestHost' and type 'Microsoft.VisualStudio.TestPlatform.CrossPlatEngine.Hosting.DotnetTestHostManager, Microsoft.TestPlatform.TestHostRuntimeProvider, Version=15.0.0.0, Culture=neutral, PublicKeyToken=b03f5f7f11d50a3a' inside file 'C:\Program Files\dotnet\sdk\7.0.202\Extensions\Microsoft.TestPlatform.TestHostRuntimeProvider.dll'
TpTrace Information: 0 : 18368, 1, 2023/09/11, 13:23:27.542, 500854770218, vstest.console.dll, AssemblyResolver.OnResolve: Microsoft.VisualStudio.TestPlatform.Extensions.Html.TestLogger: Resolving assembly.
TpTrace Information: 0 : 18368, 1, 2023/09/11, 13:23:27.542, 500854770798, vstest.console.dll, AssemblyResolver.OnResolve: Microsoft.VisualStudio.TestPlatform.Extensions.Html.TestLogger: Searching in: 'C:\Program Files\dotnet\sdk\7.0.202\Extensions'.
TpTrace Information: 0 : 18368, 1, 2023/09/11, 13:23:27.542, 500854775872, vstest.console.dll, AssemblyResolver.OnResolve: Microsoft.VisualStudio.TestPlatform.Extensions.Html.TestLogger: Loading assembly 'C:\Program Files\dotnet\sdk\7.0.202\Extensions\Microsoft.VisualStudio.TestPlatform.Extensions.Html.TestLogger.dll'.
TpTrace Information: 0 : 18368, 1, 2023/09/11, 13:23:27.543, 500854786231, vstest.console.dll, AssemblyResolver.OnResolve: Resolved assembly: Microsoft.VisualStudio.TestPlatform.Extensions.Html.TestLogger, from path: C:\Program Files\dotnet\sdk\7.0.202\Extensions\Microsoft.VisualStudio.TestPlatform.Extensions.Html.TestLogger.dll
TpTrace Verbose: 0 : 18368, 1, 2023/09/11, 13:23:27.543, 500854787806, vstest.console.dll, MetadataReaderExtensionsHelper: Discovering extensions inside assembly 'Microsoft.VisualStudio.TestPlatform.Extensions.Html.TestLogger, Version=15.0.0.0, Culture=neutral, PublicKeyToken=b03f5f7f11d50a3a' file path 'C:\Program Files\dotnet\sdk\7.0.202\Extensions\Microsoft.VisualStudio.TestPlatform.Extensions.Html.TestLogger.dll'
TpTrace Information: 0 : 18368, 1, 2023/09/11, 13:23:27.545, 500854802743, vstest.console.dll, AssemblyResolver.OnResolve: Microsoft.VisualStudio.TestPlatform.Extensions.Trx.TestLogger: Resolving assembly.
TpTrace Information: 0 : 18368, 1, 2023/09/11, 13:23:27.545, 500854804237, vstest.console.dll, AssemblyResolver.OnResolve: Microsoft.VisualStudio.TestPlatform.Extensions.Trx.TestLogger: Searching in: 'C:\Program Files\dotnet\sdk\7.0.202\Extensions'.
TpTrace Information: 0 : 18368, 1, 2023/09/11, 13:23:27.546, 500854809692, vstest.console.dll, AssemblyResolver.OnResolve: Microsoft.VisualStudio.TestPlatform.Extensions.Trx.TestLogger: Loading assembly 'C:\Program Files\dotnet\sdk\7.0.202\Extensions\Microsoft.VisualStudio.TestPlatform.Extensions.Trx.TestLogger.dll'.
TpTrace Information: 0 : 18368, 1, 2023/09/11, 13:23:27.547, 500854820455, vstest.console.dll, AssemblyResolver.OnResolve: Resolved assembly: Microsoft.VisualStudio.TestPlatform.Extensions.Trx.TestLogger, from path: C:\Program Files\dotnet\sdk\7.0.202\Extensions\Microsoft.VisualStudio.TestPlatform.Extensions.Trx.TestLogger.dll
TpTrace Verbose: 0 : 18368, 1, 2023/09/11, 13:23:27.547, 500854822109, vstest.console.dll, MetadataReaderExtensionsHelper: Discovering extensions inside assembly 'Microsoft.VisualStudio.TestPlatform.Extensions.Trx.TestLogger, Version=15.0.0.0, Culture=neutral, PublicKeyToken=b03f5f7f11d50a3a' file path 'C:\Program Files\dotnet\sdk\7.0.202\Extensions\Microsoft.VisualStudio.TestPlatform.Extensions.Trx.TestLogger.dll'
TpTrace Verbose: 0 : 18368, 1, 2023/09/11, 13:23:27.548, 500854839419, vstest.console.dll, TestPluginCache: Discovered the extensions using extension path ''.
TpTrace Verbose: 0 : 18368, 1, 2023/09/11, 13:23:27.549, 500854841024, vstest.console.dll, TestPluginCache: Discoverers are ''.
TpTrace Verbose: 0 : 18368, 1, 2023/09/11, 13:23:27.549, 500854841464, vstest.console.dll, TestPluginCache: Executors are ''.
TpTrace Verbose: 0 : 18368, 1, 2023/09/11, 13:23:27.549, 500854841879, vstest.console.dll, TestPluginCache: Executors2 are ''.
TpTrace Verbose: 0 : 18368, 1, 2023/09/11, 13:23:27.549, 500854842215, vstest.console.dll, TestPluginCache: Setting providers are ''.
TpTrace Verbose: 0 : 18368, 1, 2023/09/11, 13:23:27.549, 500854842613, vstest.console.dll, TestPluginCache: Loggers are ''.
TpTrace Verbose: 0 : 18368, 1, 2023/09/11, 13:23:27.549, 500854844380, vstest.console.dll, TestPluginCache: TestHosts are 'HostProvider://DefaultTestHost,HostProvider://DotnetTestHost'.
TpTrace Verbose: 0 : 18368, 1, 2023/09/11, 13:23:27.549, 500854844965, vstest.console.dll, TestPluginCache: DataCollectors are ''.
TpTrace Information: 0 : 18368, 1, 2023/09/11, 13:23:27.565, 500855008280, vstest.console.dll, RunTestsArgumentProcessor:Execute: Test run is starting.
TpTrace Verbose: 0 : 18368, 1, 2023/09/11, 13:23:27.566, 500855009863, vstest.console.dll, RunTestsArgumentProcessor:Execute: Queuing Test run.
TpTrace Information: 0 : 18368, 1, 2023/09/11, 13:23:27.566, 500855013569, vstest.console.dll, TestRequestManager.RunTests: run tests started.
TpTrace Information: 0 : 18368, 1, 2023/09/11, 13:23:27.568, 500855031338, vstest.console.dll, AssemblyMetadataProvider.GetFrameworkName: Determined framework:'.NETCoreApp,Version=v6.0' for source: 'C:\Users\phani\Desktop\ISEProject\Backend\Kanini.InvestmentSearchEngine.FinstarRating\FinstarRatingTests\bin\Debug\net6.0\fine-code-coverage\build-output\FinstarRatingTests.dll'
TpTrace Information: 0 : 18368, 1, 2023/09/11, 13:23:27.568, 500855034004, vstest.console.dll, Determined framework for all sources: .NETCoreApp,Version=v6.0
TpTrace Verbose: 0 : 18368, 1, 2023/09/11, 13:23:27.568, 500855038983, vstest.console.dll, TestRequestManager.UpdateRunSettingsIfRequired: Default architecture: X64 IsDefaultTargetArchitecture: True, Current process architecture: X64 OperatingSystem: Windows.
TpTrace Information: 0 : 18368, 1, 2023/09/11, 13:23:27.571, 500855062988, vstest.console.dll, AssemblyMetadataProvider.GetArchitecture: Determined architecture:AnyCPU info for assembly: C:\Users\phani\Desktop\ISEProject\Backend\Kanini.InvestmentSearchEngine.FinstarRating\FinstarRatingTests\bin\Debug\net6.0\fine-code-coverage\build-output\FinstarRatingTests.dll
TpTrace Information: 0 : 18368, 1, 2023/09/11, 13:23:27.571, 500855064207, vstest.console.dll, Determined platform for source 'C:\Users\phani\Desktop\ISEProject\Backend\Kanini.InvestmentSearchEngine.FinstarRating\FinstarRatingTests\bin\Debug\net6.0\fine-code-coverage\build-output\FinstarRatingTests.dll' was AnyCPU and it will use the default plaform X64.
TpTrace Information: 0 : 18368, 1, 2023/09/11, 13:23:27.571, 500855064633, vstest.console.dll, None of the sources provided any runnable platform, using the default platform: X64
TpTrace Information: 0 : 18368, 1, 2023/09/11, 13:23:27.571, 500855066092, vstest.console.dll, Platform was updated to 'X64'.
TpTrace Information: 0 : 18368, 1, 2023/09/11, 13:23:27.582, 500855172792, vstest.console.dll, InferRunSettingsHelper.IsTestSettingsEnabled: Unable to navigate to RunSettings/MSTest. Current node: RunSettings
TpTrace Information: 0 : 18368, 1, 2023/09/11, 13:23:27.583, 500855183561, vstest.console.dll, AssemblyResolver.OnResolve: Microsoft.VisualStudio.TestPlatform.Fakes: Resolving assembly.
TpTrace Information: 0 : 18368, 1, 2023/09/11, 13:23:27.583, 500855185029, vstest.console.dll, AssemblyResolver.OnResolve: Microsoft.VisualStudio.TestPlatform.Fakes: Searching in: 'C:\Program Files\dotnet\sdk\7.0.202\Extensions'.
TpTrace Information: 0 : 18368, 1, 2023/09/11, 13:23:27.583, 500855186339, vstest.console.dll, AssemblyResolver.OnResolve: Microsoft.VisualStudio.TestPlatform.Fakes: Assembly path does not exist: 'C:\Program Files\dotnet\sdk\7.0.202\Extensions\Microsoft.VisualStudio.TestPlatform.Fakes.dll', returning.
TpTrace Information: 0 : 18368, 1, 2023/09/11, 13:23:27.583, 500855187242, vstest.console.dll, AssemblyResolver.OnResolve: Microsoft.VisualStudio.TestPlatform.Fakes: Assembly path does not exist: 'C:\Program Files\dotnet\sdk\7.0.202\Extensions\Microsoft.VisualStudio.TestPlatform.Fakes.exe', returning.
TpTrace Information: 0 : 18368, 1, 2023/09/11, 13:23:27.583, 500855187614, vstest.console.dll, AssemblyResolver.OnResolve: Microsoft.VisualStudio.TestPlatform.Fakes: Searching in: 'C:\Program Files\dotnet\sdk\7.0.202'.
TpTrace Information: 0 : 18368, 1, 2023/09/11, 13:23:27.583, 500855188377, vstest.console.dll, AssemblyResolver.OnResolve: Microsoft.VisualStudio.TestPlatform.Fakes: Assembly path does not exist: 'C:\Program Files\dotnet\sdk\7.0.202\Microsoft.VisualStudio.TestPlatform.Fakes.dll', returning.
TpTrace Information: 0 : 18368, 1, 2023/09/11, 13:23:27.583, 500855189280, vstest.console.dll, AssemblyResolver.OnResolve: Microsoft.VisualStudio.TestPlatform.Fakes: Assembly path does not exist: 'C:\Program Files\dotnet\sdk\7.0.202\Microsoft.VisualStudio.TestPlatform.Fakes.exe', returning.
TpTrace Information: 0 : 18368, 1, 2023/09/11, 13:23:27.584, 500855189648, vstest.console.dll, AssemblyResolver.OnResolve: Microsoft.VisualStudio.TestPlatform.Fakes: Failed to load assembly.
TpTrace Information: 0 : 18368, 1, 2023/09/11, 13:23:27.584, 500855192674, vstest.console.dll, Failed to load assembly Microsoft.VisualStudio.TestPlatform.Fakes, Version=17.0.0.0, Culture=neutral. Reason:System.IO.FileNotFoundException: Could not load file or assembly 'Microsoft.VisualStudio.TestPlatform.Fakes, Version=17.0.0.0, Culture=neutral, PublicKeyToken=null'. The system cannot find the file specified.
File name: 'Microsoft.VisualStudio.TestPlatform.Fakes, Version=17.0.0.0, Culture=neutral, PublicKeyToken=null'
   at System.Reflection.RuntimeAssembly.InternalLoad(AssemblyName assemblyName, StackCrawlMark& stackMark, AssemblyLoadContext assemblyLoadContext, RuntimeAssembly requestingAssembly, Boolean throwOnFileNotFound)
   at System.Reflection.Assembly.Load(AssemblyName assemblyRef)
   at Microsoft.VisualStudio.TestPlatform.Common.Utilities.FakesUtilities.LoadTestPlatformAssembly()
TpTrace Verbose: 0 : 18368, 1, 2023/09/11, 13:23:27.589, 500855242300, vstest.console.dll, TestPluginCache.DiscoverTestExtensions: finding test extensions in assemblies ends with: TestLogger.dll TPluginInfo: Microsoft.VisualStudio.TestPlatform.Common.ExtensionFramework.Utilities.TestLoggerPluginInformation TExtension: Microsoft.VisualStudio.TestPlatform.ObjectModel.Client.ITestLogger
TpTrace Verbose: 0 : 18368, 1, 2023/09/11, 13:23:27.589, 500855244040, vstest.console.dll, TestPluginCache.GetExtensionPaths: Filtered extension paths: 
TpTrace Verbose: 0 : 18368, 1, 2023/09/11, 13:23:27.589, 500855244583, vstest.console.dll, TestPluginCache.GetExtensionPaths: Added default extension paths: C:\Program Files\dotnet\sdk\7.0.202\Extensions\Microsoft.Diagnostics.NETCore.Client.dll
C:\Program Files\dotnet\sdk\7.0.202\Extensions\Microsoft.TestPlatform.Extensions.BlameDataCollector.dll
C:\Program Files\dotnet\sdk\7.0.202\Extensions\Microsoft.TestPlatform.Extensions.EventLogCollector.dll
C:\Program Files\dotnet\sdk\7.0.202\Extensions\Microsoft.TestPlatform.TestHostRuntimeProvider.dll
C:\Program Files\dotnet\sdk\7.0.202\Extensions\Microsoft.VisualStudio.TestPlatform.Extensions.Html.TestLogger.dll
C:\Program Files\dotnet\sdk\7.0.202\Extensions\Microsoft.VisualStudio.TestPlatform.Extensions.Trx.TestLogger.dll
TpTrace Verbose: 0 : 18368, 1, 2023/09/11, 13:23:27.589, 500855245113, vstest.console.dll, TestPluginCache.GetExtensionPaths: Added unfilterableExtensionPaths: 
TpTrace Information: 0 : 18368, 1, 2023/09/11, 13:23:27.589, 500855247166, vstest.console.dll, AssemblyResolver.AddSearchDirectories: Adding more searchDirectories C:\Program Files\dotnet\sdk\7.0.202\Extensions,C:\Program Files\dotnet\sdk\7.0.202
TpTrace Verbose: 0 : 18368, 1, 2023/09/11, 13:23:27.589, 500855247768, vstest.console.dll, TestPluginCache.DiscoverTestExtensions: Discovering the extensions using extension path.
TpTrace Verbose: 0 : 18368, 1, 2023/09/11, 13:23:27.589, 500855248208, vstest.console.dll, TestPluginCache.GetExtensionPaths: Filtered extension paths: 
TpTrace Verbose: 0 : 18368, 1, 2023/09/11, 13:23:27.589, 500855248663, vstest.console.dll, TestPluginCache.GetExtensionPaths: Added default extension paths: C:\Program Files\dotnet\sdk\7.0.202\Extensions\Microsoft.Diagnostics.NETCore.Client.dll
C:\Program Files\dotnet\sdk\7.0.202\Extensions\Microsoft.TestPlatform.Extensions.BlameDataCollector.dll
C:\Program Files\dotnet\sdk\7.0.202\Extensions\Microsoft.TestPlatform.Extensions.EventLogCollector.dll
C:\Program Files\dotnet\sdk\7.0.202\Extensions\Microsoft.TestPlatform.TestHostRuntimeProvider.dll
C:\Program Files\dotnet\sdk\7.0.202\Extensions\Microsoft.VisualStudio.TestPlatform.Extensions.Html.TestLogger.dll
C:\Program Files\dotnet\sdk\7.0.202\Extensions\Microsoft.VisualStudio.TestPlatform.Extensions.Trx.TestLogger.dll
TpTrace Verbose: 0 : 18368, 1, 2023/09/11, 13:23:27.589, 500855249034, vstest.console.dll, TestPluginCache.GetExtensionPaths: Added unfilterableExtensionPaths: 
TpTrace Verbose: 0 : 18368, 1, 2023/09/11, 13:23:27.589, 500855249480, vstest.console.dll, TestPluginCache.DiscoverTestExtensions: Discovering the extensions using allExtensionPaths: C:\Program Files\dotnet\sdk\7.0.202\Extensions\Microsoft.Diagnostics.NETCore.Client.dll
C:\Program Files\dotnet\sdk\7.0.202\Extensions\Microsoft.TestPlatform.Extensions.BlameDataCollector.dll
C:\Program Files\dotnet\sdk\7.0.202\Extensions\Microsoft.TestPlatform.Extensions.EventLogCollector.dll
C:\Program Files\dotnet\sdk\7.0.202\Extensions\Microsoft.TestPlatform.TestHostRuntimeProvider.dll
C:\Program Files\dotnet\sdk\7.0.202\Extensions\Microsoft.VisualStudio.TestPlatform.Extensions.Html.TestLogger.dll
C:\Program Files\dotnet\sdk\7.0.202\Extensions\Microsoft.VisualStudio.TestPlatform.Extensions.Trx.TestLogger.dll
TpTrace Information: 0 : 18368, 1, 2023/09/11, 13:23:27.590, 500855250176, vstest.console.dll, AssemblyResolver.AddSearchDirectories: Adding more searchDirectories C:\Program Files\dotnet\sdk\7.0.202\Extensions,C:\Program Files\dotnet\sdk\7.0.202
TpTrace Information: 0 : 18368, 1, 2023/09/11, 13:23:27.590, 500855250865, vstest.console.dll, AssemblyResolver.AddSearchDirectories: Adding more searchDirectories C:\Program Files\dotnet\sdk\7.0.202\Extensions,C:\Program Files\dotnet\sdk\7.0.202
TpTrace Information: 0 : 18368, 1, 2023/09/11, 13:23:27.590, 500855251281, vstest.console.dll, AssemblyResolver.AddSearchDirectories: Adding more searchDirectories C:\Program Files\dotnet\sdk\7.0.202\Extensions,C:\Program Files\dotnet\sdk\7.0.202
TpTrace Information: 0 : 18368, 1, 2023/09/11, 13:23:27.590, 500855251667, vstest.console.dll, AssemblyResolver.AddSearchDirectories: Adding more searchDirectories C:\Program Files\dotnet\sdk\7.0.202\Extensions,C:\Program Files\dotnet\sdk\7.0.202
TpTrace Information: 0 : 18368, 1, 2023/09/11, 13:23:27.590, 500855252118, vstest.console.dll, AssemblyResolver.AddSearchDirectories: Adding more searchDirectories C:\Program Files\dotnet\sdk\7.0.202\Extensions,C:\Program Files\dotnet\sdk\7.0.202
TpTrace Information: 0 : 18368, 1, 2023/09/11, 13:23:27.590, 500855252528, vstest.console.dll, AssemblyResolver.AddSearchDirectories: Adding more searchDirectories C:\Program Files\dotnet\sdk\7.0.202\Extensions,C:\Program Files\dotnet\sdk\7.0.202
TpTrace Verbose: 0 : 18368, 1, 2023/09/11, 13:23:27.590, 500855253909, vstest.console.dll, MetadataReaderExtensionsHelper: Discovering extensions inside assembly 'Microsoft.Diagnostics.NETCore.Client, Version=0.2.6.42401, Culture=neutral, PublicKeyToken=31bf3856ad364e35' file path 'C:\Program Files\dotnet\sdk\7.0.202\Extensions\Microsoft.Diagnostics.NETCore.Client.dll'
TpTrace Information: 0 : 18368, 1, 2023/09/11, 13:23:27.591, 500855263699, vstest.console.dll, AssemblyResolver.OnResolve: Microsoft.Bcl.AsyncInterfaces: Resolving assembly.
TpTrace Information: 0 : 18368, 1, 2023/09/11, 13:23:27.591, 500855264868, vstest.console.dll, AssemblyResolver.OnResolve: Microsoft.Bcl.AsyncInterfaces: Resolved from cache.
TpTrace Verbose: 0 : 18368, 1, 2023/09/11, 13:23:27.591, 500855265272, vstest.console.dll, CurrentDomainAssemblyResolve: Resolving assembly 'Microsoft.Bcl.AsyncInterfaces'.
TpTrace Information: 0 : 18368, 1, 2023/09/11, 13:23:27.591, 500855265856, vstest.console.dll, AssemblyResolver.OnResolve: Microsoft.Bcl.AsyncInterfaces: Resolving assembly.
TpTrace Information: 0 : 18368, 1, 2023/09/11, 13:23:27.591, 500855266327, vstest.console.dll, AssemblyResolver.OnResolve: Microsoft.Bcl.AsyncInterfaces: Resolved from cache.
TpTrace Verbose: 0 : 18368, 1, 2023/09/11, 13:23:27.591, 500855266752, vstest.console.dll, CurrentDomainAssemblyResolve: Resolving assembly 'Microsoft.Bcl.AsyncInterfaces'.
TpTrace Verbose: 0 : 18368, 1, 2023/09/11, 13:23:27.591, 500855267107, vstest.console.dll, CurrentDomainAssemblyResolve: Failed to resolve assembly 'Microsoft.Bcl.AsyncInterfaces'.
TpTrace Verbose: 0 : 18368, 1, 2023/09/11, 13:23:27.591, 500855269102, vstest.console.dll, CurrentDomainAssemblyResolve: Failed to resolve assembly 'Microsoft.Bcl.AsyncInterfaces'.
TpTrace Warning: 0 : 18368, 1, 2023/09/11, 13:23:27.592, 500855273568, vstest.console.dll, TestPluginDiscoverer: Failed to get types from assembly 'Microsoft.Diagnostics.NETCore.Client, Version=0.2.6.42401, Culture=neutral, PublicKeyToken=31bf3856ad364e35'. Error: System.Reflection.ReflectionTypeLoadException: Unable to load one or more of the requested types.
Could not load file or assembly 'Microsoft.Bcl.AsyncInterfaces, Version=1.0.0.0, Culture=neutral, PublicKeyToken=cc7b13ffcd2ddd51'. The system cannot find the file specified.
   at System.Reflection.RuntimeModule.GetTypes(RuntimeModule module)
   at System.Reflection.Assembly.GetTypes()
   at Microsoft.VisualStudio.TestPlatform.Common.ExtensionFramework.TestPluginDiscoverer.GetTestExtensionsFromAssembly[TPluginInfo,TExtension](Assembly assembly, Dictionary`2 pluginInfos, String filePath)
System.IO.FileNotFoundException: Could not load file or assembly 'Microsoft.Bcl.AsyncInterfaces, Version=1.0.0.0, Culture=neutral, PublicKeyToken=cc7b13ffcd2ddd51'. The system cannot find the file specified.
File name: 'Microsoft.Bcl.AsyncInterfaces, Version=1.0.0.0, Culture=neutral, PublicKeyToken=cc7b13ffcd2ddd51'
 ---> System.IO.FileNotFoundException: Could not load file or assembly 'Microsoft.Bcl.AsyncInterfaces, Culture=neutral, PublicKeyToken=null'. The system cannot find the file specified.
File name: 'Microsoft.Bcl.AsyncInterfaces, Culture=neutral, PublicKeyToken=null'
   at System.Reflection.RuntimeAssembly.InternalLoad(AssemblyName assemblyName, StackCrawlMark& stackMark, AssemblyLoadContext assemblyLoadContext, RuntimeAssembly requestingAssembly, Boolean throwOnFileNotFound)
   at System.Reflection.Assembly.Load(AssemblyName assemblyRef)
   at Microsoft.VisualStudio.TestPlatform.Common.ExtensionFramework.TestPluginCache.CurrentDomainAssemblyResolve(Object sender, AssemblyResolveEventArgs args)
   at System.Runtime.Loader.AssemblyLoadContext.GetFirstResolvedAssemblyFromResolvingEvent(AssemblyName assemblyName)
   at System.Runtime.Loader.AssemblyLoadContext.ResolveUsingEvent(AssemblyName assemblyName)
   at System.Runtime.Loader.AssemblyLoadContext.ResolveUsingResolvingEvent(IntPtr gchManagedAssemblyLoadContext, AssemblyName assemblyName)
TpTrace Warning: 0 : 18368, 1, 2023/09/11, 13:23:27.592, 500855276264, vstest.console.dll, LoaderExceptions: System.IO.FileNotFoundException: Could not load file or assembly 'Microsoft.Bcl.AsyncInterfaces, Version=1.0.0.0, Culture=neutral, PublicKeyToken=cc7b13ffcd2ddd51'. The system cannot find the file specified.
File name: 'Microsoft.Bcl.AsyncInterfaces, Version=1.0.0.0, Culture=neutral, PublicKeyToken=cc7b13ffcd2ddd51'
 ---> System.IO.FileNotFoundException: Could not load file or assembly 'Microsoft.Bcl.AsyncInterfaces, Culture=neutral, PublicKeyToken=null'. The system cannot find the file specified.
File name: 'Microsoft.Bcl.AsyncInterfaces, Culture=neutral, PublicKeyToken=null'
   at System.Reflection.RuntimeAssembly.InternalLoad(AssemblyName assemblyName, StackCrawlMark& stackMark, AssemblyLoadContext assemblyLoadContext, RuntimeAssembly requestingAssembly, Boolean throwOnFileNotFound)
   at System.Reflection.Assembly.Load(AssemblyName assemblyRef)
   at Microsoft.VisualStudio.TestPlatform.Common.ExtensionFramework.TestPluginCache.CurrentDomainAssemblyResolve(Object sender, AssemblyResolveEventArgs args)
   at System.Runtime.Loader.AssemblyLoadContext.GetFirstResolvedAssemblyFromResolvingEvent(AssemblyName assemblyName)
   at System.Runtime.Loader.AssemblyLoadContext.ResolveUsingEvent(AssemblyName assemblyName)
   at System.Runtime.Loader.AssemblyLoadContext.ResolveUsingResolvingEvent(IntPtr gchManagedAssemblyLoadContext, AssemblyName assemblyName)
TpTrace Verbose: 0 : 18368, 1, 2023/09/11, 13:23:27.592, 500855277731, vstest.console.dll, MetadataReaderExtensionsHelper: Discovering extensions inside assembly 'Microsoft.TestPlatform.Extensions.BlameDataCollector, Version=15.0.0.0, Culture=neutral, PublicKeyToken=b03f5f7f11d50a3a' file path 'C:\Program Files\dotnet\sdk\7.0.202\Extensions\Microsoft.TestPlatform.Extensions.BlameDataCollector.dll'
TpTrace Information: 0 : 18368, 1, 2023/09/11, 13:23:27.593, 500855285643, vstest.console.dll, GetTestExtensionFromType: Register extension with identifier data 'logger://Microsoft/TestPlatform/Extensions/Blame/v1' and type 'Microsoft.TestPlatform.Extensions.BlameDataCollector.BlameLogger, Microsoft.TestPlatform.Extensions.BlameDataCollector, Version=15.0.0.0, Culture=neutral, PublicKeyToken=b03f5f7f11d50a3a' inside file 'C:\Program Files\dotnet\sdk\7.0.202\Extensions\Microsoft.TestPlatform.Extensions.BlameDataCollector.dll'
TpTrace Verbose: 0 : 18368, 1, 2023/09/11, 13:23:27.593, 500855286946, vstest.console.dll, MetadataReaderExtensionsHelper: Discovering extensions inside assembly 'Microsoft.TestPlatform.Extensions.EventLogCollector, Version=15.0.0.0, Culture=neutral, PublicKeyToken=b03f5f7f11d50a3a' file path 'C:\Program Files\dotnet\sdk\7.0.202\Extensions\Microsoft.TestPlatform.Extensions.EventLogCollector.dll'
TpTrace Verbose: 0 : 18368, 1, 2023/09/11, 13:23:27.594, 500855292059, vstest.console.dll, MetadataReaderExtensionsHelper: Discovering extensions inside assembly 'Microsoft.TestPlatform.TestHostRuntimeProvider, Version=15.0.0.0, Culture=neutral, PublicKeyToken=b03f5f7f11d50a3a' file path 'C:\Program Files\dotnet\sdk\7.0.202\Extensions\Microsoft.TestPlatform.TestHostRuntimeProvider.dll'
TpTrace Verbose: 0 : 18368, 1, 2023/09/11, 13:23:27.594, 500855298400, vstest.console.dll, MetadataReaderExtensionsHelper: Discovering extensions inside assembly 'Microsoft.VisualStudio.TestPlatform.Extensions.Html.TestLogger, Version=15.0.0.0, Culture=neutral, PublicKeyToken=b03f5f7f11d50a3a' file path 'C:\Program Files\dotnet\sdk\7.0.202\Extensions\Microsoft.VisualStudio.TestPlatform.Extensions.Html.TestLogger.dll'
TpTrace Information: 0 : 18368, 1, 2023/09/11, 13:23:27.596, 500855315705, vstest.console.dll, GetTestExtensionFromType: Register extension with identifier data 'logger://Microsoft/TestPlatform/HtmlLogger/v1' and type 'Microsoft.VisualStudio.TestPlatform.Extensions.HtmlLogger.HtmlLogger, Microsoft.VisualStudio.TestPlatform.Extensions.Html.TestLogger, Version=15.0.0.0, Culture=neutral, PublicKeyToken=b03f5f7f11d50a3a' inside file 'C:\Program Files\dotnet\sdk\7.0.202\Extensions\Microsoft.VisualStudio.TestPlatform.Extensions.Html.TestLogger.dll'
TpTrace Verbose: 0 : 18368, 1, 2023/09/11, 13:23:27.596, 500855317449, vstest.console.dll, MetadataReaderExtensionsHelper: Discovering extensions inside assembly 'Microsoft.VisualStudio.TestPlatform.Extensions.Trx.TestLogger, Version=15.0.0.0, Culture=neutral, PublicKeyToken=b03f5f7f11d50a3a' file path 'C:\Program Files\dotnet\sdk\7.0.202\Extensions\Microsoft.VisualStudio.TestPlatform.Extensions.Trx.TestLogger.dll'
TpTrace Information: 0 : 18368, 1, 2023/09/11, 13:23:27.597, 500855324135, vstest.console.dll, GetTestExtensionFromType: Register extension with identifier data 'logger://Microsoft/TestPlatform/TrxLogger/v1' and type 'Microsoft.VisualStudio.TestPlatform.Extensions.TrxLogger.TrxLogger, Microsoft.VisualStudio.TestPlatform.Extensions.Trx.TestLogger, Version=15.0.0.0, Culture=neutral, PublicKeyToken=b03f5f7f11d50a3a' inside file 'C:\Program Files\dotnet\sdk\7.0.202\Extensions\Microsoft.VisualStudio.TestPlatform.Extensions.Trx.TestLogger.dll'
TpTrace Verbose: 0 : 18368, 1, 2023/09/11, 13:23:27.597, 500855325612, vstest.console.dll, TestPluginCache: Discovered the extensions using extension path ''.
TpTrace Verbose: 0 : 18368, 1, 2023/09/11, 13:23:27.597, 500855326115, vstest.console.dll, TestPluginCache: Discoverers are ''.
TpTrace Verbose: 0 : 18368, 1, 2023/09/11, 13:23:27.597, 500855326491, vstest.console.dll, TestPluginCache: Executors are ''.
TpTrace Verbose: 0 : 18368, 1, 2023/09/11, 13:23:27.597, 500855326822, vstest.console.dll, TestPluginCache: Executors2 are ''.
TpTrace Verbose: 0 : 18368, 1, 2023/09/11, 13:23:27.597, 500855327144, vstest.console.dll, TestPluginCache: Setting providers are ''.
TpTrace Verbose: 0 : 18368, 1, 2023/09/11, 13:23:27.597, 500855328103, vstest.console.dll, TestPluginCache: Loggers are 'logger://Microsoft/TestPlatform/Extensions/Blame/v1,logger://Microsoft/TestPlatform/HtmlLogger/v1,logger://Microsoft/TestPlatform/TrxLogger/v1'.
TpTrace Verbose: 0 : 18368, 1, 2023/09/11, 13:23:27.597, 500855328727, vstest.console.dll, TestPluginCache: TestHosts are 'HostProvider://DefaultTestHost,HostProvider://DotnetTestHost'.
TpTrace Verbose: 0 : 18368, 1, 2023/09/11, 13:23:27.597, 500855329117, vstest.console.dll, TestPluginCache: DataCollectors are ''.
TpTrace Information: 0 : 18368, 1, 2023/09/11, 13:23:27.599, 500855341783, vstest.console.dll, TestPluginManager.CreateTestExtension: Attempting to load test extension: Microsoft.TestPlatform.Extensions.BlameDataCollector.BlameLogger
TpTrace Verbose: 0 : 18368, 1, 2023/09/11, 13:23:27.609, 500855446143, vstest.console.dll, TestEngine: Initializing Parallel Execution as MaxCpuCount is set to: 1
TpTrace Information: 0 : 18368, 1, 2023/09/11, 13:23:27.613, 500855488535, vstest.console.dll, TestPluginManager.CreateTestExtension: Attempting to load test extension: Microsoft.VisualStudio.TestPlatform.CrossPlatEngine.Hosting.DefaultTestHostManager
TpTrace Information: 0 : 18368, 1, 2023/09/11, 13:23:27.616, 500855514049, vstest.console.dll, TestPluginManager.CreateTestExtension: Attempting to load test extension: Microsoft.VisualStudio.TestPlatform.CrossPlatEngine.Hosting.DotnetTestHostManager
TpTrace Information: 0 : 18368, 1, 2023/09/11, 13:23:27.617, 500855523750, vstest.console.dll, InferRunSettingsHelper.IsTestSettingsEnabled: Unable to navigate to RunSettings/MSTest. Current node: RunSettings
TpTrace Verbose: 0 : 18368, 1, 2023/09/11, 13:23:27.622, 500855574927, vstest.console.dll, TestEngine.GetExecutionManager: Chosen execution manager 'Microsoft.VisualStudio.TestPlatform.CrossPlatEngine.Client.Parallel.ParallelProxyExecutionManager, Microsoft.TestPlatform.CrossPlatEngine, Version=15.0.0.0, Culture=neutral, PublicKeyToken=b03f5f7f11d50a3a' ParallelLevel '1'.
TpTrace Verbose: 0 : 18368, 1, 2023/09/11, 13:23:27.622, 500855577493, vstest.console.dll, TestRunRequest.ExecuteAsync: Creating test run request.
TpTrace Verbose: 0 : 18368, 1, 2023/09/11, 13:23:27.623, 500855580220, vstest.console.dll, TestRunRequest.ExecuteAsync: Starting.
TpTrace Information: 0 : 18368, 1, 2023/09/11, 13:23:27.623, 500855583248, vstest.console.dll, TestRunRequest.ExecuteAsync: Starting run with settings:TestRunCriteria:
   KeepAlive=False,FrequencyOfRunStatsChangeEvent=10,RunStatsChangeEventTimeout=00:00:01.5000000,TestCaseFilter=,TestExecutorLauncher=
   Settingsxml=<RunSettings>
  <RunConfiguration>
    <ResultsDirectory>C:\Users\phani\Desktop\ISEProject\Backend\Kanini.InvestmentSearchEngine.FinstarRating\FinstarRatingTests\bin\Debug\net6.0\fine-code-coverage\coverage-tool-output</ResultsDirectory>
    <TargetPlatform>X64</TargetPlatform>
    <TargetFrameworkVersion>.NETCoreApp,Version=v6.0</TargetFrameworkVersion>
    <DesignMode>False</DesignMode>
    <CollectSourceInformation>False</CollectSourceInformation>
  </RunConfiguration>
  <LoggerRunSettings>
    <Loggers>
      <Logger friendlyName="blame" enabled="True" />
      <Logger friendlyName="Console" uri="logger://microsoft/TestPlatform/ConsoleLogger/v1" assemblyQualifiedName="Microsoft.VisualStudio.TestPlatform.CommandLine.Internal.ConsoleLogger, vstest.console, Version=15.0.0.0, Culture=neutral, PublicKeyToken=b03f5f7f11d50a3a" codeBase="C:\Program Files\dotnet\sdk\7.0.202\vstest.console.dll" enabled="True" />
    </Loggers>
  </LoggerRunSettings>
  <DataCollectionRunSettings>
    <DataCollectors>
      <DataCollector friendlyName="blame" enabled="True">
        <Configuration>
          <ResultsDirectory>C:\Users\phani\Desktop\ISEProject\Backend\Kanini.InvestmentSearchEngine.FinstarRating\FinstarRatingTests\bin\Debug\net6.0\fine-code-coverage\coverage-tool-output</ResultsDirectory>
        </Configuration>
      </DataCollector>
    </DataCollectors>
  </DataCollectionRunSettings>
</RunSettings>

TpTrace Verbose: 0 : 18368, 1, 2023/09/11, 13:23:27.623, 500855583872, vstest.console.dll, TestRunRequest.ExecuteAsync: Wait for the first run request is over.
TpTrace Verbose: 0 : 18368, 1, 2023/09/11, 13:23:27.623, 500855587537, vstest.console.dll, MulticastDelegateUtilities.SafeInvoke: TestRun.TestRunStart: Invoking callbacks was skipped because there are no subscribers.
TpTrace Verbose: 0 : 18368, 4, 2023/09/11, 13:23:27.624, 500855591802, vstest.console.dll, MulticastDelegateUtilities.SafeInvoke: InternalTestLoggerEvents.SendTestRunStart: Invoking callback 1/1 for Microsoft.VisualStudio.TestPlatform.CommandLine.Internal.ConsoleLogger., took 0 ms.
TpTrace Verbose: 0 : 18368, 1, 2023/09/11, 13:23:27.626, 500855618585, vstest.console.dll, ParallelProxyExecutionManager: Start execution. Total sources: 1
TpTrace Verbose: 0 : 18368, 1, 2023/09/11, 13:23:27.630, 500855653624, vstest.console.dll, TestRequestSender is acting as server.
TpTrace Verbose: 0 : 18368, 1, 2023/09/11, 13:23:27.633, 500855686790, vstest.console.dll, DataCollectionRequestSender.InitializeCommunication : Initialize communication. 
TpTrace Information: 0 : 18368, 1, 2023/09/11, 13:23:27.643, 500855780379, vstest.console.dll, Listening on Endpoint : 127.0.0.1:49484
TpTrace Verbose: 0 : 18368, 1, 2023/09/11, 13:23:27.657, 500855926865, vstest.console.dll, DotnetDataCollectionLauncher: Adding  --runtimeconfig "C:\Program Files\dotnet\sdk\7.0.202\datacollector.runtimeconfig.json" in args
TpTrace Verbose: 0 : 18368, 1, 2023/09/11, 13:23:27.657, 500855928697, vstest.console.dll, DotnetDataCollectionLauncher: Adding  --depsfile "C:\Program Files\dotnet\sdk\7.0.202\datacollector.deps.json" in args
TpTrace Verbose: 0 : 18368, 1, 2023/09/11, 13:23:27.658, 500855930750, vstest.console.dll, DotnetDataCollectionLauncher: Full path of dotnet.exe is C:\Program Files\dotnet\dotnet.exe
TpTrace Information: 0 : 18368, 1, 2023/09/11, 13:23:27.689, 500856244394, vstest.console.dll, ProxyDataCollectionManager.Initialize: Launched datacollector processId: 28372 port: 49484
TpTrace Information: 0 : 18368, 1, 2023/09/11, 13:23:27.689, 500856248477, vstest.console.dll, ProxyDataCollectionManager.Initialize: waiting for connection with timeout: 90 seconds
TpTrace Verbose: 0 : 18368, 1, 2023/09/11, 13:23:27.690, 500856250277, vstest.console.dll, DataCollectionRequestSender.WaitForRequestHandlerConnection : Waiting for connection with timeout: 90000
TpTrace Information: 0 : 18368, 7, 2023/09/11, 13:23:27.971, 500859062603, vstest.console.dll, Using the buffer size of 16384 bytes
TpTrace Verbose: 0 : 18368, 1, 2023/09/11, 13:23:27.971, 500859062743, vstest.console.dll, SocketCommunicationManager.WaitForClientConnection took: 281 ms, with 90000 ms timeout, and finished with True.
TpTrace Information: 0 : 18368, 7, 2023/09/11, 13:23:27.971, 500859065028, vstest.console.dll, Accepted Client request and set the flag
TpTrace Verbose: 0 : 18368, 1, 2023/09/11, 13:23:27.971, 500859067132, vstest.console.dll, ProxyDataCollectionManager.InvokeDataCollectionServiceAction: Starting.
TpTrace Information: 0 : 18368, 1, 2023/09/11, 13:23:27.971, 500859069203, vstest.console.dll, ProxyDataCollectionManager.BeforeTestRunStart: Get environment variable and port for datacollector processId: 28372 port: 49484
TpTrace Verbose: 0 : 18368, 1, 2023/09/11, 13:23:27.972, 500859072012, vstest.console.dll, DataCollectionRequestSender.SendBeforeTestRunStartAndGetResult: Send BeforeTestRunStart message with settingsXml <RunSettings><RunConfiguration><ResultsDirectory>C:\Users\phani\Desktop\ISEProject\Backend\Kanini.InvestmentSearchEngine.FinstarRating\FinstarRatingTests\bin\Debug\net6.0\fine-code-coverage\coverage-tool-output</ResultsDirectory><TargetPlatform>X64</TargetPlatform><TargetFrameworkVersion>.NETCoreApp,Version=v6.0</TargetFrameworkVersion><DesignMode>False</DesignMode><CollectSourceInformation>False</CollectSourceInformation><TestAdaptersPaths>C:\Program Files\dotnet\sdk\7.0.202\Extensions</TestAdaptersPaths></RunConfiguration><LoggerRunSettings><Loggers><Logger friendlyName="blame" enabled="True" /><Logger friendlyName="Console" uri="logger://microsoft/TestPlatform/ConsoleLogger/v1" assemblyQualifiedName="Microsoft.VisualStudio.TestPlatform.CommandLine.Internal.ConsoleLogger, vstest.console, Version=15.0.0.0, Culture=neutral, PublicKeyToken=b03f5f7f11d50a3a" codeBase="C:\Program Files\dotnet\sdk\7.0.202\vstest.console.dll" enabled="True" /></Loggers></LoggerRunSettings><DataCollectionRunSettings><DataCollectors><DataCollector friendlyName="blame" enabled="True"><Configuration><ResultsDirectory>C:\Users\phani\Desktop\ISEProject\Backend\Kanini.InvestmentSearchEngine.FinstarRating\FinstarRatingTests\bin\Debug\net6.0\fine-code-coverage\coverage-tool-output</ResultsDirectory></Configuration></DataCollector></DataCollectors></DataCollectionRunSettings></RunSettings> and sources System.Collections.Generic.List`1[System.String]: 
TpTrace Verbose: 0 : 18368, 1, 2023/09/11, 13:23:28.098, 500860332092, vstest.console.dll, DataCollectionRequestSender.SendBeforeTestRunStartAndGetResult: Received message: (DataCollection.SendMessage) -> {"MessageType":"DataCollection.SendMessage","Payload":{"FriendlyName":null,"Uri":null,"TestCaseId":"00000000-0000-0000-0000-000000000000","Message":"Logging DataCollector Diagnostics in file: C:\\Users\\phani\\Desktop\\ISEProject\\Backend\\Kanini.InvestmentSearchEngine.FinstarRating\\FinstarRatingTests\\bin\\Debug\\net6.0\\fine-code-coverage\\coverage-tool-output\\diagnostics.datacollector.23-09-11_13-23-27_65737_1.log","Level":0}}
TpTrace Verbose: 0 : 18368, 1, 2023/09/11, 13:23:28.286, 500862214123, vstest.console.dll, DataCollectionRequestSender.SendBeforeTestRunStartAndGetResult: Received message: (DataCollection.BeforeTestRunStartResult) -> {"MessageType":"DataCollection.BeforeTestRunStartResult","Payload":{"EnvironmentVariables":{},"DataCollectionEventsPort":49486}}
TpTrace Information: 0 : 18368, 1, 2023/09/11, 13:23:28.296, 500862318688, vstest.console.dll, ProxyDataCollectionManager.BeforeTestRunStart: SendBeforeTestRunStartAndGetResult successful, env variable from datacollector:   and testhost port: 49486
TpTrace Information: 0 : 18368, 1, 2023/09/11, 13:23:28.297, 500862321602, vstest.console.dll, ProxyDataCollectionManager.InvokeDataCollectionServiceAction: Completed.
TpTrace Verbose: 0 : 18368, 7, 2023/09/11, 13:23:28.297, 500862324238, vstest.console.dll, ParallelProxyExecutionManager: Execution started. Started clients: 1
TpTrace Verbose: 0 : 18368, 1, 2023/09/11, 13:23:28.297, 500862324944, vstest.console.dll, ProxyParallelExecutionManager: No sources available for execution.
TpTrace Information: 0 : 18368, 1, 2023/09/11, 13:23:28.297, 500862326831, vstest.console.dll, TestRunRequest.ExecuteAsync: Started.
TpTrace Verbose: 0 : 18368, 1, 2023/09/11, 13:23:28.297, 500862327899, vstest.console.dll, TestRunRequest.WaitForCompletion: Waiting with timeout -1.
TpTrace Verbose: 0 : 18368, 7, 2023/09/11, 13:23:28.298, 500862329783, vstest.console.dll, TestRunRequest:SendTestRunMessage: Starting.
TpTrace Verbose: 0 : 18368, 7, 2023/09/11, 13:23:28.298, 500862333474, vstest.console.dll, MulticastDelegateUtilities.SafeInvoke: TestRun.LogMessages: Invoking callback 1/1 for Microsoft.VisualStudio.TestPlatform.CommandLine.TestRunResultAggregator., took 0 ms.
TpTrace Information: 0 : 18368, 7, 2023/09/11, 13:23:28.298, 500862334463, vstest.console.dll, TestRunRequest:SendTestRunMessage: Completed.
TpTrace Verbose: 0 : 18368, 4, 2023/09/11, 13:23:28.298, 500862336769, vstest.console.dll, MulticastDelegateUtilities.SafeInvoke: InternalTestLoggerEvents.SendTestRunMessage: Invoking callback 1/1 for Microsoft.VisualStudio.TestPlatform.CommandLine.Internal.ConsoleLogger., took 0 ms.
TpTrace Verbose: 0 : 18368, 7, 2023/09/11, 13:23:28.298, 500862338170, vstest.console.dll, ProxyExecutionManager: Test host is always Lazy initialize.
TpTrace Verbose: 0 : 18368, 7, 2023/09/11, 13:23:28.299, 500862342706, vstest.console.dll, TestRequestSender.InitializeCommunication: initialize communication. 
TpTrace Information: 0 : 18368, 7, 2023/09/11, 13:23:28.300, 500862352645, vstest.console.dll, SocketServer.Start: Listening on endpoint : 127.0.0.1:49487
TpTrace Verbose: 0 : 18368, 7, 2023/09/11, 13:23:28.302, 500862370439, vstest.console.dll, DotnetTestHostmanager.GetTestHostProcessStartInfo: Platform environment 'X64' target architecture 'X64' framework '.NETCoreApp,Version=v6.0' OS 'Windows'
TpTrace Verbose: 0 : 18368, 7, 2023/09/11, 13:23:28.302, 500862375550, vstest.console.dll, DotnetTestHostmanager: Adding  --runtimeconfig "C:\Users\phani\Desktop\ISEProject\Backend\Kanini.InvestmentSearchEngine.FinstarRating\FinstarRatingTests\bin\Debug\net6.0\fine-code-coverage\build-output\FinstarRatingTests.runtimeconfig.json" in args
TpTrace Verbose: 0 : 18368, 7, 2023/09/11, 13:23:28.302, 500862378105, vstest.console.dll, DotnetTestHostmanager: Adding  --depsfile "C:\Users\phani\Desktop\ISEProject\Backend\Kanini.InvestmentSearchEngine.FinstarRating\FinstarRatingTests\bin\Debug\net6.0\fine-code-coverage\build-output\FinstarRatingTests.deps.json" in args
TpTrace Verbose: 0 : 18368, 7, 2023/09/11, 13:23:28.303, 500862383338, vstest.console.dll, DotnetTestHostmanager.IsWinOnArm: Current PROCESSOR_ARCHITECTURE from environment variable 'AMD64'
TpTrace Verbose: 0 : 18368, 7, 2023/09/11, 13:23:28.303, 500862385030, vstest.console.dll, DotnetTestHostmanager.IsWinOnArm: Is Windows on ARM 'False'
TpTrace Verbose: 0 : 18368, 7, 2023/09/11, 13:23:28.303, 500862387862, vstest.console.dll, DotnetTestHostManager: testhost.exe found at path: C:\Users\phani\Desktop\ISEProject\Backend\Kanini.InvestmentSearchEngine.FinstarRating\FinstarRatingTests\bin\Debug\net6.0\fine-code-coverage\build-output\testhost.exe
TpTrace Verbose: 0 : 18368, 7, 2023/09/11, 13:23:28.304, 500862389648, vstest.console.dll, DotnetTestHostmanager: Full path of host exe is C:\Users\phani\Desktop\ISEProject\Backend\Kanini.InvestmentSearchEngine.FinstarRating\FinstarRatingTests\bin\Debug\net6.0\fine-code-coverage\build-output\testhost.exe
TpTrace Verbose: 0 : 18368, 7, 2023/09/11, 13:23:28.304, 500862394255, vstest.console.dll, DotnetTestHostmanager.LaunchTestHostAsync: Found 'VSTEST_WINAPPHOST_DOTNET_ROOT' in env variables, value 'C:\Program Files\dotnet', forwarding to 'DOTNET_ROOT'
TpTrace Verbose: 0 : 18368, 7, 2023/09/11, 13:23:28.305, 500862402997, vstest.console.dll, DotnetTestHostManager: Starting process 'C:\Users\phani\Desktop\ISEProject\Backend\Kanini.InvestmentSearchEngine.FinstarRating\FinstarRatingTests\bin\Debug\net6.0\fine-code-coverage\build-output\testhost.exe' with command line ' --runtimeconfig "C:\Users\phani\Desktop\ISEProject\Backend\Kanini.InvestmentSearchEngine.FinstarRating\FinstarRatingTests\bin\Debug\net6.0\fine-code-coverage\build-output\FinstarRatingTests.runtimeconfig.json" --depsfile "C:\Users\phani\Desktop\ISEProject\Backend\Kanini.InvestmentSearchEngine.FinstarRating\FinstarRatingTests\bin\Debug\net6.0\fine-code-coverage\build-output\FinstarRatingTests.deps.json" --port 49487 --endpoint 127.0.0.1:049487 --role client --parentprocessid 18368 --diag "C:\Users\phani\Desktop\ISEProject\Backend\Kanini.InvestmentSearchEngine.FinstarRating\FinstarRatingTests\bin\Debug\net6.0\fine-code-coverage\coverage-tool-output\diagnostics.host.23-09-11_13-23-28_30125_7.log" --tracelevel 4 --datacollectionport 49486 --telemetryoptedin false'
TpTrace Verbose: 0 : 18368, 7, 2023/09/11, 13:23:28.322, 500862579255, vstest.console.dll, MulticastDelegateUtilities.SafeInvoke: HostProviderEvents.OnHostLaunched: Invoking callback 1/2 for Microsoft.VisualStudio.TestPlatform.CrossPlatEngine.Client.ProxyExecutionManagerWithDataCollection., took 2 ms.
TpTrace Verbose: 0 : 18368, 7, 2023/09/11, 13:23:28.323, 500862586050, vstest.console.dll, Test Runtime launched
TpTrace Verbose: 0 : 18368, 7, 2023/09/11, 13:23:28.323, 500862588096, vstest.console.dll, MulticastDelegateUtilities.SafeInvoke: HostProviderEvents.OnHostLaunched: Invoking callback 2/2 for Microsoft.VisualStudio.TestPlatform.CrossPlatEngine.Client.ProxyOperationManager., took 0 ms.
TpTrace Verbose: 0 : 18368, 7, 2023/09/11, 13:23:28.324, 500862591024, vstest.console.dll, TestRequestSender.WaitForRequestHandlerConnection: waiting for connection with timeout: 90000.
TpTrace Verbose: 0 : 18368, 12, 2023/09/11, 13:23:28.702, 500866370411, vstest.console.dll, MulticastDelegateUtilities.SafeInvoke: SocketServer: ClientConnected: Invoking callback 1/1 for Microsoft.VisualStudio.TestPlatform.CommunicationUtilities.TestRequestSender., took 0 ms.
TpTrace Verbose: 0 : 18368, 7, 2023/09/11, 13:23:28.702, 500866370413, vstest.console.dll, TestRequestSender.WaitForRequestHandlerConnection: waiting took 377 ms, with timeout 90000 ms, and result 0, which is success.
TpTrace Verbose: 0 : 18368, 12, 2023/09/11, 13:23:28.702, 500866372617, vstest.console.dll, SocketServer.OnClientConnected: Client connected for endPoint: 127.0.0.1:49487, starting MessageLoopAsync:
TpTrace Verbose: 0 : 18368, 12, 2023/09/11, 13:23:28.702, 500866378152, vstest.console.dll, TcpClientExtensions.MessageLoopAsync: Polling on remoteEndPoint: 127.0.0.1:49488 localEndPoint: 127.0.0.1:49487
TpTrace Verbose: 0 : 18368, 7, 2023/09/11, 13:23:28.704, 500866397328, vstest.console.dll, TestRequestSender.CheckVersionWithTestHost: Sending check version message: {"MessageType":"ProtocolVersion","Payload":7}
TpTrace Verbose: 0 : 18368, 12, 2023/09/11, 13:23:28.976, 500869118611, vstest.console.dll, TcpClientExtensions.MessageLoopAsync: NotifyDataAvailable remoteEndPoint: 127.0.0.1:49488 localEndPoint: 127.0.0.1:49487
TpTrace Verbose: 0 : 18368, 12, 2023/09/11, 13:23:28.977, 500869122877, vstest.console.dll, TestRequestSender.CheckVersionWithTestHost: onMessageReceived received message: (ProtocolVersion) -> {"MessageType":"ProtocolVersion","Payload":7}
TpTrace Verbose: 0 : 18368, 12, 2023/09/11, 13:23:28.978, 500869133893, vstest.console.dll, MulticastDelegateUtilities.SafeInvoke: LengthPrefixCommunicationChannel: MessageReceived: Invoking callback 1/1 for Microsoft.VisualStudio.TestPlatform.CommunicationUtilities.TestRequestSender+<>c__DisplayClass29_0., took 1 ms.
TpTrace Verbose: 0 : 18368, 7, 2023/09/11, 13:23:28.978, 500869135279, vstest.console.dll, TestPluginCache.GetExtensionPaths: Filtered extension paths: 
TpTrace Verbose: 0 : 18368, 12, 2023/09/11, 13:23:28.978, 500869136171, vstest.console.dll, TcpClientExtensions.MessageLoopAsync: Polling on remoteEndPoint: 127.0.0.1:49488 localEndPoint: 127.0.0.1:49487
TpTrace Verbose: 0 : 18368, 7, 2023/09/11, 13:23:28.978, 500869136954, vstest.console.dll, TestPluginCache.GetExtensionPaths: Added default extension paths: C:\Program Files\dotnet\sdk\7.0.202\Extensions\Microsoft.Diagnostics.NETCore.Client.dll
C:\Program Files\dotnet\sdk\7.0.202\Extensions\Microsoft.TestPlatform.Extensions.BlameDataCollector.dll
C:\Program Files\dotnet\sdk\7.0.202\Extensions\Microsoft.TestPlatform.Extensions.EventLogCollector.dll
C:\Program Files\dotnet\sdk\7.0.202\Extensions\Microsoft.TestPlatform.TestHostRuntimeProvider.dll
C:\Program Files\dotnet\sdk\7.0.202\Extensions\Microsoft.VisualStudio.TestPlatform.Extensions.Html.TestLogger.dll
C:\Program Files\dotnet\sdk\7.0.202\Extensions\Microsoft.VisualStudio.TestPlatform.Extensions.Trx.TestLogger.dll
TpTrace Verbose: 0 : 18368, 7, 2023/09/11, 13:23:28.978, 500869138656, vstest.console.dll, TestPluginCache.GetExtensionPaths: Added unfilterableExtensionPaths: 
TpTrace Verbose: 0 : 18368, 7, 2023/09/11, 13:23:28.985, 500869208551, vstest.console.dll, TestRequestSender.InitializeExecution: Sending initialize execution with message: {"Version":7,"MessageType":"TestExecution.Initialize","Payload":["C:\\Users\\phani\\Desktop\\ISEProject\\Backend\\Kanini.InvestmentSearchEngine.FinstarRating\\FinstarRatingTests\\bin\\Debug\\net6.0\\fine-code-coverage\\build-output\\Microsoft.VisualStudio.TestPlatform.MSTest.TestAdapter.dll"]}
TpTrace Verbose: 0 : 18368, 12, 2023/09/11, 13:23:28.986, 500869216967, vstest.console.dll, TcpClientExtensions.MessageLoopAsync: NotifyDataAvailable remoteEndPoint: 127.0.0.1:49488 localEndPoint: 127.0.0.1:49487
TpTrace Warning: 0 : 18368, 7, 2023/09/11, 13:23:28.986, 500869217739, vstest.console.dll, InferRunSettingsHelper.MakeRunsettingsCompatible: Removing the following settings: TargetPlatform from RunSettings file. To use those settings please move to latest version of Microsoft.NET.Test.Sdk
TpTrace Verbose: 0 : 18368, 12, 2023/09/11, 13:23:28.986, 500869219363, vstest.console.dll, LengthPrefixCommunicationChannel.NotifyDataAvailable: New data are waiting to be received, but there is no subscriber to be notified. Not reading them from the stream.
TpTrace Verbose: 0 : 18368, 12, 2023/09/11, 13:23:28.987, 500869220152, vstest.console.dll, TcpClientExtensions.MessageLoopAsync: Polling on remoteEndPoint: 127.0.0.1:49488 localEndPoint: 127.0.0.1:49487
TpTrace Verbose: 0 : 18368, 12, 2023/09/11, 13:23:28.987, 500869222347, vstest.console.dll, TcpClientExtensions.MessageLoopAsync: NotifyDataAvailable remoteEndPoint: 127.0.0.1:49488 localEndPoint: 127.0.0.1:49487
TpTrace Verbose: 0 : 18368, 12, 2023/09/11, 13:23:28.987, 500869223114, vstest.console.dll, LengthPrefixCommunicationChannel.NotifyDataAvailable: New data are waiting to be received, but there is no subscriber to be notified. Not reading them from the stream.
TpTrace Verbose: 0 : 18368, 12, 2023/09/11, 13:23:28.987, 500869223739, vstest.console.dll, TcpClientExtensions.MessageLoopAsync: Polling on remoteEndPoint: 127.0.0.1:49488 localEndPoint: 127.0.0.1:49487
TpTrace Verbose: 0 : 18368, 12, 2023/09/11, 13:23:28.987, 500869224491, vstest.console.dll, TcpClientExtensions.MessageLoopAsync: NotifyDataAvailable remoteEndPoint: 127.0.0.1:49488 localEndPoint: 127.0.0.1:49487
TpTrace Verbose: 0 : 18368, 12, 2023/09/11, 13:23:28.987, 500869229412, vstest.console.dll, TestRequestSender.OnExecutionMessageReceived: Received message: {"Version":7,"MessageType":"TestSession.Message","Payload":{"MessageLevel":0,"Message":"Logging TestHost Diagnostics in file: C:\\Users\\phani\\Desktop\\ISEProject\\Backend\\Kanini.InvestmentSearchEngine.FinstarRating\\FinstarRatingTests\\bin\\Debug\\net6.0\\fine-code-coverage\\coverage-tool-output\\diagnostics.host.23-09-11_13-23-28_30125_7.log"}}
TpTrace Verbose: 0 : 18368, 12, 2023/09/11, 13:23:29.002, 500869371361, vstest.console.dll, TestRunRequest:SendTestRunMessage: Starting.
TpTrace Verbose: 0 : 18368, 12, 2023/09/11, 13:23:29.002, 500869374307, vstest.console.dll, MulticastDelegateUtilities.SafeInvoke: TestRun.LogMessages: Invoking callback 1/1 for Microsoft.VisualStudio.TestPlatform.CommandLine.TestRunResultAggregator., took 0 ms.
TpTrace Verbose: 0 : 18368, 4, 2023/09/11, 13:23:29.002, 500869374521, vstest.console.dll, MulticastDelegateUtilities.SafeInvoke: InternalTestLoggerEvents.SendTestRunMessage: Invoking callback 1/1 for Microsoft.VisualStudio.TestPlatform.CommandLine.Internal.ConsoleLogger., took 0 ms.
TpTrace Information: 0 : 18368, 12, 2023/09/11, 13:23:29.002, 500869375366, vstest.console.dll, TestRunRequest:SendTestRunMessage: Completed.
TpTrace Verbose: 0 : 18368, 12, 2023/09/11, 13:23:29.002, 500869376998, vstest.console.dll, MulticastDelegateUtilities.SafeInvoke: LengthPrefixCommunicationChannel: MessageReceived: Invoking callback 1/1 for Microsoft.VisualStudio.TestPlatform.CommunicationUtilities.TestRequestSender+<>c__DisplayClass34_0., took 15 ms.
TpTrace Verbose: 0 : 18368, 12, 2023/09/11, 13:23:29.002, 500869377566, vstest.console.dll, TcpClientExtensions.MessageLoopAsync: Polling on remoteEndPoint: 127.0.0.1:49488 localEndPoint: 127.0.0.1:49487
TpTrace Verbose: 0 : 18368, 7, 2023/09/11, 13:23:29.012, 500869474772, vstest.console.dll, TestRequestSender.StartTestRun: Sending test run with message: {"Version":7,"MessageType":"TestExecution.StartWithSources","Payload":{"AdapterSourceMap":{"_none_":["C:\\Users\\phani\\Desktop\\ISEProject\\Backend\\Kanini.InvestmentSearchEngine.FinstarRating\\FinstarRatingTests\\bin\\Debug\\net6.0\\fine-code-coverage\\build-output\\FinstarRatingTests.dll"]},"RunSettings":"<RunSettings>\r\n  <RunConfiguration>\r\n    <ResultsDirectory>C:\\Users\\phani\\Desktop\\ISEProject\\Backend\\Kanini.InvestmentSearchEngine.FinstarRating\\FinstarRatingTests\\bin\\Debug\\net6.0\\fine-code-coverage\\coverage-tool-output</ResultsDirectory>\r\n    <TargetFrameworkVersion>.NETCoreApp,Version=v6.0</TargetFrameworkVersion>\r\n    <DesignMode>False</DesignMode>\r\n    <CollectSourceInformation>False</CollectSourceInformation>\r\n  </RunConfiguration>\r\n  <LoggerRunSettings>\r\n    <Loggers>\r\n      <Logger friendlyName=\"blame\" enabled=\"True\" />\r\n      <Logger friendlyName=\"Console\" uri=\"logger://microsoft/TestPlatform/ConsoleLogger/v1\" assemblyQualifiedName=\"Microsoft.VisualStudio.TestPlatform.CommandLine.Internal.ConsoleLogger, vstest.console, Version=15.0.0.0, Culture=neutral, PublicKeyToken=b03f5f7f11d50a3a\" codeBase=\"C:\\Program Files\\dotnet\\sdk\\7.0.202\\vstest.console.dll\" enabled=\"True\" />\r\n    </Loggers>\r\n  </LoggerRunSettings>\r\n  <DataCollectionRunSettings>\r\n    <DataCollectors>\r\n      <DataCollector friendlyName=\"blame\" enabled=\"True\">\r\n        <Configuration>\r\n          <ResultsDirectory>C:\\Users\\phani\\Desktop\\ISEProject\\Backend\\Kanini.InvestmentSearchEngine.FinstarRating\\FinstarRatingTests\\bin\\Debug\\net6.0\\fine-code-coverage\\coverage-tool-output</ResultsDirectory>\r\n        </Configuration>\r\n      </DataCollector>\r\n    </DataCollectors>\r\n  </DataCollectionRunSettings>\r\n</RunSettings>","TestExecutionContext":{"FrequencyOfRunStatsChangeEvent":10,"RunStatsChangeEventTimeout":"00:00:01.5000000","InIsolation":false,"KeepAlive":false,"AreTestCaseLevelEventsRequired":false,"IsDebug":false,"TestCaseFilter":null,"FilterOptions":null},"Package":null}}
TpTrace Verbose: 0 : 18368, 12, 2023/09/11, 13:23:29.882, 500878175787, vstest.console.dll, TcpClientExtensions.MessageLoopAsync: NotifyDataAvailable remoteEndPoint: 127.0.0.1:49488 localEndPoint: 127.0.0.1:49487
TpTrace Verbose: 0 : 18368, 12, 2023/09/11, 13:23:29.883, 500878181296, vstest.console.dll, TestRequestSender.OnExecutionMessageReceived: Received message: {"Version":7,"MessageType":"TestExecution.StatsChange","Payload":{"NewTestResults":[{"TestCase":{"Id":"569e59f8-cc01-3561-e09f-6c386a363215","FullyQualifiedName":"YourNamespaceHere.Tests.FinstarServiceTests.AddFinstarDetails_ValidInput_ReturnsDTO","DisplayName":"AddFinstarDetails_ValidInput_ReturnsDTO","ExecutorUri":"executor://MSTestAdapter/v2","Source":"C:\\Users\\phani\\Desktop\\ISEProject\\Backend\\Kanini.InvestmentSearchEngine.FinstarRating\\FinstarRatingTests\\bin\\Debug\\net6.0\\fine-code-coverage\\build-output\\FinstarRatingTests.dll","CodeFilePath":null,"LineNumber":-1,"Properties":[{"Key":{"Id":"TestCase.ManagedType","Label":"ManagedType","Category":"","Description":"","Attributes":1,"ValueType":"System.String"},"Value":"YourNamespaceHere.Tests.FinstarServiceTests"},{"Key":{"Id":"TestCase.ManagedMethod","Label":"ManagedMethod","Category":"","Description":"","Attributes":1,"ValueType":"System.String"},"Value":"AddFinstarDetails_ValidInput_ReturnsDTO"},{"Key":{"Id":"MSTestDiscoverer.TestClassName","Label":"ClassName","Category":"","Description":"","Attributes":1,"ValueType":"System.String"},"Value":"YourNamespaceHere.Tests.FinstarServiceTests"},{"Key":{"Id":"TestCase.Hierarchy","Label":"Hierarchy","Category":"","Description":"","Attributes":2,"ValueType":"System.String[]"},"Value":["YourNamespaceHere.Tests","FinstarServiceTests"]},{"Key":{"Id":"TestObject.Traits","Label":"Traits","Category":"","Description":"","Attributes":5,"ValueType":"System.Collections.Generic.KeyValuePair`2[[System.String],[System.String]][]"},"Value":[]}]},"Attachments":[],"Outcome":1,"ErrorMessage":null,"ErrorStackTrace":null,"DisplayName":"AddFinstarDetails_ValidInput_ReturnsDTO","Messages":[],"ComputerName":null,"Duration":"00:00:00.1557890","StartTime":"2023-09-11T13:23:29.5299812+05:30","EndTime":"2023-09-11T13:23:29.7130524+05:30","Properties":[{"Key":{"Id":"ExecutionId","Label":"ExecutionId","Category":"","Description":"","Attributes":1,"ValueType":"System.Guid"},"Value":"00000000-0000-0000-0000-000000000000"},{"Key":{"Id":"ParentExecId","Label":"ParentExecId","Category":"","Description":"","Attributes":1,"ValueType":"System.Guid"},"Value":"00000000-0000-0000-0000-000000000000"},{"Key":{"Id":"InnerResultsCount","Label":"InnerResultsCount","Category":"","Description":"","Attributes":1,"ValueType":"System.Int32"},"Value":0}]},{"TestCase":{"Id":"f8b02559-8259-6360-e894-aaae0771dc26","FullyQualifiedName":"YourNamespaceHere.Tests.FinstarServiceTests.AddFinstarDetails_CompanyIdExists_ThrowsCompanyIdAlreadyExistsException","DisplayName":"AddFinstarDetails_CompanyIdExists_ThrowsCompanyIdAlreadyExistsException","ExecutorUri":"executor://MSTestAdapter/v2","Source":"C:\\Users\\phani\\Desktop\\ISEProject\\Backend\\Kanini.InvestmentSearchEngine.FinstarRating\\FinstarRatingTests\\bin\\Debug\\net6.0\\fine-code-coverage\\build-output\\FinstarRatingTests.dll","CodeFilePath":null,"LineNumber":-1,"Properties":[{"Key":{"Id":"TestCase.ManagedType","Label":"ManagedType","Category":"","Description":"","Attributes":1,"ValueType":"System.String"},"Value":"YourNamespaceHere.Tests.FinstarServiceTests"},{"Key":{"Id":"TestCase.ManagedMethod","Label":"ManagedMethod","Category":"","Description":"","Attributes":1,"ValueType":"System.String"},"Value":"AddFinstarDetails_CompanyIdExists_ThrowsCompanyIdAlreadyExistsException"},{"Key":{"Id":"MSTestDiscoverer.TestClassName","Label":"ClassName","Category":"","Description":"","Attributes":1,"ValueType":"System.String"},"Value":"YourNamespaceHere.Tests.FinstarServiceTests"},{"Key":{"Id":"TestCase.Hierarchy","Label":"Hierarchy","Category":"","Description":"","Attributes":2,"ValueType":"System.String[]"},"Value":["YourNamespaceHere.Tests","FinstarServiceTests"]},{"Key":{"Id":"TestObject.Traits","Label":"Traits","Category":"","Description":"","Attributes":5,"ValueType":"System.Collections.Generic.KeyValuePair`2[[System.String],[System.String]][]"},"Value":[]}]},"Attachments":[],"Outcome":1,"ErrorMessage":null,"ErrorStackTrace":null,"DisplayName":"AddFinstarDetails_CompanyIdExists_ThrowsCompanyIdAlreadyExistsException","Messages":[],"ComputerName":null,"Duration":"00:00:00.0127826","StartTime":"2023-09-11T13:23:29.7526509+05:30","EndTime":"2023-09-11T13:23:29.7659743+05:30","Properties":[{"Key":{"Id":"ExecutionId","Label":"ExecutionId","Category":"","Description":"","Attributes":1,"ValueType":"System.Guid"},"Value":"00000000-0000-0000-0000-000000000000"},{"Key":{"Id":"ParentExecId","Label":"ParentExecId","Category":"","Description":"","Attributes":1,"ValueType":"System.Guid"},"Value":"00000000-0000-0000-0000-000000000000"},{"Key":{"Id":"InnerResultsCount","Label":"InnerResultsCount","Category":"","Description":"","Attributes":1,"ValueType":"System.Int32"},"Value":0}]},{"TestCase":{"Id":"a2af1d73-d59a-b16d-a799-3f50f4a69f09","FullyQualifiedName":"YourNamespaceHere.Tests.FinstarServiceTests.AddFinstarDetails_AddingFinstarFailed_ThrowsAddObjectException","DisplayName":"AddFinstarDetails_AddingFinstarFailed_ThrowsAddObjectException","ExecutorUri":"executor://MSTestAdapter/v2","Source":"C:\\Users\\phani\\Desktop\\ISEProject\\Backend\\Kanini.InvestmentSearchEngine.FinstarRating\\FinstarRatingTests\\bin\\Debug\\net6.0\\fine-code-coverage\\build-output\\FinstarRatingTests.dll","CodeFilePath":null,"LineNumber":-1,"Properties":[{"Key":{"Id":"TestCase.ManagedType","Label":"ManagedType","Category":"","Description":"","Attributes":1,"ValueType":"System.String"},"Value":"YourNamespaceHere.Tests.FinstarServiceTests"},{"Key":{"Id":"TestCase.ManagedMethod","Label":"ManagedMethod","Category":"","Description":"","Attributes":1,"ValueType":"System.String"},"Value":"AddFinstarDetails_AddingFinstarFailed_ThrowsAddObjectException"},{"Key":{"Id":"MSTestDiscoverer.TestClassName","Label":"ClassName","Category":"","Description":"","Attributes":1,"ValueType":"System.String"},"Value":"YourNamespaceHere.Tests.FinstarServiceTests"},{"Key":{"Id":"TestCase.Hierarchy","Label":"Hierarchy","Category":"","Description":"","Attributes":2,"ValueType":"System.String[]"},"Value":["YourNamespaceHere.Tests","FinstarServiceTests"]},{"Key":{"Id":"TestObject.Traits","Label":"Traits","Category":"","Description":"","Attributes":5,"ValueType":"System.Collections.Generic.KeyValuePair`2[[System.String],[System.String]][]"},"Value":[]}]},"Attachments":[],"Outcome":1,"ErrorMessage":null,"ErrorStackTrace":null,"DisplayName":"AddFinstarDetails_AddingFinstarFailed_ThrowsAddObjectException","Messages":[],"ComputerName":null,"Duration":"00:00:00.0084708","StartTime":"2023-09-11T13:23:29.7718852+05:30","EndTime":"2023-09-11T13:23:29.7808496+05:30","Properties":[{"Key":{"Id":"ExecutionId","Label":"ExecutionId","Category":"","Description":"","Attributes":1,"ValueType":"System.Guid"},"Value":"00000000-0000-0000-0000-000000000000"},{"Key":{"Id":"ParentExecId","Label":"ParentExecId","Category":"","Description":"","Attributes":1,"ValueType":"System.Guid"},"Value":"00000000-0000-0000-0000-000000000000"},{"Key":{"Id":"InnerResultsCount","Label":"InnerResultsCount","Category":"","Description":"","Attributes":1,"ValueType":"System.Int32"},"Value":0}]},{"TestCase":{"Id":"d31a1d8c-68a3-d5a8-2975-ccd3152c20cd","FullyQualifiedName":"YourNamespaceHere.Tests.FinstarServiceTests.DeleteFinstarDetails_ValidId_ReturnsDeletedDTO","DisplayName":"DeleteFinstarDetails_ValidId_ReturnsDeletedDTO","ExecutorUri":"executor://MSTestAdapter/v2","Source":"C:\\Users\\phani\\Desktop\\ISEProject\\Backend\\Kanini.InvestmentSearchEngine.FinstarRating\\FinstarRatingTests\\bin\\Debug\\net6.0\\fine-code-coverage\\build-output\\FinstarRatingTests.dll","CodeFilePath":null,"LineNumber":-1,"Properties":[{"Key":{"Id":"TestCase.ManagedType","Label":"ManagedType","Category":"","Description":"","Attributes":1,"ValueType":"System.String"},"Value":"YourNamespaceHere.Tests.FinstarServiceTests"},{"Key":{"Id":"TestCase.ManagedMethod","Label":"ManagedMethod","Category":"","Description":"","Attributes":1,"ValueType":"System.String"},"Value":"DeleteFinstarDetails_ValidId_ReturnsDeletedDTO"},{"Key":{"Id":"MSTestDiscoverer.TestClassName","Label":"ClassName","Category":"","Description":"","Attributes":1,"ValueType":"System.String"},"Value":"YourNamespaceHere.Tests.FinstarServiceTests"},{"Key":{"Id":"TestCase.Hierarchy","Label":"Hierarchy","Category":"","Description":"","Attributes":2,"ValueType":"System.String[]"},"Value":["YourNamespaceHere.Tests","FinstarServiceTests"]},{"Key":{"Id":"TestObject.Traits","Label":"Traits","Category":"","Description":"","Attributes":5,"ValueType":"System.Collections.Generic.KeyValuePair`2[[System.String],[System.String]][]"},"Value":[]}]},"Attachments":[],"Outcome":1,"ErrorMessage":null,"ErrorStackTrace":null,"DisplayName":"DeleteFinstarDetails_ValidId_ReturnsDeletedDTO","Messages":[],"ComputerName":null,"Duration":"00:00:00.0052959","StartTime":"2023-09-11T13:23:29.7871231+05:30","EndTime":"2023-09-11T13:23:29.7928945+05:30","Properties":[{"Key":{"Id":"ExecutionId","Label":"ExecutionId","Category":"","Description":"","Attributes":1,"ValueType":"System.Guid"},"Value":"00000000-0000-0000-0000-000000000000"},{"Key":{"Id":"ParentExecId","Label":"ParentExecId","Category":"","Description":"","Attributes":1,"ValueType":"System.Guid"},"Value":"00000000-0000-0000-0000-000000000000"},{"Key":{"Id":"InnerResultsCount","Label":"InnerResultsCount","Category":"","Description":"","Attributes":1,"ValueType":"System.Int32"},"Value":0}]},{"TestCase":{"Id":"0a72bcf1-8191-9ce8-eae4-4d369a636496","FullyQualifiedName":"YourNamespaceHere.Tests.FinstarServiceTests.DeleteFinstarDetails_InvalidId_ThrowsInvalidIdException","DisplayName":"DeleteFinstarDetails_InvalidId_ThrowsInvalidIdException","ExecutorUri":"executor://MSTestAdapter/v2","Source":"C:\\Users\\phani\\Desktop\\ISEProject\\Backend\\Kanini.InvestmentSearchEngine.FinstarRating\\FinstarRatingTests\\bin\\Debug\\net6.0\\fine-code-coverage\\build-output\\FinstarRatingTests.dll","CodeFilePath":null,"LineNumber":-1,"Properties":[{"Key":{"Id":"TestCase.ManagedType","Label":"ManagedType","Category":"","Description":"","Attributes":1,"ValueType":"System.String"},"Value":"YourNamespaceHere.Tests.FinstarServiceTests"},{"Key":{"Id":"TestCase.ManagedMethod","Label":"ManagedMethod","Category":"","Description":"","Attributes":1,"ValueType":"System.String"},"Value":"DeleteFinstarDetails_InvalidId_ThrowsInvalidIdException"},{"Key":{"Id":"MSTestDiscoverer.TestClassName","Label":"ClassName","Category":"","Description":"","Attributes":1,"ValueType":"System.String"},"Value":"YourNamespaceHere.Tests.FinstarServiceTests"},{"Key":{"Id":"TestCase.Hierarchy","Label":"Hierarchy","Category":"","Description":"","Attributes":2,"ValueType":"System.String[]"},"Value":["YourNamespaceHere.Tests","FinstarServiceTests"]},{"Key":{"Id":"TestObject.Traits","Label":"Traits","Category":"","Description":"","Attributes":5,"ValueType":"System.Collections.Generic.KeyValuePair`2[[System.String],[System.String]][]"},"Value":[]}]},"Attachments":[],"Outcome":1,"ErrorMessage":null,"ErrorStackTrace":null,"DisplayName":"DeleteFinstarDetails_InvalidId_ThrowsInvalidIdException","Messages":[],"ComputerName":null,"Duration":"00:00:00.0014859","StartTime":"2023-09-11T13:23:29.7985274+05:30","EndTime":"2023-09-11T13:23:29.8006037+05:30","Properties":[{"Key":{"Id":"ExecutionId","Label":"ExecutionId","Category":"","Description":"","Attributes":1,"ValueType":"System.Guid"},"Value":"00000000-0000-0000-0000-000000000000"},{"Key":{"Id":"ParentExecId","Label":"ParentExecId","Category":"","Description":"","Attributes":1,"ValueType":"System.Guid"},"Value":"00000000-0000-0000-0000-000000000000"},{"Key":{"Id":"InnerResultsCount","Label":"InnerResultsCount","Category":"","Description":"","Attributes":1,"ValueType":"System.Int32"},"Value":0}]},{"TestCase":{"Id":"8b93b034-a26d-b58a-48c5-3ea1454fad29","FullyQualifiedName":"YourNamespaceHere.Tests.FinstarServiceTests.DeleteFinstarDetails_FinstarNotFound_ThrowsCompanyNotFoundException","DisplayName":"DeleteFinstarDetails_FinstarNotFound_ThrowsCompanyNotFoundException","ExecutorUri":"executor://MSTestAdapter/v2","Source":"C:\\Users\\phani\\Desktop\\ISEProject\\Backend\\Kanini.InvestmentSearchEngine.FinstarRating\\FinstarRatingTests\\bin\\Debug\\net6.0\\fine-code-coverage\\build-output\\FinstarRatingTests.dll","CodeFilePath":null,"LineNumber":-1,"Properties":[{"Key":{"Id":"TestCase.ManagedType","Label":"ManagedType","Category":"","Description":"","Attributes":1,"ValueType":"System.String"},"Value":"YourNamespaceHere.Tests.FinstarServiceTests"},{"Key":{"Id":"TestCase.ManagedMethod","Label":"ManagedMethod","Category":"","Description":"","Attributes":1,"ValueType":"System.String"},"Value":"DeleteFinstarDetails_FinstarNotFound_ThrowsCompanyNotFoundException"},{"Key":{"Id":"MSTestDiscoverer.TestClassName","Label":"ClassName","Category":"","Description":"","Attributes":1,"ValueType":"System.String"},"Value":"YourNamespaceHere.Tests.FinstarServiceTests"},{"Key":{"Id":"TestCase.Hierarchy","Label":"Hierarchy","Category":"","Description":"","Attributes":2,"ValueType":"System.String[]"},"Value":["YourNamespaceHere.Tests","FinstarServiceTests"]},{"Key":{"Id":"TestObject.Traits","Label":"Traits","Category":"","Description":"","Attributes":5,"ValueType":"System.Collections.Generic.KeyValuePair`2[[System.String],[System.String]][]"},"Value":[]}]},"Attachments":[],"Outcome":1,"ErrorMessage":null,"ErrorStackTrace":null,"DisplayName":"DeleteFinstarDetails_FinstarNotFound_ThrowsCompanyNotFoundException","Messages":[],"ComputerName":null,"Duration":"00:00:00.0031853","StartTime":"2023-09-11T13:23:29.8052928+05:30","EndTime":"2023-09-11T13:23:29.8090685+05:30","Properties":[{"Key":{"Id":"ExecutionId","Label":"ExecutionId","Category":"","Description":"","Attributes":1,"ValueType":"System.Guid"},"Value":"00000000-0000-0000-0000-000000000000"},{"Key":{"Id":"ParentExecId","Label":"ParentExecId","Category":"","Description":"","Attributes":1,"ValueType":"System.Guid"},"Value":"00000000-0000-0000-0000-000000000000"},{"Key":{"Id":"InnerResultsCount","Label":"InnerResultsCount","Category":"","Description":"","Attributes":1,"ValueType":"System.Int32"},"Value":0}]},{"TestCase":{"Id":"712b5b60-58b2-697b-0bdb-cadf4b3d2abc","FullyQualifiedName":"YourNamespaceHere.Tests.FinstarServiceTests.GetAllFinstarDetails_FinstarsExist_ReturnsDTOCollection","DisplayName":"GetAllFinstarDetails_FinstarsExist_ReturnsDTOCollection","ExecutorUri":"executor://MSTestAdapter/v2","Source":"C:\\Users\\phani\\Desktop\\ISEProject\\Backend\\Kanini.InvestmentSearchEngine.FinstarRating\\FinstarRatingTests\\bin\\Debug\\net6.0\\fine-code-coverage\\build-output\\FinstarRatingTests.dll","CodeFilePath":null,"LineNumber":-1,"Properties":[{"Key":{"Id":"TestCase.ManagedType","Label":"ManagedType","Category":"","Description":"","Attributes":1,"ValueType":"System.String"},"Value":"YourNamespaceHere.Tests.FinstarServiceTests"},{"Key":{"Id":"TestCase.ManagedMethod","Label":"ManagedMethod","Category":"","Description":"","Attributes":1,"ValueType":"System.String"},"Value":"GetAllFinstarDetails_FinstarsExist_ReturnsDTOCollection"},{"Key":{"Id":"MSTestDiscoverer.TestClassName","Label":"ClassName","Category":"","Description":"","Attributes":1,"ValueType":"System.String"},"Value":"YourNamespaceHere.Tests.FinstarServiceTests"},{"Key":{"Id":"TestCase.Hierarchy","Label":"Hierarchy","Category":"","Description":"","Attributes":2,"ValueType":"System.String[]"},"Value":["YourNamespaceHere.Tests","FinstarServiceTests"]},{"Key":{"Id":"TestObject.Traits","Label":"Traits","Category":"","Description":"","Attributes":5,"ValueType":"System.Collections.Generic.KeyValuePair`2[[System.String],[System.String]][]"},"Value":[]}]},"Attachments":[],"Outcome":1,"ErrorMessage":null,"ErrorStackTrace":null,"DisplayName":"GetAllFinstarDetails_FinstarsExist_ReturnsDTOCollection","Messages":[],"ComputerName":null,"Duration":"00:00:00.0057376","StartTime":"2023-09-11T13:23:29.8142754+05:30","EndTime":"2023-09-11T13:23:29.8205918+05:30","Properties":[{"Key":{"Id":"ExecutionId","Label":"ExecutionId","Category":"","Description":"","Attributes":1,"ValueType":"System.Guid"},"Value":"00000000-0000-0000-0000-000000000000"},{"Key":{"Id":"ParentExecId","Label":"ParentExecId","Category":"","Description":"","Attributes":1,"ValueType":"System.Guid"},"Value":"00000000-0000-0000-0000-000000000000"},{"Key":{"Id":"InnerResultsCount","Label":"InnerResultsCount","Category":"","Description":"","Attributes":1,"ValueType":"System.Int32"},"Value":0}]},{"TestCase":{"Id":"f28ba5f0-83cc-8134-edb1-a8b3f78afcc9","FullyQualifiedName":"YourNamespaceHere.Tests.FinstarServiceTests.GetAllFinstarDetails_NoFinstars_ReturnsEmptyCollection","DisplayName":"GetAllFinstarDetails_NoFinstars_ReturnsEmptyCollection","ExecutorUri":"executor://MSTestAdapter/v2","Source":"C:\\Users\\phani\\Desktop\\ISEProject\\Backend\\Kanini.InvestmentSearchEngine.FinstarRating\\FinstarRatingTests\\bin\\Debug\\net6.0\\fine-code-coverage\\build-output\\FinstarRatingTests.dll","CodeFilePath":null,"LineNumber":-1,"Properties":[{"Key":{"Id":"TestCase.ManagedType","Label":"ManagedType","Category":"","Description":"","Attributes":1,"ValueType":"System.String"},"Value":"YourNamespaceHere.Tests.FinstarServiceTests"},{"Key":{"Id":"TestCase.ManagedMethod","Label":"ManagedMethod","Category":"","Description":"","Attributes":1,"ValueType":"System.String"},"Value":"GetAllFinstarDetails_NoFinstars_ReturnsEmptyCollection"},{"Key":{"Id":"MSTestDiscoverer.TestClassName","Label":"ClassName","Category":"","Description":"","Attributes":1,"ValueType":"System.String"},"Value":"YourNamespaceHere.Tests.FinstarServiceTests"},{"Key":{"Id":"TestCase.Hierarchy","Label":"Hierarchy","Category":"","Description":"","Attributes":2,"ValueType":"System.String[]"},"Value":["YourNamespaceHere.Tests","FinstarServiceTests"]},{"Key":{"Id":"TestObject.Traits","Label":"Traits","Category":"","Description":"","Attributes":5,"ValueType":"System.Collections.Generic.KeyValuePair`2[[System.String],[System.String]][]"},"Value":[]}]},"Attachments":[],"Outcome":1,"ErrorMessage":null,"ErrorStackTrace":null,"DisplayName":"GetAllFinstarDetails_NoFinstars_ReturnsEmptyCollection","Messages":[],"ComputerName":null,"Duration":"00:00:00.0012812","StartTime":"2023-09-11T13:23:29.8241594+05:30","EndTime":"2023-09-11T13:23:29.8258101+05:30","Properties":[{"Key":{"Id":"ExecutionId","Label":"ExecutionId","Category":"","Description":"","Attributes":1,"ValueType":"System.Guid"},"Value":"00000000-0000-0000-0000-000000000000"},{"Key":{"Id":"ParentExecId","Label":"ParentExecId","Category":"","Description":"","Attributes":1,"ValueType":"System.Guid"},"Value":"00000000-0000-0000-0000-000000000000"},{"Key":{"Id":"InnerResultsCount","Label":"InnerResultsCount","Category":"","Description":"","Attributes":1,"ValueType":"System.Int32"},"Value":0}]},{"TestCase":{"Id":"bd073053-b62e-cbb5-de63-ae61a79b8e5e","FullyQualifiedName":"YourNamespaceHere.Tests.FinstarServiceTests.GetFinstarDetails_ValidId_ReturnsDTO","DisplayName":"GetFinstarDetails_ValidId_ReturnsDTO","ExecutorUri":"executor://MSTestAdapter/v2","Source":"C:\\Users\\phani\\Desktop\\ISEProject\\Backend\\Kanini.InvestmentSearchEngine.FinstarRating\\FinstarRatingTests\\bin\\Debug\\net6.0\\fine-code-coverage\\build-output\\FinstarRatingTests.dll","CodeFilePath":null,"LineNumber":-1,"Properties":[{"Key":{"Id":"TestCase.ManagedType","Label":"ManagedType","Category":"","Description":"","Attributes":1,"ValueType":"System.String"},"Value":"YourNamespaceHere.Tests.FinstarServiceTests"},{"Key":{"Id":"TestCase.ManagedMethod","Label":"ManagedMethod","Category":"","Description":"","Attributes":1,"ValueType":"System.String"},"Value":"GetFinstarDetails_ValidId_ReturnsDTO"},{"Key":{"Id":"MSTestDiscoverer.TestClassName","Label":"ClassName","Category":"","Description":"","Attributes":1,"ValueType":"System.String"},"Value":"YourNamespaceHere.Tests.FinstarServiceTests"},{"Key":{"Id":"TestCase.Hierarchy","Label":"Hierarchy","Category":"","Description":"","Attributes":2,"ValueType":"System.String[]"},"Value":["YourNamespaceHere.Tests","FinstarServiceTests"]},{"Key":{"Id":"TestObject.Traits","Label":"Traits","Category":"","Description":"","Attributes":5,"ValueType":"System.Collections.Generic.KeyValuePair`2[[System.String],[System.String]][]"},"Value":[]}]},"Attachments":[],"Outcome":1,"ErrorMessage":null,"ErrorStackTrace":null,"DisplayName":"GetFinstarDetails_ValidId_ReturnsDTO","Messages":[],"ComputerName":null,"Duration":"00:00:00.0044502","StartTime":"2023-09-11T13:23:29.8299279+05:30","EndTime":"2023-09-11T13:23:29.8350859+05:30","Properties":[{"Key":{"Id":"ExecutionId","Label":"ExecutionId","Category":"","Description":"","Attributes":1,"ValueType":"System.Guid"},"Value":"00000000-0000-0000-0000-000000000000"},{"Key":{"Id":"ParentExecId","Label":"ParentExecId","Category":"","Description":"","Attributes":1,"ValueType":"System.Guid"},"Value":"00000000-0000-0000-0000-000000000000"},{"Key":{"Id":"InnerResultsCount","Label":"InnerResultsCount","Category":"","Description":"","Attributes":1,"ValueType":"System.Int32"},"Value":0}]}],"TestRunStatistics":{"ExecutedTests":9,"Stats":{"Passed":9}},"ActiveTests":[{"Id":"34e13adc-3ed2-2fc4-7e6f-517f49e0a855","FullyQualifiedName":"YourNamespaceHere.Tests.FinstarServiceTests.GetFinstarDetails_InvalidId_ThrowsInvalidIdException","DisplayName":"GetFinstarDetails_InvalidId_ThrowsInvalidIdException","ExecutorUri":"executor://MSTestAdapter/v2","Source":"C:\\Users\\phani\\Desktop\\ISEProject\\Backend\\Kanini.InvestmentSearchEngine.FinstarRating\\FinstarRatingTests\\bin\\Debug\\net6.0\\fine-code-coverage\\build-output\\FinstarRatingTests.dll","CodeFilePath":null,"LineNumber":-1,"Properties":[{"Key":{"Id":"TestCase.ManagedType","Label":"ManagedType","Category":"","Description":"","Attributes":1,"ValueType":"System.String"},"Value":"YourNamespaceHere.Tests.FinstarServiceTests"},{"Key":{"Id":"TestCase.ManagedMethod","Label":"ManagedMethod","Category":"","Description":"","Attributes":1,"ValueType":"System.String"},"Value":"GetFinstarDetails_InvalidId_ThrowsInvalidIdException"},{"Key":{"Id":"MSTestDiscoverer.TestClassName","Label":"ClassName","Category":"","Description":"","Attributes":1,"ValueType":"System.String"},"Value":"YourNamespaceHere.Tests.FinstarServiceTests"},{"Key":{"Id":"TestCase.Hierarchy","Label":"Hierarchy","Category":"","Description":"","Attributes":2,"ValueType":"System.String[]"},"Value":["YourNamespaceHere.Tests","FinstarServiceTests"]},{"Key":{"Id":"TestObject.Traits","Label":"Traits","Category":"","Description":"","Attributes":5,"ValueType":"System.Collections.Generic.KeyValuePair`2[[System.String],[System.String]][]"},"Value":[]}]}]}}
TpTrace Verbose: 0 : 18368, 12, 2023/09/11, 13:23:29.954, 500878889734, vstest.console.dll, TestRunRequest:SendTestRunStatsChange: Starting.
TpTrace Verbose: 0 : 18368, 12, 2023/09/11, 13:23:29.954, 500878893479, vstest.console.dll, InProgress is GetFinstarDetails_InvalidId_ThrowsInvalidIdException
TpTrace Verbose: 0 : 18368, 12, 2023/09/11, 13:23:29.955, 500878901032, vstest.console.dll, MulticastDelegateUtilities.SafeInvoke: TestRun.RunStatsChanged: Invoking callbacks was skipped because there are no subscribers.
TpTrace Information: 0 : 18368, 12, 2023/09/11, 13:23:29.955, 500878902746, vstest.console.dll, TestRunRequest:SendTestRunStatsChange: Completed.
TpTrace Verbose: 0 : 18368, 12, 2023/09/11, 13:23:29.955, 500878903506, vstest.console.dll, MulticastDelegateUtilities.SafeInvoke: LengthPrefixCommunicationChannel: MessageReceived: Invoking callback 1/1 for Microsoft.VisualStudio.TestPlatform.CommunicationUtilities.TestRequestSender+<>c__DisplayClass34_0., took 72 ms.
TpTrace Verbose: 0 : 18368, 12, 2023/09/11, 13:23:29.955, 500878904179, vstest.console.dll, TcpClientExtensions.MessageLoopAsync: Polling on remoteEndPoint: 127.0.0.1:49488 localEndPoint: 127.0.0.1:49487
TpTrace Verbose: 0 : 18368, 4, 2023/09/11, 13:23:29.959, 500878941724, vstest.console.dll, MulticastDelegateUtilities.SafeInvoke: InternalTestLoggerEvents.SendTestResult: Invoking callback 1/1 for Microsoft.VisualStudio.TestPlatform.CommandLine.Internal.ConsoleLogger., took 4 ms.
TpTrace Verbose: 0 : 18368, 4, 2023/09/11, 13:23:29.959, 500878947412, vstest.console.dll, MulticastDelegateUtilities.SafeInvoke: InternalTestLoggerEvents.SendTestResult: Invoking callback 1/1 for Microsoft.VisualStudio.TestPlatform.CommandLine.Internal.ConsoleLogger., took 0 ms.
TpTrace Verbose: 0 : 18368, 4, 2023/09/11, 13:23:29.959, 500878949387, vstest.console.dll, MulticastDelegateUtilities.SafeInvoke: InternalTestLoggerEvents.SendTestResult: Invoking callback 1/1 for Microsoft.VisualStudio.TestPlatform.CommandLine.Internal.ConsoleLogger., took 0 ms.
TpTrace Verbose: 0 : 18368, 4, 2023/09/11, 13:23:29.960, 500878949958, vstest.console.dll, MulticastDelegateUtilities.SafeInvoke: InternalTestLoggerEvents.SendTestResult: Invoking callback 1/1 for Microsoft.VisualStudio.TestPlatform.CommandLine.Internal.ConsoleLogger., took 0 ms.
TpTrace Verbose: 0 : 18368, 4, 2023/09/11, 13:23:29.960, 500878950829, vstest.console.dll, MulticastDelegateUtilities.SafeInvoke: InternalTestLoggerEvents.SendTestResult: Invoking callback 1/1 for Microsoft.VisualStudio.TestPlatform.CommandLine.Internal.ConsoleLogger., took 0 ms.
TpTrace Verbose: 0 : 18368, 4, 2023/09/11, 13:23:29.960, 500878951753, vstest.console.dll, MulticastDelegateUtilities.SafeInvoke: InternalTestLoggerEvents.SendTestResult: Invoking callback 1/1 for Microsoft.VisualStudio.TestPlatform.CommandLine.Internal.ConsoleLogger., took 0 ms.
TpTrace Verbose: 0 : 18368, 4, 2023/09/11, 13:23:29.960, 500878952276, vstest.console.dll, MulticastDelegateUtilities.SafeInvoke: InternalTestLoggerEvents.SendTestResult: Invoking callback 1/1 for Microsoft.VisualStudio.TestPlatform.CommandLine.Internal.ConsoleLogger., took 0 ms.
TpTrace Verbose: 0 : 18368, 4, 2023/09/11, 13:23:29.960, 500878953131, vstest.console.dll, MulticastDelegateUtilities.SafeInvoke: InternalTestLoggerEvents.SendTestResult: Invoking callback 1/1 for Microsoft.VisualStudio.TestPlatform.CommandLine.Internal.ConsoleLogger., took 0 ms.
TpTrace Verbose: 0 : 18368, 4, 2023/09/11, 13:23:29.960, 500878953825, vstest.console.dll, MulticastDelegateUtilities.SafeInvoke: InternalTestLoggerEvents.SendTestResult: Invoking callback 1/1 for Microsoft.VisualStudio.TestPlatform.CommandLine.Internal.ConsoleLogger., took 0 ms.
TpTrace Verbose: 0 : 18368, 12, 2023/09/11, 13:23:29.974, 500879098923, vstest.console.dll, TcpClientExtensions.MessageLoopAsync: NotifyDataAvailable remoteEndPoint: 127.0.0.1:49488 localEndPoint: 127.0.0.1:49487
TpTrace Verbose: 0 : 18368, 12, 2023/09/11, 13:23:29.975, 500879107948, vstest.console.dll, TestRequestSender.OnExecutionMessageReceived: Received message: {"Version":7,"MessageType":"TestExecution.Completed","Payload":{"TestRunCompleteArgs":{"TestRunStatistics":{"ExecutedTests":18,"Stats":{"Passed":18}},"IsCanceled":false,"IsAborted":false,"Error":null,"AttachmentSets":[],"InvokedDataCollectors":[],"ElapsedTimeInRunningTests":"00:00:00.6719656","Metrics":{},"DiscoveredExtensions":{"TestDiscoverers":["Microsoft.VisualStudio.TestPlatform.MSTest.TestAdapter.MSTestDiscoverer, Microsoft.VisualStudio.TestPlatform.MSTest.TestAdapter, Version=14.0.0.0, Culture=neutral, PublicKeyToken=b03f5f7f11d50a3a"],"TestExecutors":["executor://MSTestAdapter/v2"],"TestExecutors2":[],"TestSettingsProviders":[]}},"LastRunTests":{"NewTestResults":[{"TestCase":{"Id":"34e13adc-3ed2-2fc4-7e6f-517f49e0a855","FullyQualifiedName":"YourNamespaceHere.Tests.FinstarServiceTests.GetFinstarDetails_InvalidId_ThrowsInvalidIdException","DisplayName":"GetFinstarDetails_InvalidId_ThrowsInvalidIdException","ExecutorUri":"executor://MSTestAdapter/v2","Source":"C:\\Users\\phani\\Desktop\\ISEProject\\Backend\\Kanini.InvestmentSearchEngine.FinstarRating\\FinstarRatingTests\\bin\\Debug\\net6.0\\fine-code-coverage\\build-output\\FinstarRatingTests.dll","CodeFilePath":null,"LineNumber":-1,"Properties":[{"Key":{"Id":"TestCase.ManagedType","Label":"ManagedType","Category":"","Description":"","Attributes":1,"ValueType":"System.String"},"Value":"YourNamespaceHere.Tests.FinstarServiceTests"},{"Key":{"Id":"TestCase.ManagedMethod","Label":"ManagedMethod","Category":"","Description":"","Attributes":1,"ValueType":"System.String"},"Value":"GetFinstarDetails_InvalidId_ThrowsInvalidIdException"},{"Key":{"Id":"MSTestDiscoverer.TestClassName","Label":"ClassName","Category":"","Description":"","Attributes":1,"ValueType":"System.String"},"Value":"YourNamespaceHere.Tests.FinstarServiceTests"},{"Key":{"Id":"TestCase.Hierarchy","Label":"Hierarchy","Category":"","Description":"","Attributes":2,"ValueType":"System.String[]"},"Value":["YourNamespaceHere.Tests","FinstarServiceTests"]},{"Key":{"Id":"TestObject.Traits","Label":"Traits","Category":"","Description":"","Attributes":5,"ValueType":"System.Collections.Generic.KeyValuePair`2[[System.String],[System.String]][]"},"Value":[]}]},"Attachments":[],"Outcome":1,"ErrorMessage":null,"ErrorStackTrace":null,"DisplayName":"GetFinstarDetails_InvalidId_ThrowsInvalidIdException","Messages":[],"ComputerName":null,"Duration":"00:00:00.0015762","StartTime":"2023-09-11T13:23:29.8844137+05:30","EndTime":"2023-09-11T13:23:29.886463+05:30","Properties":[{"Key":{"Id":"ExecutionId","Label":"ExecutionId","Category":"","Description":"","Attributes":1,"ValueType":"System.Guid"},"Value":"00000000-0000-0000-0000-000000000000"},{"Key":{"Id":"ParentExecId","Label":"ParentExecId","Category":"","Description":"","Attributes":1,"ValueType":"System.Guid"},"Value":"00000000-0000-0000-0000-000000000000"},{"Key":{"Id":"InnerResultsCount","Label":"InnerResultsCount","Category":"","Description":"","Attributes":1,"ValueType":"System.Int32"},"Value":0}]},{"TestCase":{"Id":"cdbf52ec-c456-315f-bf6f-d6b874f6ee56","FullyQualifiedName":"YourNamespaceHere.Tests.FinstarServiceTests.GetFinstarDetails_CompanyNotFound_ThrowsCompanyNotFoundException","DisplayName":"GetFinstarDetails_CompanyNotFound_ThrowsCompanyNotFoundException","ExecutorUri":"executor://MSTestAdapter/v2","Source":"C:\\Users\\phani\\Desktop\\ISEProject\\Backend\\Kanini.InvestmentSearchEngine.FinstarRating\\FinstarRatingTests\\bin\\Debug\\net6.0\\fine-code-coverage\\build-output\\FinstarRatingTests.dll","CodeFilePath":null,"LineNumber":-1,"Properties":[{"Key":{"Id":"TestCase.ManagedType","Label":"ManagedType","Category":"","Description":"","Attributes":1,"ValueType":"System.String"},"Value":"YourNamespaceHere.Tests.FinstarServiceTests"},{"Key":{"Id":"TestCase.ManagedMethod","Label":"ManagedMethod","Category":"","Description":"","Attributes":1,"ValueType":"System.String"},"Value":"GetFinstarDetails_CompanyNotFound_ThrowsCompanyNotFoundException"},{"Key":{"Id":"MSTestDiscoverer.TestClassName","Label":"ClassName","Category":"","Description":"","Attributes":1,"ValueType":"System.String"},"Value":"YourNamespaceHere.Tests.FinstarServiceTests"},{"Key":{"Id":"TestCase.Hierarchy","Label":"Hierarchy","Category":"","Description":"","Attributes":2,"ValueType":"System.String[]"},"Value":["YourNamespaceHere.Tests","FinstarServiceTests"]},{"Key":{"Id":"TestObject.Traits","Label":"Traits","Category":"","Description":"","Attributes":5,"ValueType":"System.Collections.Generic.KeyValuePair`2[[System.String],[System.String]][]"},"Value":[]}]},"Attachments":[],"Outcome":1,"ErrorMessage":null,"ErrorStackTrace":null,"DisplayName":"GetFinstarDetails_CompanyNotFound_ThrowsCompanyNotFoundException","Messages":[],"ComputerName":null,"Duration":"00:00:00.0023907","StartTime":"2023-09-11T13:23:29.8904845+05:30","EndTime":"2023-09-11T13:23:29.8932241+05:30","Properties":[{"Key":{"Id":"ExecutionId","Label":"ExecutionId","Category":"","Description":"","Attributes":1,"ValueType":"System.Guid"},"Value":"00000000-0000-0000-0000-000000000000"},{"Key":{"Id":"ParentExecId","Label":"ParentExecId","Category":"","Description":"","Attributes":1,"ValueType":"System.Guid"},"Value":"00000000-0000-0000-0000-000000000000"},{"Key":{"Id":"InnerResultsCount","Label":"InnerResultsCount","Category":"","Description":"","Attributes":1,"ValueType":"System.Int32"},"Value":0}]},{"TestCase":{"Id":"729fe10f-25f2-c589-be18-bdc87565395e","FullyQualifiedName":"YourNamespaceHere.Tests.FinstarServiceTests.UpdateFinstarDetails_ValidInput_ReturnsUpdatedDTO","DisplayName":"UpdateFinstarDetails_ValidInput_ReturnsUpdatedDTO","ExecutorUri":"executor://MSTestAdapter/v2","Source":"C:\\Users\\phani\\Desktop\\ISEProject\\Backend\\Kanini.InvestmentSearchEngine.FinstarRating\\FinstarRatingTests\\bin\\Debug\\net6.0\\fine-code-coverage\\build-output\\FinstarRatingTests.dll","CodeFilePath":null,"LineNumber":-1,"Properties":[{"Key":{"Id":"TestCase.ManagedType","Label":"ManagedType","Category":"","Description":"","Attributes":1,"ValueType":"System.String"},"Value":"YourNamespaceHere.Tests.FinstarServiceTests"},{"Key":{"Id":"TestCase.ManagedMethod","Label":"ManagedMethod","Category":"","Description":"","Attributes":1,"ValueType":"System.String"},"Value":"UpdateFinstarDetails_ValidInput_ReturnsUpdatedDTO"},{"Key":{"Id":"MSTestDiscoverer.TestClassName","Label":"ClassName","Category":"","Description":"","Attributes":1,"ValueType":"System.String"},"Value":"YourNamespaceHere.Tests.FinstarServiceTests"},{"Key":{"Id":"TestCase.Hierarchy","Label":"Hierarchy","Category":"","Description":"","Attributes":2,"ValueType":"System.String[]"},"Value":["YourNamespaceHere.Tests","FinstarServiceTests"]},{"Key":{"Id":"TestObject.Traits","Label":"Traits","Category":"","Description":"","Attributes":5,"ValueType":"System.Collections.Generic.KeyValuePair`2[[System.String],[System.String]][]"},"Value":[]}]},"Attachments":[],"Outcome":1,"ErrorMessage":null,"ErrorStackTrace":null,"DisplayName":"UpdateFinstarDetails_ValidInput_ReturnsUpdatedDTO","Messages":[],"ComputerName":null,"Duration":"00:00:00.0049431","StartTime":"2023-09-11T13:23:29.897585+05:30","EndTime":"2023-09-11T13:23:29.9029964+05:30","Properties":[{"Key":{"Id":"ExecutionId","Label":"ExecutionId","Category":"","Description":"","Attributes":1,"ValueType":"System.Guid"},"Value":"00000000-0000-0000-0000-000000000000"},{"Key":{"Id":"ParentExecId","Label":"ParentExecId","Category":"","Description":"","Attributes":1,"ValueType":"System.Guid"},"Value":"00000000-0000-0000-0000-000000000000"},{"Key":{"Id":"InnerResultsCount","Label":"InnerResultsCount","Category":"","Description":"","Attributes":1,"ValueType":"System.Int32"},"Value":0}]},{"TestCase":{"Id":"e7ad9b69-c0ac-d068-df71-353a22950623","FullyQualifiedName":"YourNamespaceHere.Tests.FinstarServiceTests.UpdateFinstarDetails_InvalidCompanyId_ThrowsInvalidIdException","DisplayName":"UpdateFinstarDetails_InvalidCompanyId_ThrowsInvalidIdException","ExecutorUri":"executor://MSTestAdapter/v2","Source":"C:\\Users\\phani\\Desktop\\ISEProject\\Backend\\Kanini.InvestmentSearchEngine.FinstarRating\\FinstarRatingTests\\bin\\Debug\\net6.0\\fine-code-coverage\\build-output\\FinstarRatingTests.dll","CodeFilePath":null,"LineNumber":-1,"Properties":[{"Key":{"Id":"TestCase.ManagedType","Label":"ManagedType","Category":"","Description":"","Attributes":1,"ValueType":"System.String"},"Value":"YourNamespaceHere.Tests.FinstarServiceTests"},{"Key":{"Id":"TestCase.ManagedMethod","Label":"ManagedMethod","Category":"","Description":"","Attributes":1,"ValueType":"System.String"},"Value":"UpdateFinstarDetails_InvalidCompanyId_ThrowsInvalidIdException"},{"Key":{"Id":"MSTestDiscoverer.TestClassName","Label":"ClassName","Category":"","Description":"","Attributes":1,"ValueType":"System.String"},"Value":"YourNamespaceHere.Tests.FinstarServiceTests"},{"Key":{"Id":"TestCase.Hierarchy","Label":"Hierarchy","Category":"","Description":"","Attributes":2,"ValueType":"System.String[]"},"Value":["YourNamespaceHere.Tests","FinstarServiceTests"]},{"Key":{"Id":"TestObject.Traits","Label":"Traits","Category":"","Description":"","Attributes":5,"ValueType":"System.Collections.Generic.KeyValuePair`2[[System.String],[System.String]][]"},"Value":[]}]},"Attachments":[],"Outcome":1,"ErrorMessage":null,"ErrorStackTrace":null,"DisplayName":"UpdateFinstarDetails_InvalidCompanyId_ThrowsInvalidIdException","Messages":[],"ComputerName":null,"Duration":"00:00:00.0010658","StartTime":"2023-09-11T13:23:29.9071918+05:30","EndTime":"2023-09-11T13:23:29.9085973+05:30","Properties":[{"Key":{"Id":"ExecutionId","Label":"ExecutionId","Category":"","Description":"","Attributes":1,"ValueType":"System.Guid"},"Value":"00000000-0000-0000-0000-000000000000"},{"Key":{"Id":"ParentExecId","Label":"ParentExecId","Category":"","Description":"","Attributes":1,"ValueType":"System.Guid"},"Value":"00000000-0000-0000-0000-000000000000"},{"Key":{"Id":"InnerResultsCount","Label":"InnerResultsCount","Category":"","Description":"","Attributes":1,"ValueType":"System.Int32"},"Value":0}]},{"TestCase":{"Id":"225288ca-cf9a-60fa-3a72-5bb1d51951c1","FullyQualifiedName":"YourNamespaceHere.Tests.FinstarServiceTests.UpdateFinstarDetails_UpdateFailed_ThrowsUpdateFailedException","DisplayName":"UpdateFinstarDetails_UpdateFailed_ThrowsUpdateFailedException","ExecutorUri":"executor://MSTestAdapter/v2","Source":"C:\\Users\\phani\\Desktop\\ISEProject\\Backend\\Kanini.InvestmentSearchEngine.FinstarRating\\FinstarRatingTests\\bin\\Debug\\net6.0\\fine-code-coverage\\build-output\\FinstarRatingTests.dll","CodeFilePath":null,"LineNumber":-1,"Properties":[{"Key":{"Id":"TestCase.ManagedType","Label":"ManagedType","Category":"","Description":"","Attributes":1,"ValueType":"System.String"},"Value":"YourNamespaceHere.Tests.FinstarServiceTests"},{"Key":{"Id":"TestCase.ManagedMethod","Label":"ManagedMethod","Category":"","Description":"","Attributes":1,"ValueType":"System.String"},"Value":"UpdateFinstarDetails_UpdateFailed_ThrowsUpdateFailedException"},{"Key":{"Id":"MSTestDiscoverer.TestClassName","Label":"ClassName","Category":"","Description":"","Attributes":1,"ValueType":"System.String"},"Value":"YourNamespaceHere.Tests.FinstarServiceTests"},{"Key":{"Id":"TestCase.Hierarchy","Label":"Hierarchy","Category":"","Description":"","Attributes":2,"ValueType":"System.String[]"},"Value":["YourNamespaceHere.Tests","FinstarServiceTests"]},{"Key":{"Id":"TestObject.Traits","Label":"Traits","Category":"","Description":"","Attributes":5,"ValueType":"System.Collections.Generic.KeyValuePair`2[[System.String],[System.String]][]"},"Value":[]}]},"Attachments":[],"Outcome":1,"ErrorMessage":null,"ErrorStackTrace":null,"DisplayName":"UpdateFinstarDetails_UpdateFailed_ThrowsUpdateFailedException","Messages":[],"ComputerName":null,"Duration":"00:00:00.0060453","StartTime":"2023-09-11T13:23:29.9124291+05:30","EndTime":"2023-09-11T13:23:29.9188459+05:30","Properties":[{"Key":{"Id":"ExecutionId","Label":"ExecutionId","Category":"","Description":"","Attributes":1,"ValueType":"System.Guid"},"Value":"00000000-0000-0000-0000-000000000000"},{"Key":{"Id":"ParentExecId","Label":"ParentExecId","Category":"","Description":"","Attributes":1,"ValueType":"System.Guid"},"Value":"00000000-0000-0000-0000-000000000000"},{"Key":{"Id":"InnerResultsCount","Label":"InnerResultsCount","Category":"","Description":"","Attributes":1,"ValueType":"System.Int32"},"Value":0}]},{"TestCase":{"Id":"769644f6-8c00-ac80-773b-87c0e4d86cde","FullyQualifiedName":"YourNamespaceHere.Tests.FinstarServiceTests.FindAverageRating_AllRatesValid_ReturnsCorrectAverage","DisplayName":"FindAverageRating_AllRatesValid_ReturnsCorrectAverage","ExecutorUri":"executor://MSTestAdapter/v2","Source":"C:\\Users\\phani\\Desktop\\ISEProject\\Backend\\Kanini.InvestmentSearchEngine.FinstarRating\\FinstarRatingTests\\bin\\Debug\\net6.0\\fine-code-coverage\\build-output\\FinstarRatingTests.dll","CodeFilePath":null,"LineNumber":-1,"Properties":[{"Key":{"Id":"TestCase.ManagedType","Label":"ManagedType","Category":"","Description":"","Attributes":1,"ValueType":"System.String"},"Value":"YourNamespaceHere.Tests.FinstarServiceTests"},{"Key":{"Id":"TestCase.ManagedMethod","Label":"ManagedMethod","Category":"","Description":"","Attributes":1,"ValueType":"System.String"},"Value":"FindAverageRating_AllRatesValid_ReturnsCorrectAverage"},{"Key":{"Id":"MSTestDiscoverer.TestClassName","Label":"ClassName","Category":"","Description":"","Attributes":1,"ValueType":"System.String"},"Value":"YourNamespaceHere.Tests.FinstarServiceTests"},{"Key":{"Id":"TestCase.Hierarchy","Label":"Hierarchy","Category":"","Description":"","Attributes":2,"ValueType":"System.String[]"},"Value":["YourNamespaceHere.Tests","FinstarServiceTests"]},{"Key":{"Id":"TestObject.Traits","Label":"Traits","Category":"","Description":"","Attributes":5,"ValueType":"System.Collections.Generic.KeyValuePair`2[[System.String],[System.String]][]"},"Value":[]}]},"Attachments":[],"Outcome":1,"ErrorMessage":null,"ErrorStackTrace":null,"DisplayName":"FindAverageRating_AllRatesValid_ReturnsCorrectAverage","Messages":[],"ComputerName":null,"Duration":"00:00:00.0003407","StartTime":"2023-09-11T13:23:29.9240952+05:30","EndTime":"2023-09-11T13:23:29.9247656+05:30","Properties":[{"Key":{"Id":"ExecutionId","Label":"ExecutionId","Category":"","Description":"","Attributes":1,"ValueType":"System.Guid"},"Value":"00000000-0000-0000-0000-000000000000"},{"Key":{"Id":"ParentExecId","Label":"ParentExecId","Category":"","Description":"","Attributes":1,"ValueType":"System.Guid"},"Value":"00000000-0000-0000-0000-000000000000"},{"Key":{"Id":"InnerResultsCount","Label":"InnerResultsCount","Category":"","Description":"","Attributes":1,"ValueType":"System.Int32"},"Value":0}]},{"TestCase":{"Id":"9eff6af2-c8f3-8bbf-5210-8bc1f5bee803","FullyQualifiedName":"YourNamespaceHere.Tests.FinstarServiceTests.FindAverageRating_NullFinstarDTO_ThrowsArgumentNullException","DisplayName":"FindAverageRating_NullFinstarDTO_ThrowsArgumentNullException","ExecutorUri":"executor://MSTestAdapter/v2","Source":"C:\\Users\\phani\\Desktop\\ISEProject\\Backend\\Kanini.InvestmentSearchEngine.FinstarRating\\FinstarRatingTests\\bin\\Debug\\net6.0\\fine-code-coverage\\build-output\\FinstarRatingTests.dll","CodeFilePath":null,"LineNumber":-1,"Properties":[{"Key":{"Id":"TestCase.ManagedType","Label":"ManagedType","Category":"","Description":"","Attributes":1,"ValueType":"System.String"},"Value":"YourNamespaceHere.Tests.FinstarServiceTests"},{"Key":{"Id":"TestCase.ManagedMethod","Label":"ManagedMethod","Category":"","Description":"","Attributes":1,"ValueType":"System.String"},"Value":"FindAverageRating_NullFinstarDTO_ThrowsArgumentNullException"},{"Key":{"Id":"MSTestDiscoverer.TestClassName","Label":"ClassName","Category":"","Description":"","Attributes":1,"ValueType":"System.String"},"Value":"YourNamespaceHere.Tests.FinstarServiceTests"},{"Key":{"Id":"TestCase.Hierarchy","Label":"Hierarchy","Category":"","Description":"","Attributes":2,"ValueType":"System.String[]"},"Value":["YourNamespaceHere.Tests","FinstarServiceTests"]},{"Key":{"Id":"TestObject.Traits","Label":"Traits","Category":"","Description":"","Attributes":5,"ValueType":"System.Collections.Generic.KeyValuePair`2[[System.String],[System.String]][]"},"Value":[]}]},"Attachments":[],"Outcome":1,"ErrorMessage":null,"ErrorStackTrace":null,"DisplayName":"FindAverageRating_NullFinstarDTO_ThrowsArgumentNullException","Messages":[],"ComputerName":null,"Duration":"00:00:00.0012287","StartTime":"2023-09-11T13:23:29.929061+05:30","EndTime":"2023-09-11T13:23:29.9306888+05:30","Properties":[{"Key":{"Id":"ExecutionId","Label":"ExecutionId","Category":"","Description":"","Attributes":1,"ValueType":"System.Guid"},"Value":"00000000-0000-0000-0000-000000000000"},{"Key":{"Id":"ParentExecId","Label":"ParentExecId","Category":"","Description":"","Attributes":1,"ValueType":"System.Guid"},"Value":"00000000-0000-0000-0000-000000000000"},{"Key":{"Id":"InnerResultsCount","Label":"InnerResultsCount","Category":"","Description":"","Attributes":1,"ValueType":"System.Int32"},"Value":0}]},{"TestCase":{"Id":"02eefabf-5c68-2c28-68e2-4cfb6b63c26d","FullyQualifiedName":"YourNamespaceHere.Tests.FinstarServiceTests.FindTotalReviewCount_ValidFinstarDTO_ReturnsTotalReviewCount","DisplayName":"FindTotalReviewCount_ValidFinstarDTO_ReturnsTotalReviewCount","ExecutorUri":"executor://MSTestAdapter/v2","Source":"C:\\Users\\phani\\Desktop\\ISEProject\\Backend\\Kanini.InvestmentSearchEngine.FinstarRating\\FinstarRatingTests\\bin\\Debug\\net6.0\\fine-code-coverage\\build-output\\FinstarRatingTests.dll","CodeFilePath":null,"LineNumber":-1,"Properties":[{"Key":{"Id":"TestCase.ManagedType","Label":"ManagedType","Category":"","Description":"","Attributes":1,"ValueType":"System.String"},"Value":"YourNamespaceHere.Tests.FinstarServiceTests"},{"Key":{"Id":"TestCase.ManagedMethod","Label":"ManagedMethod","Category":"","Description":"","Attributes":1,"ValueType":"System.String"},"Value":"FindTotalReviewCount_ValidFinstarDTO_ReturnsTotalReviewCount"},{"Key":{"Id":"MSTestDiscoverer.TestClassName","Label":"ClassName","Category":"","Description":"","Attributes":1,"ValueType":"System.String"},"Value":"YourNamespaceHere.Tests.FinstarServiceTests"},{"Key":{"Id":"TestCase.Hierarchy","Label":"Hierarchy","Category":"","Description":"","Attributes":2,"ValueType":"System.String[]"},"Value":["YourNamespaceHere.Tests","FinstarServiceTests"]},{"Key":{"Id":"TestObject.Traits","Label":"Traits","Category":"","Description":"","Attributes":5,"ValueType":"System.Collections.Generic.KeyValuePair`2[[System.String],[System.String]][]"},"Value":[]}]},"Attachments":[],"Outcome":1,"ErrorMessage":null,"ErrorStackTrace":null,"DisplayName":"FindTotalReviewCount_ValidFinstarDTO_ReturnsTotalReviewCount","Messages":[],"ComputerName":null,"Duration":"00:00:00.0002893","StartTime":"2023-09-11T13:23:29.9351487+05:30","EndTime":"2023-09-11T13:23:29.9356995+05:30","Properties":[{"Key":{"Id":"ExecutionId","Label":"ExecutionId","Category":"","Description":"","Attributes":1,"ValueType":"System.Guid"},"Value":"00000000-0000-0000-0000-000000000000"},{"Key":{"Id":"ParentExecId","Label":"ParentExecId","Category":"","Description":"","Attributes":1,"ValueType":"System.Guid"},"Value":"00000000-0000-0000-0000-000000000000"},{"Key":{"Id":"InnerResultsCount","Label":"InnerResultsCount","Category":"","Description":"","Attributes":1,"ValueType":"System.Int32"},"Value":0}]},{"TestCase":{"Id":"a9065ec0-137d-4c83-d7ce-3389bfdadb01","FullyQualifiedName":"YourNamespaceHere.Tests.FinstarServiceTests.FindTotalReviewCount_NullFinstarDTO_ThrowsArgumentNullException","DisplayName":"FindTotalReviewCount_NullFinstarDTO_ThrowsArgumentNullException","ExecutorUri":"executor://MSTestAdapter/v2","Source":"C:\\Users\\phani\\Desktop\\ISEProject\\Backend\\Kanini.InvestmentSearchEngine.FinstarRating\\FinstarRatingTests\\bin\\Debug\\net6.0\\fine-code-coverage\\build-output\\FinstarRatingTests.dll","CodeFilePath":null,"LineNumber":-1,"Properties":[{"Key":{"Id":"TestCase.ManagedType","Label":"ManagedType","Category":"","Description":"","Attributes":1,"ValueType":"System.String"},"Value":"YourNamespaceHere.Tests.FinstarServiceTests"},{"Key":{"Id":"TestCase.ManagedMethod","Label":"ManagedMethod","Category":"","Description":"","Attributes":1,"ValueType":"System.String"},"Value":"FindTotalReviewCount_NullFinstarDTO_ThrowsArgumentNullException"},{"Key":{"Id":"MSTestDiscoverer.TestClassName","Label":"ClassName","Category":"","Description":"","Attributes":1,"ValueType":"System.String"},"Value":"YourNamespaceHere.Tests.FinstarServiceTests"},{"Key":{"Id":"TestCase.Hierarchy","Label":"Hierarchy","Category":"","Description":"","Attributes":2,"ValueType":"System.String[]"},"Value":["YourNamespaceHere.Tests","FinstarServiceTests"]},{"Key":{"Id":"TestObject.Traits","Label":"Traits","Category":"","Description":"","Attributes":5,"ValueType":"System.Collections.Generic.KeyValuePair`2[[System.String],[System.String]][]"},"Value":[]}]},"Attachments":[],"Outcome":1,"ErrorMessage":null,"ErrorStackTrace":null,"DisplayName":"FindTotalReviewCount_NullFinstarDTO_ThrowsArgumentNullException","Messages":[],"ComputerName":null,"Duration":"00:00:00.0008231","StartTime":"2023-09-11T13:23:29.9401802+05:30","EndTime":"2023-09-11T13:23:29.9418004+05:30","Properties":[{"Key":{"Id":"ExecutionId","Label":"ExecutionId","Category":"","Description":"","Attributes":1,"ValueType":"System.Guid"},"Value":"00000000-0000-0000-0000-000000000000"},{"Key":{"Id":"ParentExecId","Label":"ParentExecId","Category":"","Description":"","Attributes":1,"ValueType":"System.Guid"},"Value":"00000000-0000-0000-0000-000000000000"},{"Key":{"Id":"InnerResultsCount","Label":"InnerResultsCount","Category":"","Description":"","Attributes":1,"ValueType":"System.Int32"},"Value":0}]}],"TestRunStatistics":{"ExecutedTests":18,"Stats":{"Passed":18}},"ActiveTests":[]},"RunAttachments":[],"ExecutorUris":["executor://mstestadapter/v2"]}}
TpTrace Verbose: 0 : 18368, 12, 2023/09/11, 13:23:29.976, 500879113882, vstest.console.dll, TestRequestSender.EndSession: Sending end session.
TpTrace Verbose: 0 : 18368, 12, 2023/09/11, 13:23:29.976, 500879116085, vstest.console.dll, ProxyOperationManager.Close: waiting for test host to exit for 100 ms
TpTrace Warning: 0 : 18368, 11, 2023/09/11, 13:23:30.019, 500879540488, vstest.console.dll, TestHostManagerCallbacks.ErrorReceivedCallback Test host standard error line: 
TpTrace Verbose: 0 : 18368, 11, 2023/09/11, 13:23:30.027, 500879626890, vstest.console.dll, TestHostProvider.ExitCallBack: Host exited starting callback.
TpTrace Information: 0 : 18368, 11, 2023/09/11, 13:23:30.028, 500879629776, vstest.console.dll, TestHostManagerCallbacks.ExitCallBack: Testhost processId: 27680 exited with exitcode: 0 error: ''
TpTrace Verbose: 0 : 18368, 11, 2023/09/11, 13:23:30.028, 500879630391, vstest.console.dll, DotnetTestHostManager.OnHostExited: invoking OnHostExited callback
TpTrace Verbose: 0 : 18368, 11, 2023/09/11, 13:23:30.028, 500879631273, vstest.console.dll, CrossPlatEngine.TestHostManagerHostExited: calling on client process exit callback.
TpTrace Information: 0 : 18368, 11, 2023/09/11, 13:23:30.028, 500879631899, vstest.console.dll, TestRequestSender.OnClientProcessExit: Test host process exited. Standard error: 
TpTrace Information: 0 : 18368, 11, 2023/09/11, 13:23:30.028, 500879632320, vstest.console.dll, SocketServer.Stop: Stop server endPoint: 127.0.0.1:49487
TpTrace Information: 0 : 18368, 11, 2023/09/11, 13:23:30.028, 500879632602, vstest.console.dll, SocketServer.Stop: Cancellation requested. Stopping message loop.
TpTrace Information: 0 : 18368, 12, 2023/09/11, 13:23:30.028, 500879633322, vstest.console.dll, SocketServer.Stop: Stop server endPoint: 127.0.0.1:49487
TpTrace Information: 0 : 18368, 12, 2023/09/11, 13:23:30.028, 500879633880, vstest.console.dll, SocketServer.Stop: Cancellation requested. Stopping message loop.
TpTrace Verbose: 0 : 18368, 11, 2023/09/11, 13:23:30.028, 500879634091, vstest.console.dll, MulticastDelegateUtilities.SafeInvoke: HostProviderEvents.OnHostExited: Invoking callback 1/1 for Microsoft.VisualStudio.TestPlatform.CrossPlatEngine.Client.ProxyOperationManager., took 0 ms.
TpTrace Information: 0 : 18368, 12, 2023/09/11, 13:23:30.028, 500879634324, vstest.console.dll, Closing the connection
TpTrace Verbose: 0 : 18368, 12, 2023/09/11, 13:23:30.028, 500879638752, vstest.console.dll, ProxyDataCollectionManager.InvokeDataCollectionServiceAction: Starting.
TpTrace Information: 0 : 18368, 12, 2023/09/11, 13:23:30.029, 500879639543, vstest.console.dll, ProxyDataCollectionManager.AfterTestRunEnd: Get attachment set and invoked data collectors processId: 28372 port: 49484
TpTrace Verbose: 0 : 18368, 12, 2023/09/11, 13:23:30.029, 500879640253, vstest.console.dll, DataCollectionRequestSender.SendAfterTestRunStartAndGetResult: Send AfterTestRunEnd message with isCancelled: False
TpTrace Verbose: 0 : 18368, 12, 2023/09/11, 13:23:30.039, 500879744680, vstest.console.dll, DataCollectionRequestSender.SendAfterTestRunStartAndGetResult: Received message: (DataCollection.AfterTestRunEndResult) -> {"MessageType":"DataCollection.AfterTestRunEndResult","Payload":{"AttachmentSets":[],"InvokedDataCollectors":[{"Uri":"datacollector://Microsoft/TestPlatform/Extensions/Blame/v1","FriendlyName":"Blame","AssemblyQualifiedName":"Microsoft.TestPlatform.Extensions.BlameDataCollector.BlameCollector, Microsoft.TestPlatform.Extensions.BlameDataCollector, Version=15.0.0.0, Culture=neutral, PublicKeyToken=b03f5f7f11d50a3a","FilePath":"C:\\Program Files\\dotnet\\sdk\\7.0.202\\Extensions\\Microsoft.TestPlatform.Extensions.BlameDataCollector.dll","HasAttachmentProcessor":false}],"Metrics":{}}}
TpTrace Information: 0 : 18368, 12, 2023/09/11, 13:23:30.048, 500879831781, vstest.console.dll, ProxyDataCollectionManager.InvokeDataCollectionServiceAction: Completed.
TpTrace Warning: 0 : 18368, 9, 2023/09/11, 13:23:30.048, 500879833795, vstest.console.dll, DataCollectionLauncher.ErrorReceivedCallback datacollector standard error line: 
TpTrace Information: 0 : 18368, 9, 2023/09/11, 13:23:30.059, 500879948315, vstest.console.dll, DataCollectionLauncher.ExitCallBack: Data collector exited with exitcode: 0 error: ''
TpTrace Verbose: 0 : 18368, 12, 2023/09/11, 13:23:30.113, 500880480850, vstest.console.dll, TestRunRequest:SendTestRunStatsChange: Starting.
TpTrace Verbose: 0 : 18368, 12, 2023/09/11, 13:23:30.113, 500880482868, vstest.console.dll, MulticastDelegateUtilities.SafeInvoke: TestRun.RunStatsChanged: Invoking callbacks was skipped because there are no subscribers.
TpTrace Information: 0 : 18368, 12, 2023/09/11, 13:23:30.113, 500880483288, vstest.console.dll, TestRunRequest:SendTestRunStatsChange: Completed.
TpTrace Verbose: 0 : 18368, 4, 2023/09/11, 13:23:30.113, 500880483689, vstest.console.dll, MulticastDelegateUtilities.SafeInvoke: InternalTestLoggerEvents.SendTestResult: Invoking callback 1/1 for Microsoft.VisualStudio.TestPlatform.CommandLine.Internal.ConsoleLogger., took 0 ms.
TpTrace Verbose: 0 : 18368, 12, 2023/09/11, 13:23:30.113, 500880488936, vstest.console.dll, ParallelProxyExecutionManager: HandlePartialRunComplete: Total completed clients = 1, Run complete = True, Run canceled: False.
TpTrace Verbose: 0 : 18368, 4, 2023/09/11, 13:23:30.115, 500880503179, vstest.console.dll, MulticastDelegateUtilities.SafeInvoke: InternalTestLoggerEvents.SendTestResult: Invoking callback 1/1 for Microsoft.VisualStudio.TestPlatform.CommandLine.Internal.ConsoleLogger., took 1 ms.
TpTrace Verbose: 0 : 18368, 4, 2023/09/11, 13:23:30.115, 500880505134, vstest.console.dll, MulticastDelegateUtilities.SafeInvoke: InternalTestLoggerEvents.SendTestResult: Invoking callback 1/1 for Microsoft.VisualStudio.TestPlatform.CommandLine.Internal.ConsoleLogger., took 0 ms.
TpTrace Verbose: 0 : 18368, 4, 2023/09/11, 13:23:30.115, 500880505760, vstest.console.dll, MulticastDelegateUtilities.SafeInvoke: InternalTestLoggerEvents.SendTestResult: Invoking callback 1/1 for Microsoft.VisualStudio.TestPlatform.CommandLine.Internal.ConsoleLogger., took 0 ms.
TpTrace Verbose: 0 : 18368, 4, 2023/09/11, 13:23:30.115, 500880506270, vstest.console.dll, MulticastDelegateUtilities.SafeInvoke: InternalTestLoggerEvents.SendTestResult: Invoking callback 1/1 for Microsoft.VisualStudio.TestPlatform.CommandLine.Internal.ConsoleLogger., took 0 ms.
TpTrace Verbose: 0 : 18368, 4, 2023/09/11, 13:23:30.115, 500880506812, vstest.console.dll, MulticastDelegateUtilities.SafeInvoke: InternalTestLoggerEvents.SendTestResult: Invoking callback 1/1 for Microsoft.VisualStudio.TestPlatform.CommandLine.Internal.ConsoleLogger., took 0 ms.
TpTrace Verbose: 0 : 18368, 4, 2023/09/11, 13:23:30.115, 500880507662, vstest.console.dll, MulticastDelegateUtilities.SafeInvoke: InternalTestLoggerEvents.SendTestResult: Invoking callback 1/1 for Microsoft.VisualStudio.TestPlatform.CommandLine.Internal.ConsoleLogger., took 0 ms.
TpTrace Verbose: 0 : 18368, 4, 2023/09/11, 13:23:30.115, 500880508394, vstest.console.dll, MulticastDelegateUtilities.SafeInvoke: InternalTestLoggerEvents.SendTestResult: Invoking callback 1/1 for Microsoft.VisualStudio.TestPlatform.CommandLine.Internal.ConsoleLogger., took 0 ms.
TpTrace Verbose: 0 : 18368, 4, 2023/09/11, 13:23:30.115, 500880509094, vstest.console.dll, MulticastDelegateUtilities.SafeInvoke: InternalTestLoggerEvents.SendTestResult: Invoking callback 1/1 for Microsoft.VisualStudio.TestPlatform.CommandLine.Internal.ConsoleLogger., took 0 ms.
TpTrace Verbose: 0 : 18368, 4, 2023/09/11, 13:23:30.124, 500880593858, vstest.console.dll, MulticastDelegateUtilities.SafeInvoke: InternalTestLoggerEvents.SendTestRunComplete: Invoking callback 1/2 for Microsoft.TestPlatform.Extensions.BlameDataCollector.BlameLogger., took 0 ms.
TpTrace Verbose: 0 : 18368, 4, 2023/09/11, 13:23:30.140, 500880756795, vstest.console.dll, MulticastDelegateUtilities.SafeInvoke: InternalTestLoggerEvents.SendTestRunComplete: Invoking callback 2/2 for Microsoft.VisualStudio.TestPlatform.CommandLine.Internal.ConsoleLogger., took 16 ms.
TpTrace Verbose: 0 : 18368, 12, 2023/09/11, 13:23:30.141, 500880761210, vstest.console.dll, TestRunRequest:TestRunComplete: Starting. IsAborted:False IsCanceled:False.
TpTrace Verbose: 0 : 18368, 12, 2023/09/11, 13:23:30.143, 500880782911, vstest.console.dll, TestLoggerManager.HandleTestRunComplete: Ignoring as the object is disposed.
TpTrace Verbose: 0 : 18368, 12, 2023/09/11, 13:23:30.143, 500880787055, vstest.console.dll, MulticastDelegateUtilities.SafeInvoke: TestRun.TestRunComplete: Invoking callback 1/2 for Microsoft.VisualStudio.TestPlatform.CommandLine.TestRunResultAggregator., took 0 ms.
TpTrace Verbose: 0 : 18368, 12, 2023/09/11, 13:23:30.144, 500880789891, vstest.console.dll, MulticastDelegateUtilities.SafeInvoke: TestRun.TestRunComplete: Invoking callback 2/2 for Microsoft.VisualStudio.TestPlatform.CommandLine.Processors.RunTestsArgumentExecutor+TestRunRequestEventsRegistrar., took 0 ms.
TpTrace Information: 0 : 18368, 12, 2023/09/11, 13:23:30.144, 500880791194, vstest.console.dll, TestRunRequest:TestRunComplete: Completed.
TpTrace Verbose: 0 : 18368, 12, 2023/09/11, 13:23:30.144, 500880791692, vstest.console.dll, TestRequestSender.SetOperationComplete: Setting operation complete.
TpTrace Information: 0 : 18368, 12, 2023/09/11, 13:23:30.144, 500880792076, vstest.console.dll, SocketServer.Stop: Stop server endPoint: 127.0.0.1:49487
TpTrace Information: 0 : 18368, 12, 2023/09/11, 13:23:30.144, 500880792379, vstest.console.dll, SocketServer.Stop: Cancellation requested. Stopping message loop.
TpTrace Verbose: 0 : 18368, 1, 2023/09/11, 13:23:30.144, 500880792214, vstest.console.dll, TestRunRequest.Dispose: Starting.
TpTrace Verbose: 0 : 18368, 12, 2023/09/11, 13:23:30.144, 500880792791, vstest.console.dll, MulticastDelegateUtilities.SafeInvoke: LengthPrefixCommunicationChannel: MessageReceived: Invoking callback 1/1 for Microsoft.VisualStudio.TestPlatform.CommunicationUtilities.TestRequestSender+<>c__DisplayClass34_0., took 168 ms.
TpTrace Information: 0 : 18368, 1, 2023/09/11, 13:23:30.144, 500880793518, vstest.console.dll, TestRunRequest.Dispose: Completed.
TpTrace Information: 0 : 18368, 1, 2023/09/11, 13:23:30.144, 500880794558, vstest.console.dll, TestRequestManager.RunTests: run tests completed.
TpTrace Information: 0 : 18368, 12, 2023/09/11, 13:23:30.144, 500880793992, vstest.console.dll, SocketServer.PrivateStop: Stopping server endPoint: 127.0.0.1:49487 error: 
TpTrace Information: 0 : 18368, 1, 2023/09/11, 13:23:30.144, 500880798258, vstest.console.dll, RunTestsArgumentProcessor:Execute: Test run is completed.
TpTrace Verbose: 0 : 18368, 12, 2023/09/11, 13:23:30.145, 500880801433, vstest.console.dll, LengthPrefixCommunicationChannel.Dispose: Dispose reader and writer.
TpTrace Information: 0 : 18368, 12, 2023/09/11, 13:23:30.145, 500880802364, vstest.console.dll, SocketServer.Stop: Raise disconnected event endPoint: 127.0.0.1:49487 error: 
TpTrace Verbose: 0 : 18368, 1, 2023/09/11, 13:23:30.145, 500880803273, vstest.console.dll, Executor.Execute: Exiting with exit code of 0
TpTrace Verbose: 0 : 18368, 12, 2023/09/11, 13:23:30.145, 500880803740, vstest.console.dll, TestRequestSender: OnTestRunAbort: Operation is already complete. Skip error message.
TpTrace Verbose: 0 : 18368, 12, 2023/09/11, 13:23:30.145, 500880804276, vstest.console.dll, MulticastDelegateUtilities.SafeInvoke: SocketServer: ClientDisconnected: Invoking callback 1/1 for Microsoft.VisualStudio.TestPlatform.CommunicationUtilities.TestRequestSender., took 0 ms.
TpTrace Verbose: 0 : 18368, 12, 2023/09/11, 13:23:30.145, 500880805497, vstest.console.dll, TcpClientExtensions.MessageLoopAsync: exiting MessageLoopAsync remoteEndPoint: 127.0.0.1:49488 localEndPoint: 127.0.0.1:49487
