TpTrace Verbose: 0 : 14624, 1, 2023/08/29, 16:45:33.959, 1086575403191, vstest.console.dll, Version: 17.7.0-preview-23364-03+bc17bb9693cfc4778ded51aa0ab7f1065433f989 Current process architecture: X64
TpTrace Verbose: 0 : 14624, 1, 2023/08/29, 16:45:33.963, 1086575437729, vstest.console.dll, Runtime location: C:\Program Files\dotnet\shared\Microsoft.NETCore.App\7.0.10
TpTrace Verbose: 0 : 14624, 1, 2023/08/29, 16:45:33.968, 1086575485401, vstest.console.dll, ArtifactProcessingPostProcessModeProcessorExecutor.Initialize: ArtifactProcessingMode.Collect
TpTrace Verbose: 0 : 14624, 1, 2023/08/29, 16:45:33.968, 1086575487438, vstest.console.dll, TestSessionCorrelationIdProcessorModeProcessorExecutor.Initialize: TestSessionCorrelationId '5808_57642ba5-063a-4136-9a8d-b9c00fb31f5f'
TpTrace Information: 0 : 14624, 1, 2023/08/29, 16:45:33.984, 1086575651034, vstest.console.dll, FilePatternParser: The given file G:\KaniniStockproject\Backend\Kanini.InvestmentSearchEngine.LoginWatchList\TestLoginWatchList\bin\Debug\net6.0\fine-code-coverage\build-output\TestLoginWatchList.dll is a full path.
TpTrace Verbose: 0 : 14624, 1, 2023/08/29, 16:45:33.995, 1086575757842, vstest.console.dll, TestPluginCache.DiscoverTestExtensions: finding test extensions in assemblies ends with: RuntimeProvider.dll TPluginInfo: Microsoft.VisualStudio.TestPlatform.Common.ExtensionFramework.Utilities.TestRuntimePluginInformation TExtension: Microsoft.VisualStudio.TestPlatform.ObjectModel.Host.ITestRuntimeProvider
TpTrace Verbose: 0 : 14624, 1, 2023/08/29, 16:45:33.995, 1086575761557, vstest.console.dll, TestPluginCache.GetExtensionPaths: Filtered extension paths: 
TpTrace Verbose: 0 : 14624, 1, 2023/08/29, 16:45:33.995, 1086575762311, vstest.console.dll, TestPluginCache.GetExtensionPaths: Added default extension paths: C:\Program Files\dotnet\sdk\7.0.400\Extensions\Microsoft.Diagnostics.NETCore.Client.dll
C:\Program Files\dotnet\sdk\7.0.400\Extensions\Microsoft.TestPlatform.Extensions.BlameDataCollector.dll
C:\Program Files\dotnet\sdk\7.0.400\Extensions\Microsoft.TestPlatform.Extensions.EventLogCollector.dll
C:\Program Files\dotnet\sdk\7.0.400\Extensions\Microsoft.TestPlatform.TestHostRuntimeProvider.dll
C:\Program Files\dotnet\sdk\7.0.400\Extensions\Microsoft.VisualStudio.TestPlatform.Extensions.Html.TestLogger.dll
C:\Program Files\dotnet\sdk\7.0.400\Extensions\Microsoft.VisualStudio.TestPlatform.Extensions.Trx.TestLogger.dll
TpTrace Verbose: 0 : 14624, 1, 2023/08/29, 16:45:33.995, 1086575762569, vstest.console.dll, TestPluginCache.GetExtensionPaths: Added unfilterableExtensionPaths: 
TpTrace Information: 0 : 14624, 1, 2023/08/29, 16:45:33.996, 1086575772354, vstest.console.dll, AssemblyResolver.ctor: Creating AssemblyResolver with searchDirectories C:\Program Files\dotnet\sdk\7.0.400\Extensions,C:\Program Files\dotnet\sdk\7.0.400
TpTrace Verbose: 0 : 14624, 1, 2023/08/29, 16:45:33.998, 1086575793711, vstest.console.dll, TestPluginCache.DiscoverTestExtensions: Discovering the extensions using extension path.
TpTrace Verbose: 0 : 14624, 1, 2023/08/29, 16:45:33.999, 1086575795961, vstest.console.dll, TestPluginCache.GetExtensionPaths: Filtered extension paths: 
TpTrace Verbose: 0 : 14624, 1, 2023/08/29, 16:45:33.999, 1086575796563, vstest.console.dll, TestPluginCache.GetExtensionPaths: Added default extension paths: C:\Program Files\dotnet\sdk\7.0.400\Extensions\Microsoft.Diagnostics.NETCore.Client.dll
C:\Program Files\dotnet\sdk\7.0.400\Extensions\Microsoft.TestPlatform.Extensions.BlameDataCollector.dll
C:\Program Files\dotnet\sdk\7.0.400\Extensions\Microsoft.TestPlatform.Extensions.EventLogCollector.dll
C:\Program Files\dotnet\sdk\7.0.400\Extensions\Microsoft.TestPlatform.TestHostRuntimeProvider.dll
C:\Program Files\dotnet\sdk\7.0.400\Extensions\Microsoft.VisualStudio.TestPlatform.Extensions.Html.TestLogger.dll
C:\Program Files\dotnet\sdk\7.0.400\Extensions\Microsoft.VisualStudio.TestPlatform.Extensions.Trx.TestLogger.dll
TpTrace Verbose: 0 : 14624, 1, 2023/08/29, 16:45:33.999, 1086575796990, vstest.console.dll, TestPluginCache.GetExtensionPaths: Added unfilterableExtensionPaths: 
TpTrace Verbose: 0 : 14624, 1, 2023/08/29, 16:45:33.999, 1086575798704, vstest.console.dll, TestPluginCache.DiscoverTestExtensions: Discovering the extensions using allExtensionPaths: C:\Program Files\dotnet\sdk\7.0.400\Extensions\Microsoft.Diagnostics.NETCore.Client.dll
C:\Program Files\dotnet\sdk\7.0.400\Extensions\Microsoft.TestPlatform.Extensions.BlameDataCollector.dll
C:\Program Files\dotnet\sdk\7.0.400\Extensions\Microsoft.TestPlatform.Extensions.EventLogCollector.dll
C:\Program Files\dotnet\sdk\7.0.400\Extensions\Microsoft.TestPlatform.TestHostRuntimeProvider.dll
C:\Program Files\dotnet\sdk\7.0.400\Extensions\Microsoft.VisualStudio.TestPlatform.Extensions.Html.TestLogger.dll
C:\Program Files\dotnet\sdk\7.0.400\Extensions\Microsoft.VisualStudio.TestPlatform.Extensions.Trx.TestLogger.dll
TpTrace Information: 0 : 14624, 1, 2023/08/29, 16:45:33.999, 1086575800452, vstest.console.dll, AssemblyResolver.AddSearchDirectories: Adding more searchDirectories C:\Program Files\dotnet\sdk\7.0.400\Extensions,C:\Program Files\dotnet\sdk\7.0.400
TpTrace Information: 0 : 14624, 1, 2023/08/29, 16:45:33.999, 1086575801213, vstest.console.dll, AssemblyResolver.AddSearchDirectories: Adding more searchDirectories C:\Program Files\dotnet\sdk\7.0.400\Extensions,C:\Program Files\dotnet\sdk\7.0.400
TpTrace Information: 0 : 14624, 1, 2023/08/29, 16:45:33.999, 1086575801579, vstest.console.dll, AssemblyResolver.AddSearchDirectories: Adding more searchDirectories C:\Program Files\dotnet\sdk\7.0.400\Extensions,C:\Program Files\dotnet\sdk\7.0.400
TpTrace Information: 0 : 14624, 1, 2023/08/29, 16:45:33.999, 1086575801938, vstest.console.dll, AssemblyResolver.AddSearchDirectories: Adding more searchDirectories C:\Program Files\dotnet\sdk\7.0.400\Extensions,C:\Program Files\dotnet\sdk\7.0.400
TpTrace Information: 0 : 14624, 1, 2023/08/29, 16:45:33.999, 1086575802237, vstest.console.dll, AssemblyResolver.AddSearchDirectories: Adding more searchDirectories C:\Program Files\dotnet\sdk\7.0.400\Extensions,C:\Program Files\dotnet\sdk\7.0.400
TpTrace Information: 0 : 14624, 1, 2023/08/29, 16:45:33.999, 1086575802581, vstest.console.dll, AssemblyResolver.AddSearchDirectories: Adding more searchDirectories C:\Program Files\dotnet\sdk\7.0.400\Extensions,C:\Program Files\dotnet\sdk\7.0.400
TpTrace Information: 0 : 14624, 1, 2023/08/29, 16:45:34.000, 1086575807404, vstest.console.dll, AssemblyResolver.OnResolve: Microsoft.Diagnostics.NETCore.Client: Resolving assembly.
TpTrace Information: 0 : 14624, 1, 2023/08/29, 16:45:34.000, 1086575808315, vstest.console.dll, AssemblyResolver.OnResolve: Microsoft.Diagnostics.NETCore.Client: Searching in: 'C:\Program Files\dotnet\sdk\7.0.400\Extensions'.
TpTrace Information: 0 : 14624, 1, 2023/08/29, 16:45:34.020, 1086576006588, vstest.console.dll, AssemblyResolver.OnResolve: Microsoft.Diagnostics.NETCore.Client: Loading assembly 'C:\Program Files\dotnet\sdk\7.0.400\Extensions\Microsoft.Diagnostics.NETCore.Client.dll'.
TpTrace Information: 0 : 14624, 1, 2023/08/29, 16:45:34.023, 1086576034519, vstest.console.dll, AssemblyResolver.OnResolve: Resolved assembly: Microsoft.Diagnostics.NETCore.Client, from path: C:\Program Files\dotnet\sdk\7.0.400\Extensions\Microsoft.Diagnostics.NETCore.Client.dll
TpTrace Verbose: 0 : 14624, 1, 2023/08/29, 16:45:34.024, 1086576050659, vstest.console.dll, MetadataReaderExtensionsHelper: Discovering extensions inside assembly 'Microsoft.Diagnostics.NETCore.Client, Version=0.2.8.21101, Culture=neutral, PublicKeyToken=31bf3856ad364e35' file path 'C:\Program Files\dotnet\sdk\7.0.400\Extensions\Microsoft.Diagnostics.NETCore.Client.dll'
TpTrace Information: 0 : 14624, 1, 2023/08/29, 16:45:34.028, 1086576089771, vstest.console.dll, AssemblyResolver.OnResolve: Microsoft.Bcl.AsyncInterfaces: Resolving assembly.
TpTrace Information: 0 : 14624, 1, 2023/08/29, 16:45:34.028, 1086576090474, vstest.console.dll, AssemblyResolver.OnResolve: Microsoft.Bcl.AsyncInterfaces: Searching in: 'C:\Program Files\dotnet\sdk\7.0.400\Extensions'.
TpTrace Information: 0 : 14624, 1, 2023/08/29, 16:45:34.028, 1086576091051, vstest.console.dll, AssemblyResolver.OnResolve: Microsoft.Bcl.AsyncInterfaces: Assembly path does not exist: 'C:\Program Files\dotnet\sdk\7.0.400\Extensions\Microsoft.Bcl.AsyncInterfaces.dll', returning.
TpTrace Information: 0 : 14624, 1, 2023/08/29, 16:45:34.028, 1086576091812, vstest.console.dll, AssemblyResolver.OnResolve: Microsoft.Bcl.AsyncInterfaces: Assembly path does not exist: 'C:\Program Files\dotnet\sdk\7.0.400\Extensions\Microsoft.Bcl.AsyncInterfaces.exe', returning.
TpTrace Information: 0 : 14624, 1, 2023/08/29, 16:45:34.028, 1086576092078, vstest.console.dll, AssemblyResolver.OnResolve: Microsoft.Bcl.AsyncInterfaces: Searching in: 'C:\Program Files\dotnet\sdk\7.0.400'.
TpTrace Information: 0 : 14624, 1, 2023/08/29, 16:45:34.028, 1086576092417, vstest.console.dll, AssemblyResolver.OnResolve: Microsoft.Bcl.AsyncInterfaces: Assembly path does not exist: 'C:\Program Files\dotnet\sdk\7.0.400\Microsoft.Bcl.AsyncInterfaces.dll', returning.
TpTrace Information: 0 : 14624, 1, 2023/08/29, 16:45:34.028, 1086576092698, vstest.console.dll, AssemblyResolver.OnResolve: Microsoft.Bcl.AsyncInterfaces: Assembly path does not exist: 'C:\Program Files\dotnet\sdk\7.0.400\Microsoft.Bcl.AsyncInterfaces.exe', returning.
TpTrace Information: 0 : 14624, 1, 2023/08/29, 16:45:34.028, 1086576092892, vstest.console.dll, AssemblyResolver.OnResolve: Microsoft.Bcl.AsyncInterfaces: Failed to load assembly.
TpTrace Verbose: 0 : 14624, 1, 2023/08/29, 16:45:34.028, 1086576093207, vstest.console.dll, CurrentDomainAssemblyResolve: Resolving assembly 'Microsoft.Bcl.AsyncInterfaces'.
TpTrace Information: 0 : 14624, 1, 2023/08/29, 16:45:34.028, 1086576093635, vstest.console.dll, AssemblyResolver.OnResolve: Microsoft.Bcl.AsyncInterfaces: Resolving assembly.
TpTrace Information: 0 : 14624, 1, 2023/08/29, 16:45:34.028, 1086576093891, vstest.console.dll, AssemblyResolver.OnResolve: Microsoft.Bcl.AsyncInterfaces: Resolved from cache.
TpTrace Verbose: 0 : 14624, 1, 2023/08/29, 16:45:34.028, 1086576094056, vstest.console.dll, CurrentDomainAssemblyResolve: Resolving assembly 'Microsoft.Bcl.AsyncInterfaces'.
TpTrace Verbose: 0 : 14624, 1, 2023/08/29, 16:45:34.029, 1086576094281, vstest.console.dll, CurrentDomainAssemblyResolve: Failed to resolve assembly 'Microsoft.Bcl.AsyncInterfaces'.
TpTrace Verbose: 0 : 14624, 1, 2023/08/29, 16:45:34.038, 1086576190285, vstest.console.dll, CurrentDomainAssemblyResolve: Failed to resolve assembly 'Microsoft.Bcl.AsyncInterfaces'.
TpTrace Warning: 0 : 14624, 1, 2023/08/29, 16:45:34.059, 1086576401762, vstest.console.dll, TestPluginDiscoverer: Failed to get types from assembly 'Microsoft.Diagnostics.NETCore.Client, Version=0.2.8.21101, Culture=neutral, PublicKeyToken=31bf3856ad364e35'. Error: System.Reflection.ReflectionTypeLoadException: Unable to load one or more of the requested types.
Could not load file or assembly 'Microsoft.Bcl.AsyncInterfaces, Version=1.0.0.0, Culture=neutral, PublicKeyToken=cc7b13ffcd2ddd51'. The system cannot find the file specified.
   at System.Reflection.RuntimeModule.GetTypes(RuntimeModule module)
   at System.Reflection.Assembly.GetTypes()
   at Microsoft.VisualStudio.TestPlatform.Common.ExtensionFramework.TestPluginDiscoverer.GetTestExtensionsFromAssembly[TPluginInfo,TExtension](Assembly assembly, Dictionary`2 pluginInfos, String filePath) in /_/src/Microsoft.TestPlatform.Common/ExtensionFramework/TestPluginDiscoverer.cs:line 158
System.IO.FileNotFoundException: Could not load file or assembly 'Microsoft.Bcl.AsyncInterfaces, Version=1.0.0.0, Culture=neutral, PublicKeyToken=cc7b13ffcd2ddd51'. The system cannot find the file specified.
File name: 'Microsoft.Bcl.AsyncInterfaces, Version=1.0.0.0, Culture=neutral, PublicKeyToken=cc7b13ffcd2ddd51'
 ---> System.IO.FileNotFoundException: Could not load file or assembly 'Microsoft.Bcl.AsyncInterfaces, Culture=neutral, PublicKeyToken=null'. The system cannot find the file specified.
File name: 'Microsoft.Bcl.AsyncInterfaces, Culture=neutral, PublicKeyToken=null'
   at System.Reflection.RuntimeAssembly.InternalLoad(AssemblyName assemblyName, StackCrawlMark& stackMark, AssemblyLoadContext assemblyLoadContext, RuntimeAssembly requestingAssembly, Boolean throwOnFileNotFound)
   at System.Reflection.Assembly.Load(AssemblyName assemblyRef)
   at Microsoft.VisualStudio.TestPlatform.Common.ExtensionFramework.TestPluginCache.CurrentDomainAssemblyResolve(Object sender, AssemblyResolveEventArgs args) in /_/src/Microsoft.TestPlatform.Common/ExtensionFramework/TestPluginCache.cs:line 513
   at System.Runtime.Loader.AssemblyLoadContext.GetFirstResolvedAssemblyFromResolvingEvent(AssemblyName assemblyName)
   at System.Runtime.Loader.AssemblyLoadContext.ResolveUsingEvent(AssemblyName assemblyName)
   at System.Runtime.Loader.AssemblyLoadContext.ResolveUsingResolvingEvent(IntPtr gchManagedAssemblyLoadContext, AssemblyName assemblyName)
TpTrace Warning: 0 : 14624, 1, 2023/08/29, 16:45:34.060, 1086576406306, vstest.console.dll, LoaderExceptions: System.IO.FileNotFoundException: Could not load file or assembly 'Microsoft.Bcl.AsyncInterfaces, Version=1.0.0.0, Culture=neutral, PublicKeyToken=cc7b13ffcd2ddd51'. The system cannot find the file specified.
File name: 'Microsoft.Bcl.AsyncInterfaces, Version=1.0.0.0, Culture=neutral, PublicKeyToken=cc7b13ffcd2ddd51'
 ---> System.IO.FileNotFoundException: Could not load file or assembly 'Microsoft.Bcl.AsyncInterfaces, Culture=neutral, PublicKeyToken=null'. The system cannot find the file specified.
File name: 'Microsoft.Bcl.AsyncInterfaces, Culture=neutral, PublicKeyToken=null'
   at System.Reflection.RuntimeAssembly.InternalLoad(AssemblyName assemblyName, StackCrawlMark& stackMark, AssemblyLoadContext assemblyLoadContext, RuntimeAssembly requestingAssembly, Boolean throwOnFileNotFound)
   at System.Reflection.Assembly.Load(AssemblyName assemblyRef)
   at Microsoft.VisualStudio.TestPlatform.Common.ExtensionFramework.TestPluginCache.CurrentDomainAssemblyResolve(Object sender, AssemblyResolveEventArgs args) in /_/src/Microsoft.TestPlatform.Common/ExtensionFramework/TestPluginCache.cs:line 513
   at System.Runtime.Loader.AssemblyLoadContext.GetFirstResolvedAssemblyFromResolvingEvent(AssemblyName assemblyName)
   at System.Runtime.Loader.AssemblyLoadContext.ResolveUsingEvent(AssemblyName assemblyName)
   at System.Runtime.Loader.AssemblyLoadContext.ResolveUsingResolvingEvent(IntPtr gchManagedAssemblyLoadContext, AssemblyName assemblyName)
TpTrace Information: 0 : 14624, 1, 2023/08/29, 16:45:34.060, 1086576408503, vstest.console.dll, AssemblyResolver.OnResolve: Microsoft.TestPlatform.Extensions.BlameDataCollector: Resolving assembly.
TpTrace Information: 0 : 14624, 1, 2023/08/29, 16:45:34.060, 1086576409029, vstest.console.dll, AssemblyResolver.OnResolve: Microsoft.TestPlatform.Extensions.BlameDataCollector: Searching in: 'C:\Program Files\dotnet\sdk\7.0.400\Extensions'.
TpTrace Information: 0 : 14624, 1, 2023/08/29, 16:45:34.061, 1086576419914, vstest.console.dll, AssemblyResolver.OnResolve: Microsoft.TestPlatform.Extensions.BlameDataCollector: Loading assembly 'C:\Program Files\dotnet\sdk\7.0.400\Extensions\Microsoft.TestPlatform.Extensions.BlameDataCollector.dll'.
TpTrace Information: 0 : 14624, 1, 2023/08/29, 16:45:34.062, 1086576430675, vstest.console.dll, AssemblyResolver.OnResolve: Resolved assembly: Microsoft.TestPlatform.Extensions.BlameDataCollector, from path: C:\Program Files\dotnet\sdk\7.0.400\Extensions\Microsoft.TestPlatform.Extensions.BlameDataCollector.dll
TpTrace Verbose: 0 : 14624, 1, 2023/08/29, 16:45:34.062, 1086576431437, vstest.console.dll, MetadataReaderExtensionsHelper: Discovering extensions inside assembly 'Microsoft.TestPlatform.Extensions.BlameDataCollector, Version=15.0.0.0, Culture=neutral, PublicKeyToken=b03f5f7f11d50a3a' file path 'C:\Program Files\dotnet\sdk\7.0.400\Extensions\Microsoft.TestPlatform.Extensions.BlameDataCollector.dll'
TpTrace Information: 0 : 14624, 1, 2023/08/29, 16:45:34.064, 1086576452841, vstest.console.dll, AssemblyResolver.OnResolve: Microsoft.TestPlatform.Extensions.EventLogCollector: Resolving assembly.
TpTrace Information: 0 : 14624, 1, 2023/08/29, 16:45:34.064, 1086576454054, vstest.console.dll, AssemblyResolver.OnResolve: Microsoft.TestPlatform.Extensions.EventLogCollector: Searching in: 'C:\Program Files\dotnet\sdk\7.0.400\Extensions'.
TpTrace Information: 0 : 14624, 1, 2023/08/29, 16:45:34.065, 1086576461712, vstest.console.dll, AssemblyResolver.OnResolve: Microsoft.TestPlatform.Extensions.EventLogCollector: Loading assembly 'C:\Program Files\dotnet\sdk\7.0.400\Extensions\Microsoft.TestPlatform.Extensions.EventLogCollector.dll'.
TpTrace Information: 0 : 14624, 1, 2023/08/29, 16:45:34.066, 1086576465682, vstest.console.dll, AssemblyResolver.OnResolve: Resolved assembly: Microsoft.TestPlatform.Extensions.EventLogCollector, from path: C:\Program Files\dotnet\sdk\7.0.400\Extensions\Microsoft.TestPlatform.Extensions.EventLogCollector.dll
TpTrace Verbose: 0 : 14624, 1, 2023/08/29, 16:45:34.066, 1086576466394, vstest.console.dll, MetadataReaderExtensionsHelper: Discovering extensions inside assembly 'Microsoft.TestPlatform.Extensions.EventLogCollector, Version=15.0.0.0, Culture=neutral, PublicKeyToken=b03f5f7f11d50a3a' file path 'C:\Program Files\dotnet\sdk\7.0.400\Extensions\Microsoft.TestPlatform.Extensions.EventLogCollector.dll'
TpTrace Information: 0 : 14624, 1, 2023/08/29, 16:45:34.068, 1086576488325, vstest.console.dll, AssemblyResolver.OnResolve: Microsoft.TestPlatform.TestHostRuntimeProvider: Resolving assembly.
TpTrace Information: 0 : 14624, 1, 2023/08/29, 16:45:34.068, 1086576489450, vstest.console.dll, AssemblyResolver.OnResolve: Microsoft.TestPlatform.TestHostRuntimeProvider: Searching in: 'C:\Program Files\dotnet\sdk\7.0.400\Extensions'.
TpTrace Information: 0 : 14624, 1, 2023/08/29, 16:45:34.069, 1086576495166, vstest.console.dll, AssemblyResolver.OnResolve: Microsoft.TestPlatform.TestHostRuntimeProvider: Loading assembly 'C:\Program Files\dotnet\sdk\7.0.400\Extensions\Microsoft.TestPlatform.TestHostRuntimeProvider.dll'.
TpTrace Information: 0 : 14624, 1, 2023/08/29, 16:45:34.070, 1086576506994, vstest.console.dll, AssemblyResolver.OnResolve: Resolved assembly: Microsoft.TestPlatform.TestHostRuntimeProvider, from path: C:\Program Files\dotnet\sdk\7.0.400\Extensions\Microsoft.TestPlatform.TestHostRuntimeProvider.dll
TpTrace Verbose: 0 : 14624, 1, 2023/08/29, 16:45:34.070, 1086576507678, vstest.console.dll, MetadataReaderExtensionsHelper: Discovering extensions inside assembly 'Microsoft.TestPlatform.TestHostRuntimeProvider, Version=15.0.0.0, Culture=neutral, PublicKeyToken=b03f5f7f11d50a3a' file path 'C:\Program Files\dotnet\sdk\7.0.400\Extensions\Microsoft.TestPlatform.TestHostRuntimeProvider.dll'
TpTrace Information: 0 : 14624, 1, 2023/08/29, 16:45:34.072, 1086576530436, vstest.console.dll, GetTestExtensionFromType: Register extension with identifier data 'HostProvider://DefaultTestHost' and type 'Microsoft.VisualStudio.TestPlatform.CrossPlatEngine.Hosting.DefaultTestHostManager, Microsoft.TestPlatform.TestHostRuntimeProvider, Version=15.0.0.0, Culture=neutral, PublicKeyToken=b03f5f7f11d50a3a' inside file 'C:\Program Files\dotnet\sdk\7.0.400\Extensions\Microsoft.TestPlatform.TestHostRuntimeProvider.dll'
TpTrace Information: 0 : 14624, 1, 2023/08/29, 16:45:34.072, 1086576532667, vstest.console.dll, GetTestExtensionFromType: Register extension with identifier data 'HostProvider://DotnetTestHost' and type 'Microsoft.VisualStudio.TestPlatform.CrossPlatEngine.Hosting.DotnetTestHostManager, Microsoft.TestPlatform.TestHostRuntimeProvider, Version=15.0.0.0, Culture=neutral, PublicKeyToken=b03f5f7f11d50a3a' inside file 'C:\Program Files\dotnet\sdk\7.0.400\Extensions\Microsoft.TestPlatform.TestHostRuntimeProvider.dll'
TpTrace Information: 0 : 14624, 1, 2023/08/29, 16:45:34.072, 1086576533461, vstest.console.dll, AssemblyResolver.OnResolve: Microsoft.VisualStudio.TestPlatform.Extensions.Html.TestLogger: Resolving assembly.
TpTrace Information: 0 : 14624, 1, 2023/08/29, 16:45:34.072, 1086576533711, vstest.console.dll, AssemblyResolver.OnResolve: Microsoft.VisualStudio.TestPlatform.Extensions.Html.TestLogger: Searching in: 'C:\Program Files\dotnet\sdk\7.0.400\Extensions'.
TpTrace Information: 0 : 14624, 1, 2023/08/29, 16:45:34.073, 1086576539419, vstest.console.dll, AssemblyResolver.OnResolve: Microsoft.VisualStudio.TestPlatform.Extensions.Html.TestLogger: Loading assembly 'C:\Program Files\dotnet\sdk\7.0.400\Extensions\Microsoft.VisualStudio.TestPlatform.Extensions.Html.TestLogger.dll'.
TpTrace Information: 0 : 14624, 1, 2023/08/29, 16:45:34.074, 1086576544552, vstest.console.dll, AssemblyResolver.OnResolve: Resolved assembly: Microsoft.VisualStudio.TestPlatform.Extensions.Html.TestLogger, from path: C:\Program Files\dotnet\sdk\7.0.400\Extensions\Microsoft.VisualStudio.TestPlatform.Extensions.Html.TestLogger.dll
TpTrace Verbose: 0 : 14624, 1, 2023/08/29, 16:45:34.074, 1086576545206, vstest.console.dll, MetadataReaderExtensionsHelper: Discovering extensions inside assembly 'Microsoft.VisualStudio.TestPlatform.Extensions.Html.TestLogger, Version=15.0.0.0, Culture=neutral, PublicKeyToken=b03f5f7f11d50a3a' file path 'C:\Program Files\dotnet\sdk\7.0.400\Extensions\Microsoft.VisualStudio.TestPlatform.Extensions.Html.TestLogger.dll'
TpTrace Information: 0 : 14624, 1, 2023/08/29, 16:45:34.074, 1086576552778, vstest.console.dll, AssemblyResolver.OnResolve: Microsoft.VisualStudio.TestPlatform.Extensions.Trx.TestLogger: Resolving assembly.
TpTrace Information: 0 : 14624, 1, 2023/08/29, 16:45:34.074, 1086576553320, vstest.console.dll, AssemblyResolver.OnResolve: Microsoft.VisualStudio.TestPlatform.Extensions.Trx.TestLogger: Searching in: 'C:\Program Files\dotnet\sdk\7.0.400\Extensions'.
TpTrace Information: 0 : 14624, 1, 2023/08/29, 16:45:34.075, 1086576564031, vstest.console.dll, AssemblyResolver.OnResolve: Microsoft.VisualStudio.TestPlatform.Extensions.Trx.TestLogger: Loading assembly 'C:\Program Files\dotnet\sdk\7.0.400\Extensions\Microsoft.VisualStudio.TestPlatform.Extensions.Trx.TestLogger.dll'.
TpTrace Information: 0 : 14624, 1, 2023/08/29, 16:45:34.077, 1086576577124, vstest.console.dll, AssemblyResolver.OnResolve: Resolved assembly: Microsoft.VisualStudio.TestPlatform.Extensions.Trx.TestLogger, from path: C:\Program Files\dotnet\sdk\7.0.400\Extensions\Microsoft.VisualStudio.TestPlatform.Extensions.Trx.TestLogger.dll
TpTrace Verbose: 0 : 14624, 1, 2023/08/29, 16:45:34.077, 1086576577817, vstest.console.dll, MetadataReaderExtensionsHelper: Discovering extensions inside assembly 'Microsoft.VisualStudio.TestPlatform.Extensions.Trx.TestLogger, Version=15.0.0.0, Culture=neutral, PublicKeyToken=b03f5f7f11d50a3a' file path 'C:\Program Files\dotnet\sdk\7.0.400\Extensions\Microsoft.VisualStudio.TestPlatform.Extensions.Trx.TestLogger.dll'
TpTrace Verbose: 0 : 14624, 1, 2023/08/29, 16:45:34.078, 1086576592559, vstest.console.dll, TestPluginCache: Discovered the extensions using extension path ''.
TpTrace Verbose: 0 : 14624, 1, 2023/08/29, 16:45:34.078, 1086576593253, vstest.console.dll, TestPluginCache: Discoverers are ''.
TpTrace Verbose: 0 : 14624, 1, 2023/08/29, 16:45:34.078, 1086576593459, vstest.console.dll, TestPluginCache: Executors are ''.
TpTrace Verbose: 0 : 14624, 1, 2023/08/29, 16:45:34.078, 1086576593632, vstest.console.dll, TestPluginCache: Executors2 are ''.
TpTrace Verbose: 0 : 14624, 1, 2023/08/29, 16:45:34.078, 1086576593802, vstest.console.dll, TestPluginCache: Setting providers are ''.
TpTrace Verbose: 0 : 14624, 1, 2023/08/29, 16:45:34.078, 1086576593993, vstest.console.dll, TestPluginCache: Loggers are ''.
TpTrace Verbose: 0 : 14624, 1, 2023/08/29, 16:45:34.079, 1086576594730, vstest.console.dll, TestPluginCache: TestHosts are 'HostProvider://DefaultTestHost,HostProvider://DotnetTestHost'.
TpTrace Verbose: 0 : 14624, 1, 2023/08/29, 16:45:34.079, 1086576594955, vstest.console.dll, TestPluginCache: DataCollectors are ''.
TpTrace Information: 0 : 14624, 1, 2023/08/29, 16:45:34.102, 1086576828097, vstest.console.dll, RunTestsArgumentProcessor:Execute: Test run is starting.
TpTrace Verbose: 0 : 14624, 1, 2023/08/29, 16:45:34.102, 1086576829006, vstest.console.dll, RunTestsArgumentProcessor:Execute: Queuing Test run.
TpTrace Information: 0 : 14624, 1, 2023/08/29, 16:45:34.102, 1086576831210, vstest.console.dll, TestRequestManager.RunTests: run tests started.
TpTrace Information: 0 : 14624, 1, 2023/08/29, 16:45:34.103, 1086576842566, vstest.console.dll, AssemblyMetadataProvider.GetFrameworkName: Determined framework:'.NETCoreApp,Version=v6.0' for source: 'G:\KaniniStockproject\Backend\Kanini.InvestmentSearchEngine.LoginWatchList\TestLoginWatchList\bin\Debug\net6.0\fine-code-coverage\build-output\TestLoginWatchList.dll'
TpTrace Information: 0 : 14624, 1, 2023/08/29, 16:45:34.104, 1086576844187, vstest.console.dll, Determined framework for all sources: .NETCoreApp,Version=v6.0
TpTrace Verbose: 0 : 14624, 1, 2023/08/29, 16:45:34.104, 1086576847906, vstest.console.dll, TestRequestManager.UpdateRunSettingsIfRequired: Default architecture: X64 IsDefaultTargetArchitecture: True, Current process architecture: X64 OperatingSystem: Windows.
TpTrace Information: 0 : 14624, 1, 2023/08/29, 16:45:34.106, 1086576867668, vstest.console.dll, AssemblyMetadataProvider.GetArchitecture: Determined architecture:AnyCPU info for assembly: G:\KaniniStockproject\Backend\Kanini.InvestmentSearchEngine.LoginWatchList\TestLoginWatchList\bin\Debug\net6.0\fine-code-coverage\build-output\TestLoginWatchList.dll
TpTrace Information: 0 : 14624, 1, 2023/08/29, 16:45:34.106, 1086576868470, vstest.console.dll, Determined platform for source 'G:\KaniniStockproject\Backend\Kanini.InvestmentSearchEngine.LoginWatchList\TestLoginWatchList\bin\Debug\net6.0\fine-code-coverage\build-output\TestLoginWatchList.dll' was AnyCPU and it will use the default plaform X64.
TpTrace Information: 0 : 14624, 1, 2023/08/29, 16:45:34.106, 1086576868707, vstest.console.dll, None of the sources provided any runnable platform, using the default platform: X64
TpTrace Information: 0 : 14624, 1, 2023/08/29, 16:45:34.106, 1086576869705, vstest.console.dll, Platform was updated to 'X64'.
TpTrace Information: 0 : 14624, 1, 2023/08/29, 16:45:34.112, 1086576932218, vstest.console.dll, InferRunSettingsHelper.IsTestSettingsEnabled: Unable to navigate to RunSettings/MSTest. Current node: RunSettings
TpTrace Information: 0 : 14624, 1, 2023/08/29, 16:45:34.113, 1086576939184, vstest.console.dll, AssemblyResolver.OnResolve: Microsoft.VisualStudio.TestPlatform.Fakes: Resolving assembly.
TpTrace Information: 0 : 14624, 1, 2023/08/29, 16:45:34.113, 1086576939929, vstest.console.dll, AssemblyResolver.OnResolve: Microsoft.VisualStudio.TestPlatform.Fakes: Searching in: 'C:\Program Files\dotnet\sdk\7.0.400\Extensions'.
TpTrace Information: 0 : 14624, 1, 2023/08/29, 16:45:34.113, 1086576940739, vstest.console.dll, AssemblyResolver.OnResolve: Microsoft.VisualStudio.TestPlatform.Fakes: Assembly path does not exist: 'C:\Program Files\dotnet\sdk\7.0.400\Extensions\Microsoft.VisualStudio.TestPlatform.Fakes.dll', returning.
TpTrace Information: 0 : 14624, 1, 2023/08/29, 16:45:34.113, 1086576941128, vstest.console.dll, AssemblyResolver.OnResolve: Microsoft.VisualStudio.TestPlatform.Fakes: Assembly path does not exist: 'C:\Program Files\dotnet\sdk\7.0.400\Extensions\Microsoft.VisualStudio.TestPlatform.Fakes.exe', returning.
TpTrace Information: 0 : 14624, 1, 2023/08/29, 16:45:34.113, 1086576941328, vstest.console.dll, AssemblyResolver.OnResolve: Microsoft.VisualStudio.TestPlatform.Fakes: Searching in: 'C:\Program Files\dotnet\sdk\7.0.400'.
TpTrace Information: 0 : 14624, 1, 2023/08/29, 16:45:34.113, 1086576941710, vstest.console.dll, AssemblyResolver.OnResolve: Microsoft.VisualStudio.TestPlatform.Fakes: Assembly path does not exist: 'C:\Program Files\dotnet\sdk\7.0.400\Microsoft.VisualStudio.TestPlatform.Fakes.dll', returning.
TpTrace Information: 0 : 14624, 1, 2023/08/29, 16:45:34.113, 1086576942122, vstest.console.dll, AssemblyResolver.OnResolve: Microsoft.VisualStudio.TestPlatform.Fakes: Assembly path does not exist: 'C:\Program Files\dotnet\sdk\7.0.400\Microsoft.VisualStudio.TestPlatform.Fakes.exe', returning.
TpTrace Information: 0 : 14624, 1, 2023/08/29, 16:45:34.113, 1086576942355, vstest.console.dll, AssemblyResolver.OnResolve: Microsoft.VisualStudio.TestPlatform.Fakes: Failed to load assembly.
TpTrace Information: 0 : 14624, 1, 2023/08/29, 16:45:34.114, 1086576944963, vstest.console.dll, Failed to load assembly Microsoft.VisualStudio.TestPlatform.Fakes, Version=17.0.0.0, Culture=neutral. Reason:System.IO.FileNotFoundException: Could not load file or assembly 'Microsoft.VisualStudio.TestPlatform.Fakes, Version=17.0.0.0, Culture=neutral, PublicKeyToken=null'. The system cannot find the file specified.
File name: 'Microsoft.VisualStudio.TestPlatform.Fakes, Version=17.0.0.0, Culture=neutral, PublicKeyToken=null'
   at System.Reflection.RuntimeAssembly.InternalLoad(AssemblyName assemblyName, StackCrawlMark& stackMark, AssemblyLoadContext assemblyLoadContext, RuntimeAssembly requestingAssembly, Boolean throwOnFileNotFound)
   at System.Reflection.Assembly.Load(AssemblyName assemblyRef)
   at Microsoft.VisualStudio.TestPlatform.Common.Utilities.FakesUtilities.LoadTestPlatformAssembly() in /_/src/Microsoft.TestPlatform.Common/Utilities/FakesUtilities.cs:line 272
TpTrace Verbose: 0 : 14624, 1, 2023/08/29, 16:45:34.119, 1086577001439, vstest.console.dll, TestPluginCache.DiscoverTestExtensions: finding test extensions in assemblies ends with: TestLogger.dll TPluginInfo: Microsoft.VisualStudio.TestPlatform.Common.ExtensionFramework.Utilities.TestLoggerPluginInformation TExtension: Microsoft.VisualStudio.TestPlatform.ObjectModel.Client.ITestLogger
TpTrace Verbose: 0 : 14624, 1, 2023/08/29, 16:45:34.119, 1086577002816, vstest.console.dll, TestPluginCache.GetExtensionPaths: Filtered extension paths: 
TpTrace Verbose: 0 : 14624, 1, 2023/08/29, 16:45:34.119, 1086577003095, vstest.console.dll, TestPluginCache.GetExtensionPaths: Added default extension paths: C:\Program Files\dotnet\sdk\7.0.400\Extensions\Microsoft.Diagnostics.NETCore.Client.dll
C:\Program Files\dotnet\sdk\7.0.400\Extensions\Microsoft.TestPlatform.Extensions.BlameDataCollector.dll
C:\Program Files\dotnet\sdk\7.0.400\Extensions\Microsoft.TestPlatform.Extensions.EventLogCollector.dll
C:\Program Files\dotnet\sdk\7.0.400\Extensions\Microsoft.TestPlatform.TestHostRuntimeProvider.dll
C:\Program Files\dotnet\sdk\7.0.400\Extensions\Microsoft.VisualStudio.TestPlatform.Extensions.Html.TestLogger.dll
C:\Program Files\dotnet\sdk\7.0.400\Extensions\Microsoft.VisualStudio.TestPlatform.Extensions.Trx.TestLogger.dll
TpTrace Verbose: 0 : 14624, 1, 2023/08/29, 16:45:34.119, 1086577003299, vstest.console.dll, TestPluginCache.GetExtensionPaths: Added unfilterableExtensionPaths: 
TpTrace Information: 0 : 14624, 1, 2023/08/29, 16:45:34.120, 1086577004577, vstest.console.dll, AssemblyResolver.AddSearchDirectories: Adding more searchDirectories C:\Program Files\dotnet\sdk\7.0.400\Extensions,C:\Program Files\dotnet\sdk\7.0.400
TpTrace Verbose: 0 : 14624, 1, 2023/08/29, 16:45:34.120, 1086577004918, vstest.console.dll, TestPluginCache.DiscoverTestExtensions: Discovering the extensions using extension path.
TpTrace Verbose: 0 : 14624, 1, 2023/08/29, 16:45:34.120, 1086577005159, vstest.console.dll, TestPluginCache.GetExtensionPaths: Filtered extension paths: 
TpTrace Verbose: 0 : 14624, 1, 2023/08/29, 16:45:34.120, 1086577005517, vstest.console.dll, TestPluginCache.GetExtensionPaths: Added default extension paths: C:\Program Files\dotnet\sdk\7.0.400\Extensions\Microsoft.Diagnostics.NETCore.Client.dll
C:\Program Files\dotnet\sdk\7.0.400\Extensions\Microsoft.TestPlatform.Extensions.BlameDataCollector.dll
C:\Program Files\dotnet\sdk\7.0.400\Extensions\Microsoft.TestPlatform.Extensions.EventLogCollector.dll
C:\Program Files\dotnet\sdk\7.0.400\Extensions\Microsoft.TestPlatform.TestHostRuntimeProvider.dll
C:\Program Files\dotnet\sdk\7.0.400\Extensions\Microsoft.VisualStudio.TestPlatform.Extensions.Html.TestLogger.dll
C:\Program Files\dotnet\sdk\7.0.400\Extensions\Microsoft.VisualStudio.TestPlatform.Extensions.Trx.TestLogger.dll
TpTrace Verbose: 0 : 14624, 1, 2023/08/29, 16:45:34.120, 1086577005722, vstest.console.dll, TestPluginCache.GetExtensionPaths: Added unfilterableExtensionPaths: 
TpTrace Verbose: 0 : 14624, 1, 2023/08/29, 16:45:34.120, 1086577006464, vstest.console.dll, TestPluginCache.DiscoverTestExtensions: Discovering the extensions using allExtensionPaths: C:\Program Files\dotnet\sdk\7.0.400\Extensions\Microsoft.Diagnostics.NETCore.Client.dll
C:\Program Files\dotnet\sdk\7.0.400\Extensions\Microsoft.TestPlatform.Extensions.BlameDataCollector.dll
C:\Program Files\dotnet\sdk\7.0.400\Extensions\Microsoft.TestPlatform.Extensions.EventLogCollector.dll
C:\Program Files\dotnet\sdk\7.0.400\Extensions\Microsoft.TestPlatform.TestHostRuntimeProvider.dll
C:\Program Files\dotnet\sdk\7.0.400\Extensions\Microsoft.VisualStudio.TestPlatform.Extensions.Html.TestLogger.dll
C:\Program Files\dotnet\sdk\7.0.400\Extensions\Microsoft.VisualStudio.TestPlatform.Extensions.Trx.TestLogger.dll
TpTrace Information: 0 : 14624, 1, 2023/08/29, 16:45:34.120, 1086577006899, vstest.console.dll, AssemblyResolver.AddSearchDirectories: Adding more searchDirectories C:\Program Files\dotnet\sdk\7.0.400\Extensions,C:\Program Files\dotnet\sdk\7.0.400
TpTrace Information: 0 : 14624, 1, 2023/08/29, 16:45:34.120, 1086577007254, vstest.console.dll, AssemblyResolver.AddSearchDirectories: Adding more searchDirectories C:\Program Files\dotnet\sdk\7.0.400\Extensions,C:\Program Files\dotnet\sdk\7.0.400
TpTrace Information: 0 : 14624, 1, 2023/08/29, 16:45:34.120, 1086577007457, vstest.console.dll, AssemblyResolver.AddSearchDirectories: Adding more searchDirectories C:\Program Files\dotnet\sdk\7.0.400\Extensions,C:\Program Files\dotnet\sdk\7.0.400
TpTrace Information: 0 : 14624, 1, 2023/08/29, 16:45:34.120, 1086577007654, vstest.console.dll, AssemblyResolver.AddSearchDirectories: Adding more searchDirectories C:\Program Files\dotnet\sdk\7.0.400\Extensions,C:\Program Files\dotnet\sdk\7.0.400
TpTrace Information: 0 : 14624, 1, 2023/08/29, 16:45:34.120, 1086577007899, vstest.console.dll, AssemblyResolver.AddSearchDirectories: Adding more searchDirectories C:\Program Files\dotnet\sdk\7.0.400\Extensions,C:\Program Files\dotnet\sdk\7.0.400
TpTrace Information: 0 : 14624, 1, 2023/08/29, 16:45:34.120, 1086577008100, vstest.console.dll, AssemblyResolver.AddSearchDirectories: Adding more searchDirectories C:\Program Files\dotnet\sdk\7.0.400\Extensions,C:\Program Files\dotnet\sdk\7.0.400
TpTrace Verbose: 0 : 14624, 1, 2023/08/29, 16:45:34.120, 1086577009027, vstest.console.dll, MetadataReaderExtensionsHelper: Discovering extensions inside assembly 'Microsoft.Diagnostics.NETCore.Client, Version=0.2.8.21101, Culture=neutral, PublicKeyToken=31bf3856ad364e35' file path 'C:\Program Files\dotnet\sdk\7.0.400\Extensions\Microsoft.Diagnostics.NETCore.Client.dll'
TpTrace Information: 0 : 14624, 1, 2023/08/29, 16:45:34.121, 1086577015365, vstest.console.dll, AssemblyResolver.OnResolve: Microsoft.Bcl.AsyncInterfaces: Resolving assembly.
TpTrace Information: 0 : 14624, 1, 2023/08/29, 16:45:34.121, 1086577016004, vstest.console.dll, AssemblyResolver.OnResolve: Microsoft.Bcl.AsyncInterfaces: Resolved from cache.
TpTrace Verbose: 0 : 14624, 1, 2023/08/29, 16:45:34.121, 1086577016217, vstest.console.dll, CurrentDomainAssemblyResolve: Resolving assembly 'Microsoft.Bcl.AsyncInterfaces'.
TpTrace Information: 0 : 14624, 1, 2023/08/29, 16:45:34.121, 1086577016558, vstest.console.dll, AssemblyResolver.OnResolve: Microsoft.Bcl.AsyncInterfaces: Resolving assembly.
TpTrace Information: 0 : 14624, 1, 2023/08/29, 16:45:34.121, 1086577017162, vstest.console.dll, AssemblyResolver.OnResolve: Microsoft.Bcl.AsyncInterfaces: Resolved from cache.
TpTrace Verbose: 0 : 14624, 1, 2023/08/29, 16:45:34.121, 1086577017387, vstest.console.dll, CurrentDomainAssemblyResolve: Resolving assembly 'Microsoft.Bcl.AsyncInterfaces'.
TpTrace Verbose: 0 : 14624, 1, 2023/08/29, 16:45:34.121, 1086577017564, vstest.console.dll, CurrentDomainAssemblyResolve: Failed to resolve assembly 'Microsoft.Bcl.AsyncInterfaces'.
TpTrace Verbose: 0 : 14624, 1, 2023/08/29, 16:45:34.121, 1086577019015, vstest.console.dll, CurrentDomainAssemblyResolve: Failed to resolve assembly 'Microsoft.Bcl.AsyncInterfaces'.
TpTrace Warning: 0 : 14624, 1, 2023/08/29, 16:45:34.121, 1086577022276, vstest.console.dll, TestPluginDiscoverer: Failed to get types from assembly 'Microsoft.Diagnostics.NETCore.Client, Version=0.2.8.21101, Culture=neutral, PublicKeyToken=31bf3856ad364e35'. Error: System.Reflection.ReflectionTypeLoadException: Unable to load one or more of the requested types.
Could not load file or assembly 'Microsoft.Bcl.AsyncInterfaces, Version=1.0.0.0, Culture=neutral, PublicKeyToken=cc7b13ffcd2ddd51'. The system cannot find the file specified.
   at System.Reflection.RuntimeModule.GetTypes(RuntimeModule module)
   at System.Reflection.Assembly.GetTypes()
   at Microsoft.VisualStudio.TestPlatform.Common.ExtensionFramework.TestPluginDiscoverer.GetTestExtensionsFromAssembly[TPluginInfo,TExtension](Assembly assembly, Dictionary`2 pluginInfos, String filePath) in /_/src/Microsoft.TestPlatform.Common/ExtensionFramework/TestPluginDiscoverer.cs:line 158
System.IO.FileNotFoundException: Could not load file or assembly 'Microsoft.Bcl.AsyncInterfaces, Version=1.0.0.0, Culture=neutral, PublicKeyToken=cc7b13ffcd2ddd51'. The system cannot find the file specified.
File name: 'Microsoft.Bcl.AsyncInterfaces, Version=1.0.0.0, Culture=neutral, PublicKeyToken=cc7b13ffcd2ddd51'
 ---> System.IO.FileNotFoundException: Could not load file or assembly 'Microsoft.Bcl.AsyncInterfaces, Culture=neutral, PublicKeyToken=null'. The system cannot find the file specified.
File name: 'Microsoft.Bcl.AsyncInterfaces, Culture=neutral, PublicKeyToken=null'
   at System.Reflection.RuntimeAssembly.InternalLoad(AssemblyName assemblyName, StackCrawlMark& stackMark, AssemblyLoadContext assemblyLoadContext, RuntimeAssembly requestingAssembly, Boolean throwOnFileNotFound)
   at System.Reflection.Assembly.Load(AssemblyName assemblyRef)
   at Microsoft.VisualStudio.TestPlatform.Common.ExtensionFramework.TestPluginCache.CurrentDomainAssemblyResolve(Object sender, AssemblyResolveEventArgs args) in /_/src/Microsoft.TestPlatform.Common/ExtensionFramework/TestPluginCache.cs:line 513
   at System.Runtime.Loader.AssemblyLoadContext.GetFirstResolvedAssemblyFromResolvingEvent(AssemblyName assemblyName)
   at System.Runtime.Loader.AssemblyLoadContext.ResolveUsingEvent(AssemblyName assemblyName)
   at System.Runtime.Loader.AssemblyLoadContext.ResolveUsingResolvingEvent(IntPtr gchManagedAssemblyLoadContext, AssemblyName assemblyName)
TpTrace Warning: 0 : 14624, 1, 2023/08/29, 16:45:34.121, 1086577023621, vstest.console.dll, LoaderExceptions: System.IO.FileNotFoundException: Could not load file or assembly 'Microsoft.Bcl.AsyncInterfaces, Version=1.0.0.0, Culture=neutral, PublicKeyToken=cc7b13ffcd2ddd51'. The system cannot find the file specified.
File name: 'Microsoft.Bcl.AsyncInterfaces, Version=1.0.0.0, Culture=neutral, PublicKeyToken=cc7b13ffcd2ddd51'
 ---> System.IO.FileNotFoundException: Could not load file or assembly 'Microsoft.Bcl.AsyncInterfaces, Culture=neutral, PublicKeyToken=null'. The system cannot find the file specified.
File name: 'Microsoft.Bcl.AsyncInterfaces, Culture=neutral, PublicKeyToken=null'
   at System.Reflection.RuntimeAssembly.InternalLoad(AssemblyName assemblyName, StackCrawlMark& stackMark, AssemblyLoadContext assemblyLoadContext, RuntimeAssembly requestingAssembly, Boolean throwOnFileNotFound)
   at System.Reflection.Assembly.Load(AssemblyName assemblyRef)
   at Microsoft.VisualStudio.TestPlatform.Common.ExtensionFramework.TestPluginCache.CurrentDomainAssemblyResolve(Object sender, AssemblyResolveEventArgs args) in /_/src/Microsoft.TestPlatform.Common/ExtensionFramework/TestPluginCache.cs:line 513
   at System.Runtime.Loader.AssemblyLoadContext.GetFirstResolvedAssemblyFromResolvingEvent(AssemblyName assemblyName)
   at System.Runtime.Loader.AssemblyLoadContext.ResolveUsingEvent(AssemblyName assemblyName)
   at System.Runtime.Loader.AssemblyLoadContext.ResolveUsingResolvingEvent(IntPtr gchManagedAssemblyLoadContext, AssemblyName assemblyName)
TpTrace Verbose: 0 : 14624, 1, 2023/08/29, 16:45:34.122, 1086577024289, vstest.console.dll, MetadataReaderExtensionsHelper: Discovering extensions inside assembly 'Microsoft.TestPlatform.Extensions.BlameDataCollector, Version=15.0.0.0, Culture=neutral, PublicKeyToken=b03f5f7f11d50a3a' file path 'C:\Program Files\dotnet\sdk\7.0.400\Extensions\Microsoft.TestPlatform.Extensions.BlameDataCollector.dll'
TpTrace Information: 0 : 14624, 1, 2023/08/29, 16:45:34.122, 1086577028004, vstest.console.dll, GetTestExtensionFromType: Register extension with identifier data 'logger://Microsoft/TestPlatform/Extensions/Blame/v1' and type 'Microsoft.TestPlatform.Extensions.BlameDataCollector.BlameLogger, Microsoft.TestPlatform.Extensions.BlameDataCollector, Version=15.0.0.0, Culture=neutral, PublicKeyToken=b03f5f7f11d50a3a' inside file 'C:\Program Files\dotnet\sdk\7.0.400\Extensions\Microsoft.TestPlatform.Extensions.BlameDataCollector.dll'
TpTrace Verbose: 0 : 14624, 1, 2023/08/29, 16:45:34.122, 1086577028565, vstest.console.dll, MetadataReaderExtensionsHelper: Discovering extensions inside assembly 'Microsoft.TestPlatform.Extensions.EventLogCollector, Version=15.0.0.0, Culture=neutral, PublicKeyToken=b03f5f7f11d50a3a' file path 'C:\Program Files\dotnet\sdk\7.0.400\Extensions\Microsoft.TestPlatform.Extensions.EventLogCollector.dll'
TpTrace Verbose: 0 : 14624, 1, 2023/08/29, 16:45:34.122, 1086577030755, vstest.console.dll, MetadataReaderExtensionsHelper: Discovering extensions inside assembly 'Microsoft.TestPlatform.TestHostRuntimeProvider, Version=15.0.0.0, Culture=neutral, PublicKeyToken=b03f5f7f11d50a3a' file path 'C:\Program Files\dotnet\sdk\7.0.400\Extensions\Microsoft.TestPlatform.TestHostRuntimeProvider.dll'
TpTrace Verbose: 0 : 14624, 1, 2023/08/29, 16:45:34.122, 1086577033304, vstest.console.dll, MetadataReaderExtensionsHelper: Discovering extensions inside assembly 'Microsoft.VisualStudio.TestPlatform.Extensions.Html.TestLogger, Version=15.0.0.0, Culture=neutral, PublicKeyToken=b03f5f7f11d50a3a' file path 'C:\Program Files\dotnet\sdk\7.0.400\Extensions\Microsoft.VisualStudio.TestPlatform.Extensions.Html.TestLogger.dll'
TpTrace Information: 0 : 14624, 1, 2023/08/29, 16:45:34.123, 1086577037217, vstest.console.dll, GetTestExtensionFromType: Register extension with identifier data 'logger://Microsoft/TestPlatform/HtmlLogger/v1' and type 'Microsoft.VisualStudio.TestPlatform.Extensions.HtmlLogger.HtmlLogger, Microsoft.VisualStudio.TestPlatform.Extensions.Html.TestLogger, Version=15.0.0.0, Culture=neutral, PublicKeyToken=b03f5f7f11d50a3a' inside file 'C:\Program Files\dotnet\sdk\7.0.400\Extensions\Microsoft.VisualStudio.TestPlatform.Extensions.Html.TestLogger.dll'
TpTrace Verbose: 0 : 14624, 1, 2023/08/29, 16:45:34.123, 1086577037800, vstest.console.dll, MetadataReaderExtensionsHelper: Discovering extensions inside assembly 'Microsoft.VisualStudio.TestPlatform.Extensions.Trx.TestLogger, Version=15.0.0.0, Culture=neutral, PublicKeyToken=b03f5f7f11d50a3a' file path 'C:\Program Files\dotnet\sdk\7.0.400\Extensions\Microsoft.VisualStudio.TestPlatform.Extensions.Trx.TestLogger.dll'
TpTrace Information: 0 : 14624, 1, 2023/08/29, 16:45:34.123, 1086577040290, vstest.console.dll, GetTestExtensionFromType: Register extension with identifier data 'logger://Microsoft/TestPlatform/TrxLogger/v1' and type 'Microsoft.VisualStudio.TestPlatform.Extensions.TrxLogger.TrxLogger, Microsoft.VisualStudio.TestPlatform.Extensions.Trx.TestLogger, Version=15.0.0.0, Culture=neutral, PublicKeyToken=b03f5f7f11d50a3a' inside file 'C:\Program Files\dotnet\sdk\7.0.400\Extensions\Microsoft.VisualStudio.TestPlatform.Extensions.Trx.TestLogger.dll'
TpTrace Verbose: 0 : 14624, 1, 2023/08/29, 16:45:34.123, 1086577040969, vstest.console.dll, TestPluginCache: Discovered the extensions using extension path ''.
TpTrace Verbose: 0 : 14624, 1, 2023/08/29, 16:45:34.123, 1086577041269, vstest.console.dll, TestPluginCache: Discoverers are ''.
TpTrace Verbose: 0 : 14624, 1, 2023/08/29, 16:45:34.123, 1086577041506, vstest.console.dll, TestPluginCache: Executors are ''.
TpTrace Verbose: 0 : 14624, 1, 2023/08/29, 16:45:34.123, 1086577041677, vstest.console.dll, TestPluginCache: Executors2 are ''.
TpTrace Verbose: 0 : 14624, 1, 2023/08/29, 16:45:34.123, 1086577041866, vstest.console.dll, TestPluginCache: Setting providers are ''.
TpTrace Verbose: 0 : 14624, 1, 2023/08/29, 16:45:34.123, 1086577042392, vstest.console.dll, TestPluginCache: Loggers are 'logger://Microsoft/TestPlatform/Extensions/Blame/v1,logger://Microsoft/TestPlatform/HtmlLogger/v1,logger://Microsoft/TestPlatform/TrxLogger/v1'.
TpTrace Verbose: 0 : 14624, 1, 2023/08/29, 16:45:34.123, 1086577042639, vstest.console.dll, TestPluginCache: TestHosts are 'HostProvider://DefaultTestHost,HostProvider://DotnetTestHost'.
TpTrace Verbose: 0 : 14624, 1, 2023/08/29, 16:45:34.123, 1086577042817, vstest.console.dll, TestPluginCache: DataCollectors are ''.
TpTrace Information: 0 : 14624, 1, 2023/08/29, 16:45:34.124, 1086577050292, vstest.console.dll, TestPluginManager.CreateTestExtension: Attempting to load test extension: Microsoft.TestPlatform.Extensions.BlameDataCollector.BlameLogger
TpTrace Verbose: 0 : 14624, 1, 2023/08/29, 16:45:34.135, 1086577156179, vstest.console.dll, TestEngine: Initializing Parallel Execution as MaxCpuCount is set to: 1
TpTrace Information: 0 : 14624, 1, 2023/08/29, 16:45:34.137, 1086577181358, vstest.console.dll, TestPluginManager.CreateTestExtension: Attempting to load test extension: Microsoft.VisualStudio.TestPlatform.CrossPlatEngine.Hosting.DefaultTestHostManager
TpTrace Information: 0 : 14624, 1, 2023/08/29, 16:45:34.138, 1086577192205, vstest.console.dll, TestPluginManager.CreateTestExtension: Attempting to load test extension: Microsoft.VisualStudio.TestPlatform.CrossPlatEngine.Hosting.DotnetTestHostManager
TpTrace Information: 0 : 14624, 1, 2023/08/29, 16:45:34.139, 1086577201882, vstest.console.dll, InferRunSettingsHelper.IsTestSettingsEnabled: Unable to navigate to RunSettings/MSTest. Current node: RunSettings
TpTrace Verbose: 0 : 14624, 1, 2023/08/29, 16:45:34.147, 1086577277304, vstest.console.dll, TestEngine.GetExecutionManager: Chosen execution manager 'Microsoft.VisualStudio.TestPlatform.CrossPlatEngine.Client.Parallel.ParallelProxyExecutionManager, Microsoft.TestPlatform.CrossPlatEngine, Version=15.0.0.0, Culture=neutral, PublicKeyToken=b03f5f7f11d50a3a' ParallelLevel '1'.
TpTrace Verbose: 0 : 14624, 1, 2023/08/29, 16:45:34.147, 1086577280076, vstest.console.dll, TestRunRequest.ExecuteAsync: Creating test run request.
TpTrace Verbose: 0 : 14624, 1, 2023/08/29, 16:45:34.147, 1086577283276, vstest.console.dll, TestRunRequest.ExecuteAsync: Starting.
TpTrace Information: 0 : 14624, 1, 2023/08/29, 16:45:34.148, 1086577291649, vstest.console.dll, TestRunRequest.ExecuteAsync: Starting run with settings:TestRunCriteria:
   KeepAlive=False,FrequencyOfRunStatsChangeEvent=10,RunStatsChangeEventTimeout=00:00:01.5000000,TestCaseFilter=,TestExecutorLauncher=
   Settingsxml=<RunSettings>
  <RunConfiguration>
    <ResultsDirectory>G:\KaniniStockproject\Backend\Kanini.InvestmentSearchEngine.LoginWatchList\TestLoginWatchList\bin\Debug\net6.0\fine-code-coverage\coverage-tool-output</ResultsDirectory>
    <TargetPlatform>X64</TargetPlatform>
    <TargetFrameworkVersion>.NETCoreApp,Version=v6.0</TargetFrameworkVersion>
    <DesignMode>False</DesignMode>
    <CollectSourceInformation>False</CollectSourceInformation>
  </RunConfiguration>
  <LoggerRunSettings>
    <Loggers>
      <Logger friendlyName="blame" enabled="True" />
      <Logger friendlyName="Console" uri="logger://microsoft/TestPlatform/ConsoleLogger/v1" assemblyQualifiedName="Microsoft.VisualStudio.TestPlatform.CommandLine.Internal.ConsoleLogger, vstest.console, Version=15.0.0.0, Culture=neutral, PublicKeyToken=b03f5f7f11d50a3a" codeBase="C:\Program Files\dotnet\sdk\7.0.400\vstest.console.dll" enabled="True" />
    </Loggers>
  </LoggerRunSettings>
  <DataCollectionRunSettings>
    <DataCollectors>
      <DataCollector friendlyName="blame" enabled="True">
        <Configuration>
          <ResultsDirectory>G:\KaniniStockproject\Backend\Kanini.InvestmentSearchEngine.LoginWatchList\TestLoginWatchList\bin\Debug\net6.0\fine-code-coverage\coverage-tool-output</ResultsDirectory>
        </Configuration>
      </DataCollector>
    </DataCollectors>
  </DataCollectionRunSettings>
</RunSettings>

TpTrace Verbose: 0 : 14624, 1, 2023/08/29, 16:45:34.148, 1086577292566, vstest.console.dll, TestRunRequest.ExecuteAsync: Wait for the first run request is over.
TpTrace Verbose: 0 : 14624, 1, 2023/08/29, 16:45:34.149, 1086577296317, vstest.console.dll, MulticastDelegateUtilities.SafeInvoke: TestRun.TestRunStart: Invoking callbacks was skipped because there are no subscribers.
TpTrace Verbose: 0 : 14624, 4, 2023/08/29, 16:45:34.149, 1086577299952, vstest.console.dll, MulticastDelegateUtilities.SafeInvoke: InternalTestLoggerEvents.SendTestRunStart: Invoking callback 1/1 for Microsoft.VisualStudio.TestPlatform.CommandLine.Internal.ConsoleLogger., took 0 ms.
TpTrace Verbose: 0 : 14624, 1, 2023/08/29, 16:45:34.150, 1086577312297, vstest.console.dll, ParallelProxyExecutionManager: Start execution. Total sources: 1
TpTrace Verbose: 0 : 14624, 1, 2023/08/29, 16:45:34.154, 1086577345431, vstest.console.dll, TestRequestSender is acting as server.
TpTrace Verbose: 0 : 14624, 1, 2023/08/29, 16:45:34.158, 1086577393270, vstest.console.dll, ParallelOperationManager.RunWorkInParallel: Started work on a host.
TpTrace Verbose: 0 : 14624, 1, 2023/08/29, 16:45:34.160, 1086577404912, vstest.console.dll, ProxyParallelExecutionManager: No sources available for execution.
TpTrace Information: 0 : 14624, 1, 2023/08/29, 16:45:34.160, 1086577405802, vstest.console.dll, TestRunRequest.ExecuteAsync: Started.
TpTrace Verbose: 0 : 14624, 1, 2023/08/29, 16:45:34.160, 1086577406677, vstest.console.dll, TestRunRequest.WaitForCompletion: Waiting with timeout -1.
TpTrace Verbose: 0 : 14624, 5, 2023/08/29, 16:45:34.160, 1086577409672, vstest.console.dll, DataCollectionRequestSender.InitializeCommunication : Initialize communication. 
TpTrace Information: 0 : 14624, 5, 2023/08/29, 16:45:34.166, 1086577470544, vstest.console.dll, Listening on Endpoint : 127.0.0.1:57561
TpTrace Verbose: 0 : 14624, 5, 2023/08/29, 16:45:34.178, 1086577593953, vstest.console.dll, DotnetDataCollectionLauncher: Adding  --runtimeconfig "C:\Program Files\dotnet\sdk\7.0.400\datacollector.runtimeconfig.json" in args
TpTrace Verbose: 0 : 14624, 5, 2023/08/29, 16:45:34.179, 1086577596627, vstest.console.dll, DotnetDataCollectionLauncher: Adding  --depsfile "C:\Program Files\dotnet\sdk\7.0.400\datacollector.deps.json" in args
TpTrace Verbose: 0 : 14624, 5, 2023/08/29, 16:45:34.179, 1086577599699, vstest.console.dll, DotnetDataCollectionLauncher: Full path of dotnet.exe is C:\Program Files\dotnet\dotnet.exe
TpTrace Information: 0 : 14624, 5, 2023/08/29, 16:45:34.198, 1086577793089, vstest.console.dll, ProxyDataCollectionManager.Initialize: Launched datacollector processId: 19688 port: 57561
TpTrace Information: 0 : 14624, 5, 2023/08/29, 16:45:34.199, 1086577794754, vstest.console.dll, ProxyDataCollectionManager.Initialize: waiting for connection with timeout: 90 seconds
TpTrace Verbose: 0 : 14624, 5, 2023/08/29, 16:45:34.199, 1086577795322, vstest.console.dll, DataCollectionRequestSender.WaitForRequestHandlerConnection : Waiting for connection with timeout: 90000
TpTrace Information: 0 : 14624, 7, 2023/08/29, 16:45:34.383, 1086579643598, vstest.console.dll, Using the buffer size of 16384 bytes
TpTrace Verbose: 0 : 14624, 5, 2023/08/29, 16:45:34.383, 1086579643739, vstest.console.dll, SocketCommunicationManager.WaitForClientConnection took: 184 ms, with 90000 ms timeout, and finished with True.
TpTrace Information: 0 : 14624, 7, 2023/08/29, 16:45:34.384, 1086579645272, vstest.console.dll, Accepted Client request and set the flag
TpTrace Verbose: 0 : 14624, 5, 2023/08/29, 16:45:34.384, 1086579646722, vstest.console.dll, ProxyDataCollectionManager.InvokeDataCollectionServiceAction: Starting.
TpTrace Information: 0 : 14624, 5, 2023/08/29, 16:45:34.384, 1086579647376, vstest.console.dll, ProxyDataCollectionManager.BeforeTestRunStart: Get environment variable and port for datacollector processId: 19688 port: 57561
TpTrace Verbose: 0 : 14624, 5, 2023/08/29, 16:45:34.384, 1086579648406, vstest.console.dll, DataCollectionRequestSender.SendBeforeTestRunStartAndGetResult: Send BeforeTestRunStart message with settingsXml <RunSettings><RunConfiguration><ResultsDirectory>G:\KaniniStockproject\Backend\Kanini.InvestmentSearchEngine.LoginWatchList\TestLoginWatchList\bin\Debug\net6.0\fine-code-coverage\coverage-tool-output</ResultsDirectory><TargetPlatform>X64</TargetPlatform><TargetFrameworkVersion>.NETCoreApp,Version=v6.0</TargetFrameworkVersion><DesignMode>False</DesignMode><CollectSourceInformation>False</CollectSourceInformation><TestAdaptersPaths>C:\Program Files\dotnet\sdk\7.0.400\Extensions</TestAdaptersPaths></RunConfiguration><LoggerRunSettings><Loggers><Logger friendlyName="blame" enabled="True" /><Logger friendlyName="Console" uri="logger://microsoft/TestPlatform/ConsoleLogger/v1" assemblyQualifiedName="Microsoft.VisualStudio.TestPlatform.CommandLine.Internal.ConsoleLogger, vstest.console, Version=15.0.0.0, Culture=neutral, PublicKeyToken=b03f5f7f11d50a3a" codeBase="C:\Program Files\dotnet\sdk\7.0.400\vstest.console.dll" enabled="True" /></Loggers></LoggerRunSettings><DataCollectionRunSettings><DataCollectors><DataCollector friendlyName="blame" enabled="True"><Configuration><ResultsDirectory>G:\KaniniStockproject\Backend\Kanini.InvestmentSearchEngine.LoginWatchList\TestLoginWatchList\bin\Debug\net6.0\fine-code-coverage\coverage-tool-output</ResultsDirectory></Configuration></DataCollector></DataCollectors></DataCollectionRunSettings></RunSettings> and sources System.Collections.Generic.List`1[System.String]: 
TpTrace Verbose: 0 : 14624, 5, 2023/08/29, 16:45:34.492, 1086580729983, vstest.console.dll, DataCollectionRequestSender.SendBeforeTestRunStartAndGetResult: Received message: (DataCollection.SendMessage) -> {"MessageType":"DataCollection.SendMessage","Payload":{"FriendlyName":null,"Uri":null,"TestCaseId":"00000000-0000-0000-0000-000000000000","Message":"Logging DataCollector Diagnostics in file: G:\\KaniniStockproject\\Backend\\Kanini.InvestmentSearchEngine.LoginWatchList\\TestLoginWatchList\\bin\\Debug\\net6.0\\fine-code-coverage\\coverage-tool-output\\diagnostics.datacollector.23-08-29_16-45-34_17841_5.log","Level":0}}
TpTrace Verbose: 0 : 14624, 5, 2023/08/29, 16:45:34.582, 1086581627634, vstest.console.dll, DataCollectionRequestSender.SendBeforeTestRunStartAndGetResult: Received message: (DataCollection.BeforeTestRunStartResult) -> {"MessageType":"DataCollection.BeforeTestRunStartResult","Payload":{"EnvironmentVariables":{},"DataCollectionEventsPort":57563}}
TpTrace Information: 0 : 14624, 5, 2023/08/29, 16:45:34.593, 1086581739414, vstest.console.dll, ProxyDataCollectionManager.BeforeTestRunStart: SendBeforeTestRunStartAndGetResult successful, env variable from datacollector:   and testhost port: 57563
TpTrace Information: 0 : 14624, 5, 2023/08/29, 16:45:34.593, 1086581741195, vstest.console.dll, ProxyDataCollectionManager.InvokeDataCollectionServiceAction: Completed.
TpTrace Verbose: 0 : 14624, 5, 2023/08/29, 16:45:34.593, 1086581742623, vstest.console.dll, ProxyExecutionManager: Test host is always Lazy initialize.
TpTrace Verbose: 0 : 14624, 5, 2023/08/29, 16:45:34.594, 1086581746533, vstest.console.dll, TestRequestSender.InitializeCommunication: initialize communication. 
TpTrace Information: 0 : 14624, 5, 2023/08/29, 16:45:34.594, 1086581754104, vstest.console.dll, SocketServer.Start: Listening on endpoint : 127.0.0.1:57564
TpTrace Verbose: 0 : 14624, 5, 2023/08/29, 16:45:34.596, 1086581765477, vstest.console.dll, DotnetTestHostmanager.GetTestHostProcessStartInfo: Platform environment 'X64' target architecture 'X64' framework '.NETCoreApp,Version=v6.0' OS 'Windows'
TpTrace Verbose: 0 : 14624, 5, 2023/08/29, 16:45:34.596, 1086581767561, vstest.console.dll, DotnetTestHostmanager: Adding  --runtimeconfig "G:\KaniniStockproject\Backend\Kanini.InvestmentSearchEngine.LoginWatchList\TestLoginWatchList\bin\Debug\net6.0\fine-code-coverage\build-output\TestLoginWatchList.runtimeconfig.json" in args
TpTrace Verbose: 0 : 14624, 5, 2023/08/29, 16:45:34.596, 1086581768266, vstest.console.dll, DotnetTestHostmanager: Adding  --depsfile "G:\KaniniStockproject\Backend\Kanini.InvestmentSearchEngine.LoginWatchList\TestLoginWatchList\bin\Debug\net6.0\fine-code-coverage\build-output\TestLoginWatchList.deps.json" in args
TpTrace Verbose: 0 : 14624, 5, 2023/08/29, 16:45:34.596, 1086581770560, vstest.console.dll, DotnetTestHostmanager.IsWinOnArm: Current PROCESSOR_ARCHITECTURE from environment variable 'AMD64'
TpTrace Verbose: 0 : 14624, 5, 2023/08/29, 16:45:34.596, 1086581771191, vstest.console.dll, DotnetTestHostmanager.IsWinOnArm: Is Windows on ARM 'False'
TpTrace Verbose: 0 : 14624, 5, 2023/08/29, 16:45:34.596, 1086581771685, vstest.console.dll, DotnetTestHostManager: testhost.exe found at path: G:\KaniniStockproject\Backend\Kanini.InvestmentSearchEngine.LoginWatchList\TestLoginWatchList\bin\Debug\net6.0\fine-code-coverage\build-output\testhost.exe
TpTrace Verbose: 0 : 14624, 5, 2023/08/29, 16:45:34.596, 1086581772064, vstest.console.dll, DotnetTestHostmanager: Full path of host exe is G:\KaniniStockproject\Backend\Kanini.InvestmentSearchEngine.LoginWatchList\TestLoginWatchList\bin\Debug\net6.0\fine-code-coverage\build-output\testhost.exe
TpTrace Verbose: 0 : 14624, 5, 2023/08/29, 16:45:34.596, 1086581773365, vstest.console.dll, DotnetTestHostmanager.LaunchTestHostAsync: Found 'VSTEST_WINAPPHOST_DOTNET_ROOT' in env variables, value 'C:\Program Files\dotnet', forwarding to 'DOTNET_ROOT'
TpTrace Verbose: 0 : 14624, 5, 2023/08/29, 16:45:34.597, 1086581775197, vstest.console.dll, DotnetTestHostManager: Starting process 'G:\KaniniStockproject\Backend\Kanini.InvestmentSearchEngine.LoginWatchList\TestLoginWatchList\bin\Debug\net6.0\fine-code-coverage\build-output\testhost.exe' with command line ' --runtimeconfig "G:\KaniniStockproject\Backend\Kanini.InvestmentSearchEngine.LoginWatchList\TestLoginWatchList\bin\Debug\net6.0\fine-code-coverage\build-output\TestLoginWatchList.runtimeconfig.json" --depsfile "G:\KaniniStockproject\Backend\Kanini.InvestmentSearchEngine.LoginWatchList\TestLoginWatchList\bin\Debug\net6.0\fine-code-coverage\build-output\TestLoginWatchList.deps.json" --port 57564 --endpoint 127.0.0.1:057564 --role client --parentprocessid 14624 --diag "G:\KaniniStockproject\Backend\Kanini.InvestmentSearchEngine.LoginWatchList\TestLoginWatchList\bin\Debug\net6.0\fine-code-coverage\coverage-tool-output\diagnostics.host.23-08-29_16-45-34_59560_5.log" --tracelevel 4 --datacollectionport 57563 --telemetryoptedin false'
TpTrace Verbose: 0 : 14624, 5, 2023/08/29, 16:45:34.621, 1086582018576, vstest.console.dll, MulticastDelegateUtilities.SafeInvoke: HostProviderEvents.OnHostLaunched: Invoking callback 1/2 for Microsoft.VisualStudio.TestPlatform.CrossPlatEngine.Client.ProxyExecutionManagerWithDataCollection., took 1 ms.
TpTrace Verbose: 0 : 14624, 5, 2023/08/29, 16:45:34.621, 1086582021899, vstest.console.dll, Test Runtime launched
TpTrace Verbose: 0 : 14624, 5, 2023/08/29, 16:45:34.621, 1086582023522, vstest.console.dll, MulticastDelegateUtilities.SafeInvoke: HostProviderEvents.OnHostLaunched: Invoking callback 2/2 for Microsoft.VisualStudio.TestPlatform.CrossPlatEngine.Client.ProxyOperationManager., took 0 ms.
TpTrace Verbose: 0 : 14624, 5, 2023/08/29, 16:45:34.622, 1086582029246, vstest.console.dll, TestRequestSender.WaitForRequestHandlerConnection: waiting for connection with timeout: 90000.
TpTrace Verbose: 0 : 14624, 7, 2023/08/29, 16:45:34.836, 1086584169091, vstest.console.dll, MulticastDelegateUtilities.SafeInvoke: SocketServer: ClientConnected: Invoking callback 1/1 for Microsoft.VisualStudio.TestPlatform.CommunicationUtilities.TestRequestSender., took 0 ms.
TpTrace Verbose: 0 : 14624, 5, 2023/08/29, 16:45:34.836, 1086584169091, vstest.console.dll, TestRequestSender.WaitForRequestHandlerConnection: waiting took 213 ms, with timeout 90000 ms, and result 0, which is success.
TpTrace Verbose: 0 : 14624, 7, 2023/08/29, 16:45:34.836, 1086584170203, vstest.console.dll, SocketServer.OnClientConnected: Client connected for endPoint: 127.0.0.1:57564, starting MessageLoopAsync:
TpTrace Verbose: 0 : 14624, 11, 2023/08/29, 16:45:34.837, 1086584174360, vstest.console.dll, TcpClientExtensions.MessageLoopAsync: Polling on remoteEndPoint: 127.0.0.1:57565 localEndPoint: 127.0.0.1:57564
TpTrace Verbose: 0 : 14624, 5, 2023/08/29, 16:45:34.837, 1086584179314, vstest.console.dll, TestRequestSender.CheckVersionWithTestHost: Sending check version message: {"MessageType":"ProtocolVersion","Payload":7}
TpTrace Verbose: 0 : 14624, 11, 2023/08/29, 16:45:35.012, 1086585931932, vstest.console.dll, TcpClientExtensions.MessageLoopAsync: NotifyDataAvailable remoteEndPoint: 127.0.0.1:57565 localEndPoint: 127.0.0.1:57564
TpTrace Verbose: 0 : 14624, 11, 2023/08/29, 16:45:35.013, 1086585935273, vstest.console.dll, TestRequestSender.CheckVersionWithTestHost: onMessageReceived received message: (ProtocolVersion) -> {"MessageType":"ProtocolVersion","Payload":7}
TpTrace Verbose: 0 : 14624, 11, 2023/08/29, 16:45:35.014, 1086585944818, vstest.console.dll, MulticastDelegateUtilities.SafeInvoke: LengthPrefixCommunicationChannel: MessageReceived: Invoking callback 1/1 for Microsoft.VisualStudio.TestPlatform.CommunicationUtilities.TestRequestSender+<>c__DisplayClass29_0., took 1 ms.
TpTrace Verbose: 0 : 14624, 11, 2023/08/29, 16:45:35.014, 1086585945990, vstest.console.dll, TcpClientExtensions.MessageLoopAsync: Polling on remoteEndPoint: 127.0.0.1:57565 localEndPoint: 127.0.0.1:57564
TpTrace Verbose: 0 : 14624, 5, 2023/08/29, 16:45:35.014, 1086585945952, vstest.console.dll, TestPluginCache.GetExtensionPaths: Filtered extension paths: 
TpTrace Verbose: 0 : 14624, 5, 2023/08/29, 16:45:35.014, 1086585947076, vstest.console.dll, TestPluginCache.GetExtensionPaths: Added default extension paths: C:\Program Files\dotnet\sdk\7.0.400\Extensions\Microsoft.Diagnostics.NETCore.Client.dll
C:\Program Files\dotnet\sdk\7.0.400\Extensions\Microsoft.TestPlatform.Extensions.BlameDataCollector.dll
C:\Program Files\dotnet\sdk\7.0.400\Extensions\Microsoft.TestPlatform.Extensions.EventLogCollector.dll
C:\Program Files\dotnet\sdk\7.0.400\Extensions\Microsoft.TestPlatform.TestHostRuntimeProvider.dll
C:\Program Files\dotnet\sdk\7.0.400\Extensions\Microsoft.VisualStudio.TestPlatform.Extensions.Html.TestLogger.dll
C:\Program Files\dotnet\sdk\7.0.400\Extensions\Microsoft.VisualStudio.TestPlatform.Extensions.Trx.TestLogger.dll
TpTrace Verbose: 0 : 14624, 5, 2023/08/29, 16:45:35.014, 1086585947372, vstest.console.dll, TestPluginCache.GetExtensionPaths: Added unfilterableExtensionPaths: 
TpTrace Verbose: 0 : 14624, 11, 2023/08/29, 16:45:35.018, 1086585990823, vstest.console.dll, TcpClientExtensions.MessageLoopAsync: NotifyDataAvailable remoteEndPoint: 127.0.0.1:57565 localEndPoint: 127.0.0.1:57564
TpTrace Verbose: 0 : 14624, 11, 2023/08/29, 16:45:35.018, 1086585992263, vstest.console.dll, LengthPrefixCommunicationChannel.NotifyDataAvailable: New data are waiting to be received, but there is no subscriber to be notified. Not reading them from the stream.
TpTrace Verbose: 0 : 14624, 11, 2023/08/29, 16:45:35.018, 1086585992604, vstest.console.dll, TcpClientExtensions.MessageLoopAsync: Polling on remoteEndPoint: 127.0.0.1:57565 localEndPoint: 127.0.0.1:57564
TpTrace Verbose: 0 : 14624, 11, 2023/08/29, 16:45:35.018, 1086585993183, vstest.console.dll, TcpClientExtensions.MessageLoopAsync: NotifyDataAvailable remoteEndPoint: 127.0.0.1:57565 localEndPoint: 127.0.0.1:57564
TpTrace Verbose: 0 : 14624, 11, 2023/08/29, 16:45:35.018, 1086585993433, vstest.console.dll, LengthPrefixCommunicationChannel.NotifyDataAvailable: New data are waiting to be received, but there is no subscriber to be notified. Not reading them from the stream.
TpTrace Verbose: 0 : 14624, 11, 2023/08/29, 16:45:35.018, 1086585993840, vstest.console.dll, TcpClientExtensions.MessageLoopAsync: Polling on remoteEndPoint: 127.0.0.1:57565 localEndPoint: 127.0.0.1:57564
TpTrace Verbose: 0 : 14624, 11, 2023/08/29, 16:45:35.018, 1086585994068, vstest.console.dll, TcpClientExtensions.MessageLoopAsync: NotifyDataAvailable remoteEndPoint: 127.0.0.1:57565 localEndPoint: 127.0.0.1:57564
TpTrace Verbose: 0 : 14624, 5, 2023/08/29, 16:45:35.019, 1086585994621, vstest.console.dll, TestRequestSender.InitializeExecution: Sending initialize execution with message: {"Version":7,"MessageType":"TestExecution.Initialize","Payload":["G:\\KaniniStockproject\\Backend\\Kanini.InvestmentSearchEngine.LoginWatchList\\TestLoginWatchList\\bin\\Debug\\net6.0\\fine-code-coverage\\build-output\\Microsoft.VisualStudio.TestPlatform.MSTest.TestAdapter.dll"]}
TpTrace Verbose: 0 : 14624, 11, 2023/08/29, 16:45:35.019, 1086585994832, vstest.console.dll, LengthPrefixCommunicationChannel.NotifyDataAvailable: New data are waiting to be received, but there is no subscriber to be notified. Not reading them from the stream.
TpTrace Verbose: 0 : 14624, 11, 2023/08/29, 16:45:35.019, 1086585995864, vstest.console.dll, TcpClientExtensions.MessageLoopAsync: Polling on remoteEndPoint: 127.0.0.1:57565 localEndPoint: 127.0.0.1:57564
TpTrace Verbose: 0 : 14624, 11, 2023/08/29, 16:45:35.019, 1086585996194, vstest.console.dll, TcpClientExtensions.MessageLoopAsync: NotifyDataAvailable remoteEndPoint: 127.0.0.1:57565 localEndPoint: 127.0.0.1:57564
TpTrace Verbose: 0 : 14624, 11, 2023/08/29, 16:45:35.019, 1086585996437, vstest.console.dll, LengthPrefixCommunicationChannel.NotifyDataAvailable: New data are waiting to be received, but there is no subscriber to be notified. Not reading them from the stream.
TpTrace Verbose: 0 : 14624, 11, 2023/08/29, 16:45:35.019, 1086585996639, vstest.console.dll, TcpClientExtensions.MessageLoopAsync: Polling on remoteEndPoint: 127.0.0.1:57565 localEndPoint: 127.0.0.1:57564
TpTrace Verbose: 0 : 14624, 11, 2023/08/29, 16:45:35.019, 1086585996854, vstest.console.dll, TcpClientExtensions.MessageLoopAsync: NotifyDataAvailable remoteEndPoint: 127.0.0.1:57565 localEndPoint: 127.0.0.1:57564
TpTrace Verbose: 0 : 14624, 5, 2023/08/29, 16:45:35.019, 1086585996914, vstest.console.dll, ParallelProxyExecutionManager: Execution started. Started clients: 1
TpTrace Verbose: 0 : 14624, 11, 2023/08/29, 16:45:35.019, 1086585997086, vstest.console.dll, LengthPrefixCommunicationChannel.NotifyDataAvailable: New data are waiting to be received, but there is no subscriber to be notified. Not reading them from the stream.
TpTrace Verbose: 0 : 14624, 11, 2023/08/29, 16:45:35.019, 1086585998355, vstest.console.dll, TcpClientExtensions.MessageLoopAsync: Polling on remoteEndPoint: 127.0.0.1:57565 localEndPoint: 127.0.0.1:57564
TpTrace Verbose: 0 : 14624, 11, 2023/08/29, 16:45:35.019, 1086585998910, vstest.console.dll, TcpClientExtensions.MessageLoopAsync: NotifyDataAvailable remoteEndPoint: 127.0.0.1:57565 localEndPoint: 127.0.0.1:57564
TpTrace Verbose: 0 : 14624, 11, 2023/08/29, 16:45:35.019, 1086585999600, vstest.console.dll, LengthPrefixCommunicationChannel.NotifyDataAvailable: New data are waiting to be received, but there is no subscriber to be notified. Not reading them from the stream.
TpTrace Verbose: 0 : 14624, 11, 2023/08/29, 16:45:35.019, 1086585999932, vstest.console.dll, TcpClientExtensions.MessageLoopAsync: Polling on remoteEndPoint: 127.0.0.1:57565 localEndPoint: 127.0.0.1:57564
TpTrace Verbose: 0 : 14624, 11, 2023/08/29, 16:45:35.019, 1086586000277, vstest.console.dll, TcpClientExtensions.MessageLoopAsync: NotifyDataAvailable remoteEndPoint: 127.0.0.1:57565 localEndPoint: 127.0.0.1:57564
TpTrace Verbose: 0 : 14624, 11, 2023/08/29, 16:45:35.019, 1086586000545, vstest.console.dll, LengthPrefixCommunicationChannel.NotifyDataAvailable: New data are waiting to be received, but there is no subscriber to be notified. Not reading them from the stream.
TpTrace Verbose: 0 : 14624, 11, 2023/08/29, 16:45:35.019, 1086586000752, vstest.console.dll, TcpClientExtensions.MessageLoopAsync: Polling on remoteEndPoint: 127.0.0.1:57565 localEndPoint: 127.0.0.1:57564
TpTrace Verbose: 0 : 14624, 5, 2023/08/29, 16:45:35.019, 1086586000741, vstest.console.dll, TestRunRequest:SendTestRunMessage: Starting.
TpTrace Verbose: 0 : 14624, 11, 2023/08/29, 16:45:35.019, 1086586001020, vstest.console.dll, TcpClientExtensions.MessageLoopAsync: NotifyDataAvailable remoteEndPoint: 127.0.0.1:57565 localEndPoint: 127.0.0.1:57564
TpTrace Verbose: 0 : 14624, 11, 2023/08/29, 16:45:35.019, 1086586001958, vstest.console.dll, LengthPrefixCommunicationChannel.NotifyDataAvailable: New data are waiting to be received, but there is no subscriber to be notified. Not reading them from the stream.
TpTrace Verbose: 0 : 14624, 11, 2023/08/29, 16:45:35.019, 1086586002219, vstest.console.dll, TcpClientExtensions.MessageLoopAsync: Polling on remoteEndPoint: 127.0.0.1:57565 localEndPoint: 127.0.0.1:57564
TpTrace Verbose: 0 : 14624, 11, 2023/08/29, 16:45:35.019, 1086586002468, vstest.console.dll, TcpClientExtensions.MessageLoopAsync: NotifyDataAvailable remoteEndPoint: 127.0.0.1:57565 localEndPoint: 127.0.0.1:57564
TpTrace Verbose: 0 : 14624, 11, 2023/08/29, 16:45:35.019, 1086586002660, vstest.console.dll, LengthPrefixCommunicationChannel.NotifyDataAvailable: New data are waiting to be received, but there is no subscriber to be notified. Not reading them from the stream.
TpTrace Verbose: 0 : 14624, 5, 2023/08/29, 16:45:35.019, 1086586002751, vstest.console.dll, MulticastDelegateUtilities.SafeInvoke: TestRun.LogMessages: Invoking callback 1/1 for Microsoft.VisualStudio.TestPlatform.CommandLine.TestRunResultAggregator., took 0 ms.
TpTrace Verbose: 0 : 14624, 11, 2023/08/29, 16:45:35.019, 1086586002902, vstest.console.dll, TcpClientExtensions.MessageLoopAsync: Polling on remoteEndPoint: 127.0.0.1:57565 localEndPoint: 127.0.0.1:57564
TpTrace Information: 0 : 14624, 5, 2023/08/29, 16:45:35.019, 1086586003356, vstest.console.dll, TestRunRequest:SendTestRunMessage: Completed.
TpTrace Verbose: 0 : 14624, 11, 2023/08/29, 16:45:35.019, 1086586003722, vstest.console.dll, TcpClientExtensions.MessageLoopAsync: NotifyDataAvailable remoteEndPoint: 127.0.0.1:57565 localEndPoint: 127.0.0.1:57564
TpTrace Verbose: 0 : 14624, 11, 2023/08/29, 16:45:35.020, 1086586004300, vstest.console.dll, LengthPrefixCommunicationChannel.NotifyDataAvailable: New data are waiting to be received, but there is no subscriber to be notified. Not reading them from the stream.
TpTrace Verbose: 0 : 14624, 11, 2023/08/29, 16:45:35.020, 1086586004546, vstest.console.dll, TcpClientExtensions.MessageLoopAsync: Polling on remoteEndPoint: 127.0.0.1:57565 localEndPoint: 127.0.0.1:57564
TpTrace Verbose: 0 : 14624, 11, 2023/08/29, 16:45:35.020, 1086586004814, vstest.console.dll, TcpClientExtensions.MessageLoopAsync: NotifyDataAvailable remoteEndPoint: 127.0.0.1:57565 localEndPoint: 127.0.0.1:57564
TpTrace Verbose: 0 : 14624, 4, 2023/08/29, 16:45:35.020, 1086586004817, vstest.console.dll, MulticastDelegateUtilities.SafeInvoke: InternalTestLoggerEvents.SendTestRunMessage: Invoking callback 1/1 for Microsoft.VisualStudio.TestPlatform.CommandLine.Internal.ConsoleLogger., took 0 ms.
TpTrace Verbose: 0 : 14624, 11, 2023/08/29, 16:45:35.020, 1086586005140, vstest.console.dll, LengthPrefixCommunicationChannel.NotifyDataAvailable: New data are waiting to be received, but there is no subscriber to be notified. Not reading them from the stream.
TpTrace Verbose: 0 : 14624, 11, 2023/08/29, 16:45:35.020, 1086586005965, vstest.console.dll, TcpClientExtensions.MessageLoopAsync: Polling on remoteEndPoint: 127.0.0.1:57565 localEndPoint: 127.0.0.1:57564
TpTrace Verbose: 0 : 14624, 11, 2023/08/29, 16:45:35.020, 1086586006312, vstest.console.dll, TcpClientExtensions.MessageLoopAsync: NotifyDataAvailable remoteEndPoint: 127.0.0.1:57565 localEndPoint: 127.0.0.1:57564
TpTrace Verbose: 0 : 14624, 11, 2023/08/29, 16:45:35.020, 1086586006570, vstest.console.dll, LengthPrefixCommunicationChannel.NotifyDataAvailable: New data are waiting to be received, but there is no subscriber to be notified. Not reading them from the stream.
TpTrace Verbose: 0 : 14624, 11, 2023/08/29, 16:45:35.020, 1086586006830, vstest.console.dll, TcpClientExtensions.MessageLoopAsync: Polling on remoteEndPoint: 127.0.0.1:57565 localEndPoint: 127.0.0.1:57564
TpTrace Verbose: 0 : 14624, 11, 2023/08/29, 16:45:35.020, 1086586007048, vstest.console.dll, TcpClientExtensions.MessageLoopAsync: NotifyDataAvailable remoteEndPoint: 127.0.0.1:57565 localEndPoint: 127.0.0.1:57564
TpTrace Verbose: 0 : 14624, 11, 2023/08/29, 16:45:35.020, 1086586007333, vstest.console.dll, LengthPrefixCommunicationChannel.NotifyDataAvailable: New data are waiting to be received, but there is no subscriber to be notified. Not reading them from the stream.
TpTrace Verbose: 0 : 14624, 11, 2023/08/29, 16:45:35.020, 1086586007606, vstest.console.dll, TcpClientExtensions.MessageLoopAsync: Polling on remoteEndPoint: 127.0.0.1:57565 localEndPoint: 127.0.0.1:57564
TpTrace Verbose: 0 : 14624, 11, 2023/08/29, 16:45:35.020, 1086586007820, vstest.console.dll, TcpClientExtensions.MessageLoopAsync: NotifyDataAvailable remoteEndPoint: 127.0.0.1:57565 localEndPoint: 127.0.0.1:57564
TpTrace Verbose: 0 : 14624, 11, 2023/08/29, 16:45:35.020, 1086586008000, vstest.console.dll, LengthPrefixCommunicationChannel.NotifyDataAvailable: New data are waiting to be received, but there is no subscriber to be notified. Not reading them from the stream.
TpTrace Warning: 0 : 14624, 5, 2023/08/29, 16:45:35.020, 1086586008165, vstest.console.dll, InferRunSettingsHelper.MakeRunsettingsCompatible: Removing the following settings: TargetPlatform from RunSettings file. To use those settings please move to latest version of Microsoft.NET.Test.Sdk
TpTrace Verbose: 0 : 14624, 11, 2023/08/29, 16:45:35.020, 1086586008191, vstest.console.dll, TcpClientExtensions.MessageLoopAsync: Polling on remoteEndPoint: 127.0.0.1:57565 localEndPoint: 127.0.0.1:57564
TpTrace Verbose: 0 : 14624, 11, 2023/08/29, 16:45:35.020, 1086586009202, vstest.console.dll, TcpClientExtensions.MessageLoopAsync: NotifyDataAvailable remoteEndPoint: 127.0.0.1:57565 localEndPoint: 127.0.0.1:57564
TpTrace Verbose: 0 : 14624, 11, 2023/08/29, 16:45:35.020, 1086586009454, vstest.console.dll, LengthPrefixCommunicationChannel.NotifyDataAvailable: New data are waiting to be received, but there is no subscriber to be notified. Not reading them from the stream.
TpTrace Verbose: 0 : 14624, 11, 2023/08/29, 16:45:35.020, 1086586009793, vstest.console.dll, TcpClientExtensions.MessageLoopAsync: Polling on remoteEndPoint: 127.0.0.1:57565 localEndPoint: 127.0.0.1:57564
TpTrace Verbose: 0 : 14624, 11, 2023/08/29, 16:45:35.020, 1086586010008, vstest.console.dll, TcpClientExtensions.MessageLoopAsync: NotifyDataAvailable remoteEndPoint: 127.0.0.1:57565 localEndPoint: 127.0.0.1:57564
TpTrace Verbose: 0 : 14624, 11, 2023/08/29, 16:45:35.020, 1086586010263, vstest.console.dll, LengthPrefixCommunicationChannel.NotifyDataAvailable: New data are waiting to be received, but there is no subscriber to be notified. Not reading them from the stream.
TpTrace Verbose: 0 : 14624, 11, 2023/08/29, 16:45:35.020, 1086586010466, vstest.console.dll, TcpClientExtensions.MessageLoopAsync: Polling on remoteEndPoint: 127.0.0.1:57565 localEndPoint: 127.0.0.1:57564
TpTrace Verbose: 0 : 14624, 11, 2023/08/29, 16:45:35.020, 1086586010692, vstest.console.dll, TcpClientExtensions.MessageLoopAsync: NotifyDataAvailable remoteEndPoint: 127.0.0.1:57565 localEndPoint: 127.0.0.1:57564
TpTrace Verbose: 0 : 14624, 11, 2023/08/29, 16:45:35.020, 1086586010877, vstest.console.dll, LengthPrefixCommunicationChannel.NotifyDataAvailable: New data are waiting to be received, but there is no subscriber to be notified. Not reading them from the stream.
TpTrace Verbose: 0 : 14624, 11, 2023/08/29, 16:45:35.020, 1086586011094, vstest.console.dll, TcpClientExtensions.MessageLoopAsync: Polling on remoteEndPoint: 127.0.0.1:57565 localEndPoint: 127.0.0.1:57564
TpTrace Verbose: 0 : 14624, 11, 2023/08/29, 16:45:35.020, 1086586011321, vstest.console.dll, TcpClientExtensions.MessageLoopAsync: NotifyDataAvailable remoteEndPoint: 127.0.0.1:57565 localEndPoint: 127.0.0.1:57564
TpTrace Verbose: 0 : 14624, 11, 2023/08/29, 16:45:35.020, 1086586011507, vstest.console.dll, LengthPrefixCommunicationChannel.NotifyDataAvailable: New data are waiting to be received, but there is no subscriber to be notified. Not reading them from the stream.
TpTrace Verbose: 0 : 14624, 11, 2023/08/29, 16:45:35.020, 1086586011725, vstest.console.dll, TcpClientExtensions.MessageLoopAsync: Polling on remoteEndPoint: 127.0.0.1:57565 localEndPoint: 127.0.0.1:57564
TpTrace Verbose: 0 : 14624, 11, 2023/08/29, 16:45:35.020, 1086586011971, vstest.console.dll, TcpClientExtensions.MessageLoopAsync: NotifyDataAvailable remoteEndPoint: 127.0.0.1:57565 localEndPoint: 127.0.0.1:57564
TpTrace Verbose: 0 : 14624, 11, 2023/08/29, 16:45:35.020, 1086586012238, vstest.console.dll, LengthPrefixCommunicationChannel.NotifyDataAvailable: New data are waiting to be received, but there is no subscriber to be notified. Not reading them from the stream.
TpTrace Verbose: 0 : 14624, 11, 2023/08/29, 16:45:35.020, 1086586012443, vstest.console.dll, TcpClientExtensions.MessageLoopAsync: Polling on remoteEndPoint: 127.0.0.1:57565 localEndPoint: 127.0.0.1:57564
TpTrace Verbose: 0 : 14624, 11, 2023/08/29, 16:45:35.020, 1086586012652, vstest.console.dll, TcpClientExtensions.MessageLoopAsync: NotifyDataAvailable remoteEndPoint: 127.0.0.1:57565 localEndPoint: 127.0.0.1:57564
TpTrace Verbose: 0 : 14624, 11, 2023/08/29, 16:45:35.020, 1086586012838, vstest.console.dll, LengthPrefixCommunicationChannel.NotifyDataAvailable: New data are waiting to be received, but there is no subscriber to be notified. Not reading them from the stream.
TpTrace Verbose: 0 : 14624, 11, 2023/08/29, 16:45:35.020, 1086586013033, vstest.console.dll, TcpClientExtensions.MessageLoopAsync: Polling on remoteEndPoint: 127.0.0.1:57565 localEndPoint: 127.0.0.1:57564
TpTrace Verbose: 0 : 14624, 11, 2023/08/29, 16:45:35.020, 1086586013284, vstest.console.dll, TcpClientExtensions.MessageLoopAsync: NotifyDataAvailable remoteEndPoint: 127.0.0.1:57565 localEndPoint: 127.0.0.1:57564
TpTrace Verbose: 0 : 14624, 11, 2023/08/29, 16:45:35.021, 1086586015770, vstest.console.dll, TestRequestSender.OnExecutionMessageReceived: Received message: {"Version":7,"MessageType":"TestSession.Message","Payload":{"MessageLevel":0,"Message":"Logging TestHost Diagnostics in file: G:\\KaniniStockproject\\Backend\\Kanini.InvestmentSearchEngine.LoginWatchList\\TestLoginWatchList\\bin\\Debug\\net6.0\\fine-code-coverage\\coverage-tool-output\\diagnostics.host.23-08-29_16-45-34_59560_5.log"}}
TpTrace Verbose: 0 : 14624, 11, 2023/08/29, 16:45:35.023, 1086586041426, vstest.console.dll, TestRunRequest:SendTestRunMessage: Starting.
TpTrace Verbose: 0 : 14624, 11, 2023/08/29, 16:45:35.023, 1086586042935, vstest.console.dll, MulticastDelegateUtilities.SafeInvoke: TestRun.LogMessages: Invoking callback 1/1 for Microsoft.VisualStudio.TestPlatform.CommandLine.TestRunResultAggregator., took 0 ms.
TpTrace Information: 0 : 14624, 11, 2023/08/29, 16:45:35.023, 1086586043252, vstest.console.dll, TestRunRequest:SendTestRunMessage: Completed.
TpTrace Verbose: 0 : 14624, 4, 2023/08/29, 16:45:35.023, 1086586043273, vstest.console.dll, MulticastDelegateUtilities.SafeInvoke: InternalTestLoggerEvents.SendTestRunMessage: Invoking callback 1/1 for Microsoft.VisualStudio.TestPlatform.CommandLine.Internal.ConsoleLogger., took 0 ms.
TpTrace Verbose: 0 : 14624, 11, 2023/08/29, 16:45:35.023, 1086586043538, vstest.console.dll, MulticastDelegateUtilities.SafeInvoke: LengthPrefixCommunicationChannel: MessageReceived: Invoking callback 1/1 for Microsoft.VisualStudio.TestPlatform.CommunicationUtilities.TestRequestSender+<>c__DisplayClass34_0., took 2 ms.
TpTrace Verbose: 0 : 14624, 11, 2023/08/29, 16:45:35.024, 1086586044561, vstest.console.dll, TcpClientExtensions.MessageLoopAsync: Polling on remoteEndPoint: 127.0.0.1:57565 localEndPoint: 127.0.0.1:57564
TpTrace Verbose: 0 : 14624, 5, 2023/08/29, 16:45:35.030, 1086586106464, vstest.console.dll, TestRequestSender.StartTestRun: Sending test run with message: {"Version":7,"MessageType":"TestExecution.StartWithSources","Payload":{"AdapterSourceMap":{"_none_":["G:\\KaniniStockproject\\Backend\\Kanini.InvestmentSearchEngine.LoginWatchList\\TestLoginWatchList\\bin\\Debug\\net6.0\\fine-code-coverage\\build-output\\TestLoginWatchList.dll"]},"RunSettings":"<RunSettings>\r\n  <RunConfiguration>\r\n    <ResultsDirectory>G:\\KaniniStockproject\\Backend\\Kanini.InvestmentSearchEngine.LoginWatchList\\TestLoginWatchList\\bin\\Debug\\net6.0\\fine-code-coverage\\coverage-tool-output</ResultsDirectory>\r\n    <TargetFrameworkVersion>.NETCoreApp,Version=v6.0</TargetFrameworkVersion>\r\n    <DesignMode>False</DesignMode>\r\n    <CollectSourceInformation>False</CollectSourceInformation>\r\n  </RunConfiguration>\r\n  <LoggerRunSettings>\r\n    <Loggers>\r\n      <Logger friendlyName=\"blame\" enabled=\"True\" />\r\n      <Logger friendlyName=\"Console\" uri=\"logger://microsoft/TestPlatform/ConsoleLogger/v1\" assemblyQualifiedName=\"Microsoft.VisualStudio.TestPlatform.CommandLine.Internal.ConsoleLogger, vstest.console, Version=15.0.0.0, Culture=neutral, PublicKeyToken=b03f5f7f11d50a3a\" codeBase=\"C:\\Program Files\\dotnet\\sdk\\7.0.400\\vstest.console.dll\" enabled=\"True\" />\r\n    </Loggers>\r\n  </LoggerRunSettings>\r\n  <DataCollectionRunSettings>\r\n    <DataCollectors>\r\n      <DataCollector friendlyName=\"blame\" enabled=\"True\">\r\n        <Configuration>\r\n          <ResultsDirectory>G:\\KaniniStockproject\\Backend\\Kanini.InvestmentSearchEngine.LoginWatchList\\TestLoginWatchList\\bin\\Debug\\net6.0\\fine-code-coverage\\coverage-tool-output</ResultsDirectory>\r\n        </Configuration>\r\n      </DataCollector>\r\n    </DataCollectors>\r\n  </DataCollectionRunSettings>\r\n</RunSettings>","TestExecutionContext":{"FrequencyOfRunStatsChangeEvent":10,"RunStatsChangeEventTimeout":"00:00:01.5000000","InIsolation":false,"KeepAlive":false,"AreTestCaseLevelEventsRequired":false,"IsDebug":false,"TestCaseFilter":null,"FilterOptions":null},"Package":null}}
TpTrace Verbose: 0 : 14624, 11, 2023/08/29, 16:45:36.037, 1086596180847, vstest.console.dll, TcpClientExtensions.MessageLoopAsync: Polling on remoteEndPoint: 127.0.0.1:57565 localEndPoint: 127.0.0.1:57564
TpTrace Verbose: 0 : 14624, 11, 2023/08/29, 16:45:36.631, 1086602121285, vstest.console.dll, TcpClientExtensions.MessageLoopAsync: NotifyDataAvailable remoteEndPoint: 127.0.0.1:57565 localEndPoint: 127.0.0.1:57564
TpTrace Verbose: 0 : 14624, 11, 2023/08/29, 16:45:36.632, 1086602126214, vstest.console.dll, TestRequestSender.OnExecutionMessageReceived: Received message: {"Version":7,"MessageType":"TestExecution.StatsChange","Payload":{"NewTestResults":[{"TestCase":{"Id":"405546e0-681f-2bb2-b39c-213c0e674149","FullyQualifiedName":"TestLoginWatchList.TestWatchListService.TestRemovingFromWatchList.RemovingFromWatchListValidInputReturnsWatchList","DisplayName":"RemovingFromWatchListValidInputReturnsWatchList","ExecutorUri":"executor://MSTestAdapter/v2","Source":"G:\\KaniniStockproject\\Backend\\Kanini.InvestmentSearchEngine.LoginWatchList\\TestLoginWatchList\\bin\\Debug\\net6.0\\fine-code-coverage\\build-output\\TestLoginWatchList.dll","CodeFilePath":null,"LineNumber":-1,"Properties":[{"Key":{"Id":"TestCase.ManagedType","Label":"ManagedType","Category":"","Description":"","Attributes":1,"ValueType":"System.String"},"Value":"TestLoginWatchList.TestWatchListService.TestRemovingFromWatchList"},{"Key":{"Id":"TestCase.ManagedMethod","Label":"ManagedMethod","Category":"","Description":"","Attributes":1,"ValueType":"System.String"},"Value":"RemovingFromWatchListValidInputReturnsWatchList"},{"Key":{"Id":"MSTestDiscoverer.TestClassName","Label":"ClassName","Category":"","Description":"","Attributes":1,"ValueType":"System.String"},"Value":"TestLoginWatchList.TestWatchListService.TestRemovingFromWatchList"},{"Key":{"Id":"TestCase.Hierarchy","Label":"Hierarchy","Category":"","Description":"","Attributes":2,"ValueType":"System.String[]"},"Value":["TestLoginWatchList.TestWatchListService","TestRemovingFromWatchList"]},{"Key":{"Id":"TestObject.Traits","Label":"Traits","Category":"","Description":"","Attributes":5,"ValueType":"System.Collections.Generic.KeyValuePair`2[[System.String],[System.String]][]"},"Value":[]}]},"Attachments":[],"Outcome":1,"ErrorMessage":null,"ErrorStackTrace":null,"DisplayName":"RemovingFromWatchListValidInputReturnsWatchList","Messages":[],"ComputerName":null,"Duration":"00:00:00.1346015","StartTime":"2023-08-29T16:45:36.3131132+05:30","EndTime":"2023-08-29T16:45:36.4790249+05:30","Properties":[{"Key":{"Id":"ExecutionId","Label":"ExecutionId","Category":"","Description":"","Attributes":1,"ValueType":"System.Guid"},"Value":"00000000-0000-0000-0000-000000000000"},{"Key":{"Id":"ParentExecId","Label":"ParentExecId","Category":"","Description":"","Attributes":1,"ValueType":"System.Guid"},"Value":"00000000-0000-0000-0000-000000000000"},{"Key":{"Id":"InnerResultsCount","Label":"InnerResultsCount","Category":"","Description":"","Attributes":1,"ValueType":"System.Int32"},"Value":0}]},{"TestCase":{"Id":"db517333-3bbf-225f-10b0-712b805672a9","FullyQualifiedName":"TestLoginWatchList.TestWatchListService.TestRemovingFromWatchList.RemovingFromWatchListErrorDeletingThrowsCustomException","DisplayName":"RemovingFromWatchListErrorDeletingThrowsCustomException","ExecutorUri":"executor://MSTestAdapter/v2","Source":"G:\\KaniniStockproject\\Backend\\Kanini.InvestmentSearchEngine.LoginWatchList\\TestLoginWatchList\\bin\\Debug\\net6.0\\fine-code-coverage\\build-output\\TestLoginWatchList.dll","CodeFilePath":null,"LineNumber":-1,"Properties":[{"Key":{"Id":"TestCase.ManagedType","Label":"ManagedType","Category":"","Description":"","Attributes":1,"ValueType":"System.String"},"Value":"TestLoginWatchList.TestWatchListService.TestRemovingFromWatchList"},{"Key":{"Id":"TestCase.ManagedMethod","Label":"ManagedMethod","Category":"","Description":"","Attributes":1,"ValueType":"System.String"},"Value":"RemovingFromWatchListErrorDeletingThrowsCustomException"},{"Key":{"Id":"MSTestDiscoverer.TestClassName","Label":"ClassName","Category":"","Description":"","Attributes":1,"ValueType":"System.String"},"Value":"TestLoginWatchList.TestWatchListService.TestRemovingFromWatchList"},{"Key":{"Id":"TestCase.Hierarchy","Label":"Hierarchy","Category":"","Description":"","Attributes":2,"ValueType":"System.String[]"},"Value":["TestLoginWatchList.TestWatchListService","TestRemovingFromWatchList"]},{"Key":{"Id":"TestObject.Traits","Label":"Traits","Category":"","Description":"","Attributes":5,"ValueType":"System.Collections.Generic.KeyValuePair`2[[System.String],[System.String]][]"},"Value":[]}]},"Attachments":[],"Outcome":1,"ErrorMessage":null,"ErrorStackTrace":null,"DisplayName":"RemovingFromWatchListErrorDeletingThrowsCustomException","Messages":[],"ComputerName":null,"Duration":"00:00:00.0082707","StartTime":"2023-08-29T16:45:36.518158+05:30","EndTime":"2023-08-29T16:45:36.5269812+05:30","Properties":[{"Key":{"Id":"ExecutionId","Label":"ExecutionId","Category":"","Description":"","Attributes":1,"ValueType":"System.Guid"},"Value":"00000000-0000-0000-0000-000000000000"},{"Key":{"Id":"ParentExecId","Label":"ParentExecId","Category":"","Description":"","Attributes":1,"ValueType":"System.Guid"},"Value":"00000000-0000-0000-0000-000000000000"},{"Key":{"Id":"InnerResultsCount","Label":"InnerResultsCount","Category":"","Description":"","Attributes":1,"ValueType":"System.Int32"},"Value":0}]},{"TestCase":{"Id":"df48b417-394d-f8de-9b7f-e370fbae46a4","FullyQualifiedName":"TestLoginWatchList.TestWatchListService.TestRemovingFromWatchList.RemovingFromWatchListNoDataFoundThrowsCustomException","DisplayName":"RemovingFromWatchListNoDataFoundThrowsCustomException","ExecutorUri":"executor://MSTestAdapter/v2","Source":"G:\\KaniniStockproject\\Backend\\Kanini.InvestmentSearchEngine.LoginWatchList\\TestLoginWatchList\\bin\\Debug\\net6.0\\fine-code-coverage\\build-output\\TestLoginWatchList.dll","CodeFilePath":null,"LineNumber":-1,"Properties":[{"Key":{"Id":"TestCase.ManagedType","Label":"ManagedType","Category":"","Description":"","Attributes":1,"ValueType":"System.String"},"Value":"TestLoginWatchList.TestWatchListService.TestRemovingFromWatchList"},{"Key":{"Id":"TestCase.ManagedMethod","Label":"ManagedMethod","Category":"","Description":"","Attributes":1,"ValueType":"System.String"},"Value":"RemovingFromWatchListNoDataFoundThrowsCustomException"},{"Key":{"Id":"MSTestDiscoverer.TestClassName","Label":"ClassName","Category":"","Description":"","Attributes":1,"ValueType":"System.String"},"Value":"TestLoginWatchList.TestWatchListService.TestRemovingFromWatchList"},{"Key":{"Id":"TestCase.Hierarchy","Label":"Hierarchy","Category":"","Description":"","Attributes":2,"ValueType":"System.String[]"},"Value":["TestLoginWatchList.TestWatchListService","TestRemovingFromWatchList"]},{"Key":{"Id":"TestObject.Traits","Label":"Traits","Category":"","Description":"","Attributes":5,"ValueType":"System.Collections.Generic.KeyValuePair`2[[System.String],[System.String]][]"},"Value":[]}]},"Attachments":[],"Outcome":1,"ErrorMessage":null,"ErrorStackTrace":null,"DisplayName":"RemovingFromWatchListNoDataFoundThrowsCustomException","Messages":[],"ComputerName":null,"Duration":"00:00:00.0036066","StartTime":"2023-08-29T16:45:36.530681+05:30","EndTime":"2023-08-29T16:45:36.5346534+05:30","Properties":[{"Key":{"Id":"ExecutionId","Label":"ExecutionId","Category":"","Description":"","Attributes":1,"ValueType":"System.Guid"},"Value":"00000000-0000-0000-0000-000000000000"},{"Key":{"Id":"ParentExecId","Label":"ParentExecId","Category":"","Description":"","Attributes":1,"ValueType":"System.Guid"},"Value":"00000000-0000-0000-0000-000000000000"},{"Key":{"Id":"InnerResultsCount","Label":"InnerResultsCount","Category":"","Description":"","Attributes":1,"ValueType":"System.Int32"},"Value":0}]},{"TestCase":{"Id":"afa7d180-ab05-0592-f679-a0899fdb2c4d","FullyQualifiedName":"TestLoginWatchList.TestWatchListService.TestRemovingFromWatchList.RemovingFromWatchListWatchlistEmpty_hrowsCustomException","DisplayName":"RemovingFromWatchListWatchlistEmpty_hrowsCustomException","ExecutorUri":"executor://MSTestAdapter/v2","Source":"G:\\KaniniStockproject\\Backend\\Kanini.InvestmentSearchEngine.LoginWatchList\\TestLoginWatchList\\bin\\Debug\\net6.0\\fine-code-coverage\\build-output\\TestLoginWatchList.dll","CodeFilePath":null,"LineNumber":-1,"Properties":[{"Key":{"Id":"TestCase.ManagedType","Label":"ManagedType","Category":"","Description":"","Attributes":1,"ValueType":"System.String"},"Value":"TestLoginWatchList.TestWatchListService.TestRemovingFromWatchList"},{"Key":{"Id":"TestCase.ManagedMethod","Label":"ManagedMethod","Category":"","Description":"","Attributes":1,"ValueType":"System.String"},"Value":"RemovingFromWatchListWatchlistEmpty_hrowsCustomException"},{"Key":{"Id":"MSTestDiscoverer.TestClassName","Label":"ClassName","Category":"","Description":"","Attributes":1,"ValueType":"System.String"},"Value":"TestLoginWatchList.TestWatchListService.TestRemovingFromWatchList"},{"Key":{"Id":"TestCase.Hierarchy","Label":"Hierarchy","Category":"","Description":"","Attributes":2,"ValueType":"System.String[]"},"Value":["TestLoginWatchList.TestWatchListService","TestRemovingFromWatchList"]},{"Key":{"Id":"TestObject.Traits","Label":"Traits","Category":"","Description":"","Attributes":5,"ValueType":"System.Collections.Generic.KeyValuePair`2[[System.String],[System.String]][]"},"Value":[]}]},"Attachments":[],"Outcome":1,"ErrorMessage":null,"ErrorStackTrace":null,"DisplayName":"RemovingFromWatchListWatchlistEmpty_hrowsCustomException","Messages":[],"ComputerName":null,"Duration":"00:00:00.0016408","StartTime":"2023-08-29T16:45:36.5388695+05:30","EndTime":"2023-08-29T16:45:36.5410883+05:30","Properties":[{"Key":{"Id":"ExecutionId","Label":"ExecutionId","Category":"","Description":"","Attributes":1,"ValueType":"System.Guid"},"Value":"00000000-0000-0000-0000-000000000000"},{"Key":{"Id":"ParentExecId","Label":"ParentExecId","Category":"","Description":"","Attributes":1,"ValueType":"System.Guid"},"Value":"00000000-0000-0000-0000-000000000000"},{"Key":{"Id":"InnerResultsCount","Label":"InnerResultsCount","Category":"","Description":"","Attributes":1,"ValueType":"System.Int32"},"Value":0}]},{"TestCase":{"Id":"4d955034-ae3c-36d9-eb22-6bb82065ef00","FullyQualifiedName":"TestLoginWatchList.TestWatchListService.TestViewWatchList.ViewWatchListUserHasWatchlistReturnsWatchlist","DisplayName":"ViewWatchListUserHasWatchlistReturnsWatchlist","ExecutorUri":"executor://MSTestAdapter/v2","Source":"G:\\KaniniStockproject\\Backend\\Kanini.InvestmentSearchEngine.LoginWatchList\\TestLoginWatchList\\bin\\Debug\\net6.0\\fine-code-coverage\\build-output\\TestLoginWatchList.dll","CodeFilePath":null,"LineNumber":-1,"Properties":[{"Key":{"Id":"TestCase.ManagedType","Label":"ManagedType","Category":"","Description":"","Attributes":1,"ValueType":"System.String"},"Value":"TestLoginWatchList.TestWatchListService.TestViewWatchList"},{"Key":{"Id":"TestCase.ManagedMethod","Label":"ManagedMethod","Category":"","Description":"","Attributes":1,"ValueType":"System.String"},"Value":"ViewWatchListUserHasWatchlistReturnsWatchlist"},{"Key":{"Id":"MSTestDiscoverer.TestClassName","Label":"ClassName","Category":"","Description":"","Attributes":1,"ValueType":"System.String"},"Value":"TestLoginWatchList.TestWatchListService.TestViewWatchList"},{"Key":{"Id":"TestCase.Hierarchy","Label":"Hierarchy","Category":"","Description":"","Attributes":2,"ValueType":"System.String[]"},"Value":["TestLoginWatchList.TestWatchListService","TestViewWatchList"]},{"Key":{"Id":"TestObject.Traits","Label":"Traits","Category":"","Description":"","Attributes":5,"ValueType":"System.Collections.Generic.KeyValuePair`2[[System.String],[System.String]][]"},"Value":[]}]},"Attachments":[],"Outcome":1,"ErrorMessage":null,"ErrorStackTrace":null,"DisplayName":"ViewWatchListUserHasWatchlistReturnsWatchlist","Messages":[],"ComputerName":null,"Duration":"00:00:00.0047357","StartTime":"2023-08-29T16:45:36.5442762+05:30","EndTime":"2023-08-29T16:45:36.5495499+05:30","Properties":[{"Key":{"Id":"ExecutionId","Label":"ExecutionId","Category":"","Description":"","Attributes":1,"ValueType":"System.Guid"},"Value":"00000000-0000-0000-0000-000000000000"},{"Key":{"Id":"ParentExecId","Label":"ParentExecId","Category":"","Description":"","Attributes":1,"ValueType":"System.Guid"},"Value":"00000000-0000-0000-0000-000000000000"},{"Key":{"Id":"InnerResultsCount","Label":"InnerResultsCount","Category":"","Description":"","Attributes":1,"ValueType":"System.Int32"},"Value":0}]},{"TestCase":{"Id":"45f9c08e-c9ef-51c4-03b8-5568bcb22579","FullyQualifiedName":"TestLoginWatchList.TestWatchListService.TestViewWatchList.ViewWatchListThrowsCustomExceptionWhenEmpty","DisplayName":"ViewWatchListThrowsCustomExceptionWhenEmpty","ExecutorUri":"executor://MSTestAdapter/v2","Source":"G:\\KaniniStockproject\\Backend\\Kanini.InvestmentSearchEngine.LoginWatchList\\TestLoginWatchList\\bin\\Debug\\net6.0\\fine-code-coverage\\build-output\\TestLoginWatchList.dll","CodeFilePath":null,"LineNumber":-1,"Properties":[{"Key":{"Id":"TestCase.ManagedType","Label":"ManagedType","Category":"","Description":"","Attributes":1,"ValueType":"System.String"},"Value":"TestLoginWatchList.TestWatchListService.TestViewWatchList"},{"Key":{"Id":"TestCase.ManagedMethod","Label":"ManagedMethod","Category":"","Description":"","Attributes":1,"ValueType":"System.String"},"Value":"ViewWatchListThrowsCustomExceptionWhenEmpty"},{"Key":{"Id":"MSTestDiscoverer.TestClassName","Label":"ClassName","Category":"","Description":"","Attributes":1,"ValueType":"System.String"},"Value":"TestLoginWatchList.TestWatchListService.TestViewWatchList"},{"Key":{"Id":"TestCase.Hierarchy","Label":"Hierarchy","Category":"","Description":"","Attributes":2,"ValueType":"System.String[]"},"Value":["TestLoginWatchList.TestWatchListService","TestViewWatchList"]},{"Key":{"Id":"TestObject.Traits","Label":"Traits","Category":"","Description":"","Attributes":5,"ValueType":"System.Collections.Generic.KeyValuePair`2[[System.String],[System.String]][]"},"Value":[]}]},"Attachments":[],"Outcome":1,"ErrorMessage":null,"ErrorStackTrace":null,"DisplayName":"ViewWatchListThrowsCustomExceptionWhenEmpty","Messages":[],"ComputerName":null,"Duration":"00:00:00.0014608","StartTime":"2023-08-29T16:45:36.5542177+05:30","EndTime":"2023-08-29T16:45:36.5560502+05:30","Properties":[{"Key":{"Id":"ExecutionId","Label":"ExecutionId","Category":"","Description":"","Attributes":1,"ValueType":"System.Guid"},"Value":"00000000-0000-0000-0000-000000000000"},{"Key":{"Id":"ParentExecId","Label":"ParentExecId","Category":"","Description":"","Attributes":1,"ValueType":"System.Guid"},"Value":"00000000-0000-0000-0000-000000000000"},{"Key":{"Id":"InnerResultsCount","Label":"InnerResultsCount","Category":"","Description":"","Attributes":1,"ValueType":"System.Int32"},"Value":0}]},{"TestCase":{"Id":"1e59d955-361d-758b-9913-f355b9b3ab53","FullyQualifiedName":"TestLoginWatchList.TestAddingCompanyToWatchList.TestAddingCompanyToWatchList.AddCompanyToWatchListValidInputReturnsWatchList","DisplayName":"AddCompanyToWatchListValidInputReturnsWatchList","ExecutorUri":"executor://MSTestAdapter/v2","Source":"G:\\KaniniStockproject\\Backend\\Kanini.InvestmentSearchEngine.LoginWatchList\\TestLoginWatchList\\bin\\Debug\\net6.0\\fine-code-coverage\\build-output\\TestLoginWatchList.dll","CodeFilePath":null,"LineNumber":-1,"Properties":[{"Key":{"Id":"TestCase.ManagedType","Label":"ManagedType","Category":"","Description":"","Attributes":1,"ValueType":"System.String"},"Value":"TestLoginWatchList.TestAddingCompanyToWatchList.TestAddingCompanyToWatchList"},{"Key":{"Id":"TestCase.ManagedMethod","Label":"ManagedMethod","Category":"","Description":"","Attributes":1,"ValueType":"System.String"},"Value":"AddCompanyToWatchListValidInputReturnsWatchList"},{"Key":{"Id":"MSTestDiscoverer.TestClassName","Label":"ClassName","Category":"","Description":"","Attributes":1,"ValueType":"System.String"},"Value":"TestLoginWatchList.TestAddingCompanyToWatchList.TestAddingCompanyToWatchList"},{"Key":{"Id":"TestCase.Hierarchy","Label":"Hierarchy","Category":"","Description":"","Attributes":2,"ValueType":"System.String[]"},"Value":["TestLoginWatchList.TestAddingCompanyToWatchList","TestAddingCompanyToWatchList"]},{"Key":{"Id":"TestObject.Traits","Label":"Traits","Category":"","Description":"","Attributes":5,"ValueType":"System.Collections.Generic.KeyValuePair`2[[System.String],[System.String]][]"},"Value":[]}]},"Attachments":[],"Outcome":1,"ErrorMessage":null,"ErrorStackTrace":null,"DisplayName":"AddCompanyToWatchListValidInputReturnsWatchList","Messages":[],"ComputerName":null,"Duration":"00:00:00.0121453","StartTime":"2023-08-29T16:45:36.5592913+05:30","EndTime":"2023-08-29T16:45:36.5718687+05:30","Properties":[{"Key":{"Id":"ExecutionId","Label":"ExecutionId","Category":"","Description":"","Attributes":1,"ValueType":"System.Guid"},"Value":"00000000-0000-0000-0000-000000000000"},{"Key":{"Id":"ParentExecId","Label":"ParentExecId","Category":"","Description":"","Attributes":1,"ValueType":"System.Guid"},"Value":"00000000-0000-0000-0000-000000000000"},{"Key":{"Id":"InnerResultsCount","Label":"InnerResultsCount","Category":"","Description":"","Attributes":1,"ValueType":"System.Int32"},"Value":0}]},{"TestCase":{"Id":"89bd8669-5f5f-305c-2df1-d029c0d6b919","FullyQualifiedName":"TestLoginWatchList.TestAddingCompanyToWatchList.TestAddingCompanyToWatchList.AddCompanyToWatchListUserNotExistsThrowsCustomException","DisplayName":"AddCompanyToWatchListUserNotExistsThrowsCustomException","ExecutorUri":"executor://MSTestAdapter/v2","Source":"G:\\KaniniStockproject\\Backend\\Kanini.InvestmentSearchEngine.LoginWatchList\\TestLoginWatchList\\bin\\Debug\\net6.0\\fine-code-coverage\\build-output\\TestLoginWatchList.dll","CodeFilePath":null,"LineNumber":-1,"Properties":[{"Key":{"Id":"TestCase.ManagedType","Label":"ManagedType","Category":"","Description":"","Attributes":1,"ValueType":"System.String"},"Value":"TestLoginWatchList.TestAddingCompanyToWatchList.TestAddingCompanyToWatchList"},{"Key":{"Id":"TestCase.ManagedMethod","Label":"ManagedMethod","Category":"","Description":"","Attributes":1,"ValueType":"System.String"},"Value":"AddCompanyToWatchListUserNotExistsThrowsCustomException"},{"Key":{"Id":"MSTestDiscoverer.TestClassName","Label":"ClassName","Category":"","Description":"","Attributes":1,"ValueType":"System.String"},"Value":"TestLoginWatchList.TestAddingCompanyToWatchList.TestAddingCompanyToWatchList"},{"Key":{"Id":"TestCase.Hierarchy","Label":"Hierarchy","Category":"","Description":"","Attributes":2,"ValueType":"System.String[]"},"Value":["TestLoginWatchList.TestAddingCompanyToWatchList","TestAddingCompanyToWatchList"]},{"Key":{"Id":"TestObject.Traits","Label":"Traits","Category":"","Description":"","Attributes":5,"ValueType":"System.Collections.Generic.KeyValuePair`2[[System.String],[System.String]][]"},"Value":[]}]},"Attachments":[],"Outcome":1,"ErrorMessage":null,"ErrorStackTrace":null,"DisplayName":"AddCompanyToWatchListUserNotExistsThrowsCustomException","Messages":[],"ComputerName":null,"Duration":"00:00:00.0019272","StartTime":"2023-08-29T16:45:36.5750223+05:30","EndTime":"2023-08-29T16:45:36.5772695+05:30","Properties":[{"Key":{"Id":"ExecutionId","Label":"ExecutionId","Category":"","Description":"","Attributes":1,"ValueType":"System.Guid"},"Value":"00000000-0000-0000-0000-000000000000"},{"Key":{"Id":"ParentExecId","Label":"ParentExecId","Category":"","Description":"","Attributes":1,"ValueType":"System.Guid"},"Value":"00000000-0000-0000-0000-000000000000"},{"Key":{"Id":"InnerResultsCount","Label":"InnerResultsCount","Category":"","Description":"","Attributes":1,"ValueType":"System.Int32"},"Value":0}]},{"TestCase":{"Id":"07c49aa1-1b4b-e076-73fd-d92e28f27f51","FullyQualifiedName":"TestLoginWatchList.TestAddingCompanyToWatchList.TestAddingCompanyToWatchList.AddCompanyToWatchListCompanyAlreadyInWatchlistThrowsCustomException","DisplayName":"AddCompanyToWatchListCompanyAlreadyInWatchlistThrowsCustomException","ExecutorUri":"executor://MSTestAdapter/v2","Source":"G:\\KaniniStockproject\\Backend\\Kanini.InvestmentSearchEngine.LoginWatchList\\TestLoginWatchList\\bin\\Debug\\net6.0\\fine-code-coverage\\build-output\\TestLoginWatchList.dll","CodeFilePath":null,"LineNumber":-1,"Properties":[{"Key":{"Id":"TestCase.ManagedType","Label":"ManagedType","Category":"","Description":"","Attributes":1,"ValueType":"System.String"},"Value":"TestLoginWatchList.TestAddingCompanyToWatchList.TestAddingCompanyToWatchList"},{"Key":{"Id":"TestCase.ManagedMethod","Label":"ManagedMethod","Category":"","Description":"","Attributes":1,"ValueType":"System.String"},"Value":"AddCompanyToWatchListCompanyAlreadyInWatchlistThrowsCustomException"},{"Key":{"Id":"MSTestDiscoverer.TestClassName","Label":"ClassName","Category":"","Description":"","Attributes":1,"ValueType":"System.String"},"Value":"TestLoginWatchList.TestAddingCompanyToWatchList.TestAddingCompanyToWatchList"},{"Key":{"Id":"TestCase.Hierarchy","Label":"Hierarchy","Category":"","Description":"","Attributes":2,"ValueType":"System.String[]"},"Value":["TestLoginWatchList.TestAddingCompanyToWatchList","TestAddingCompanyToWatchList"]},{"Key":{"Id":"TestObject.Traits","Label":"Traits","Category":"","Description":"","Attributes":5,"ValueType":"System.Collections.Generic.KeyValuePair`2[[System.String],[System.String]][]"},"Value":[]}]},"Attachments":[],"Outcome":1,"ErrorMessage":null,"ErrorStackTrace":null,"DisplayName":"AddCompanyToWatchListCompanyAlreadyInWatchlistThrowsCustomException","Messages":[],"ComputerName":null,"Duration":"00:00:00.0038907","StartTime":"2023-08-29T16:45:36.5817219+05:30","EndTime":"2023-08-29T16:45:36.586082+05:30","Properties":[{"Key":{"Id":"ExecutionId","Label":"ExecutionId","Category":"","Description":"","Attributes":1,"ValueType":"System.Guid"},"Value":"00000000-0000-0000-0000-000000000000"},{"Key":{"Id":"ParentExecId","Label":"ParentExecId","Category":"","Description":"","Attributes":1,"ValueType":"System.Guid"},"Value":"00000000-0000-0000-0000-000000000000"},{"Key":{"Id":"InnerResultsCount","Label":"InnerResultsCount","Category":"","Description":"","Attributes":1,"ValueType":"System.Int32"},"Value":0}]}],"TestRunStatistics":{"ExecutedTests":9,"Stats":{"Passed":9}},"ActiveTests":[{"Id":"85b73d28-42be-de13-d400-e21541a333f2","FullyQualifiedName":"TestLoginWatchList.TestAddingCompanyToWatchList.TestAddingCompanyToWatchList.AddCompanyToWatchListUnableToAddThrowsCustomException","DisplayName":"AddCompanyToWatchListUnableToAddThrowsCustomException","ExecutorUri":"executor://MSTestAdapter/v2","Source":"G:\\KaniniStockproject\\Backend\\Kanini.InvestmentSearchEngine.LoginWatchList\\TestLoginWatchList\\bin\\Debug\\net6.0\\fine-code-coverage\\build-output\\TestLoginWatchList.dll","CodeFilePath":null,"LineNumber":-1,"Properties":[{"Key":{"Id":"TestCase.ManagedType","Label":"ManagedType","Category":"","Description":"","Attributes":1,"ValueType":"System.String"},"Value":"TestLoginWatchList.TestAddingCompanyToWatchList.TestAddingCompanyToWatchList"},{"Key":{"Id":"TestCase.ManagedMethod","Label":"ManagedMethod","Category":"","Description":"","Attributes":1,"ValueType":"System.String"},"Value":"AddCompanyToWatchListUnableToAddThrowsCustomException"},{"Key":{"Id":"MSTestDiscoverer.TestClassName","Label":"ClassName","Category":"","Description":"","Attributes":1,"ValueType":"System.String"},"Value":"TestLoginWatchList.TestAddingCompanyToWatchList.TestAddingCompanyToWatchList"},{"Key":{"Id":"TestCase.Hierarchy","Label":"Hierarchy","Category":"","Description":"","Attributes":2,"ValueType":"System.String[]"},"Value":["TestLoginWatchList.TestAddingCompanyToWatchList","TestAddingCompanyToWatchList"]},{"Key":{"Id":"TestObject.Traits","Label":"Traits","Category":"","Description":"","Attributes":5,"ValueType":"System.Collections.Generic.KeyValuePair`2[[System.String],[System.String]][]"},"Value":[]}]}]}}
TpTrace Verbose: 0 : 14624, 11, 2023/08/29, 16:45:36.687, 1086602677465, vstest.console.dll, TestRunRequest:SendTestRunStatsChange: Starting.
TpTrace Verbose: 0 : 14624, 11, 2023/08/29, 16:45:36.687, 1086602679758, vstest.console.dll, InProgress is AddCompanyToWatchListUnableToAddThrowsCustomException
TpTrace Verbose: 0 : 14624, 11, 2023/08/29, 16:45:36.687, 1086602682879, vstest.console.dll, MulticastDelegateUtilities.SafeInvoke: TestRun.RunStatsChanged: Invoking callbacks was skipped because there are no subscribers.
TpTrace Information: 0 : 14624, 11, 2023/08/29, 16:45:36.687, 1086602683472, vstest.console.dll, TestRunRequest:SendTestRunStatsChange: Completed.
TpTrace Verbose: 0 : 14624, 11, 2023/08/29, 16:45:36.687, 1086602683777, vstest.console.dll, MulticastDelegateUtilities.SafeInvoke: LengthPrefixCommunicationChannel: MessageReceived: Invoking callback 1/1 for Microsoft.VisualStudio.TestPlatform.CommunicationUtilities.TestRequestSender+<>c__DisplayClass34_0., took 55 ms.
TpTrace Verbose: 0 : 14624, 11, 2023/08/29, 16:45:36.687, 1086602684091, vstest.console.dll, TcpClientExtensions.MessageLoopAsync: Polling on remoteEndPoint: 127.0.0.1:57565 localEndPoint: 127.0.0.1:57564
TpTrace Verbose: 0 : 14624, 4, 2023/08/29, 16:45:36.691, 1086602718365, vstest.console.dll, MulticastDelegateUtilities.SafeInvoke: InternalTestLoggerEvents.SendTestResult: Invoking callback 1/1 for Microsoft.VisualStudio.TestPlatform.CommandLine.Internal.ConsoleLogger., took 3 ms.
TpTrace Verbose: 0 : 14624, 4, 2023/08/29, 16:45:36.692, 1086602726577, vstest.console.dll, MulticastDelegateUtilities.SafeInvoke: InternalTestLoggerEvents.SendTestResult: Invoking callback 1/1 for Microsoft.VisualStudio.TestPlatform.CommandLine.Internal.ConsoleLogger., took 0 ms.
TpTrace Verbose: 0 : 14624, 4, 2023/08/29, 16:45:36.692, 1086602727623, vstest.console.dll, MulticastDelegateUtilities.SafeInvoke: InternalTestLoggerEvents.SendTestResult: Invoking callback 1/1 for Microsoft.VisualStudio.TestPlatform.CommandLine.Internal.ConsoleLogger., took 0 ms.
TpTrace Verbose: 0 : 14624, 4, 2023/08/29, 16:45:36.692, 1086602728035, vstest.console.dll, MulticastDelegateUtilities.SafeInvoke: InternalTestLoggerEvents.SendTestResult: Invoking callback 1/1 for Microsoft.VisualStudio.TestPlatform.CommandLine.Internal.ConsoleLogger., took 0 ms.
TpTrace Verbose: 0 : 14624, 4, 2023/08/29, 16:45:36.692, 1086602728354, vstest.console.dll, MulticastDelegateUtilities.SafeInvoke: InternalTestLoggerEvents.SendTestResult: Invoking callback 1/1 for Microsoft.VisualStudio.TestPlatform.CommandLine.Internal.ConsoleLogger., took 0 ms.
TpTrace Verbose: 0 : 14624, 4, 2023/08/29, 16:45:36.692, 1086602728717, vstest.console.dll, MulticastDelegateUtilities.SafeInvoke: InternalTestLoggerEvents.SendTestResult: Invoking callback 1/1 for Microsoft.VisualStudio.TestPlatform.CommandLine.Internal.ConsoleLogger., took 0 ms.
TpTrace Verbose: 0 : 14624, 4, 2023/08/29, 16:45:36.692, 1086602729060, vstest.console.dll, MulticastDelegateUtilities.SafeInvoke: InternalTestLoggerEvents.SendTestResult: Invoking callback 1/1 for Microsoft.VisualStudio.TestPlatform.CommandLine.Internal.ConsoleLogger., took 0 ms.
TpTrace Verbose: 0 : 14624, 4, 2023/08/29, 16:45:36.692, 1086602729430, vstest.console.dll, MulticastDelegateUtilities.SafeInvoke: InternalTestLoggerEvents.SendTestResult: Invoking callback 1/1 for Microsoft.VisualStudio.TestPlatform.CommandLine.Internal.ConsoleLogger., took 0 ms.
TpTrace Verbose: 0 : 14624, 4, 2023/08/29, 16:45:36.692, 1086602729791, vstest.console.dll, MulticastDelegateUtilities.SafeInvoke: InternalTestLoggerEvents.SendTestResult: Invoking callback 1/1 for Microsoft.VisualStudio.TestPlatform.CommandLine.Internal.ConsoleLogger., took 0 ms.
TpTrace Verbose: 0 : 14624, 11, 2023/08/29, 16:45:36.751, 1086603320108, vstest.console.dll, TcpClientExtensions.MessageLoopAsync: NotifyDataAvailable remoteEndPoint: 127.0.0.1:57565 localEndPoint: 127.0.0.1:57564
TpTrace Verbose: 0 : 14624, 11, 2023/08/29, 16:45:36.751, 1086603323140, vstest.console.dll, TestRequestSender.OnExecutionMessageReceived: Received message: {"Version":7,"MessageType":"TestExecution.Completed","Payload":{"TestRunCompleteArgs":{"TestRunStatistics":{"ExecutedTests":18,"Stats":{"Passed":18}},"IsCanceled":false,"IsAborted":false,"Error":null,"AttachmentSets":[],"InvokedDataCollectors":[],"ElapsedTimeInRunningTests":"00:00:01.5353078","Metrics":{},"DiscoveredExtensions":{"TestDiscoverers":["Microsoft.VisualStudio.TestPlatform.MSTest.TestAdapter.MSTestDiscoverer, Microsoft.VisualStudio.TestPlatform.MSTest.TestAdapter, Version=14.0.0.0, Culture=neutral, PublicKeyToken=b03f5f7f11d50a3a"],"TestExecutors":["executor://MSTestAdapter/v2"],"TestExecutors2":[],"TestSettingsProviders":[]}},"LastRunTests":{"NewTestResults":[{"TestCase":{"Id":"85b73d28-42be-de13-d400-e21541a333f2","FullyQualifiedName":"TestLoginWatchList.TestAddingCompanyToWatchList.TestAddingCompanyToWatchList.AddCompanyToWatchListUnableToAddThrowsCustomException","DisplayName":"AddCompanyToWatchListUnableToAddThrowsCustomException","ExecutorUri":"executor://MSTestAdapter/v2","Source":"G:\\KaniniStockproject\\Backend\\Kanini.InvestmentSearchEngine.LoginWatchList\\TestLoginWatchList\\bin\\Debug\\net6.0\\fine-code-coverage\\build-output\\TestLoginWatchList.dll","CodeFilePath":null,"LineNumber":-1,"Properties":[{"Key":{"Id":"TestCase.ManagedType","Label":"ManagedType","Category":"","Description":"","Attributes":1,"ValueType":"System.String"},"Value":"TestLoginWatchList.TestAddingCompanyToWatchList.TestAddingCompanyToWatchList"},{"Key":{"Id":"TestCase.ManagedMethod","Label":"ManagedMethod","Category":"","Description":"","Attributes":1,"ValueType":"System.String"},"Value":"AddCompanyToWatchListUnableToAddThrowsCustomException"},{"Key":{"Id":"MSTestDiscoverer.TestClassName","Label":"ClassName","Category":"","Description":"","Attributes":1,"ValueType":"System.String"},"Value":"TestLoginWatchList.TestAddingCompanyToWatchList.TestAddingCompanyToWatchList"},{"Key":{"Id":"TestCase.Hierarchy","Label":"Hierarchy","Category":"","Description":"","Attributes":2,"ValueType":"System.String[]"},"Value":["TestLoginWatchList.TestAddingCompanyToWatchList","TestAddingCompanyToWatchList"]},{"Key":{"Id":"TestObject.Traits","Label":"Traits","Category":"","Description":"","Attributes":5,"ValueType":"System.Collections.Generic.KeyValuePair`2[[System.String],[System.String]][]"},"Value":[]}]},"Attachments":[],"Outcome":1,"ErrorMessage":null,"ErrorStackTrace":null,"DisplayName":"AddCompanyToWatchListUnableToAddThrowsCustomException","Messages":[],"ComputerName":null,"Duration":"00:00:00.0035419","StartTime":"2023-08-29T16:45:36.6337522+05:30","EndTime":"2023-08-29T16:45:36.637677+05:30","Properties":[{"Key":{"Id":"ExecutionId","Label":"ExecutionId","Category":"","Description":"","Attributes":1,"ValueType":"System.Guid"},"Value":"00000000-0000-0000-0000-000000000000"},{"Key":{"Id":"ParentExecId","Label":"ParentExecId","Category":"","Description":"","Attributes":1,"ValueType":"System.Guid"},"Value":"00000000-0000-0000-0000-000000000000"},{"Key":{"Id":"InnerResultsCount","Label":"InnerResultsCount","Category":"","Description":"","Attributes":1,"ValueType":"System.Int32"},"Value":0}]},{"TestCase":{"Id":"6a39b8ab-72d5-a0b0-6898-eff5fc2b8640","FullyQualifiedName":"TestLoginWatchList.TestUserService.TestRegister.RegisterUserAlreadyExistsThrowsCustomException","DisplayName":"RegisterUserAlreadyExistsThrowsCustomException","ExecutorUri":"executor://MSTestAdapter/v2","Source":"G:\\KaniniStockproject\\Backend\\Kanini.InvestmentSearchEngine.LoginWatchList\\TestLoginWatchList\\bin\\Debug\\net6.0\\fine-code-coverage\\build-output\\TestLoginWatchList.dll","CodeFilePath":null,"LineNumber":-1,"Properties":[{"Key":{"Id":"TestCase.ManagedType","Label":"ManagedType","Category":"","Description":"","Attributes":1,"ValueType":"System.String"},"Value":"TestLoginWatchList.TestUserService.TestRegister"},{"Key":{"Id":"TestCase.ManagedMethod","Label":"ManagedMethod","Category":"","Description":"","Attributes":1,"ValueType":"System.String"},"Value":"RegisterUserAlreadyExistsThrowsCustomException"},{"Key":{"Id":"MSTestDiscoverer.TestClassName","Label":"ClassName","Category":"","Description":"","Attributes":1,"ValueType":"System.String"},"Value":"TestLoginWatchList.TestUserService.TestRegister"},{"Key":{"Id":"TestCase.Hierarchy","Label":"Hierarchy","Category":"","Description":"","Attributes":2,"ValueType":"System.String[]"},"Value":["TestLoginWatchList.TestUserService","TestRegister"]},{"Key":{"Id":"TestObject.Traits","Label":"Traits","Category":"","Description":"","Attributes":5,"ValueType":"System.Collections.Generic.KeyValuePair`2[[System.String],[System.String]][]"},"Value":[]}]},"Attachments":[],"Outcome":1,"ErrorMessage":null,"ErrorStackTrace":null,"DisplayName":"RegisterUserAlreadyExistsThrowsCustomException","Messages":[],"ComputerName":null,"Duration":"00:00:00.0246928","StartTime":"2023-08-29T16:45:36.6404719+05:30","EndTime":"2023-08-29T16:45:36.6656676+05:30","Properties":[{"Key":{"Id":"ExecutionId","Label":"ExecutionId","Category":"","Description":"","Attributes":1,"ValueType":"System.Guid"},"Value":"00000000-0000-0000-0000-000000000000"},{"Key":{"Id":"ParentExecId","Label":"ParentExecId","Category":"","Description":"","Attributes":1,"ValueType":"System.Guid"},"Value":"00000000-0000-0000-0000-000000000000"},{"Key":{"Id":"InnerResultsCount","Label":"InnerResultsCount","Category":"","Description":"","Attributes":1,"ValueType":"System.Int32"},"Value":0}]},{"TestCase":{"Id":"62936ec0-4eb1-aac4-f6fe-6bdddbabeecf","FullyQualifiedName":"TestLoginWatchList.TestUserService.TestRegister.RegisterNewUserReturnsUserLoginDTO","DisplayName":"RegisterNewUserReturnsUserLoginDTO","ExecutorUri":"executor://MSTestAdapter/v2","Source":"G:\\KaniniStockproject\\Backend\\Kanini.InvestmentSearchEngine.LoginWatchList\\TestLoginWatchList\\bin\\Debug\\net6.0\\fine-code-coverage\\build-output\\TestLoginWatchList.dll","CodeFilePath":null,"LineNumber":-1,"Properties":[{"Key":{"Id":"TestCase.ManagedType","Label":"ManagedType","Category":"","Description":"","Attributes":1,"ValueType":"System.String"},"Value":"TestLoginWatchList.TestUserService.TestRegister"},{"Key":{"Id":"TestCase.ManagedMethod","Label":"ManagedMethod","Category":"","Description":"","Attributes":1,"ValueType":"System.String"},"Value":"RegisterNewUserReturnsUserLoginDTO"},{"Key":{"Id":"MSTestDiscoverer.TestClassName","Label":"ClassName","Category":"","Description":"","Attributes":1,"ValueType":"System.String"},"Value":"TestLoginWatchList.TestUserService.TestRegister"},{"Key":{"Id":"TestCase.Hierarchy","Label":"Hierarchy","Category":"","Description":"","Attributes":2,"ValueType":"System.String[]"},"Value":["TestLoginWatchList.TestUserService","TestRegister"]},{"Key":{"Id":"TestObject.Traits","Label":"Traits","Category":"","Description":"","Attributes":5,"ValueType":"System.Collections.Generic.KeyValuePair`2[[System.String],[System.String]][]"},"Value":[]}]},"Attachments":[],"Outcome":1,"ErrorMessage":null,"ErrorStackTrace":null,"DisplayName":"RegisterNewUserReturnsUserLoginDTO","Messages":[],"ComputerName":null,"Duration":"00:00:00.0032324","StartTime":"2023-08-29T16:45:36.6683763+05:30","EndTime":"2023-08-29T16:45:36.6719534+05:30","Properties":[{"Key":{"Id":"ExecutionId","Label":"ExecutionId","Category":"","Description":"","Attributes":1,"ValueType":"System.Guid"},"Value":"00000000-0000-0000-0000-000000000000"},{"Key":{"Id":"ParentExecId","Label":"ParentExecId","Category":"","Description":"","Attributes":1,"ValueType":"System.Guid"},"Value":"00000000-0000-0000-0000-000000000000"},{"Key":{"Id":"InnerResultsCount","Label":"InnerResultsCount","Category":"","Description":"","Attributes":1,"ValueType":"System.Int32"},"Value":0}]},{"TestCase":{"Id":"baa7a564-a301-b446-5816-dbe6d5763bf2","FullyQualifiedName":"TestLoginWatchList.TestUserService.TestRegister.RegisterUnableToRegisterReturnsCustomException","DisplayName":"RegisterUnableToRegisterReturnsCustomException","ExecutorUri":"executor://MSTestAdapter/v2","Source":"G:\\KaniniStockproject\\Backend\\Kanini.InvestmentSearchEngine.LoginWatchList\\TestLoginWatchList\\bin\\Debug\\net6.0\\fine-code-coverage\\build-output\\TestLoginWatchList.dll","CodeFilePath":null,"LineNumber":-1,"Properties":[{"Key":{"Id":"TestCase.ManagedType","Label":"ManagedType","Category":"","Description":"","Attributes":1,"ValueType":"System.String"},"Value":"TestLoginWatchList.TestUserService.TestRegister"},{"Key":{"Id":"TestCase.ManagedMethod","Label":"ManagedMethod","Category":"","Description":"","Attributes":1,"ValueType":"System.String"},"Value":"RegisterUnableToRegisterReturnsCustomException"},{"Key":{"Id":"MSTestDiscoverer.TestClassName","Label":"ClassName","Category":"","Description":"","Attributes":1,"ValueType":"System.String"},"Value":"TestLoginWatchList.TestUserService.TestRegister"},{"Key":{"Id":"TestCase.Hierarchy","Label":"Hierarchy","Category":"","Description":"","Attributes":2,"ValueType":"System.String[]"},"Value":["TestLoginWatchList.TestUserService","TestRegister"]},{"Key":{"Id":"TestObject.Traits","Label":"Traits","Category":"","Description":"","Attributes":5,"ValueType":"System.Collections.Generic.KeyValuePair`2[[System.String],[System.String]][]"},"Value":[]}]},"Attachments":[],"Outcome":1,"ErrorMessage":null,"ErrorStackTrace":null,"DisplayName":"RegisterUnableToRegisterReturnsCustomException","Messages":[],"ComputerName":null,"Duration":"00:00:00.0041068","StartTime":"2023-08-29T16:45:36.6757465+05:30","EndTime":"2023-08-29T16:45:36.680336+05:30","Properties":[{"Key":{"Id":"ExecutionId","Label":"ExecutionId","Category":"","Description":"","Attributes":1,"ValueType":"System.Guid"},"Value":"00000000-0000-0000-0000-000000000000"},{"Key":{"Id":"ParentExecId","Label":"ParentExecId","Category":"","Description":"","Attributes":1,"ValueType":"System.Guid"},"Value":"00000000-0000-0000-0000-000000000000"},{"Key":{"Id":"InnerResultsCount","Label":"InnerResultsCount","Category":"","Description":"","Attributes":1,"ValueType":"System.Int32"},"Value":0}]},{"TestCase":{"Id":"30c431e3-ba94-58bb-2c5c-934b7a0f11ff","FullyQualifiedName":"TestLoginWatchList.TestUserService.TestRegister.RegisterAlreadyEmailIdPresentReturnsCustomException","DisplayName":"RegisterAlreadyEmailIdPresentReturnsCustomException","ExecutorUri":"executor://MSTestAdapter/v2","Source":"G:\\KaniniStockproject\\Backend\\Kanini.InvestmentSearchEngine.LoginWatchList\\TestLoginWatchList\\bin\\Debug\\net6.0\\fine-code-coverage\\build-output\\TestLoginWatchList.dll","CodeFilePath":null,"LineNumber":-1,"Properties":[{"Key":{"Id":"TestCase.ManagedType","Label":"ManagedType","Category":"","Description":"","Attributes":1,"ValueType":"System.String"},"Value":"TestLoginWatchList.TestUserService.TestRegister"},{"Key":{"Id":"TestCase.ManagedMethod","Label":"ManagedMethod","Category":"","Description":"","Attributes":1,"ValueType":"System.String"},"Value":"RegisterAlreadyEmailIdPresentReturnsCustomException"},{"Key":{"Id":"MSTestDiscoverer.TestClassName","Label":"ClassName","Category":"","Description":"","Attributes":1,"ValueType":"System.String"},"Value":"TestLoginWatchList.TestUserService.TestRegister"},{"Key":{"Id":"TestCase.Hierarchy","Label":"Hierarchy","Category":"","Description":"","Attributes":2,"ValueType":"System.String[]"},"Value":["TestLoginWatchList.TestUserService","TestRegister"]},{"Key":{"Id":"TestObject.Traits","Label":"Traits","Category":"","Description":"","Attributes":5,"ValueType":"System.Collections.Generic.KeyValuePair`2[[System.String],[System.String]][]"},"Value":[]}]},"Attachments":[],"Outcome":1,"ErrorMessage":null,"ErrorStackTrace":null,"DisplayName":"RegisterAlreadyEmailIdPresentReturnsCustomException","Messages":[],"ComputerName":null,"Duration":"00:00:00.0027400","StartTime":"2023-08-29T16:45:36.6840641+05:30","EndTime":"2023-08-29T16:45:36.6872273+05:30","Properties":[{"Key":{"Id":"ExecutionId","Label":"ExecutionId","Category":"","Description":"","Attributes":1,"ValueType":"System.Guid"},"Value":"00000000-0000-0000-0000-000000000000"},{"Key":{"Id":"ParentExecId","Label":"ParentExecId","Category":"","Description":"","Attributes":1,"ValueType":"System.Guid"},"Value":"00000000-0000-0000-0000-000000000000"},{"Key":{"Id":"InnerResultsCount","Label":"InnerResultsCount","Category":"","Description":"","Attributes":1,"ValueType":"System.Int32"},"Value":0}]},{"TestCase":{"Id":"c603ea49-7401-1210-4ac7-0b2c4b02d4fe","FullyQualifiedName":"TestLoginWatchList.TestLogin.TestLogin.LoginValidUserReturnsUserLoginDTO","DisplayName":"LoginValidUserReturnsUserLoginDTO","ExecutorUri":"executor://MSTestAdapter/v2","Source":"G:\\KaniniStockproject\\Backend\\Kanini.InvestmentSearchEngine.LoginWatchList\\TestLoginWatchList\\bin\\Debug\\net6.0\\fine-code-coverage\\build-output\\TestLoginWatchList.dll","CodeFilePath":null,"LineNumber":-1,"Properties":[{"Key":{"Id":"TestCase.ManagedType","Label":"ManagedType","Category":"","Description":"","Attributes":1,"ValueType":"System.String"},"Value":"TestLoginWatchList.TestLogin.TestLogin"},{"Key":{"Id":"TestCase.ManagedMethod","Label":"ManagedMethod","Category":"","Description":"","Attributes":1,"ValueType":"System.String"},"Value":"LoginValidUserReturnsUserLoginDTO"},{"Key":{"Id":"MSTestDiscoverer.TestClassName","Label":"ClassName","Category":"","Description":"","Attributes":1,"ValueType":"System.String"},"Value":"TestLoginWatchList.TestLogin.TestLogin"},{"Key":{"Id":"TestCase.Hierarchy","Label":"Hierarchy","Category":"","Description":"","Attributes":2,"ValueType":"System.String[]"},"Value":["TestLoginWatchList.TestLogin","TestLogin"]},{"Key":{"Id":"TestObject.Traits","Label":"Traits","Category":"","Description":"","Attributes":5,"ValueType":"System.Collections.Generic.KeyValuePair`2[[System.String],[System.String]][]"},"Value":[]}]},"Attachments":[],"Outcome":1,"ErrorMessage":null,"ErrorStackTrace":null,"DisplayName":"LoginValidUserReturnsUserLoginDTO","Messages":[],"ComputerName":null,"Duration":"00:00:00.0049843","StartTime":"2023-08-29T16:45:36.6921828+05:30","EndTime":"2023-08-29T16:45:36.6977401+05:30","Properties":[{"Key":{"Id":"ExecutionId","Label":"ExecutionId","Category":"","Description":"","Attributes":1,"ValueType":"System.Guid"},"Value":"00000000-0000-0000-0000-000000000000"},{"Key":{"Id":"ParentExecId","Label":"ParentExecId","Category":"","Description":"","Attributes":1,"ValueType":"System.Guid"},"Value":"00000000-0000-0000-0000-000000000000"},{"Key":{"Id":"InnerResultsCount","Label":"InnerResultsCount","Category":"","Description":"","Attributes":1,"ValueType":"System.Int32"},"Value":0}]},{"TestCase":{"Id":"ecc959a3-7ed9-a856-75a2-cfdba51b21b5","FullyQualifiedName":"TestLoginWatchList.TestLogin.TestLogin.LoginUserNotFoundThrowsCustomException","DisplayName":"LoginUserNotFoundThrowsCustomException","ExecutorUri":"executor://MSTestAdapter/v2","Source":"G:\\KaniniStockproject\\Backend\\Kanini.InvestmentSearchEngine.LoginWatchList\\TestLoginWatchList\\bin\\Debug\\net6.0\\fine-code-coverage\\build-output\\TestLoginWatchList.dll","CodeFilePath":null,"LineNumber":-1,"Properties":[{"Key":{"Id":"TestCase.ManagedType","Label":"ManagedType","Category":"","Description":"","Attributes":1,"ValueType":"System.String"},"Value":"TestLoginWatchList.TestLogin.TestLogin"},{"Key":{"Id":"TestCase.ManagedMethod","Label":"ManagedMethod","Category":"","Description":"","Attributes":1,"ValueType":"System.String"},"Value":"LoginUserNotFoundThrowsCustomException"},{"Key":{"Id":"MSTestDiscoverer.TestClassName","Label":"ClassName","Category":"","Description":"","Attributes":1,"ValueType":"System.String"},"Value":"TestLoginWatchList.TestLogin.TestLogin"},{"Key":{"Id":"TestCase.Hierarchy","Label":"Hierarchy","Category":"","Description":"","Attributes":2,"ValueType":"System.String[]"},"Value":["TestLoginWatchList.TestLogin","TestLogin"]},{"Key":{"Id":"TestObject.Traits","Label":"Traits","Category":"","Description":"","Attributes":5,"ValueType":"System.Collections.Generic.KeyValuePair`2[[System.String],[System.String]][]"},"Value":[]}]},"Attachments":[],"Outcome":1,"ErrorMessage":null,"ErrorStackTrace":null,"DisplayName":"LoginUserNotFoundThrowsCustomException","Messages":[],"ComputerName":null,"Duration":"00:00:00.0016033","StartTime":"2023-08-29T16:45:36.7019089+05:30","EndTime":"2023-08-29T16:45:36.7038893+05:30","Properties":[{"Key":{"Id":"ExecutionId","Label":"ExecutionId","Category":"","Description":"","Attributes":1,"ValueType":"System.Guid"},"Value":"00000000-0000-0000-0000-000000000000"},{"Key":{"Id":"ParentExecId","Label":"ParentExecId","Category":"","Description":"","Attributes":1,"ValueType":"System.Guid"},"Value":"00000000-0000-0000-0000-000000000000"},{"Key":{"Id":"InnerResultsCount","Label":"InnerResultsCount","Category":"","Description":"","Attributes":1,"ValueType":"System.Int32"},"Value":0}]},{"TestCase":{"Id":"389f57e3-30c0-37d0-b708-54b9cb6469f2","FullyQualifiedName":"TestLoginWatchList.TestLogin.TestLogin.LoginNullPasswordThrowsCustomException","DisplayName":"LoginNullPasswordThrowsCustomException","ExecutorUri":"executor://MSTestAdapter/v2","Source":"G:\\KaniniStockproject\\Backend\\Kanini.InvestmentSearchEngine.LoginWatchList\\TestLoginWatchList\\bin\\Debug\\net6.0\\fine-code-coverage\\build-output\\TestLoginWatchList.dll","CodeFilePath":null,"LineNumber":-1,"Properties":[{"Key":{"Id":"TestCase.ManagedType","Label":"ManagedType","Category":"","Description":"","Attributes":1,"ValueType":"System.String"},"Value":"TestLoginWatchList.TestLogin.TestLogin"},{"Key":{"Id":"TestCase.ManagedMethod","Label":"ManagedMethod","Category":"","Description":"","Attributes":1,"ValueType":"System.String"},"Value":"LoginNullPasswordThrowsCustomException"},{"Key":{"Id":"MSTestDiscoverer.TestClassName","Label":"ClassName","Category":"","Description":"","Attributes":1,"ValueType":"System.String"},"Value":"TestLoginWatchList.TestLogin.TestLogin"},{"Key":{"Id":"TestCase.Hierarchy","Label":"Hierarchy","Category":"","Description":"","Attributes":2,"ValueType":"System.String[]"},"Value":["TestLoginWatchList.TestLogin","TestLogin"]},{"Key":{"Id":"TestObject.Traits","Label":"Traits","Category":"","Description":"","Attributes":5,"ValueType":"System.Collections.Generic.KeyValuePair`2[[System.String],[System.String]][]"},"Value":[]}]},"Attachments":[],"Outcome":1,"ErrorMessage":null,"ErrorStackTrace":null,"DisplayName":"LoginNullPasswordThrowsCustomException","Messages":[],"ComputerName":null,"Duration":"00:00:00.0014202","StartTime":"2023-08-29T16:45:36.716055+05:30","EndTime":"2023-08-29T16:45:36.7179341+05:30","Properties":[{"Key":{"Id":"ExecutionId","Label":"ExecutionId","Category":"","Description":"","Attributes":1,"ValueType":"System.Guid"},"Value":"00000000-0000-0000-0000-000000000000"},{"Key":{"Id":"ParentExecId","Label":"ParentExecId","Category":"","Description":"","Attributes":1,"ValueType":"System.Guid"},"Value":"00000000-0000-0000-0000-000000000000"},{"Key":{"Id":"InnerResultsCount","Label":"InnerResultsCount","Category":"","Description":"","Attributes":1,"ValueType":"System.Int32"},"Value":0}]},{"TestCase":{"Id":"3b217b51-aa92-3c96-3860-fa8f0e4f6b6a","FullyQualifiedName":"TestLoginWatchList.TestLogin.TestLogin.LoginInvalidPasswordThrowsCustomException","DisplayName":"LoginInvalidPasswordThrowsCustomException","ExecutorUri":"executor://MSTestAdapter/v2","Source":"G:\\KaniniStockproject\\Backend\\Kanini.InvestmentSearchEngine.LoginWatchList\\TestLoginWatchList\\bin\\Debug\\net6.0\\fine-code-coverage\\build-output\\TestLoginWatchList.dll","CodeFilePath":null,"LineNumber":-1,"Properties":[{"Key":{"Id":"TestCase.ManagedType","Label":"ManagedType","Category":"","Description":"","Attributes":1,"ValueType":"System.String"},"Value":"TestLoginWatchList.TestLogin.TestLogin"},{"Key":{"Id":"TestCase.ManagedMethod","Label":"ManagedMethod","Category":"","Description":"","Attributes":1,"ValueType":"System.String"},"Value":"LoginInvalidPasswordThrowsCustomException"},{"Key":{"Id":"MSTestDiscoverer.TestClassName","Label":"ClassName","Category":"","Description":"","Attributes":1,"ValueType":"System.String"},"Value":"TestLoginWatchList.TestLogin.TestLogin"},{"Key":{"Id":"TestCase.Hierarchy","Label":"Hierarchy","Category":"","Description":"","Attributes":2,"ValueType":"System.String[]"},"Value":["TestLoginWatchList.TestLogin","TestLogin"]},{"Key":{"Id":"TestObject.Traits","Label":"Traits","Category":"","Description":"","Attributes":5,"ValueType":"System.Collections.Generic.KeyValuePair`2[[System.String],[System.String]][]"},"Value":[]}]},"Attachments":[],"Outcome":1,"ErrorMessage":null,"ErrorStackTrace":null,"DisplayName":"LoginInvalidPasswordThrowsCustomException","Messages":[],"ComputerName":null,"Duration":"00:00:00.0016770","StartTime":"2023-08-29T16:45:36.7216429+05:30","EndTime":"2023-08-29T16:45:36.723671+05:30","Properties":[{"Key":{"Id":"ExecutionId","Label":"ExecutionId","Category":"","Description":"","Attributes":1,"ValueType":"System.Guid"},"Value":"00000000-0000-0000-0000-000000000000"},{"Key":{"Id":"ParentExecId","Label":"ParentExecId","Category":"","Description":"","Attributes":1,"ValueType":"System.Guid"},"Value":"00000000-0000-0000-0000-000000000000"},{"Key":{"Id":"InnerResultsCount","Label":"InnerResultsCount","Category":"","Description":"","Attributes":1,"ValueType":"System.Int32"},"Value":0}]}],"TestRunStatistics":{"ExecutedTests":18,"Stats":{"Passed":18}},"ActiveTests":[]},"RunAttachments":[],"ExecutorUris":["executor://mstestadapter/v2"]}}
TpTrace Verbose: 0 : 14624, 11, 2023/08/29, 16:45:36.759, 1086603395958, vstest.console.dll, TestRequestSender.EndSession: Sending end session.
TpTrace Verbose: 0 : 14624, 11, 2023/08/29, 16:45:36.759, 1086603398654, vstest.console.dll, ProxyOperationManager.Close: waiting for test host to exit for 100 ms
TpTrace Verbose: 0 : 14624, 12, 2023/08/29, 16:45:36.772, 1086603533513, vstest.console.dll, TestHostManagerCallbacks.ctor: Experimental forwarding output is disabled.
TpTrace Warning: 0 : 14624, 12, 2023/08/29, 16:45:36.773, 1086603534945, vstest.console.dll, TestHostManagerCallbacks.ErrorReceivedCallback Test host standard error line: 
TpTrace Verbose: 0 : 14624, 12, 2023/08/29, 16:45:36.780, 1086603611776, vstest.console.dll, TestHostProvider.ExitCallBack: Host exited starting callback.
TpTrace Information: 0 : 14624, 12, 2023/08/29, 16:45:36.780, 1086603613683, vstest.console.dll, TestHostManagerCallbacks.ExitCallBack: Testhost processId: 11032 exited with exitcode: 0 error: ''
TpTrace Verbose: 0 : 14624, 12, 2023/08/29, 16:45:36.780, 1086603614032, vstest.console.dll, DotnetTestHostManager.OnHostExited: invoking OnHostExited callback
TpTrace Verbose: 0 : 14624, 12, 2023/08/29, 16:45:36.781, 1086603614497, vstest.console.dll, CrossPlatEngine.TestHostManagerHostExited: calling on client process exit callback.
TpTrace Information: 0 : 14624, 12, 2023/08/29, 16:45:36.781, 1086603614933, vstest.console.dll, TestRequestSender.OnClientProcessExit: Test host process exited. Standard error: 
TpTrace Information: 0 : 14624, 12, 2023/08/29, 16:45:36.781, 1086603615307, vstest.console.dll, SocketServer.Stop: Stop server endPoint: 127.0.0.1:57564
TpTrace Information: 0 : 14624, 12, 2023/08/29, 16:45:36.781, 1086603615542, vstest.console.dll, SocketServer.Stop: Cancellation requested. Stopping message loop.
TpTrace Information: 0 : 14624, 11, 2023/08/29, 16:45:36.781, 1086603615767, vstest.console.dll, SocketServer.Stop: Stop server endPoint: 127.0.0.1:57564
TpTrace Information: 0 : 14624, 11, 2023/08/29, 16:45:36.781, 1086603616122, vstest.console.dll, SocketServer.Stop: Cancellation requested. Stopping message loop.
TpTrace Verbose: 0 : 14624, 12, 2023/08/29, 16:45:36.781, 1086603616786, vstest.console.dll, MulticastDelegateUtilities.SafeInvoke: HostProviderEvents.OnHostExited: Invoking callback 1/1 for Microsoft.VisualStudio.TestPlatform.CrossPlatEngine.Client.ProxyOperationManager., took 0 ms.
TpTrace Information: 0 : 14624, 11, 2023/08/29, 16:45:36.781, 1086603617136, vstest.console.dll, Closing the connection
TpTrace Verbose: 0 : 14624, 11, 2023/08/29, 16:45:36.781, 1086603619475, vstest.console.dll, ProxyDataCollectionManager.InvokeDataCollectionServiceAction: Starting.
TpTrace Information: 0 : 14624, 11, 2023/08/29, 16:45:36.781, 1086603619870, vstest.console.dll, ProxyDataCollectionManager.AfterTestRunEnd: Get attachment set and invoked data collectors processId: 19688 port: 57561
TpTrace Verbose: 0 : 14624, 11, 2023/08/29, 16:45:36.781, 1086603620224, vstest.console.dll, DataCollectionRequestSender.SendAfterTestRunStartAndGetResult: Send AfterTestRunEnd message with isCancelled: False
TpTrace Verbose: 0 : 14624, 11, 2023/08/29, 16:45:36.790, 1086603711082, vstest.console.dll, DataCollectionRequestSender.SendAfterTestRunStartAndGetResult: Received message: (DataCollection.AfterTestRunEndResult) -> {"MessageType":"DataCollection.AfterTestRunEndResult","Payload":{"AttachmentSets":[],"InvokedDataCollectors":[{"Uri":"datacollector://Microsoft/TestPlatform/Extensions/Blame/v1","FriendlyName":"Blame","AssemblyQualifiedName":"Microsoft.TestPlatform.Extensions.BlameDataCollector.BlameCollector, Microsoft.TestPlatform.Extensions.BlameDataCollector, Version=15.0.0.0, Culture=neutral, PublicKeyToken=b03f5f7f11d50a3a","FilePath":"C:\\Program Files\\dotnet\\sdk\\7.0.400\\Extensions\\Microsoft.TestPlatform.Extensions.BlameDataCollector.dll","HasAttachmentProcessor":false}],"Metrics":{}}}
TpTrace Warning: 0 : 14624, 10, 2023/08/29, 16:45:36.797, 1086603777252, vstest.console.dll, DataCollectionLauncher.ErrorReceivedCallback datacollector standard error line: 
TpTrace Information: 0 : 14624, 11, 2023/08/29, 16:45:36.798, 1086603787779, vstest.console.dll, ProxyDataCollectionManager.InvokeDataCollectionServiceAction: Completed.
TpTrace Information: 0 : 14624, 10, 2023/08/29, 16:45:36.806, 1086603871111, vstest.console.dll, DataCollectionLauncher.ExitCallBack: Data collector exited with exitcode: 0 error: ''
TpTrace Verbose: 0 : 14624, 11, 2023/08/29, 16:45:36.843, 1086604238612, vstest.console.dll, TestRunRequest:SendTestRunStatsChange: Starting.
TpTrace Verbose: 0 : 14624, 11, 2023/08/29, 16:45:36.843, 1086604240152, vstest.console.dll, MulticastDelegateUtilities.SafeInvoke: TestRun.RunStatsChanged: Invoking callbacks was skipped because there are no subscribers.
TpTrace Information: 0 : 14624, 11, 2023/08/29, 16:45:36.843, 1086604240418, vstest.console.dll, TestRunRequest:SendTestRunStatsChange: Completed.
TpTrace Verbose: 0 : 14624, 4, 2023/08/29, 16:45:36.843, 1086604241021, vstest.console.dll, MulticastDelegateUtilities.SafeInvoke: InternalTestLoggerEvents.SendTestResult: Invoking callback 1/1 for Microsoft.VisualStudio.TestPlatform.CommandLine.Internal.ConsoleLogger., took 0 ms.
TpTrace Verbose: 0 : 14624, 4, 2023/08/29, 16:45:36.843, 1086604241670, vstest.console.dll, MulticastDelegateUtilities.SafeInvoke: InternalTestLoggerEvents.SendTestResult: Invoking callback 1/1 for Microsoft.VisualStudio.TestPlatform.CommandLine.Internal.ConsoleLogger., took 0 ms.
TpTrace Verbose: 0 : 14624, 4, 2023/08/29, 16:45:36.843, 1086604241914, vstest.console.dll, MulticastDelegateUtilities.SafeInvoke: InternalTestLoggerEvents.SendTestResult: Invoking callback 1/1 for Microsoft.VisualStudio.TestPlatform.CommandLine.Internal.ConsoleLogger., took 0 ms.
TpTrace Verbose: 0 : 14624, 4, 2023/08/29, 16:45:36.843, 1086604242137, vstest.console.dll, MulticastDelegateUtilities.SafeInvoke: InternalTestLoggerEvents.SendTestResult: Invoking callback 1/1 for Microsoft.VisualStudio.TestPlatform.CommandLine.Internal.ConsoleLogger., took 0 ms.
TpTrace Verbose: 0 : 14624, 4, 2023/08/29, 16:45:36.843, 1086604242902, vstest.console.dll, MulticastDelegateUtilities.SafeInvoke: InternalTestLoggerEvents.SendTestResult: Invoking callback 1/1 for Microsoft.VisualStudio.TestPlatform.CommandLine.Internal.ConsoleLogger., took 0 ms.
TpTrace Verbose: 0 : 14624, 11, 2023/08/29, 16:45:36.844, 1086604244959, vstest.console.dll, ParallelProxyExecutionManager: HandlePartialRunComplete: Total completed clients = 1, Run complete = True, Run canceled: False.
TpTrace Verbose: 0 : 14624, 4, 2023/08/29, 16:45:36.844, 1086604252869, vstest.console.dll, MulticastDelegateUtilities.SafeInvoke: InternalTestLoggerEvents.SendTestResult: Invoking callback 1/1 for Microsoft.VisualStudio.TestPlatform.CommandLine.Internal.ConsoleLogger., took 0 ms.
TpTrace Verbose: 0 : 14624, 4, 2023/08/29, 16:45:36.845, 1086604256155, vstest.console.dll, MulticastDelegateUtilities.SafeInvoke: InternalTestLoggerEvents.SendTestResult: Invoking callback 1/1 for Microsoft.VisualStudio.TestPlatform.CommandLine.Internal.ConsoleLogger., took 0 ms.
TpTrace Verbose: 0 : 14624, 4, 2023/08/29, 16:45:36.845, 1086604257345, vstest.console.dll, MulticastDelegateUtilities.SafeInvoke: InternalTestLoggerEvents.SendTestResult: Invoking callback 1/1 for Microsoft.VisualStudio.TestPlatform.CommandLine.Internal.ConsoleLogger., took 0 ms.
TpTrace Verbose: 0 : 14624, 4, 2023/08/29, 16:45:36.845, 1086604259737, vstest.console.dll, MulticastDelegateUtilities.SafeInvoke: InternalTestLoggerEvents.SendTestResult: Invoking callback 1/1 for Microsoft.VisualStudio.TestPlatform.CommandLine.Internal.ConsoleLogger., took 0 ms.
TpTrace Verbose: 0 : 14624, 4, 2023/08/29, 16:45:36.852, 1086604331376, vstest.console.dll, MulticastDelegateUtilities.SafeInvoke: InternalTestLoggerEvents.SendTestRunComplete: Invoking callback 1/2 for Microsoft.TestPlatform.Extensions.BlameDataCollector.BlameLogger., took 0 ms.
TpTrace Verbose: 0 : 14624, 4, 2023/08/29, 16:45:36.858, 1086604387516, vstest.console.dll, MulticastDelegateUtilities.SafeInvoke: InternalTestLoggerEvents.SendTestRunComplete: Invoking callback 2/2 for Microsoft.VisualStudio.TestPlatform.CommandLine.Internal.ConsoleLogger., took 5 ms.
TpTrace Verbose: 0 : 14624, 11, 2023/08/29, 16:45:36.858, 1086604391147, vstest.console.dll, TestRunRequest:TestRunComplete: Starting. IsAborted:False IsCanceled:False.
TpTrace Verbose: 0 : 14624, 11, 2023/08/29, 16:45:36.861, 1086604414463, vstest.console.dll, TestLoggerManager.HandleTestRunComplete: Ignoring as the object is disposed.
TpTrace Verbose: 0 : 14624, 11, 2023/08/29, 16:45:36.861, 1086604419245, vstest.console.dll, MulticastDelegateUtilities.SafeInvoke: TestRun.TestRunComplete: Invoking callback 1/2 for Microsoft.VisualStudio.TestPlatform.CommandLine.TestRunResultAggregator., took 0 ms.
TpTrace Verbose: 0 : 14624, 11, 2023/08/29, 16:45:36.861, 1086604420657, vstest.console.dll, MulticastDelegateUtilities.SafeInvoke: TestRun.TestRunComplete: Invoking callback 2/2 for Microsoft.VisualStudio.TestPlatform.CommandLine.Processors.RunTestsArgumentExecutor+TestRunRequestEventsRegistrar., took 0 ms.
TpTrace Information: 0 : 14624, 11, 2023/08/29, 16:45:36.861, 1086604421646, vstest.console.dll, TestRunRequest:TestRunComplete: Completed.
TpTrace Verbose: 0 : 14624, 11, 2023/08/29, 16:45:36.861, 1086604421975, vstest.console.dll, TestRequestSender.SetOperationComplete: Setting operation complete.
TpTrace Information: 0 : 14624, 11, 2023/08/29, 16:45:36.861, 1086604422230, vstest.console.dll, SocketServer.Stop: Stop server endPoint: 127.0.0.1:57564
TpTrace Information: 0 : 14624, 11, 2023/08/29, 16:45:36.861, 1086604422499, vstest.console.dll, SocketServer.Stop: Cancellation requested. Stopping message loop.
TpTrace Verbose: 0 : 14624, 1, 2023/08/29, 16:45:36.861, 1086604422473, vstest.console.dll, TestRunRequest.Dispose: Starting.
TpTrace Verbose: 0 : 14624, 11, 2023/08/29, 16:45:36.861, 1086604422811, vstest.console.dll, MulticastDelegateUtilities.SafeInvoke: LengthPrefixCommunicationChannel: MessageReceived: Invoking callback 1/1 for Microsoft.VisualStudio.TestPlatform.CommunicationUtilities.TestRequestSender+<>c__DisplayClass34_0., took 109 ms.
TpTrace Information: 0 : 14624, 1, 2023/08/29, 16:45:36.861, 1086604423390, vstest.console.dll, TestRunRequest.Dispose: Completed.
TpTrace Information: 0 : 14624, 11, 2023/08/29, 16:45:36.862, 1086604424187, vstest.console.dll, SocketServer.PrivateStop: Stopping server endPoint: 127.0.0.1:57564 error: 
TpTrace Information: 0 : 14624, 1, 2023/08/29, 16:45:36.862, 1086604424676, vstest.console.dll, TestRequestManager.RunTests: run tests completed.
TpTrace Information: 0 : 14624, 1, 2023/08/29, 16:45:36.862, 1086604425826, vstest.console.dll, RunTestsArgumentProcessor:Execute: Test run is completed.
TpTrace Verbose: 0 : 14624, 1, 2023/08/29, 16:45:36.862, 1086604428214, vstest.console.dll, Executor.Execute: Exiting with exit code of 0
TpTrace Verbose: 0 : 14624, 11, 2023/08/29, 16:45:36.862, 1086604428697, vstest.console.dll, LengthPrefixCommunicationChannel.Dispose: Dispose reader and writer.
TpTrace Information: 0 : 14624, 11, 2023/08/29, 16:45:36.862, 1086604429422, vstest.console.dll, SocketServer.Stop: Raise disconnected event endPoint: 127.0.0.1:57564 error: 
TpTrace Verbose: 0 : 14624, 11, 2023/08/29, 16:45:36.862, 1086604430404, vstest.console.dll, TestRequestSender: OnTestRunAbort: Operation is already complete. Skip error message.
TpTrace Verbose: 0 : 14624, 11, 2023/08/29, 16:45:36.862, 1086604430902, vstest.console.dll, MulticastDelegateUtilities.SafeInvoke: SocketServer: ClientDisconnected: Invoking callback 1/1 for Microsoft.VisualStudio.TestPlatform.CommunicationUtilities.TestRequestSender., took 0 ms.
TpTrace Verbose: 0 : 14624, 11, 2023/08/29, 16:45:36.862, 1086604431150, vstest.console.dll, TcpClientExtensions.MessageLoopAsync: exiting MessageLoopAsync remoteEndPoint: 127.0.0.1:57565 localEndPoint: 127.0.0.1:57564
