<?xml version="1.0" encoding="utf-8"?>
<coverage line-rate="0.9945999999999999" branch-rate="0.8478" version="1.9" timestamp="1693307737" lines-covered="370" lines-valid="372" branches-covered="39" branches-valid="46">
  <sources>
    <source>G:\KaniniStockproject\Backend\Kanini.InvestmentSearchEngine.LoginWatchList\</source>
    <source>C:\</source>
  </sources>
  <packages>
    <package name="Kanini.InvestmentSearchEngine.LoginWatchList" line-rate="0.9865999999999999" branch-rate="0.8478" complexity="52">
      <classes>
        <class name="Kanini.InvestmentSearchEngine.LoginWatchList.Services.UserService" filename="Kanini.InvestmentSearchEngine.LoginWatchList\Services\UserService.cs" line-rate="1" branch-rate="1" complexity="1">
          <methods>
            <method name=".ctor" signature="(Kanini.InvestmentSearchEngine.LoginWatchList.Interfaces.IRepository`2&lt;System.Int32,Kanini.InvestmentSearchEngine.LoginWatchList.Models.User&gt;,Kanini.InvestmentSearchEngine.LoginWatchList.Interfaces.IMapper)" line-rate="1" branch-rate="1" complexity="1">
              <lines>
                <line number="28" hits="8" branch="False" />
                <line number="29" hits="8" branch="False" />
                <line number="30" hits="8" branch="False" />
                <line number="31" hits="8" branch="False" />
                <line number="32" hits="8" branch="False" />
              </lines>
            </method>
          </methods>
          <lines>
            <line number="28" hits="8" branch="False" />
            <line number="29" hits="8" branch="False" />
            <line number="30" hits="8" branch="False" />
            <line number="31" hits="8" branch="False" />
            <line number="32" hits="8" branch="False" />
          </lines>
        </class>
        <class name="Kanini.InvestmentSearchEngine.LoginWatchList.Services.UserService/&lt;&gt;c__DisplayClass3_0" filename="Kanini.InvestmentSearchEngine.LoginWatchList\Services\UserService.cs" line-rate="1" branch-rate="1" complexity="1">
          <methods>
            <method name="&lt;Login&gt;b__0" signature="(Kanini.InvestmentSearchEngine.LoginWatchList.Models.User)" line-rate="1" branch-rate="1" complexity="1">
              <lines>
                <line number="46" hits="6" branch="False" />
              </lines>
            </method>
          </methods>
          <lines>
            <line number="46" hits="6" branch="False" />
          </lines>
        </class>
        <class name="Kanini.InvestmentSearchEngine.LoginWatchList.Services.UserService/&lt;&gt;c__DisplayClass4_0" filename="Kanini.InvestmentSearchEngine.LoginWatchList\Services\UserService.cs" line-rate="1" branch-rate="1" complexity="1">
          <methods>
            <method name="&lt;Register&gt;b__0" signature="(Kanini.InvestmentSearchEngine.LoginWatchList.Models.User)" line-rate="1" branch-rate="1" complexity="1">
              <lines>
                <line number="83" hits="6" branch="False" />
              </lines>
            </method>
          </methods>
          <lines>
            <line number="83" hits="6" branch="False" />
          </lines>
        </class>
        <class name="Kanini.InvestmentSearchEngine.LoginWatchList.Services.UserService/&lt;Login&gt;d__3" filename="Kanini.InvestmentSearchEngine.LoginWatchList\Services\UserService.cs" line-rate="1" branch-rate="0.8125" complexity="16">
          <methods>
            <method name="MoveNext" signature="()" line-rate="1" branch-rate="0.8125" complexity="16">
              <lines>
                <line number="44" hits="4" branch="False" />
                <line number="45" hits="4" branch="False" />
                <line number="48" hits="4" branch="True" condition-coverage="100% (6/6)">
                  <conditions>
                    <condition number="220" type="jump" coverage="100%" />
                    <condition number="233" type="jump" coverage="100%" />
                    <condition number="261" type="jump" coverage="100%" />
                  </conditions>
                </line>
                <line number="49" hits="2" branch="False" />
                <line number="51" hits="2" branch="False" />
                <line number="52" hits="2" branch="False" />
                <line number="53" hits="2" branch="True" condition-coverage="62.5% (5/8)">
                  <conditions>
                    <condition number="345" type="jump" coverage="50%" />
                    <condition number="358" type="jump" coverage="50%" />
                    <condition number="381" type="jump" coverage="50%" />
                    <condition number="415" type="jump" coverage="100%" />
                  </conditions>
                </line>
                <line number="54" hits="2" branch="False" />
                <line number="55" hits="2" branch="False" />
                <line number="56" hits="1" branch="False" />
                <line number="57" hits="1" branch="False" />
                <line number="59" hits="1" branch="False" />
                <line number="60" hits="1" branch="False" />
              </lines>
            </method>
          </methods>
          <lines>
            <line number="44" hits="4" branch="False" />
            <line number="45" hits="4" branch="False" />
            <line number="48" hits="4" branch="True" condition-coverage="100% (6/6)">
              <conditions>
                <condition number="220" type="jump" coverage="100%" />
                <condition number="233" type="jump" coverage="100%" />
                <condition number="261" type="jump" coverage="100%" />
              </conditions>
            </line>
            <line number="49" hits="2" branch="False" />
            <line number="51" hits="2" branch="False" />
            <line number="52" hits="2" branch="False" />
            <line number="53" hits="2" branch="True" condition-coverage="62.5% (5/8)">
              <conditions>
                <condition number="345" type="jump" coverage="50%" />
                <condition number="358" type="jump" coverage="50%" />
                <condition number="381" type="jump" coverage="50%" />
                <condition number="415" type="jump" coverage="100%" />
              </conditions>
            </line>
            <line number="54" hits="2" branch="False" />
            <line number="55" hits="2" branch="False" />
            <line number="56" hits="1" branch="False" />
            <line number="57" hits="1" branch="False" />
            <line number="59" hits="1" branch="False" />
            <line number="60" hits="1" branch="False" />
          </lines>
        </class>
        <class name="Kanini.InvestmentSearchEngine.LoginWatchList.Services.UserService/&lt;Register&gt;d__4" filename="Kanini.InvestmentSearchEngine.LoginWatchList\Services\UserService.cs" line-rate="1" branch-rate="1" complexity="10">
          <methods>
            <method name="MoveNext" signature="()" line-rate="1" branch-rate="1" complexity="10">
              <lines>
                <line number="72" hits="4" branch="False" />
                <line number="73" hits="4" branch="False" />
                <line number="74" hits="4" branch="False" />
                <line number="75" hits="4" branch="True" condition-coverage="100% (2/2)">
                  <conditions>
                    <condition number="96" type="jump" coverage="100%" />
                  </conditions>
                </line>
                <line number="76" hits="4" branch="False" />
                <line number="77" hits="4" branch="False" />
                <line number="78" hits="4" branch="False" />
                <line number="79" hits="4" branch="False" />
                <line number="80" hits="4" branch="False" />
                <line number="81" hits="4" branch="True" condition-coverage="100% (2/2)">
                  <conditions>
                    <condition number="326" type="jump" coverage="100%" />
                  </conditions>
                </line>
                <line number="82" hits="4" branch="False" />
                <line number="84" hits="4" branch="True" condition-coverage="100% (2/2)">
                  <conditions>
                    <condition number="376" type="jump" coverage="100%" />
                  </conditions>
                </line>
                <line number="85" hits="1" branch="False" />
                <line number="86" hits="1" branch="False" />
                <line number="88" hits="3" branch="False" />
                <line number="89" hits="3" branch="False" />
                <line number="90" hits="3" branch="True" condition-coverage="100% (2/2)">
                  <conditions>
                    <condition number="556" type="jump" coverage="100%" />
                  </conditions>
                </line>
                <line number="91" hits="1" branch="False" />
                <line number="92" hits="3" branch="True" condition-coverage="100% (2/2)">
                  <conditions>
                    <condition number="593" type="jump" coverage="100%" />
                  </conditions>
                </line>
                <line number="93" hits="1" branch="False" />
              </lines>
            </method>
          </methods>
          <lines>
            <line number="72" hits="4" branch="False" />
            <line number="73" hits="4" branch="False" />
            <line number="74" hits="4" branch="False" />
            <line number="75" hits="4" branch="True" condition-coverage="100% (2/2)">
              <conditions>
                <condition number="96" type="jump" coverage="100%" />
              </conditions>
            </line>
            <line number="76" hits="4" branch="False" />
            <line number="77" hits="4" branch="False" />
            <line number="78" hits="4" branch="False" />
            <line number="79" hits="4" branch="False" />
            <line number="80" hits="4" branch="False" />
            <line number="81" hits="4" branch="True" condition-coverage="100% (2/2)">
              <conditions>
                <condition number="326" type="jump" coverage="100%" />
              </conditions>
            </line>
            <line number="82" hits="4" branch="False" />
            <line number="84" hits="4" branch="True" condition-coverage="100% (2/2)">
              <conditions>
                <condition number="376" type="jump" coverage="100%" />
              </conditions>
            </line>
            <line number="85" hits="1" branch="False" />
            <line number="86" hits="1" branch="False" />
            <line number="88" hits="3" branch="False" />
            <line number="89" hits="3" branch="False" />
            <line number="90" hits="3" branch="True" condition-coverage="100% (2/2)">
              <conditions>
                <condition number="556" type="jump" coverage="100%" />
              </conditions>
            </line>
            <line number="91" hits="1" branch="False" />
            <line number="92" hits="3" branch="True" condition-coverage="100% (2/2)">
              <conditions>
                <condition number="593" type="jump" coverage="100%" />
              </conditions>
            </line>
            <line number="93" hits="1" branch="False" />
          </lines>
        </class>
        <class name="Kanini.InvestmentSearchEngine.LoginWatchList.Services.WatchListService" filename="Kanini.InvestmentSearchEngine.LoginWatchList\Services\WatchListService.cs" line-rate="1" branch-rate="1" complexity="1">
          <methods>
            <method name=".ctor" signature="(Kanini.InvestmentSearchEngine.LoginWatchList.Interfaces.IRepository`2&lt;System.Int32,Kanini.InvestmentSearchEngine.LoginWatchList.Models.WatchList&gt;,Kanini.InvestmentSearchEngine.LoginWatchList.Interfaces.IRepository`2&lt;System.Int32,Kanini.InvestmentSearchEngine.LoginWatchList.Models.User&gt;)" line-rate="1" branch-rate="1" complexity="1">
              <lines>
                <line number="26" hits="10" branch="False" />
                <line number="27" hits="10" branch="False" />
                <line number="28" hits="10" branch="False" />
                <line number="29" hits="10" branch="False" />
                <line number="30" hits="10" branch="False" />
              </lines>
            </method>
          </methods>
          <lines>
            <line number="26" hits="10" branch="False" />
            <line number="27" hits="10" branch="False" />
            <line number="28" hits="10" branch="False" />
            <line number="29" hits="10" branch="False" />
            <line number="30" hits="10" branch="False" />
          </lines>
        </class>
        <class name="Kanini.InvestmentSearchEngine.LoginWatchList.Services.WatchListService/&lt;&gt;c" filename="Kanini.InvestmentSearchEngine.LoginWatchList\Services\WatchListService.cs" line-rate="1" branch-rate="1" complexity="1">
          <methods>
            <method name="&lt;ViewWatchList&gt;b__5_1" signature="(Kanini.InvestmentSearchEngine.LoginWatchList.Models.WatchList)" line-rate="1" branch-rate="1" complexity="1">
              <lines>
                <line number="91" hits="2" branch="False" />
                <line number="92" hits="2" branch="False" />
                <line number="93" hits="2" branch="False" />
                <line number="94" hits="2" branch="False" />
              </lines>
            </method>
          </methods>
          <lines>
            <line number="91" hits="2" branch="False" />
            <line number="92" hits="2" branch="False" />
            <line number="93" hits="2" branch="False" />
            <line number="94" hits="2" branch="False" />
          </lines>
        </class>
        <class name="Kanini.InvestmentSearchEngine.LoginWatchList.Services.WatchListService/&lt;&gt;c__DisplayClass3_0" filename="Kanini.InvestmentSearchEngine.LoginWatchList\Services\WatchListService.cs" line-rate="1" branch-rate="0.5" complexity="2">
          <methods>
            <method name="&lt;AddCompanyToWatchList&gt;b__0" signature="(Kanini.InvestmentSearchEngine.LoginWatchList.Models.WatchList)" line-rate="1" branch-rate="0.5" complexity="2">
              <lines>
                <line number="49" hits="2" branch="True" condition-coverage="50% (1/2)">
                  <conditions>
                    <condition number="17" type="jump" coverage="50%" />
                  </conditions>
                </line>
              </lines>
            </method>
          </methods>
          <lines>
            <line number="49" hits="2" branch="True" condition-coverage="50% (1/2)">
              <conditions>
                <condition number="17" type="jump" coverage="50%" />
              </conditions>
            </line>
          </lines>
        </class>
        <class name="Kanini.InvestmentSearchEngine.LoginWatchList.Services.WatchListService/&lt;&gt;c__DisplayClass4_0" filename="Kanini.InvestmentSearchEngine.LoginWatchList\Services\WatchListService.cs" line-rate="1" branch-rate="0.5" complexity="2">
          <methods>
            <method name="&lt;RemovingFromWatchList&gt;b__0" signature="(Kanini.InvestmentSearchEngine.LoginWatchList.Models.WatchList)" line-rate="1" branch-rate="0.5" complexity="2">
              <lines>
                <line number="70" hits="2" branch="True" condition-coverage="50% (1/2)">
                  <conditions>
                    <condition number="17" type="jump" coverage="50%" />
                  </conditions>
                </line>
              </lines>
            </method>
          </methods>
          <lines>
            <line number="70" hits="2" branch="True" condition-coverage="50% (1/2)">
              <conditions>
                <condition number="17" type="jump" coverage="50%" />
              </conditions>
            </line>
          </lines>
        </class>
        <class name="Kanini.InvestmentSearchEngine.LoginWatchList.Services.WatchListService/&lt;&gt;c__DisplayClass5_0" filename="Kanini.InvestmentSearchEngine.LoginWatchList\Services\WatchListService.cs" line-rate="1" branch-rate="1" complexity="1">
          <methods>
            <method name="&lt;ViewWatchList&gt;b__0" signature="(Kanini.InvestmentSearchEngine.LoginWatchList.Models.WatchList)" line-rate="1" branch-rate="1" complexity="1">
              <lines>
                <line number="90" hits="3" branch="False" />
              </lines>
            </method>
          </methods>
          <lines>
            <line number="90" hits="3" branch="False" />
          </lines>
        </class>
        <class name="Kanini.InvestmentSearchEngine.LoginWatchList.Services.WatchListService/&lt;AddCompanyToWatchList&gt;d__3" filename="Kanini.InvestmentSearchEngine.LoginWatchList\Services\WatchListService.cs" line-rate="0.9" branch-rate="0.875" complexity="8">
          <methods>
            <method name="MoveNext" signature="()" line-rate="0.9" branch-rate="0.875" complexity="8">
              <lines>
                <line number="42" hits="4" branch="False" />
                <line number="43" hits="4" branch="True" condition-coverage="100% (2/2)">
                  <conditions>
                    <condition number="201" type="jump" coverage="100%" />
                  </conditions>
                </line>
                <line number="45" hits="3" branch="False" />
                <line number="47" hits="3" branch="True" condition-coverage="100% (2/2)">
                  <conditions>
                    <condition number="367" type="jump" coverage="100%" />
                  </conditions>
                </line>
                <line number="48" hits="1" branch="False" />
                <line number="50" hits="1" branch="False" />
                <line number="51" hits="0" branch="False" />
                <line number="53" hits="2" branch="False" />
                <line number="54" hits="2" branch="True" condition-coverage="100% (2/2)">
                  <conditions>
                    <condition number="567" type="jump" coverage="100%" />
                  </conditions>
                </line>
                <line number="55" hits="1" branch="False" />
              </lines>
            </method>
          </methods>
          <lines>
            <line number="42" hits="4" branch="False" />
            <line number="43" hits="4" branch="True" condition-coverage="100% (2/2)">
              <conditions>
                <condition number="201" type="jump" coverage="100%" />
              </conditions>
            </line>
            <line number="45" hits="3" branch="False" />
            <line number="47" hits="3" branch="True" condition-coverage="100% (2/2)">
              <conditions>
                <condition number="367" type="jump" coverage="100%" />
              </conditions>
            </line>
            <line number="48" hits="1" branch="False" />
            <line number="50" hits="1" branch="False" />
            <line number="51" hits="0" branch="False" />
            <line number="53" hits="2" branch="False" />
            <line number="54" hits="2" branch="True" condition-coverage="100% (2/2)">
              <conditions>
                <condition number="567" type="jump" coverage="100%" />
              </conditions>
            </line>
            <line number="55" hits="1" branch="False" />
          </lines>
        </class>
        <class name="Kanini.InvestmentSearchEngine.LoginWatchList.Services.WatchListService/&lt;RemovingFromWatchList&gt;d__4" filename="Kanini.InvestmentSearchEngine.LoginWatchList\Services\WatchListService.cs" line-rate="1" branch-rate="0.8332999999999999" complexity="6">
          <methods>
            <method name="MoveNext" signature="()" line-rate="1" branch-rate="0.8332999999999999" complexity="6">
              <lines>
                <line number="67" hits="4" branch="False" />
                <line number="68" hits="4" branch="True" condition-coverage="50% (1/2)">
                  <conditions>
                    <condition number="173" type="jump" coverage="50%" />
                  </conditions>
                </line>
                <line number="69" hits="4" branch="True" condition-coverage="100% (2/2)">
                  <conditions>
                    <condition number="229" type="jump" coverage="100%" />
                  </conditions>
                </line>
                <line number="71" hits="4" branch="False" />
                <line number="73" hits="2" branch="False" />
                <line number="74" hits="2" branch="True" condition-coverage="100% (2/2)">
                  <conditions>
                    <condition number="399" type="jump" coverage="100%" />
                  </conditions>
                </line>
                <line number="75" hits="1" branch="False" />
              </lines>
            </method>
          </methods>
          <lines>
            <line number="67" hits="4" branch="False" />
            <line number="68" hits="4" branch="True" condition-coverage="50% (1/2)">
              <conditions>
                <condition number="173" type="jump" coverage="50%" />
              </conditions>
            </line>
            <line number="69" hits="4" branch="True" condition-coverage="100% (2/2)">
              <conditions>
                <condition number="229" type="jump" coverage="100%" />
              </conditions>
            </line>
            <line number="71" hits="4" branch="False" />
            <line number="73" hits="2" branch="False" />
            <line number="74" hits="2" branch="True" condition-coverage="100% (2/2)">
              <conditions>
                <condition number="399" type="jump" coverage="100%" />
              </conditions>
            </line>
            <line number="75" hits="1" branch="False" />
          </lines>
        </class>
        <class name="Kanini.InvestmentSearchEngine.LoginWatchList.Services.WatchListService/&lt;ViewWatchList&gt;d__5" filename="Kanini.InvestmentSearchEngine.LoginWatchList\Services\WatchListService.cs" line-rate="1" branch-rate="1" complexity="2">
          <methods>
            <method name="MoveNext" signature="()" line-rate="1" branch-rate="1" complexity="2">
              <lines>
                <line number="87" hits="2" branch="False" />
                <line number="88" hits="2" branch="False" />
                <line number="89" hits="2" branch="True" condition-coverage="100% (2/2)">
                  <conditions>
                    <condition number="173" type="jump" coverage="100%" />
                  </conditions>
                </line>
                <line number="95" hits="1" branch="False" />
                <line number="96" hits="1" branch="False" />
                <line number="97" hits="1" branch="False" />
              </lines>
            </method>
          </methods>
          <lines>
            <line number="87" hits="2" branch="False" />
            <line number="88" hits="2" branch="False" />
            <line number="89" hits="2" branch="True" condition-coverage="100% (2/2)">
              <conditions>
                <condition number="173" type="jump" coverage="100%" />
              </conditions>
            </line>
            <line number="95" hits="1" branch="False" />
            <line number="96" hits="1" branch="False" />
            <line number="97" hits="1" branch="False" />
          </lines>
        </class>
      </classes>
    </package>
    <package name="TestLoginWatchList" line-rate="0.9965999999999999" branch-rate="1" complexity="42">
      <classes>
        <class name="AutoGeneratedProgram" filename="Users\Siva\.nuget\packages\microsoft.net.test.sdk\17.5.0\build\netcoreapp3.1\Microsoft.NET.Test.Sdk.Program.cs" line-rate="0" branch-rate="1" complexity="1">
          <methods>
            <method name="Main" signature="(System.String[])" line-rate="0" branch-rate="1" complexity="1">
              <lines>
                <line number="4" hits="0" branch="False" />
              </lines>
            </method>
          </methods>
          <lines>
            <line number="4" hits="0" branch="False" />
          </lines>
        </class>
        <class name="TestLoginWatchList.TestWatchListService.TestRemovingFromWatchList" filename="TestLoginWatchList\TestWatchListService\TestRemovingFromWatchList.cs" line-rate="1" branch-rate="1" complexity="5">
          <methods>
            <method name="Initialize" signature="()" line-rate="1" branch-rate="1" complexity="1">
              <lines>
                <line number="22" hits="4" branch="False" />
                <line number="24" hits="4" branch="False" />
                <line number="25" hits="4" branch="False" />
                <line number="26" hits="4" branch="False" />
                <line number="27" hits="4" branch="False" />
              </lines>
            </method>
            <method name="&lt;RemovingFromWatchListErrorDeletingThrowsCustomException&gt;b__5_2" signature="()" line-rate="1" branch-rate="1" complexity="1">
              <lines>
                <line number="57" hits="2" branch="False" />
              </lines>
            </method>
            <method name="&lt;RemovingFromWatchListNoDataFoundThrowsCustomException&gt;b__6_1" signature="()" line-rate="1" branch-rate="1" complexity="1">
              <lines>
                <line number="69" hits="2" branch="False" />
              </lines>
            </method>
            <method name="&lt;RemovingFromWatchListWatchlistEmpty_hrowsCustomException&gt;b__7_1" signature="()" line-rate="1" branch-rate="1" complexity="1">
              <lines>
                <line number="81" hits="2" branch="False" />
              </lines>
            </method>
            <method name=".ctor" signature="()" line-rate="1" branch-rate="1" complexity="1">
              <lines>
                <line number="14" hits="4" branch="False" />
                <line number="15" hits="4" branch="False" />
                <line number="16" hits="4" branch="False" />
              </lines>
            </method>
          </methods>
          <lines>
            <line number="22" hits="4" branch="False" />
            <line number="24" hits="4" branch="False" />
            <line number="25" hits="4" branch="False" />
            <line number="26" hits="4" branch="False" />
            <line number="27" hits="4" branch="False" />
            <line number="57" hits="2" branch="False" />
            <line number="69" hits="2" branch="False" />
            <line number="81" hits="2" branch="False" />
            <line number="14" hits="4" branch="False" />
            <line number="15" hits="4" branch="False" />
            <line number="16" hits="4" branch="False" />
          </lines>
        </class>
        <class name="TestLoginWatchList.TestWatchListService.TestRemovingFromWatchList/&lt;RemovingFromWatchListErrorDeletingThrowsCustomException&gt;d__5" filename="TestLoginWatchList\TestWatchListService\TestRemovingFromWatchList.cs" line-rate="1" branch-rate="1" complexity="1">
          <methods>
            <method name="MoveNext" signature="()" line-rate="1" branch-rate="1" complexity="1">
              <lines>
                <line number="50" hits="1" branch="False" />
                <line number="52" hits="1" branch="False" />
                <line number="53" hits="1" branch="False" />
                <line number="55" hits="1" branch="False" />
                <line number="58" hits="1" branch="False" />
              </lines>
            </method>
          </methods>
          <lines>
            <line number="50" hits="1" branch="False" />
            <line number="52" hits="1" branch="False" />
            <line number="53" hits="1" branch="False" />
            <line number="55" hits="1" branch="False" />
            <line number="58" hits="1" branch="False" />
          </lines>
        </class>
        <class name="TestLoginWatchList.TestWatchListService.TestRemovingFromWatchList/&lt;RemovingFromWatchListNoDataFoundThrowsCustomException&gt;d__6" filename="TestLoginWatchList\TestWatchListService\TestRemovingFromWatchList.cs" line-rate="1" branch-rate="1" complexity="1">
          <methods>
            <method name="MoveNext" signature="()" line-rate="1" branch-rate="1" complexity="1">
              <lines>
                <line number="64" hits="1" branch="False" />
                <line number="66" hits="1" branch="False" />
                <line number="70" hits="1" branch="False" />
              </lines>
            </method>
          </methods>
          <lines>
            <line number="64" hits="1" branch="False" />
            <line number="66" hits="1" branch="False" />
            <line number="70" hits="1" branch="False" />
          </lines>
        </class>
        <class name="TestLoginWatchList.TestWatchListService.TestRemovingFromWatchList/&lt;RemovingFromWatchListValidInputReturnsWatchList&gt;d__4" filename="TestLoginWatchList\TestWatchListService\TestRemovingFromWatchList.cs" line-rate="1" branch-rate="1" complexity="1">
          <methods>
            <method name="MoveNext" signature="()" line-rate="1" branch-rate="1" complexity="1">
              <lines>
                <line number="33" hits="1" branch="False" />
                <line number="35" hits="1" branch="False" />
                <line number="36" hits="1" branch="False" />
                <line number="37" hits="1" branch="False" />
                <line number="40" hits="1" branch="False" />
                <line number="43" hits="1" branch="False" />
                <line number="44" hits="1" branch="False" />
              </lines>
            </method>
          </methods>
          <lines>
            <line number="33" hits="1" branch="False" />
            <line number="35" hits="1" branch="False" />
            <line number="36" hits="1" branch="False" />
            <line number="37" hits="1" branch="False" />
            <line number="40" hits="1" branch="False" />
            <line number="43" hits="1" branch="False" />
            <line number="44" hits="1" branch="False" />
          </lines>
        </class>
        <class name="TestLoginWatchList.TestWatchListService.TestRemovingFromWatchList/&lt;RemovingFromWatchListWatchlistEmpty_hrowsCustomException&gt;d__7" filename="TestLoginWatchList\TestWatchListService\TestRemovingFromWatchList.cs" line-rate="1" branch-rate="1" complexity="1">
          <methods>
            <method name="MoveNext" signature="()" line-rate="1" branch-rate="1" complexity="1">
              <lines>
                <line number="76" hits="1" branch="False" />
                <line number="78" hits="1" branch="False" />
                <line number="82" hits="1" branch="False" />
              </lines>
            </method>
          </methods>
          <lines>
            <line number="76" hits="1" branch="False" />
            <line number="78" hits="1" branch="False" />
            <line number="82" hits="1" branch="False" />
          </lines>
        </class>
        <class name="TestLoginWatchList.TestWatchListService.TestViewWatchList" filename="TestLoginWatchList\TestWatchListService\TestViewWatchList.cs" line-rate="1" branch-rate="1" complexity="2">
          <methods>
            <method name="Initialize" signature="()" line-rate="1" branch-rate="1" complexity="1">
              <lines>
                <line number="24" hits="2" branch="False" />
                <line number="26" hits="2" branch="False" />
                <line number="27" hits="2" branch="False" />
                <line number="28" hits="2" branch="False" />
                <line number="29" hits="2" branch="False" />
              </lines>
            </method>
            <method name=".ctor" signature="()" line-rate="1" branch-rate="1" complexity="1">
              <lines>
                <line number="16" hits="2" branch="False" />
                <line number="17" hits="2" branch="False" />
                <line number="18" hits="2" branch="False" />
              </lines>
            </method>
          </methods>
          <lines>
            <line number="24" hits="2" branch="False" />
            <line number="26" hits="2" branch="False" />
            <line number="27" hits="2" branch="False" />
            <line number="28" hits="2" branch="False" />
            <line number="29" hits="2" branch="False" />
            <line number="16" hits="2" branch="False" />
            <line number="17" hits="2" branch="False" />
            <line number="18" hits="2" branch="False" />
          </lines>
        </class>
        <class name="TestLoginWatchList.TestWatchListService.TestViewWatchList/&lt;&gt;c__DisplayClass5_0" filename="TestLoginWatchList\TestWatchListService\TestViewWatchList.cs" line-rate="1" branch-rate="1" complexity="1">
          <methods>
            <method name="&lt;ViewWatchListThrowsCustomExceptionWhenEmpty&gt;b__1" signature="()" line-rate="1" branch-rate="1" complexity="1">
              <lines>
                <line number="82" hits="2" branch="False" />
              </lines>
            </method>
          </methods>
          <lines>
            <line number="82" hits="2" branch="False" />
          </lines>
        </class>
        <class name="TestLoginWatchList.TestWatchListService.TestViewWatchList/&lt;ViewWatchListThrowsCustomExceptionWhenEmpty&gt;d__5" filename="TestLoginWatchList\TestWatchListService\TestViewWatchList.cs" line-rate="1" branch-rate="1" complexity="1">
          <methods>
            <method name="MoveNext" signature="()" line-rate="1" branch-rate="1" complexity="1">
              <lines>
                <line number="71" hits="1" branch="False" />
                <line number="73" hits="1" branch="False" />
                <line number="74" hits="1" branch="False" />
                <line number="75" hits="1" branch="False" />
                <line number="76" hits="1" branch="False" />
                <line number="78" hits="1" branch="False" />
                <line number="81" hits="1" branch="False" />
                <line number="85" hits="1" branch="False" />
                <line number="86" hits="1" branch="False" />
              </lines>
            </method>
          </methods>
          <lines>
            <line number="71" hits="1" branch="False" />
            <line number="73" hits="1" branch="False" />
            <line number="74" hits="1" branch="False" />
            <line number="75" hits="1" branch="False" />
            <line number="76" hits="1" branch="False" />
            <line number="78" hits="1" branch="False" />
            <line number="81" hits="1" branch="False" />
            <line number="85" hits="1" branch="False" />
            <line number="86" hits="1" branch="False" />
          </lines>
        </class>
        <class name="TestLoginWatchList.TestWatchListService.TestViewWatchList/&lt;ViewWatchListUserHasWatchlistReturnsWatchlist&gt;d__4" filename="TestLoginWatchList\TestWatchListService\TestViewWatchList.cs" line-rate="1" branch-rate="1" complexity="1">
          <methods>
            <method name="MoveNext" signature="()" line-rate="1" branch-rate="1" complexity="1">
              <lines>
                <line number="35" hits="1" branch="False" />
                <line number="37" hits="1" branch="False" />
                <line number="38" hits="1" branch="False" />
                <line number="39" hits="1" branch="False" />
                <line number="40" hits="1" branch="False" />
                <line number="41" hits="1" branch="False" />
                <line number="42" hits="1" branch="False" />
                <line number="43" hits="1" branch="False" />
                <line number="44" hits="1" branch="False" />
                <line number="45" hits="1" branch="False" />
                <line number="46" hits="1" branch="False" />
                <line number="47" hits="1" branch="False" />
                <line number="48" hits="1" branch="False" />
                <line number="49" hits="1" branch="False" />
                <line number="50" hits="1" branch="False" />
                <line number="51" hits="1" branch="False" />
                <line number="52" hits="1" branch="False" />
                <line number="53" hits="1" branch="False" />
                <line number="54" hits="1" branch="False" />
                <line number="55" hits="1" branch="False" />
                <line number="56" hits="1" branch="False" />
                <line number="57" hits="1" branch="False" />
                <line number="59" hits="1" branch="False" />
                <line number="61" hits="1" branch="False" />
                <line number="62" hits="1" branch="False" />
                <line number="63" hits="1" branch="False" />
              </lines>
            </method>
          </methods>
          <lines>
            <line number="35" hits="1" branch="False" />
            <line number="37" hits="1" branch="False" />
            <line number="38" hits="1" branch="False" />
            <line number="39" hits="1" branch="False" />
            <line number="40" hits="1" branch="False" />
            <line number="41" hits="1" branch="False" />
            <line number="42" hits="1" branch="False" />
            <line number="43" hits="1" branch="False" />
            <line number="44" hits="1" branch="False" />
            <line number="45" hits="1" branch="False" />
            <line number="46" hits="1" branch="False" />
            <line number="47" hits="1" branch="False" />
            <line number="48" hits="1" branch="False" />
            <line number="49" hits="1" branch="False" />
            <line number="50" hits="1" branch="False" />
            <line number="51" hits="1" branch="False" />
            <line number="52" hits="1" branch="False" />
            <line number="53" hits="1" branch="False" />
            <line number="54" hits="1" branch="False" />
            <line number="55" hits="1" branch="False" />
            <line number="56" hits="1" branch="False" />
            <line number="57" hits="1" branch="False" />
            <line number="59" hits="1" branch="False" />
            <line number="61" hits="1" branch="False" />
            <line number="62" hits="1" branch="False" />
            <line number="63" hits="1" branch="False" />
          </lines>
        </class>
        <class name="TestLoginWatchList.TestAddingCompanyToWatchList.TestAddingCompanyToWatchList" filename="TestLoginWatchList\TestWatchListService\TestAddingCompanyToWatchList.cs" line-rate="1" branch-rate="1" complexity="2">
          <methods>
            <method name="Initialize" signature="()" line-rate="1" branch-rate="1" complexity="1">
              <lines>
                <line number="21" hits="4" branch="False" />
                <line number="22" hits="4" branch="False" />
                <line number="23" hits="4" branch="False" />
                <line number="24" hits="4" branch="False" />
                <line number="25" hits="4" branch="False" />
              </lines>
            </method>
            <method name=".ctor" signature="()" line-rate="1" branch-rate="1" complexity="1">
              <lines>
                <line number="13" hits="4" branch="False" />
                <line number="14" hits="4" branch="False" />
                <line number="15" hits="4" branch="False" />
              </lines>
            </method>
          </methods>
          <lines>
            <line number="21" hits="4" branch="False" />
            <line number="22" hits="4" branch="False" />
            <line number="23" hits="4" branch="False" />
            <line number="24" hits="4" branch="False" />
            <line number="25" hits="4" branch="False" />
            <line number="13" hits="4" branch="False" />
            <line number="14" hits="4" branch="False" />
            <line number="15" hits="4" branch="False" />
          </lines>
        </class>
        <class name="TestLoginWatchList.TestAddingCompanyToWatchList.TestAddingCompanyToWatchList/&lt;&gt;c__DisplayClass5_0" filename="TestLoginWatchList\TestWatchListService\TestAddingCompanyToWatchList.cs" line-rate="1" branch-rate="1" complexity="1">
          <methods>
            <method name="&lt;AddCompanyToWatchListUserNotExistsThrowsCustomException&gt;b__1" signature="()" line-rate="1" branch-rate="1" complexity="1">
              <lines>
                <line number="69" hits="2" branch="False" />
              </lines>
            </method>
          </methods>
          <lines>
            <line number="69" hits="2" branch="False" />
          </lines>
        </class>
        <class name="TestLoginWatchList.TestAddingCompanyToWatchList.TestAddingCompanyToWatchList/&lt;&gt;c__DisplayClass6_0" filename="TestLoginWatchList\TestWatchListService\TestAddingCompanyToWatchList.cs" line-rate="1" branch-rate="1" complexity="1">
          <methods>
            <method name="&lt;AddCompanyToWatchListCompanyAlreadyInWatchlistThrowsCustomException&gt;b__2" signature="()" line-rate="1" branch-rate="1" complexity="1">
              <lines>
                <line number="100" hits="2" branch="False" />
              </lines>
            </method>
          </methods>
          <lines>
            <line number="100" hits="2" branch="False" />
          </lines>
        </class>
        <class name="TestLoginWatchList.TestAddingCompanyToWatchList.TestAddingCompanyToWatchList/&lt;&gt;c__DisplayClass7_0" filename="TestLoginWatchList\TestWatchListService\TestAddingCompanyToWatchList.cs" line-rate="1" branch-rate="1" complexity="1">
          <methods>
            <method name="&lt;AddCompanyToWatchListUnableToAddThrowsCustomException&gt;b__3" signature="()" line-rate="1" branch-rate="1" complexity="1">
              <lines>
                <line number="122" hits="2" branch="False" />
              </lines>
            </method>
          </methods>
          <lines>
            <line number="122" hits="2" branch="False" />
          </lines>
        </class>
        <class name="TestLoginWatchList.TestAddingCompanyToWatchList.TestAddingCompanyToWatchList/&lt;AddCompanyToWatchListCompanyAlreadyInWatchlistThrowsCustomException&gt;d__6" filename="TestLoginWatchList\TestWatchListService\TestAddingCompanyToWatchList.cs" line-rate="1" branch-rate="1" complexity="1">
          <methods>
            <method name="MoveNext" signature="()" line-rate="1" branch-rate="1" complexity="1">
              <lines>
                <line number="76" hits="1" branch="False" />
                <line number="78" hits="1" branch="False" />
                <line number="79" hits="1" branch="False" />
                <line number="80" hits="1" branch="False" />
                <line number="81" hits="1" branch="False" />
                <line number="82" hits="1" branch="False" />
                <line number="83" hits="1" branch="False" />
                <line number="84" hits="1" branch="False" />
                <line number="86" hits="1" branch="False" />
                <line number="88" hits="1" branch="False" />
                <line number="89" hits="1" branch="False" />
                <line number="90" hits="1" branch="False" />
                <line number="91" hits="1" branch="False" />
                <line number="92" hits="1" branch="False" />
                <line number="93" hits="1" branch="False" />
                <line number="94" hits="1" branch="False" />
                <line number="95" hits="1" branch="False" />
                <line number="97" hits="1" branch="False" />
                <line number="101" hits="1" branch="False" />
              </lines>
            </method>
          </methods>
          <lines>
            <line number="76" hits="1" branch="False" />
            <line number="78" hits="1" branch="False" />
            <line number="79" hits="1" branch="False" />
            <line number="80" hits="1" branch="False" />
            <line number="81" hits="1" branch="False" />
            <line number="82" hits="1" branch="False" />
            <line number="83" hits="1" branch="False" />
            <line number="84" hits="1" branch="False" />
            <line number="86" hits="1" branch="False" />
            <line number="88" hits="1" branch="False" />
            <line number="89" hits="1" branch="False" />
            <line number="90" hits="1" branch="False" />
            <line number="91" hits="1" branch="False" />
            <line number="92" hits="1" branch="False" />
            <line number="93" hits="1" branch="False" />
            <line number="94" hits="1" branch="False" />
            <line number="95" hits="1" branch="False" />
            <line number="97" hits="1" branch="False" />
            <line number="101" hits="1" branch="False" />
          </lines>
        </class>
        <class name="TestLoginWatchList.TestAddingCompanyToWatchList.TestAddingCompanyToWatchList/&lt;AddCompanyToWatchListUnableToAddThrowsCustomException&gt;d__7" filename="TestLoginWatchList\TestWatchListService\TestAddingCompanyToWatchList.cs" line-rate="1" branch-rate="1" complexity="1">
          <methods>
            <method name="MoveNext" signature="()" line-rate="1" branch-rate="1" complexity="1">
              <lines>
                <line number="107" hits="1" branch="False" />
                <line number="109" hits="1" branch="False" />
                <line number="110" hits="1" branch="False" />
                <line number="111" hits="1" branch="False" />
                <line number="112" hits="1" branch="False" />
                <line number="113" hits="1" branch="False" />
                <line number="114" hits="1" branch="False" />
                <line number="115" hits="1" branch="False" />
                <line number="117" hits="1" branch="False" />
                <line number="118" hits="1" branch="False" />
                <line number="119" hits="1" branch="False" />
                <line number="123" hits="1" branch="False" />
              </lines>
            </method>
          </methods>
          <lines>
            <line number="107" hits="1" branch="False" />
            <line number="109" hits="1" branch="False" />
            <line number="110" hits="1" branch="False" />
            <line number="111" hits="1" branch="False" />
            <line number="112" hits="1" branch="False" />
            <line number="113" hits="1" branch="False" />
            <line number="114" hits="1" branch="False" />
            <line number="115" hits="1" branch="False" />
            <line number="117" hits="1" branch="False" />
            <line number="118" hits="1" branch="False" />
            <line number="119" hits="1" branch="False" />
            <line number="123" hits="1" branch="False" />
          </lines>
        </class>
        <class name="TestLoginWatchList.TestAddingCompanyToWatchList.TestAddingCompanyToWatchList/&lt;AddCompanyToWatchListUserNotExistsThrowsCustomException&gt;d__5" filename="TestLoginWatchList\TestWatchListService\TestAddingCompanyToWatchList.cs" line-rate="1" branch-rate="1" complexity="1">
          <methods>
            <method name="MoveNext" signature="()" line-rate="1" branch-rate="1" complexity="1">
              <lines>
                <line number="57" hits="1" branch="False" />
                <line number="59" hits="1" branch="False" />
                <line number="60" hits="1" branch="False" />
                <line number="61" hits="1" branch="False" />
                <line number="62" hits="1" branch="False" />
                <line number="63" hits="1" branch="False" />
                <line number="64" hits="1" branch="False" />
                <line number="65" hits="1" branch="False" />
                <line number="67" hits="1" branch="False" />
                <line number="70" hits="1" branch="False" />
              </lines>
            </method>
          </methods>
          <lines>
            <line number="57" hits="1" branch="False" />
            <line number="59" hits="1" branch="False" />
            <line number="60" hits="1" branch="False" />
            <line number="61" hits="1" branch="False" />
            <line number="62" hits="1" branch="False" />
            <line number="63" hits="1" branch="False" />
            <line number="64" hits="1" branch="False" />
            <line number="65" hits="1" branch="False" />
            <line number="67" hits="1" branch="False" />
            <line number="70" hits="1" branch="False" />
          </lines>
        </class>
        <class name="TestLoginWatchList.TestAddingCompanyToWatchList.TestAddingCompanyToWatchList/&lt;AddCompanyToWatchListValidInputReturnsWatchList&gt;d__4" filename="TestLoginWatchList\TestWatchListService\TestAddingCompanyToWatchList.cs" line-rate="1" branch-rate="1" complexity="1">
          <methods>
            <method name="MoveNext" signature="()" line-rate="1" branch-rate="1" complexity="1">
              <lines>
                <line number="32" hits="1" branch="False" />
                <line number="34" hits="1" branch="False" />
                <line number="35" hits="1" branch="False" />
                <line number="36" hits="1" branch="False" />
                <line number="37" hits="1" branch="False" />
                <line number="38" hits="1" branch="False" />
                <line number="39" hits="1" branch="False" />
                <line number="40" hits="1" branch="False" />
                <line number="42" hits="1" branch="False" />
                <line number="43" hits="1" branch="False" />
                <line number="44" hits="1" branch="False" />
                <line number="45" hits="1" branch="False" />
                <line number="47" hits="1" branch="False" />
                <line number="48" hits="1" branch="False" />
                <line number="49" hits="1" branch="False" />
                <line number="50" hits="1" branch="False" />
              </lines>
            </method>
          </methods>
          <lines>
            <line number="32" hits="1" branch="False" />
            <line number="34" hits="1" branch="False" />
            <line number="35" hits="1" branch="False" />
            <line number="36" hits="1" branch="False" />
            <line number="37" hits="1" branch="False" />
            <line number="38" hits="1" branch="False" />
            <line number="39" hits="1" branch="False" />
            <line number="40" hits="1" branch="False" />
            <line number="42" hits="1" branch="False" />
            <line number="43" hits="1" branch="False" />
            <line number="44" hits="1" branch="False" />
            <line number="45" hits="1" branch="False" />
            <line number="47" hits="1" branch="False" />
            <line number="48" hits="1" branch="False" />
            <line number="49" hits="1" branch="False" />
            <line number="50" hits="1" branch="False" />
          </lines>
        </class>
        <class name="TestLoginWatchList.TestUserService.TestRegister" filename="TestLoginWatchList\TestUserService\TestRegister.cs" line-rate="1" branch-rate="1" complexity="2">
          <methods>
            <method name="Initialize" signature="()" line-rate="1" branch-rate="1" complexity="1">
              <lines>
                <line number="24" hits="4" branch="False" />
                <line number="25" hits="4" branch="False" />
                <line number="26" hits="4" branch="False" />
                <line number="27" hits="4" branch="False" />
                <line number="28" hits="4" branch="False" />
              </lines>
            </method>
            <method name=".ctor" signature="()" line-rate="1" branch-rate="1" complexity="1">
              <lines>
                <line number="15" hits="4" branch="False" />
                <line number="16" hits="4" branch="False" />
                <line number="17" hits="4" branch="False" />
              </lines>
            </method>
          </methods>
          <lines>
            <line number="24" hits="4" branch="False" />
            <line number="25" hits="4" branch="False" />
            <line number="26" hits="4" branch="False" />
            <line number="27" hits="4" branch="False" />
            <line number="28" hits="4" branch="False" />
            <line number="15" hits="4" branch="False" />
            <line number="16" hits="4" branch="False" />
            <line number="17" hits="4" branch="False" />
          </lines>
        </class>
        <class name="TestLoginWatchList.TestUserService.TestRegister/&lt;&gt;c__DisplayClass4_0" filename="TestLoginWatchList\TestUserService\TestRegister.cs" line-rate="1" branch-rate="1" complexity="1">
          <methods>
            <method name="&lt;RegisterUserAlreadyExistsThrowsCustomException&gt;b__1" signature="()" line-rate="1" branch-rate="1" complexity="1">
              <lines>
                <line number="52" hits="2" branch="False" />
              </lines>
            </method>
          </methods>
          <lines>
            <line number="52" hits="2" branch="False" />
          </lines>
        </class>
        <class name="TestLoginWatchList.TestUserService.TestRegister/&lt;&gt;c__DisplayClass6_0/&lt;&lt;RegisterUnableToRegisterReturnsCustomException&gt;b__2&gt;d" filename="TestLoginWatchList\TestUserService\TestRegister.cs" line-rate="1" branch-rate="1" complexity="1">
          <methods>
            <method name="MoveNext" signature="()" line-rate="1" branch-rate="1" complexity="1">
              <lines>
                <line number="114" hits="1" branch="False" />
                <line number="115" hits="1" branch="False" />
                <line number="116" hits="1" branch="False" />
              </lines>
            </method>
          </methods>
          <lines>
            <line number="114" hits="1" branch="False" />
            <line number="115" hits="1" branch="False" />
            <line number="116" hits="1" branch="False" />
          </lines>
        </class>
        <class name="TestLoginWatchList.TestUserService.TestRegister/&lt;&gt;c__DisplayClass7_0/&lt;&lt;RegisterAlreadyEmailIdPresentReturnsCustomException&gt;b__1&gt;d" filename="TestLoginWatchList\TestUserService\TestRegister.cs" line-rate="1" branch-rate="1" complexity="1">
          <methods>
            <method name="MoveNext" signature="()" line-rate="1" branch-rate="1" complexity="1">
              <lines>
                <line number="135" hits="1" branch="False" />
                <line number="136" hits="1" branch="False" />
                <line number="137" hits="1" branch="False" />
              </lines>
            </method>
          </methods>
          <lines>
            <line number="135" hits="1" branch="False" />
            <line number="136" hits="1" branch="False" />
            <line number="137" hits="1" branch="False" />
          </lines>
        </class>
        <class name="TestLoginWatchList.TestUserService.TestRegister/&lt;RegisterAlreadyEmailIdPresentReturnsCustomException&gt;d__7" filename="TestLoginWatchList\TestUserService\TestRegister.cs" line-rate="1" branch-rate="1" complexity="1">
          <methods>
            <method name="MoveNext" signature="()" line-rate="1" branch-rate="1" complexity="1">
              <lines>
                <line number="123" hits="1" branch="False" />
                <line number="125" hits="1" branch="False" />
                <line number="126" hits="1" branch="False" />
                <line number="127" hits="1" branch="False" />
                <line number="128" hits="1" branch="False" />
                <line number="129" hits="1" branch="False" />
                <line number="130" hits="1" branch="False" />
                <line number="131" hits="1" branch="False" />
                <line number="134" hits="1" branch="False" />
                <line number="138" hits="1" branch="False" />
              </lines>
            </method>
          </methods>
          <lines>
            <line number="123" hits="1" branch="False" />
            <line number="125" hits="1" branch="False" />
            <line number="126" hits="1" branch="False" />
            <line number="127" hits="1" branch="False" />
            <line number="128" hits="1" branch="False" />
            <line number="129" hits="1" branch="False" />
            <line number="130" hits="1" branch="False" />
            <line number="131" hits="1" branch="False" />
            <line number="134" hits="1" branch="False" />
            <line number="138" hits="1" branch="False" />
          </lines>
        </class>
        <class name="TestLoginWatchList.TestUserService.TestRegister/&lt;RegisterNewUserReturnsUserLoginDTO&gt;d__5" filename="TestLoginWatchList\TestUserService\TestRegister.cs" line-rate="1" branch-rate="1" complexity="1">
          <methods>
            <method name="MoveNext" signature="()" line-rate="1" branch-rate="1" complexity="1">
              <lines>
                <line number="59" hits="1" branch="False" />
                <line number="61" hits="1" branch="False" />
                <line number="62" hits="1" branch="False" />
                <line number="63" hits="1" branch="False" />
                <line number="64" hits="1" branch="False" />
                <line number="65" hits="1" branch="False" />
                <line number="66" hits="1" branch="False" />
                <line number="67" hits="1" branch="False" />
                <line number="68" hits="1" branch="False" />
                <line number="69" hits="1" branch="False" />
                <line number="70" hits="1" branch="False" />
                <line number="71" hits="1" branch="False" />
                <line number="72" hits="1" branch="False" />
                <line number="73" hits="1" branch="False" />
                <line number="74" hits="1" branch="False" />
                <line number="75" hits="1" branch="False" />
                <line number="76" hits="1" branch="False" />
                <line number="77" hits="1" branch="False" />
                <line number="78" hits="1" branch="False" />
                <line number="79" hits="1" branch="False" />
                <line number="80" hits="1" branch="False" />
                <line number="81" hits="1" branch="False" />
                <line number="82" hits="1" branch="False" />
                <line number="83" hits="1" branch="False" />
                <line number="84" hits="1" branch="False" />
                <line number="85" hits="1" branch="False" />
                <line number="88" hits="1" branch="False" />
                <line number="91" hits="1" branch="False" />
                <line number="92" hits="1" branch="False" />
                <line number="93" hits="1" branch="False" />
                <line number="94" hits="1" branch="False" />
                <line number="95" hits="1" branch="False" />
              </lines>
            </method>
          </methods>
          <lines>
            <line number="59" hits="1" branch="False" />
            <line number="61" hits="1" branch="False" />
            <line number="62" hits="1" branch="False" />
            <line number="63" hits="1" branch="False" />
            <line number="64" hits="1" branch="False" />
            <line number="65" hits="1" branch="False" />
            <line number="66" hits="1" branch="False" />
            <line number="67" hits="1" branch="False" />
            <line number="68" hits="1" branch="False" />
            <line number="69" hits="1" branch="False" />
            <line number="70" hits="1" branch="False" />
            <line number="71" hits="1" branch="False" />
            <line number="72" hits="1" branch="False" />
            <line number="73" hits="1" branch="False" />
            <line number="74" hits="1" branch="False" />
            <line number="75" hits="1" branch="False" />
            <line number="76" hits="1" branch="False" />
            <line number="77" hits="1" branch="False" />
            <line number="78" hits="1" branch="False" />
            <line number="79" hits="1" branch="False" />
            <line number="80" hits="1" branch="False" />
            <line number="81" hits="1" branch="False" />
            <line number="82" hits="1" branch="False" />
            <line number="83" hits="1" branch="False" />
            <line number="84" hits="1" branch="False" />
            <line number="85" hits="1" branch="False" />
            <line number="88" hits="1" branch="False" />
            <line number="91" hits="1" branch="False" />
            <line number="92" hits="1" branch="False" />
            <line number="93" hits="1" branch="False" />
            <line number="94" hits="1" branch="False" />
            <line number="95" hits="1" branch="False" />
          </lines>
        </class>
        <class name="TestLoginWatchList.TestUserService.TestRegister/&lt;RegisterUnableToRegisterReturnsCustomException&gt;d__6" filename="TestLoginWatchList\TestUserService\TestRegister.cs" line-rate="1" branch-rate="1" complexity="1">
          <methods>
            <method name="MoveNext" signature="()" line-rate="1" branch-rate="1" complexity="1">
              <lines>
                <line number="102" hits="1" branch="False" />
                <line number="104" hits="1" branch="False" />
                <line number="105" hits="1" branch="False" />
                <line number="106" hits="1" branch="False" />
                <line number="107" hits="1" branch="False" />
                <line number="108" hits="1" branch="False" />
                <line number="110" hits="1" branch="False" />
                <line number="111" hits="1" branch="False" />
                <line number="113" hits="1" branch="False" />
                <line number="117" hits="1" branch="False" />
              </lines>
            </method>
          </methods>
          <lines>
            <line number="102" hits="1" branch="False" />
            <line number="104" hits="1" branch="False" />
            <line number="105" hits="1" branch="False" />
            <line number="106" hits="1" branch="False" />
            <line number="107" hits="1" branch="False" />
            <line number="108" hits="1" branch="False" />
            <line number="110" hits="1" branch="False" />
            <line number="111" hits="1" branch="False" />
            <line number="113" hits="1" branch="False" />
            <line number="117" hits="1" branch="False" />
          </lines>
        </class>
        <class name="TestLoginWatchList.TestUserService.TestRegister/&lt;RegisterUserAlreadyExistsThrowsCustomException&gt;d__4" filename="TestLoginWatchList\TestUserService\TestRegister.cs" line-rate="1" branch-rate="1" complexity="1">
          <methods>
            <method name="MoveNext" signature="()" line-rate="1" branch-rate="1" complexity="1">
              <lines>
                <line number="34" hits="1" branch="False" />
                <line number="36" hits="1" branch="False" />
                <line number="37" hits="1" branch="False" />
                <line number="38" hits="1" branch="False" />
                <line number="39" hits="1" branch="False" />
                <line number="40" hits="1" branch="False" />
                <line number="41" hits="1" branch="False" />
                <line number="42" hits="1" branch="False" />
                <line number="43" hits="1" branch="False" />
                <line number="44" hits="1" branch="False" />
                <line number="45" hits="1" branch="False" />
                <line number="46" hits="1" branch="False" />
                <line number="49" hits="1" branch="False" />
                <line number="53" hits="1" branch="False" />
              </lines>
            </method>
          </methods>
          <lines>
            <line number="34" hits="1" branch="False" />
            <line number="36" hits="1" branch="False" />
            <line number="37" hits="1" branch="False" />
            <line number="38" hits="1" branch="False" />
            <line number="39" hits="1" branch="False" />
            <line number="40" hits="1" branch="False" />
            <line number="41" hits="1" branch="False" />
            <line number="42" hits="1" branch="False" />
            <line number="43" hits="1" branch="False" />
            <line number="44" hits="1" branch="False" />
            <line number="45" hits="1" branch="False" />
            <line number="46" hits="1" branch="False" />
            <line number="49" hits="1" branch="False" />
            <line number="53" hits="1" branch="False" />
          </lines>
        </class>
        <class name="TestLoginWatchList.TestLogin.TestLogin" filename="TestLoginWatchList\TestUserService\TestLogin.cs" line-rate="1" branch-rate="1" complexity="2">
          <methods>
            <method name="Initialize" signature="()" line-rate="1" branch-rate="1" complexity="1">
              <lines>
                <line number="24" hits="4" branch="False" />
                <line number="25" hits="4" branch="False" />
                <line number="26" hits="4" branch="False" />
                <line number="27" hits="4" branch="False" />
                <line number="28" hits="4" branch="False" />
              </lines>
            </method>
            <method name=".ctor" signature="()" line-rate="1" branch-rate="1" complexity="1">
              <lines>
                <line number="16" hits="4" branch="False" />
                <line number="17" hits="4" branch="False" />
                <line number="18" hits="4" branch="False" />
              </lines>
            </method>
          </methods>
          <lines>
            <line number="24" hits="4" branch="False" />
            <line number="25" hits="4" branch="False" />
            <line number="26" hits="4" branch="False" />
            <line number="27" hits="4" branch="False" />
            <line number="28" hits="4" branch="False" />
            <line number="16" hits="4" branch="False" />
            <line number="17" hits="4" branch="False" />
            <line number="18" hits="4" branch="False" />
          </lines>
        </class>
        <class name="TestLoginWatchList.TestLogin.TestLogin/&lt;&gt;c__DisplayClass5_0" filename="TestLoginWatchList\TestUserService\TestLogin.cs" line-rate="1" branch-rate="1" complexity="1">
          <methods>
            <method name="&lt;LoginUserNotFoundThrowsCustomException&gt;b__1" signature="()" line-rate="1" branch-rate="1" complexity="1">
              <lines>
                <line number="90" hits="2" branch="False" />
              </lines>
            </method>
          </methods>
          <lines>
            <line number="90" hits="2" branch="False" />
          </lines>
        </class>
        <class name="TestLoginWatchList.TestLogin.TestLogin/&lt;&gt;c__DisplayClass6_0" filename="TestLoginWatchList\TestUserService\TestLogin.cs" line-rate="1" branch-rate="1" complexity="1">
          <methods>
            <method name="&lt;LoginNullPasswordThrowsCustomException&gt;b__0" signature="()" line-rate="1" branch-rate="1" complexity="1">
              <lines>
                <line number="106" hits="2" branch="False" />
              </lines>
            </method>
          </methods>
          <lines>
            <line number="106" hits="2" branch="False" />
          </lines>
        </class>
        <class name="TestLoginWatchList.TestLogin.TestLogin/&lt;&gt;c__DisplayClass7_0" filename="TestLoginWatchList\TestUserService\TestLogin.cs" line-rate="1" branch-rate="1" complexity="1">
          <methods>
            <method name="&lt;LoginInvalidPasswordThrowsCustomException&gt;b__1" signature="()" line-rate="1" branch-rate="1" complexity="1">
              <lines>
                <line number="137" hits="2" branch="False" />
              </lines>
            </method>
          </methods>
          <lines>
            <line number="137" hits="2" branch="False" />
          </lines>
        </class>
        <class name="TestLoginWatchList.TestLogin.TestLogin/&lt;LoginInvalidPasswordThrowsCustomException&gt;d__7" filename="TestLoginWatchList\TestUserService\TestLogin.cs" line-rate="1" branch-rate="1" complexity="1">
          <methods>
            <method name="MoveNext" signature="()" line-rate="1" branch-rate="1" complexity="1">
              <lines>
                <line number="113" hits="1" branch="False" />
                <line number="115" hits="1" branch="False" />
                <line number="116" hits="1" branch="False" />
                <line number="117" hits="1" branch="False" />
                <line number="118" hits="1" branch="False" />
                <line number="119" hits="1" branch="False" />
                <line number="121" hits="1" branch="False" />
                <line number="122" hits="1" branch="False" />
                <line number="123" hits="1" branch="False" />
                <line number="124" hits="1" branch="False" />
                <line number="125" hits="1" branch="False" />
                <line number="127" hits="1" branch="False" />
                <line number="128" hits="1" branch="False" />
                <line number="129" hits="1" branch="False" />
                <line number="130" hits="1" branch="False" />
                <line number="131" hits="1" branch="False" />
                <line number="132" hits="1" branch="False" />
                <line number="134" hits="1" branch="False" />
                <line number="138" hits="1" branch="False" />
              </lines>
            </method>
          </methods>
          <lines>
            <line number="113" hits="1" branch="False" />
            <line number="115" hits="1" branch="False" />
            <line number="116" hits="1" branch="False" />
            <line number="117" hits="1" branch="False" />
            <line number="118" hits="1" branch="False" />
            <line number="119" hits="1" branch="False" />
            <line number="121" hits="1" branch="False" />
            <line number="122" hits="1" branch="False" />
            <line number="123" hits="1" branch="False" />
            <line number="124" hits="1" branch="False" />
            <line number="125" hits="1" branch="False" />
            <line number="127" hits="1" branch="False" />
            <line number="128" hits="1" branch="False" />
            <line number="129" hits="1" branch="False" />
            <line number="130" hits="1" branch="False" />
            <line number="131" hits="1" branch="False" />
            <line number="132" hits="1" branch="False" />
            <line number="134" hits="1" branch="False" />
            <line number="138" hits="1" branch="False" />
          </lines>
        </class>
        <class name="TestLoginWatchList.TestLogin.TestLogin/&lt;LoginNullPasswordThrowsCustomException&gt;d__6" filename="TestLoginWatchList\TestUserService\TestLogin.cs" line-rate="1" branch-rate="1" complexity="1">
          <methods>
            <method name="MoveNext" signature="()" line-rate="1" branch-rate="1" complexity="1">
              <lines>
                <line number="97" hits="1" branch="False" />
                <line number="99" hits="1" branch="False" />
                <line number="100" hits="1" branch="False" />
                <line number="101" hits="1" branch="False" />
                <line number="102" hits="1" branch="False" />
                <line number="103" hits="1" branch="False" />
                <line number="107" hits="1" branch="False" />
              </lines>
            </method>
          </methods>
          <lines>
            <line number="97" hits="1" branch="False" />
            <line number="99" hits="1" branch="False" />
            <line number="100" hits="1" branch="False" />
            <line number="101" hits="1" branch="False" />
            <line number="102" hits="1" branch="False" />
            <line number="103" hits="1" branch="False" />
            <line number="107" hits="1" branch="False" />
          </lines>
        </class>
        <class name="TestLoginWatchList.TestLogin.TestLogin/&lt;LoginUserNotFoundThrowsCustomException&gt;d__5" filename="TestLoginWatchList\TestUserService\TestLogin.cs" line-rate="1" branch-rate="1" complexity="1">
          <methods>
            <method name="MoveNext" signature="()" line-rate="1" branch-rate="1" complexity="1">
              <lines>
                <line number="79" hits="1" branch="False" />
                <line number="81" hits="1" branch="False" />
                <line number="82" hits="1" branch="False" />
                <line number="83" hits="1" branch="False" />
                <line number="84" hits="1" branch="False" />
                <line number="85" hits="1" branch="False" />
                <line number="87" hits="1" branch="False" />
                <line number="91" hits="1" branch="False" />
              </lines>
            </method>
          </methods>
          <lines>
            <line number="79" hits="1" branch="False" />
            <line number="81" hits="1" branch="False" />
            <line number="82" hits="1" branch="False" />
            <line number="83" hits="1" branch="False" />
            <line number="84" hits="1" branch="False" />
            <line number="85" hits="1" branch="False" />
            <line number="87" hits="1" branch="False" />
            <line number="91" hits="1" branch="False" />
          </lines>
        </class>
        <class name="TestLoginWatchList.TestLogin.TestLogin/&lt;LoginValidUserReturnsUserLoginDTO&gt;d__4" filename="TestLoginWatchList\TestUserService\TestLogin.cs" line-rate="1" branch-rate="1" complexity="1">
          <methods>
            <method name="MoveNext" signature="()" line-rate="1" branch-rate="1" complexity="1">
              <lines>
                <line number="35" hits="1" branch="False" />
                <line number="37" hits="1" branch="False" />
                <line number="38" hits="1" branch="False" />
                <line number="39" hits="1" branch="False" />
                <line number="40" hits="1" branch="False" />
                <line number="42" hits="1" branch="False" />
                <line number="43" hits="1" branch="False" />
                <line number="44" hits="1" branch="False" />
                <line number="45" hits="1" branch="False" />
                <line number="46" hits="1" branch="False" />
                <line number="48" hits="1" branch="False" />
                <line number="49" hits="1" branch="False" />
                <line number="50" hits="1" branch="False" />
                <line number="51" hits="1" branch="False" />
                <line number="52" hits="1" branch="False" />
                <line number="53" hits="1" branch="False" />
                <line number="55" hits="1" branch="False" />
                <line number="58" hits="1" branch="False" />
                <line number="59" hits="1" branch="False" />
                <line number="60" hits="1" branch="False" />
                <line number="61" hits="1" branch="False" />
                <line number="62" hits="1" branch="False" />
                <line number="63" hits="1" branch="False" />
                <line number="64" hits="1" branch="False" />
                <line number="67" hits="1" branch="False" />
                <line number="70" hits="1" branch="False" />
                <line number="71" hits="1" branch="False" />
                <line number="72" hits="1" branch="False" />
                <line number="73" hits="1" branch="False" />
              </lines>
            </method>
          </methods>
          <lines>
            <line number="35" hits="1" branch="False" />
            <line number="37" hits="1" branch="False" />
            <line number="38" hits="1" branch="False" />
            <line number="39" hits="1" branch="False" />
            <line number="40" hits="1" branch="False" />
            <line number="42" hits="1" branch="False" />
            <line number="43" hits="1" branch="False" />
            <line number="44" hits="1" branch="False" />
            <line number="45" hits="1" branch="False" />
            <line number="46" hits="1" branch="False" />
            <line number="48" hits="1" branch="False" />
            <line number="49" hits="1" branch="False" />
            <line number="50" hits="1" branch="False" />
            <line number="51" hits="1" branch="False" />
            <line number="52" hits="1" branch="False" />
            <line number="53" hits="1" branch="False" />
            <line number="55" hits="1" branch="False" />
            <line number="58" hits="1" branch="False" />
            <line number="59" hits="1" branch="False" />
            <line number="60" hits="1" branch="False" />
            <line number="61" hits="1" branch="False" />
            <line number="62" hits="1" branch="False" />
            <line number="63" hits="1" branch="False" />
            <line number="64" hits="1" branch="False" />
            <line number="67" hits="1" branch="False" />
            <line number="70" hits="1" branch="False" />
            <line number="71" hits="1" branch="False" />
            <line number="72" hits="1" branch="False" />
            <line number="73" hits="1" branch="False" />
          </lines>
        </class>
      </classes>
    </package>
  </packages>
</coverage>